2025-08-18 14:31:50,999 | INFO | Environment: {'torch': '2.8.0+cu128', 'torchvision': '0.23.0+cu128', 'cuda_available': True, 'device_name': 'NVIDIA L40S', 'capability': '8.9', 'cudnn_version': 91002}
2025-08-18 14:31:51,000 | INFO | ▶ START: load fp32 model (torchvision weights API)
2025-08-18 14:31:52,494 | INFO | Model: resnet50 | Weights: ResNet50_Weights.IMAGENET1K_V2 | Params: 25.56M | Ref acc@1=None
2025-08-18 14:31:52,495 | INFO | ✔ END: load fp32 model (torchvision weights API) (elapsed 1.49s)
2025-08-18 14:31:52,495 | INFO | ▶ START: build & check loaders
2025-08-18 14:31:52,501 | INFO | Val structure looks OK (1000 synset folders).
2025-08-18 14:31:52,506 | INFO | Train structure looks OK (1000 synset folders).
2025-08-18 14:32:17,905 | INFO | ImageNet train: 1281167 images, 1000 classes
2025-08-18 14:32:18,900 | INFO | ImageNet val: 50000 images, 1000 classes
2025-08-18 14:32:18,901 | INFO | Val dataset size: 50000 | batch_size=64 | calib_batches=32
2025-08-18 14:32:22,016 | INFO | [SANITY] Batch[0] stats: mean=-0.2055, std=1.1229, min=-2.118, max=2.640
2025-08-18 14:32:22,017 | INFO | ✔ END: build & check loaders (elapsed 29.52s)
2025-08-18 14:32:22,023 | INFO | ▶ START: prepare_by_platform(Academic)
2025-08-18 14:32:22,024 | INFO | [Academic extra_config] {'extra_qconfig_dict': {'w_observer': 'MinMaxObserver', 'a_observer': 'EMAMinMaxObserver', 'w_fakequantize': 'AdaRoundFakeQuantize', 'a_fakequantize': 'FixedFakeQuantize', 'w_qscheme': {'bit': 2, 'symmetry': True, 'per_channel': True, 'pot_scale': False}, 'a_qscheme': {'bit': 2, 'symmetry': False, 'per_channel': False, 'pot_scale': False}}}
2025-08-18 14:32:22,262 | INFO | Modules (total): 151 -> 391
2025-08-18 14:32:22,262 | INFO | 'Quantish' modules detected after prepare: 208
2025-08-18 14:32:22,262 | INFO | ▶ START: calibration (enable_calibration + forward)
2025-08-18 14:32:29,347 | INFO | [CALIB] step=1/32 seen=64 (9.0 img/s)
2025-08-18 14:32:30,109 | INFO | [CALIB] step=10/32 seen=640 (81.6 img/s)
2025-08-18 14:32:31,022 | INFO | [CALIB] step=20/32 seen=1280 (146.2 img/s)
2025-08-18 14:32:33,199 | INFO | [CALIB] step=30/32 seen=1920 (175.6 img/s)
2025-08-18 14:32:35,637 | INFO | [CALIB] total images seen: 2048
2025-08-18 14:32:35,637 | INFO | ✔ END: calibration (enable_calibration + forward) (elapsed 13.38s)
2025-08-18 14:32:35,637 | INFO | ▶ START: advanced PTQ reconstruction
2025-08-18 14:32:37,834 | INFO | [ADV] cfg={'pattern': 'block', 'scale_lr': 4e-05, 'warm_up': 0.2, 'weight': 0.01, 'max_count': 20000, 'b_range': [20, 2], 'keep_gpu': True, 'round_mode': 'learned_hard_sigmoid', 'prob': 1.0}
2025-08-18 14:32:37,834 | INFO | [ADV] stacked tensors: 32 | total calib images: 2048
2025-08-18 14:32:45,197 | WARNING | /home/alz07xz/project/kmeans_results/MQBench/mqbench/advanced_ptq.py:220: UserWarning: Converting a tensor with requires_grad=True to a scalar may lead to unexpected behavior.
Consider using tensor.detach() first. (Triggered internally at /pytorch/torch/csrc/autograd/generated/python_variable_methods.cpp:835.)
  float(total_loss), float(rec_loss), float(round_loss), b, self.count))

2025-08-18 15:31:57,503 | INFO | ✔ END: advanced PTQ reconstruction (elapsed 3561.87s)
2025-08-18 15:31:57,509 | INFO | ▶ START: enable_quantization (simulate INT8)
2025-08-18 15:31:57,512 | INFO | ✔ END: enable_quantization (simulate INT8) (elapsed 0.00s)
2025-08-18 15:31:57,512 | INFO | ✔ END: prepare_by_platform(Academic) (elapsed 3575.49s)
2025-08-18 15:31:57,514 | INFO | ▶ START: evaluate INT8-sim
2025-08-18 15:32:00,636 | INFO | [EVAL_INT8] progress: 50 batches, running top1=2.34%
2025-08-18 15:32:03,058 | INFO | [EVAL_INT8] progress: 100 batches, running top1=1.17%
2025-08-18 15:32:05,383 | INFO | [EVAL_INT8] progress: 150 batches, running top1=0.78%
2025-08-18 15:32:07,721 | INFO | [EVAL_INT8] progress: 200 batches, running top1=0.59%
2025-08-18 15:32:10,134 | INFO | [EVAL_INT8] progress: 250 batches, running top1=0.47%
2025-08-18 15:32:12,550 | INFO | [EVAL_INT8] progress: 300 batches, running top1=0.39%
2025-08-18 15:32:14,907 | INFO | [EVAL_INT8] progress: 350 batches, running top1=0.33%
2025-08-18 15:32:17,282 | INFO | [EVAL_INT8] progress: 400 batches, running top1=0.29%
2025-08-18 15:32:19,675 | INFO | [EVAL_INT8] progress: 450 batches, running top1=0.26%
2025-08-18 15:32:22,084 | INFO | [EVAL_INT8] progress: 500 batches, running top1=0.23%
2025-08-18 15:32:24,459 | INFO | [EVAL_INT8] progress: 550 batches, running top1=0.21%
2025-08-18 15:32:26,827 | INFO | [EVAL_INT8] progress: 600 batches, running top1=0.20%
2025-08-18 15:32:29,187 | INFO | [EVAL_INT8] progress: 650 batches, running top1=0.18%
2025-08-18 15:32:31,545 | INFO | [EVAL_INT8] progress: 700 batches, running top1=0.17%
2025-08-18 15:32:33,901 | INFO | [EVAL_INT8] progress: 750 batches, running top1=0.16%
2025-08-18 15:32:35,446 | INFO | [EVAL_INT8] done: 782 batches in 37.93s, top1=0.15%
2025-08-18 15:32:35,447 | INFO | [PTQ][resnet50][Academic] [ADV] Top-1 = 0.15%
2025-08-18 15:32:35,447 | INFO | ✔ END: evaluate INT8-sim (elapsed 37.93s)
2025-08-18 15:32:35,447 | INFO | ▶ START: evaluate FP32 baseline
2025-08-18 15:32:38,172 | INFO | [EVAL_FP32] progress: 50 batches, running top1=85.19%
2025-08-18 15:32:40,298 | INFO | [EVAL_FP32] progress: 100 batches, running top1=86.30%
2025-08-18 15:32:42,319 | INFO | [EVAL_FP32] progress: 150 batches, running top1=86.50%
2025-08-18 15:32:44,396 | INFO | [EVAL_FP32] progress: 200 batches, running top1=85.77%
2025-08-18 15:32:46,599 | INFO | [EVAL_FP32] progress: 250 batches, running top1=85.56%
2025-08-18 15:32:48,743 | INFO | [EVAL_FP32] progress: 300 batches, running top1=85.64%
2025-08-18 15:32:50,727 | INFO | [EVAL_FP32] progress: 350 batches, running top1=84.79%
2025-08-18 15:32:52,815 | INFO | [EVAL_FP32] progress: 400 batches, running top1=83.59%
2025-08-18 15:32:54,991 | INFO | [EVAL_FP32] progress: 450 batches, running top1=83.21%
2025-08-18 15:32:57,109 | INFO | [EVAL_FP32] progress: 500 batches, running top1=82.49%
2025-08-18 15:32:59,188 | INFO | [EVAL_FP32] progress: 550 batches, running top1=82.07%
2025-08-18 15:33:01,167 | INFO | [EVAL_FP32] progress: 600 batches, running top1=81.73%
2025-08-18 15:33:03,335 | INFO | [EVAL_FP32] progress: 650 batches, running top1=81.40%
2025-08-18 15:33:05,376 | INFO | [EVAL_FP32] progress: 700 batches, running top1=80.99%
2025-08-18 15:33:07,458 | INFO | [EVAL_FP32] progress: 750 batches, running top1=80.96%
2025-08-18 15:33:08,662 | INFO | [EVAL_FP32] done: 782 batches in 33.21s, top1=80.84%
2025-08-18 15:33:08,662 | INFO | [FP32] Top-1 = 80.84% (expected ~None)
2025-08-18 15:33:08,662 | INFO | ✔ END: evaluate FP32 baseline (elapsed 33.22s)
2025-08-18 15:33:08,662 | INFO | ▶ START: extract model logits
2025-08-18 15:33:08,664 | INFO | Extracting logits from both models...
2025-08-18 15:33:11,587 | INFO | Processed 5 batches
2025-08-18 15:33:12,272 | INFO | Processed 10 batches
2025-08-18 15:33:16,617 | INFO | Extracted logits: Q=torch.Size([640, 1000]), FP=torch.Size([640, 1000])
2025-08-18 16:40:49,919 | INFO | ✔ END: extract model logits (elapsed 4061.26s)
