2025-08-18 16:10:07,249 | INFO | Environment: {'torch': '2.8.0+cu128', 'torchvision': '0.23.0+cu128', 'cuda_available': True, 'device_name': 'NVIDIA L40S', 'capability': '8.9', 'cudnn_version': 91002}
2025-08-18 16:10:07,250 | INFO | ▶ START: load fp32 model (torchvision weights API)
2025-08-18 16:10:07,626 | INFO | Model: mnasnet0_5 | Weights: MNASNet0_5_Weights.IMAGENET1K_V1 | Params: 2.22M | Ref acc@1=None
2025-08-18 16:10:07,626 | INFO | ✔ END: load fp32 model (torchvision weights API) (elapsed 0.38s)
2025-08-18 16:10:07,626 | INFO | ▶ START: build & check loaders
2025-08-18 16:10:07,642 | INFO | Val structure looks OK (1000 synset folders).
2025-08-18 16:10:07,648 | INFO | Train structure looks OK (1000 synset folders).
2025-08-18 16:10:35,202 | INFO | ImageNet train: 1281167 images, 1000 classes
2025-08-18 16:10:35,806 | INFO | ImageNet val: 50000 images, 1000 classes
2025-08-18 16:10:35,806 | INFO | Val dataset size: 50000 | batch_size=64 | calib_batches=32
2025-08-18 16:10:38,399 | INFO | [SANITY] Batch[0] stats: mean=-0.1807, std=1.1175, min=-2.118, max=2.640
2025-08-18 16:10:38,399 | INFO | ✔ END: build & check loaders (elapsed 30.77s)
2025-08-18 16:10:38,405 | INFO | ▶ START: prepare_by_platform(Academic)
2025-08-18 16:10:38,407 | INFO | [Academic extra_config] {'extra_qconfig_dict': {'w_observer': 'MinMaxObserver', 'a_observer': 'EMAMinMaxObserver', 'w_fakequantize': 'AdaRoundFakeQuantize', 'a_fakequantize': 'FixedFakeQuantize', 'w_qscheme': {'bit': 4, 'symmetry': True, 'per_channel': True, 'pot_scale': False}, 'a_qscheme': {'bit': 2, 'symmetry': False, 'per_channel': False, 'pot_scale': False}}}
2025-08-18 16:10:38,607 | INFO | Modules (total): 182 -> 394
2025-08-18 16:10:38,607 | INFO | 'Quantish' modules detected after prepare: 212
2025-08-18 16:10:38,607 | INFO | ▶ START: calibration (enable_calibration + forward)
2025-08-18 16:10:39,818 | INFO | [CALIB] step=1/32 seen=64 (53.0 img/s)
2025-08-18 16:10:40,145 | INFO | [CALIB] step=10/32 seen=640 (416.9 img/s)
2025-08-18 16:10:41,306 | INFO | [CALIB] step=20/32 seen=1280 (474.8 img/s)
2025-08-18 16:10:41,750 | INFO | [CALIB] step=30/32 seen=1920 (611.4 img/s)
2025-08-18 16:10:42,150 | INFO | [CALIB] total images seen: 2048
2025-08-18 16:10:42,150 | INFO | ✔ END: calibration (enable_calibration + forward) (elapsed 3.54s)
2025-08-18 16:10:42,150 | INFO | ▶ START: advanced PTQ reconstruction
2025-08-18 16:10:44,213 | INFO | [ADV] cfg={'pattern': 'block', 'scale_lr': 4e-05, 'warm_up': 0.2, 'weight': 0.01, 'max_count': 20000, 'b_range': [20, 2], 'keep_gpu': True, 'round_mode': 'learned_hard_sigmoid', 'prob': 1.0}
2025-08-18 16:10:44,214 | INFO | [ADV] stacked tensors: 32 | total calib images: 2048
2025-08-18 16:10:48,346 | WARNING | /home/alz07xz/project/kmeans_results/MQBench/mqbench/advanced_ptq.py:220: UserWarning: Converting a tensor with requires_grad=True to a scalar may lead to unexpected behavior.
Consider using tensor.detach() first. (Triggered internally at /pytorch/torch/csrc/autograd/generated/python_variable_methods.cpp:835.)
  float(total_loss), float(rec_loss), float(round_loss), b, self.count))

2025-08-18 16:48:36,325 | INFO | ✔ END: advanced PTQ reconstruction (elapsed 2274.17s)
2025-08-18 16:48:36,325 | INFO | ▶ START: enable_quantization (simulate INT8)
2025-08-18 16:48:36,329 | INFO | ✔ END: enable_quantization (simulate INT8) (elapsed 0.00s)
2025-08-18 16:48:36,329 | INFO | ✔ END: prepare_by_platform(Academic) (elapsed 2277.92s)
2025-08-18 16:48:36,330 | INFO | ▶ START: evaluate INT8-sim
2025-08-18 16:48:38,932 | INFO | [EVAL_INT8] progress: 50 batches, running top1=1.41%
2025-08-18 16:48:41,004 | INFO | [EVAL_INT8] progress: 100 batches, running top1=0.81%
2025-08-18 16:48:42,976 | INFO | [EVAL_INT8] progress: 150 batches, running top1=0.57%
2025-08-18 16:48:44,933 | INFO | [EVAL_INT8] progress: 200 batches, running top1=0.44%
2025-08-18 16:48:47,114 | INFO | [EVAL_INT8] progress: 250 batches, running top1=0.35%
2025-08-18 16:48:49,140 | INFO | [EVAL_INT8] progress: 300 batches, running top1=0.30%
2025-08-18 16:48:51,184 | INFO | [EVAL_INT8] progress: 350 batches, running top1=0.28%
2025-08-18 16:48:53,216 | INFO | [EVAL_INT8] progress: 400 batches, running top1=0.25%
2025-08-18 16:48:55,264 | INFO | [EVAL_INT8] progress: 450 batches, running top1=0.23%
2025-08-18 16:48:57,204 | INFO | [EVAL_INT8] progress: 500 batches, running top1=0.21%
2025-08-18 16:48:59,209 | INFO | [EVAL_INT8] progress: 550 batches, running top1=0.19%
2025-08-18 16:49:01,150 | INFO | [EVAL_INT8] progress: 600 batches, running top1=0.18%
2025-08-18 16:49:03,184 | INFO | [EVAL_INT8] progress: 650 batches, running top1=0.17%
2025-08-18 16:49:05,068 | INFO | [EVAL_INT8] progress: 700 batches, running top1=0.16%
2025-08-18 16:49:07,120 | INFO | [EVAL_INT8] progress: 750 batches, running top1=0.15%
2025-08-18 16:49:08,345 | INFO | [EVAL_INT8] done: 782 batches in 32.01s, top1=0.15%
2025-08-18 16:49:08,346 | INFO | [PTQ][mnasnet0_5][Academic] [ADV] Top-1 = 0.15%
2025-08-18 16:49:08,346 | INFO | ✔ END: evaluate INT8-sim (elapsed 32.02s)
2025-08-18 16:49:08,346 | INFO | ▶ START: evaluate FP32 baseline
2025-08-18 16:49:10,746 | INFO | [EVAL_FP32] progress: 50 batches, running top1=73.44%
2025-08-18 16:49:12,786 | INFO | [EVAL_FP32] progress: 100 batches, running top1=74.81%
2025-08-18 16:49:14,877 | INFO | [EVAL_FP32] progress: 150 batches, running top1=75.14%
2025-08-18 16:49:16,637 | INFO | [EVAL_FP32] progress: 200 batches, running top1=74.41%
2025-08-18 16:49:18,752 | INFO | [EVAL_FP32] progress: 250 batches, running top1=74.26%
2025-08-18 16:49:20,785 | INFO | [EVAL_FP32] progress: 300 batches, running top1=74.69%
2025-08-18 16:49:22,623 | INFO | [EVAL_FP32] progress: 350 batches, running top1=73.39%
2025-08-18 16:49:24,573 | INFO | [EVAL_FP32] progress: 400 batches, running top1=71.63%
2025-08-18 16:49:26,474 | INFO | [EVAL_FP32] progress: 450 batches, running top1=70.98%
2025-08-18 16:49:28,596 | INFO | [EVAL_FP32] progress: 500 batches, running top1=69.94%
2025-08-18 16:49:30,580 | INFO | [EVAL_FP32] progress: 550 batches, running top1=69.28%
2025-08-18 16:49:32,360 | INFO | [EVAL_FP32] progress: 600 batches, running top1=68.73%
2025-08-18 16:49:34,173 | INFO | [EVAL_FP32] progress: 650 batches, running top1=68.26%
2025-08-18 16:49:36,098 | INFO | [EVAL_FP32] progress: 700 batches, running top1=67.67%
2025-08-18 16:49:38,089 | INFO | [EVAL_FP32] progress: 750 batches, running top1=67.74%
2025-08-18 16:49:39,245 | INFO | [EVAL_FP32] done: 782 batches in 30.90s, top1=67.76%
2025-08-18 16:49:39,245 | INFO | [FP32] Top-1 = 67.76% (expected ~None)
2025-08-18 16:49:39,245 | INFO | ✔ END: evaluate FP32 baseline (elapsed 30.90s)
2025-08-18 16:49:39,245 | INFO | ▶ START: extract model logits
2025-08-18 16:49:39,247 | INFO | Extracting logits from both models...
2025-08-18 16:49:41,251 | INFO | Processed 5 batches
2025-08-18 16:49:42,578 | INFO | Processed 10 batches
2025-08-18 16:49:44,346 | INFO | Extracted logits: Q=torch.Size([640, 1000]), FP=torch.Size([640, 1000])
2025-08-18 17:39:23,504 | INFO | ✔ END: extract model logits (elapsed 2984.26s)
