2025-08-18 14:44:21,250 | INFO | Environment: {'torch': '2.8.0+cu128', 'torchvision': '0.23.0+cu128', 'cuda_available': True, 'device_name': 'NVIDIA L40S', 'capability': '8.9', 'cudnn_version': 91002}
2025-08-18 14:44:21,250 | INFO | ▶ START: load fp32 model (torchvision weights API)
2025-08-18 14:44:21,495 | INFO | Model: mnasnet0_5 | Weights: MNASNet0_5_Weights.IMAGENET1K_V1 | Params: 2.22M | Ref acc@1=None
2025-08-18 14:44:21,495 | INFO | ✔ END: load fp32 model (torchvision weights API) (elapsed 0.24s)
2025-08-18 14:44:21,495 | INFO | ▶ START: build & check loaders
2025-08-18 14:44:21,605 | INFO | Val structure looks OK (1000 synset folders).
2025-08-18 14:44:21,619 | INFO | Train structure looks OK (1000 synset folders).
2025-08-18 14:44:38,832 | INFO | ImageNet train: 1281167 images, 1000 classes
2025-08-18 14:44:39,674 | INFO | ImageNet val: 50000 images, 1000 classes
2025-08-18 14:44:39,674 | INFO | Val dataset size: 50000 | batch_size=64 | calib_batches=32
2025-08-18 14:44:42,902 | INFO | [SANITY] Batch[0] stats: mean=-0.1807, std=1.1175, min=-2.118, max=2.640
2025-08-18 14:44:42,902 | INFO | ✔ END: build & check loaders (elapsed 21.41s)
2025-08-18 14:44:42,909 | INFO | ▶ START: prepare_by_platform(Academic)
2025-08-18 14:44:42,910 | INFO | [Academic extra_config] {'extra_qconfig_dict': {'w_observer': 'MinMaxObserver', 'a_observer': 'EMAMinMaxObserver', 'w_fakequantize': 'AdaRoundFakeQuantize', 'a_fakequantize': 'FixedFakeQuantize', 'w_qscheme': {'bit': 4, 'symmetry': True, 'per_channel': True, 'pot_scale': False}, 'a_qscheme': {'bit': 4, 'symmetry': False, 'per_channel': False, 'pot_scale': False}}}
2025-08-18 14:44:43,355 | INFO | Modules (total): 182 -> 394
2025-08-18 14:44:43,355 | INFO | 'Quantish' modules detected after prepare: 212
2025-08-18 14:44:43,355 | INFO | ▶ START: calibration (enable_calibration + forward)
2025-08-18 14:44:45,907 | INFO | [CALIB] step=1/32 seen=64 (25.1 img/s)
2025-08-18 14:44:46,263 | INFO | [CALIB] step=10/32 seen=640 (220.3 img/s)
2025-08-18 14:44:46,761 | INFO | [CALIB] step=20/32 seen=1280 (376.1 img/s)
2025-08-18 14:44:47,662 | INFO | [CALIB] step=30/32 seen=1920 (446.0 img/s)
2025-08-18 14:44:50,719 | INFO | [CALIB] total images seen: 2048
2025-08-18 14:44:50,720 | INFO | ✔ END: calibration (enable_calibration + forward) (elapsed 7.36s)
2025-08-18 14:44:50,720 | INFO | ▶ START: advanced PTQ reconstruction
2025-08-18 14:44:52,764 | INFO | [ADV] cfg={'pattern': 'block', 'scale_lr': 4e-05, 'warm_up': 0.2, 'weight': 0.01, 'max_count': 20000, 'b_range': [20, 2], 'keep_gpu': True, 'round_mode': 'learned_hard_sigmoid', 'prob': 1.0}
2025-08-18 14:44:52,764 | INFO | [ADV] stacked tensors: 32 | total calib images: 2048
2025-08-18 14:44:59,969 | WARNING | /home/alz07xz/project/kmeans_results/MQBench/mqbench/advanced_ptq.py:220: UserWarning: Converting a tensor with requires_grad=True to a scalar may lead to unexpected behavior.
Consider using tensor.detach() first. (Triggered internally at /pytorch/torch/csrc/autograd/generated/python_variable_methods.cpp:835.)
  float(total_loss), float(rec_loss), float(round_loss), b, self.count))

2025-08-18 15:23:00,910 | INFO | ✔ END: advanced PTQ reconstruction (elapsed 2290.19s)
2025-08-18 15:23:00,912 | INFO | ▶ START: enable_quantization (simulate INT8)
2025-08-18 15:23:00,917 | INFO | ✔ END: enable_quantization (simulate INT8) (elapsed 0.00s)
2025-08-18 15:23:00,917 | INFO | ✔ END: prepare_by_platform(Academic) (elapsed 2298.01s)
2025-08-18 15:23:00,918 | INFO | ▶ START: evaluate INT8-sim
2025-08-18 15:23:04,094 | INFO | [EVAL_INT8] progress: 50 batches, running top1=8.09%
2025-08-18 15:23:10,565 | INFO | [EVAL_INT8] progress: 100 batches, running top1=4.52%
2025-08-18 15:23:18,496 | INFO | [EVAL_INT8] progress: 150 batches, running top1=3.06%
2025-08-18 15:23:26,107 | INFO | [EVAL_INT8] progress: 200 batches, running top1=2.30%
2025-08-18 15:23:34,512 | INFO | [EVAL_INT8] progress: 250 batches, running top1=1.86%
2025-08-18 15:23:39,813 | INFO | [EVAL_INT8] progress: 300 batches, running top1=1.55%
2025-08-18 15:23:45,404 | INFO | [EVAL_INT8] progress: 350 batches, running top1=1.33%
2025-08-18 15:23:49,667 | INFO | [EVAL_INT8] progress: 400 batches, running top1=1.17%
2025-08-18 15:23:57,137 | INFO | [EVAL_INT8] progress: 450 batches, running top1=1.05%
2025-08-18 15:24:06,495 | INFO | [EVAL_INT8] progress: 500 batches, running top1=0.95%
2025-08-18 15:24:10,132 | INFO | [EVAL_INT8] progress: 550 batches, running top1=0.89%
2025-08-18 15:24:15,444 | INFO | [EVAL_INT8] progress: 600 batches, running top1=0.82%
2025-08-18 15:24:21,104 | INFO | [EVAL_INT8] progress: 650 batches, running top1=0.76%
2025-08-18 15:24:26,831 | INFO | [EVAL_INT8] progress: 700 batches, running top1=0.71%
2025-08-18 15:24:32,229 | INFO | [EVAL_INT8] progress: 750 batches, running top1=0.66%
2025-08-18 15:24:37,949 | INFO | [EVAL_INT8] done: 782 batches in 97.03s, top1=0.68%
2025-08-18 15:24:37,949 | INFO | [PTQ][mnasnet0_5][Academic] [ADV] Top-1 = 0.68%
2025-08-18 15:24:37,949 | INFO | ✔ END: evaluate INT8-sim (elapsed 97.03s)
2025-08-18 15:24:37,949 | INFO | ▶ START: evaluate FP32 baseline
2025-08-18 15:24:40,353 | INFO | [EVAL_FP32] progress: 50 batches, running top1=73.44%
2025-08-18 15:24:42,304 | INFO | [EVAL_FP32] progress: 100 batches, running top1=74.81%
2025-08-18 15:24:44,193 | INFO | [EVAL_FP32] progress: 150 batches, running top1=75.14%
2025-08-18 15:24:46,081 | INFO | [EVAL_FP32] progress: 200 batches, running top1=74.41%
2025-08-18 15:24:48,184 | INFO | [EVAL_FP32] progress: 250 batches, running top1=74.26%
2025-08-18 15:24:50,211 | INFO | [EVAL_FP32] progress: 300 batches, running top1=74.69%
2025-08-18 15:24:51,999 | INFO | [EVAL_FP32] progress: 350 batches, running top1=73.39%
2025-08-18 15:24:53,877 | INFO | [EVAL_FP32] progress: 400 batches, running top1=71.63%
2025-08-18 15:24:55,786 | INFO | [EVAL_FP32] progress: 450 batches, running top1=70.98%
2025-08-18 15:24:57,751 | INFO | [EVAL_FP32] progress: 500 batches, running top1=69.94%
2025-08-18 15:24:59,553 | INFO | [EVAL_FP32] progress: 550 batches, running top1=69.28%
2025-08-18 15:25:01,377 | INFO | [EVAL_FP32] progress: 600 batches, running top1=68.73%
2025-08-18 15:25:03,457 | INFO | [EVAL_FP32] progress: 650 batches, running top1=68.26%
2025-08-18 15:25:05,154 | INFO | [EVAL_FP32] progress: 700 batches, running top1=67.67%
2025-08-18 15:25:07,062 | INFO | [EVAL_FP32] progress: 750 batches, running top1=67.74%
2025-08-18 15:25:08,401 | INFO | [EVAL_FP32] done: 782 batches in 30.45s, top1=67.76%
2025-08-18 15:25:08,401 | INFO | [FP32] Top-1 = 67.76% (expected ~None)
2025-08-18 15:25:08,401 | INFO | ✔ END: evaluate FP32 baseline (elapsed 30.45s)
2025-08-18 15:25:08,401 | INFO | ▶ START: extract model logits
2025-08-18 15:25:08,403 | INFO | Extracting logits from both models...
2025-08-18 15:25:10,263 | INFO | Processed 5 batches
2025-08-18 15:25:10,997 | INFO | Processed 10 batches
2025-08-18 15:25:12,309 | INFO | Extracted logits: Q=torch.Size([640, 1000]), FP=torch.Size([640, 1000])
2025-08-18 16:09:52,236 | INFO | ✔ END: extract model logits (elapsed 2683.84s)
