2025-08-18 14:31:51,057 | INFO | Environment: {'torch': '2.8.0+cu128', 'torchvision': '0.23.0+cu128', 'cuda_available': True, 'device_name': 'NVIDIA L40S', 'capability': '8.9', 'cudnn_version': 91002}
2025-08-18 14:31:51,057 | INFO | ▶ START: load fp32 model (torchvision weights API)
2025-08-18 14:31:51,627 | INFO | Model: mobilenet_v2 | Weights: MobileNet_V2_Weights.IMAGENET1K_V2 | Params: 3.50M | Ref acc@1=None
2025-08-18 14:31:51,627 | INFO | ✔ END: load fp32 model (torchvision weights API) (elapsed 0.57s)
2025-08-18 14:31:51,627 | INFO | ▶ START: build & check loaders
2025-08-18 14:31:51,649 | INFO | Val structure looks OK (1000 synset folders).
2025-08-18 14:31:51,673 | INFO | Train structure looks OK (1000 synset folders).
2025-08-18 14:32:17,911 | INFO | ImageNet train: 1281167 images, 1000 classes
2025-08-18 14:32:18,900 | INFO | ImageNet val: 50000 images, 1000 classes
2025-08-18 14:32:18,901 | INFO | Val dataset size: 50000 | batch_size=64 | calib_batches=32
2025-08-18 14:32:21,806 | INFO | [SANITY] Batch[0] stats: mean=-0.2055, std=1.1229, min=-2.118, max=2.640
2025-08-18 14:32:21,806 | INFO | ✔ END: build & check loaders (elapsed 30.18s)
2025-08-18 14:32:21,809 | INFO | ▶ START: prepare_by_platform(Academic)
2025-08-18 14:32:21,810 | INFO | [Academic extra_config] {'extra_qconfig_dict': {'w_observer': 'MinMaxObserver', 'a_observer': 'EMAMinMaxObserver', 'w_fakequantize': 'AdaRoundFakeQuantize', 'a_fakequantize': 'FixedFakeQuantize', 'w_qscheme': {'bit': 2, 'symmetry': True, 'per_channel': True, 'pot_scale': False}, 'a_qscheme': {'bit': 2, 'symmetry': False, 'per_channel': False, 'pot_scale': False}}}
2025-08-18 14:32:21,947 | INFO | Modules (total): 213 -> 425
2025-08-18 14:32:21,947 | INFO | 'Quantish' modules detected after prepare: 212
2025-08-18 14:32:21,947 | INFO | ▶ START: calibration (enable_calibration + forward)
2025-08-18 14:32:29,345 | INFO | [CALIB] step=1/32 seen=64 (8.7 img/s)
2025-08-18 14:32:30,013 | INFO | [CALIB] step=10/32 seen=640 (79.4 img/s)
2025-08-18 14:32:31,005 | INFO | [CALIB] step=20/32 seen=1280 (141.3 img/s)
2025-08-18 14:32:33,170 | INFO | [CALIB] step=30/32 seen=1920 (171.1 img/s)
2025-08-18 14:32:35,639 | INFO | [CALIB] total images seen: 2048
2025-08-18 14:32:35,640 | INFO | ✔ END: calibration (enable_calibration + forward) (elapsed 13.69s)
2025-08-18 14:32:35,640 | INFO | ▶ START: advanced PTQ reconstruction
2025-08-18 14:32:37,862 | INFO | [ADV] cfg={'pattern': 'block', 'scale_lr': 4e-05, 'warm_up': 0.2, 'weight': 0.01, 'max_count': 20000, 'b_range': [20, 2], 'keep_gpu': True, 'round_mode': 'learned_hard_sigmoid', 'prob': 1.0}
2025-08-18 14:32:37,862 | INFO | [ADV] stacked tensors: 32 | total calib images: 2048
2025-08-18 14:32:47,384 | WARNING | /home/alz07xz/project/kmeans_results/MQBench/mqbench/advanced_ptq.py:220: UserWarning: Converting a tensor with requires_grad=True to a scalar may lead to unexpected behavior.
Consider using tensor.detach() first. (Triggered internally at /pytorch/torch/csrc/autograd/generated/python_variable_methods.cpp:835.)
  float(total_loss), float(rec_loss), float(round_loss), b, self.count))

2025-08-18 15:18:50,558 | INFO | ✔ END: advanced PTQ reconstruction (elapsed 2774.92s)
2025-08-18 15:18:50,560 | INFO | ▶ START: enable_quantization (simulate INT8)
2025-08-18 15:18:50,563 | INFO | ✔ END: enable_quantization (simulate INT8) (elapsed 0.00s)
2025-08-18 15:18:50,564 | INFO | ✔ END: prepare_by_platform(Academic) (elapsed 2788.75s)
2025-08-18 15:18:50,565 | INFO | ▶ START: evaluate INT8-sim
2025-08-18 15:18:53,262 | INFO | [EVAL_INT8] progress: 50 batches, running top1=2.22%
2025-08-18 15:18:55,371 | INFO | [EVAL_INT8] progress: 100 batches, running top1=1.28%
2025-08-18 15:18:57,366 | INFO | [EVAL_INT8] progress: 150 batches, running top1=0.85%
2025-08-18 15:18:59,387 | INFO | [EVAL_INT8] progress: 200 batches, running top1=0.64%
2025-08-18 15:19:01,487 | INFO | [EVAL_INT8] progress: 250 batches, running top1=0.51%
2025-08-18 15:19:03,585 | INFO | [EVAL_INT8] progress: 300 batches, running top1=0.51%
2025-08-18 15:19:05,634 | INFO | [EVAL_INT8] progress: 350 batches, running top1=0.45%
2025-08-18 15:19:07,674 | INFO | [EVAL_INT8] progress: 400 batches, running top1=0.41%
2025-08-18 15:19:09,654 | INFO | [EVAL_INT8] progress: 450 batches, running top1=0.40%
2025-08-18 15:19:11,638 | INFO | [EVAL_INT8] progress: 500 batches, running top1=0.36%
2025-08-18 15:19:13,548 | INFO | [EVAL_INT8] progress: 550 batches, running top1=0.32%
2025-08-18 15:19:15,544 | INFO | [EVAL_INT8] progress: 600 batches, running top1=0.31%
2025-08-18 15:19:17,639 | INFO | [EVAL_INT8] progress: 650 batches, running top1=0.29%
2025-08-18 15:19:19,612 | INFO | [EVAL_INT8] progress: 700 batches, running top1=0.27%
2025-08-18 15:19:21,478 | INFO | [EVAL_INT8] progress: 750 batches, running top1=0.27%
2025-08-18 15:19:22,828 | INFO | [EVAL_INT8] done: 782 batches in 32.26s, top1=0.26%
2025-08-18 15:19:22,828 | INFO | [PTQ][mobilenet_v2][Academic] [ADV] Top-1 = 0.26%
2025-08-18 15:19:22,828 | INFO | ✔ END: evaluate INT8-sim (elapsed 32.26s)
2025-08-18 15:19:22,828 | INFO | ▶ START: evaluate FP32 baseline
2025-08-18 15:19:25,374 | INFO | [EVAL_FP32] progress: 50 batches, running top1=78.28%
2025-08-18 15:19:27,320 | INFO | [EVAL_FP32] progress: 100 batches, running top1=79.39%
2025-08-18 15:19:29,348 | INFO | [EVAL_FP32] progress: 150 batches, running top1=78.90%
2025-08-18 15:19:31,164 | INFO | [EVAL_FP32] progress: 200 batches, running top1=78.18%
2025-08-18 15:19:33,140 | INFO | [EVAL_FP32] progress: 250 batches, running top1=78.02%
2025-08-18 15:19:35,140 | INFO | [EVAL_FP32] progress: 300 batches, running top1=78.35%
2025-08-18 15:19:37,156 | INFO | [EVAL_FP32] progress: 350 batches, running top1=77.30%
2025-08-18 15:19:38,915 | INFO | [EVAL_FP32] progress: 400 batches, running top1=75.82%
2025-08-18 15:19:40,989 | INFO | [EVAL_FP32] progress: 450 batches, running top1=75.21%
2025-08-18 15:19:42,881 | INFO | [EVAL_FP32] progress: 500 batches, running top1=74.27%
2025-08-18 15:19:44,788 | INFO | [EVAL_FP32] progress: 550 batches, running top1=73.65%
2025-08-18 15:19:46,680 | INFO | [EVAL_FP32] progress: 600 batches, running top1=73.09%
2025-08-18 15:19:48,498 | INFO | [EVAL_FP32] progress: 650 batches, running top1=72.71%
2025-08-18 15:19:50,529 | INFO | [EVAL_FP32] progress: 700 batches, running top1=72.16%
2025-08-18 15:19:52,379 | INFO | [EVAL_FP32] progress: 750 batches, running top1=72.19%
2025-08-18 15:19:53,570 | INFO | [EVAL_FP32] done: 782 batches in 30.74s, top1=72.15%
2025-08-18 15:19:53,570 | INFO | [FP32] Top-1 = 72.15% (expected ~None)
2025-08-18 15:19:53,570 | INFO | ✔ END: evaluate FP32 baseline (elapsed 30.74s)
2025-08-18 15:19:53,570 | INFO | ▶ START: extract model logits
2025-08-18 15:19:53,572 | INFO | Extracting logits from both models...
2025-08-18 15:19:55,712 | INFO | Processed 5 batches
2025-08-18 15:19:56,344 | INFO | Processed 10 batches
2025-08-18 15:19:57,472 | INFO | Extracted logits: Q=torch.Size([640, 1000]), FP=torch.Size([640, 1000])
2025-08-18 16:13:19,828 | INFO | ✔ END: extract model logits (elapsed 3206.26s)
