2025-08-18 14:38:57,620 | INFO | Environment: {'torch': '2.8.0+cu128', 'torchvision': '0.23.0+cu128', 'cuda_available': True, 'device_name': 'NVIDIA L40S', 'capability': '8.9', 'cudnn_version': 91002}
2025-08-18 14:38:57,620 | INFO | ▶ START: load fp32 model (torchvision weights API)
2025-08-18 14:38:57,777 | INFO | Model: mnasnet0_5 | Weights: MNASNet0_5_Weights.IMAGENET1K_V1 | Params: 2.22M | Ref acc@1=None
2025-08-18 14:38:57,777 | INFO | ✔ END: load fp32 model (torchvision weights API) (elapsed 0.16s)
2025-08-18 14:38:57,777 | INFO | ▶ START: build & check loaders
2025-08-18 14:38:57,782 | INFO | Val structure looks OK (1000 synset folders).
2025-08-18 14:38:57,788 | INFO | Train structure looks OK (1000 synset folders).
2025-08-18 14:39:18,408 | INFO | ImageNet train: 1281167 images, 1000 classes
2025-08-18 14:39:19,361 | INFO | ImageNet val: 50000 images, 1000 classes
2025-08-18 14:39:19,361 | INFO | Val dataset size: 50000 | batch_size=64 | calib_batches=32
2025-08-18 14:39:21,129 | INFO | [SANITY] Batch[0] stats: mean=-0.1807, std=1.1175, min=-2.118, max=2.640
2025-08-18 14:39:21,130 | INFO | ✔ END: build & check loaders (elapsed 23.35s)
2025-08-18 14:39:21,136 | INFO | ▶ START: prepare_by_platform(Academic)
2025-08-18 14:39:21,138 | INFO | [Academic extra_config] {'extra_qconfig_dict': {'w_observer': 'MinMaxObserver', 'a_observer': 'EMAMinMaxObserver', 'w_fakequantize': 'AdaRoundFakeQuantize', 'a_fakequantize': 'FixedFakeQuantize', 'w_qscheme': {'bit': 2, 'symmetry': True, 'per_channel': True, 'pot_scale': False}, 'a_qscheme': {'bit': 2, 'symmetry': False, 'per_channel': False, 'pot_scale': False}}}
2025-08-18 14:39:21,324 | INFO | Modules (total): 182 -> 394
2025-08-18 14:39:21,324 | INFO | 'Quantish' modules detected after prepare: 212
2025-08-18 14:39:21,324 | INFO | ▶ START: calibration (enable_calibration + forward)
2025-08-18 14:39:22,634 | INFO | [CALIB] step=1/32 seen=64 (48.9 img/s)
2025-08-18 14:39:22,987 | INFO | [CALIB] step=10/32 seen=640 (385.4 img/s)
2025-08-18 14:39:23,344 | INFO | [CALIB] step=20/32 seen=1280 (634.3 img/s)
2025-08-18 14:39:25,414 | INFO | [CALIB] step=30/32 seen=1920 (469.7 img/s)
2025-08-18 14:39:26,337 | INFO | [CALIB] total images seen: 2048
2025-08-18 14:39:26,337 | INFO | ✔ END: calibration (enable_calibration + forward) (elapsed 5.01s)
2025-08-18 14:39:26,337 | INFO | ▶ START: advanced PTQ reconstruction
2025-08-18 14:39:29,372 | INFO | [ADV] cfg={'pattern': 'block', 'scale_lr': 4e-05, 'warm_up': 0.2, 'weight': 0.01, 'max_count': 20000, 'b_range': [20, 2], 'keep_gpu': True, 'round_mode': 'learned_hard_sigmoid', 'prob': 1.0}
2025-08-18 14:39:29,372 | INFO | [ADV] stacked tensors: 32 | total calib images: 2048
2025-08-18 14:39:33,263 | WARNING | /home/alz07xz/project/kmeans_results/MQBench/mqbench/advanced_ptq.py:220: UserWarning: Converting a tensor with requires_grad=True to a scalar may lead to unexpected behavior.
Consider using tensor.detach() first. (Triggered internally at /pytorch/torch/csrc/autograd/generated/python_variable_methods.cpp:835.)
  float(total_loss), float(rec_loss), float(round_loss), b, self.count))

2025-08-18 15:18:05,802 | INFO | ✔ END: advanced PTQ reconstruction (elapsed 2319.46s)
2025-08-18 15:18:05,805 | INFO | ▶ START: enable_quantization (simulate INT8)
2025-08-18 15:18:05,809 | INFO | ✔ END: enable_quantization (simulate INT8) (elapsed 0.00s)
2025-08-18 15:18:05,810 | INFO | ✔ END: prepare_by_platform(Academic) (elapsed 2324.67s)
2025-08-18 15:18:05,811 | INFO | ▶ START: evaluate INT8-sim
2025-08-18 15:18:08,239 | INFO | [EVAL_INT8] progress: 50 batches, running top1=3.50%
2025-08-18 15:18:10,462 | INFO | [EVAL_INT8] progress: 100 batches, running top1=1.77%
2025-08-18 15:18:12,420 | INFO | [EVAL_INT8] progress: 150 batches, running top1=1.18%
2025-08-18 15:18:14,294 | INFO | [EVAL_INT8] progress: 200 batches, running top1=0.88%
2025-08-18 15:18:16,382 | INFO | [EVAL_INT8] progress: 250 batches, running top1=0.71%
2025-08-18 15:18:18,343 | INFO | [EVAL_INT8] progress: 300 batches, running top1=0.59%
2025-08-18 15:18:20,401 | INFO | [EVAL_INT8] progress: 350 batches, running top1=0.52%
2025-08-18 15:18:22,448 | INFO | [EVAL_INT8] progress: 400 batches, running top1=0.46%
2025-08-18 15:18:24,492 | INFO | [EVAL_INT8] progress: 450 batches, running top1=0.41%
2025-08-18 15:18:26,387 | INFO | [EVAL_INT8] progress: 500 batches, running top1=0.37%
2025-08-18 15:18:28,320 | INFO | [EVAL_INT8] progress: 550 batches, running top1=0.33%
2025-08-18 15:18:30,304 | INFO | [EVAL_INT8] progress: 600 batches, running top1=0.30%
2025-08-18 15:18:32,218 | INFO | [EVAL_INT8] progress: 650 batches, running top1=0.28%
2025-08-18 15:18:34,268 | INFO | [EVAL_INT8] progress: 700 batches, running top1=0.26%
2025-08-18 15:18:36,254 | INFO | [EVAL_INT8] progress: 750 batches, running top1=0.24%
2025-08-18 15:18:37,417 | INFO | [EVAL_INT8] done: 782 batches in 31.60s, top1=0.23%
2025-08-18 15:18:37,418 | INFO | [PTQ][mnasnet0_5][Academic] [ADV] Top-1 = 0.23%
2025-08-18 15:18:37,418 | INFO | ✔ END: evaluate INT8-sim (elapsed 31.61s)
2025-08-18 15:18:37,418 | INFO | ▶ START: evaluate FP32 baseline
2025-08-18 15:18:39,860 | INFO | [EVAL_FP32] progress: 50 batches, running top1=73.44%
2025-08-18 15:18:41,868 | INFO | [EVAL_FP32] progress: 100 batches, running top1=74.81%
2025-08-18 15:18:43,907 | INFO | [EVAL_FP32] progress: 150 batches, running top1=75.14%
2025-08-18 15:18:45,760 | INFO | [EVAL_FP32] progress: 200 batches, running top1=74.41%
2025-08-18 15:18:47,805 | INFO | [EVAL_FP32] progress: 250 batches, running top1=74.26%
2025-08-18 15:18:49,709 | INFO | [EVAL_FP32] progress: 300 batches, running top1=74.69%
2025-08-18 15:18:51,786 | INFO | [EVAL_FP32] progress: 350 batches, running top1=73.39%
2025-08-18 15:18:53,718 | INFO | [EVAL_FP32] progress: 400 batches, running top1=71.63%
2025-08-18 15:18:55,573 | INFO | [EVAL_FP32] progress: 450 batches, running top1=70.98%
2025-08-18 15:18:57,857 | INFO | [EVAL_FP32] progress: 500 batches, running top1=69.94%
2025-08-18 15:18:59,722 | INFO | [EVAL_FP32] progress: 550 batches, running top1=69.28%
2025-08-18 15:19:01,537 | INFO | [EVAL_FP32] progress: 600 batches, running top1=68.73%
2025-08-18 15:19:03,668 | INFO | [EVAL_FP32] progress: 650 batches, running top1=68.26%
2025-08-18 15:19:05,562 | INFO | [EVAL_FP32] progress: 700 batches, running top1=67.67%
2025-08-18 15:19:07,547 | INFO | [EVAL_FP32] progress: 750 batches, running top1=67.74%
2025-08-18 15:19:08,923 | INFO | [EVAL_FP32] done: 782 batches in 31.50s, top1=67.76%
2025-08-18 15:19:08,923 | INFO | [FP32] Top-1 = 67.76% (expected ~None)
2025-08-18 15:19:08,923 | INFO | ✔ END: evaluate FP32 baseline (elapsed 31.51s)
2025-08-18 15:19:08,923 | INFO | ▶ START: extract model logits
2025-08-18 15:19:08,925 | INFO | Extracting logits from both models...
2025-08-18 15:19:09,789 | INFO | Processed 5 batches
2025-08-18 15:19:09,920 | INFO | Processed 10 batches
2025-08-18 15:19:10,171 | INFO | Extracted logits: Q=torch.Size([640, 1000]), FP=torch.Size([640, 1000])
2025-08-18 16:07:12,550 | INFO | ✔ END: extract model logits (elapsed 2883.63s)
