2025-08-18 09:10:36,975 | INFO | Environment: {'torch': '2.8.0+cu128', 'torchvision': '0.23.0+cu128', 'cuda_available': True, 'device_name': 'NVIDIA L40S', 'capability': '8.9', 'cudnn_version': 91002}
2025-08-18 09:10:36,975 | INFO | ▶ START: load fp32 model (torchvision weights API)
2025-08-18 09:10:37,699 | INFO | Model: mnasnet0_5 | Weights: MNASNet0_5_Weights.IMAGENET1K_V1 | Params: 2.22M | Ref acc@1=None
2025-08-18 09:10:37,699 | INFO | ✔ END: load fp32 model (torchvision weights API) (elapsed 0.72s)
2025-08-18 09:10:37,699 | INFO | ▶ START: build & check loaders
2025-08-18 09:10:37,745 | INFO | Val structure looks OK (1000 synset folders).
2025-08-18 09:10:37,776 | INFO | Train structure looks OK (1000 synset folders).
2025-08-18 09:11:20,737 | INFO | ImageNet train: 1281167 images, 1000 classes
2025-08-18 09:11:23,224 | INFO | ImageNet val: 50000 images, 1000 classes
2025-08-18 09:11:23,224 | INFO | Val dataset size: 50000 | batch_size=64 | calib_batches=32
2025-08-18 09:11:34,045 | INFO | [SANITY] Batch[0] stats: mean=-0.1807, std=1.1175, min=-2.118, max=2.640
2025-08-18 09:11:34,045 | INFO | ✔ END: build & check loaders (elapsed 56.35s)
2025-08-18 09:11:34,052 | INFO | ▶ START: prepare_by_platform(Academic)
2025-08-18 09:11:34,053 | INFO | [Academic extra_config] {'extra_qconfig_dict': {'w_observer': 'MinMaxObserver', 'a_observer': 'EMAMinMaxObserver', 'w_fakequantize': 'AdaRoundFakeQuantize', 'a_fakequantize': 'FixedFakeQuantize', 'w_qscheme': {'bit': 4, 'symmetry': True, 'per_channel': True, 'pot_scale': False}, 'a_qscheme': {'bit': 2, 'symmetry': False, 'per_channel': False, 'pot_scale': False}}}
2025-08-18 09:11:34,339 | INFO | Modules (total): 182 -> 394
2025-08-18 09:11:34,339 | INFO | 'Quantish' modules detected after prepare: 212
2025-08-18 09:11:34,339 | INFO | ▶ START: calibration (enable_calibration + forward)
2025-08-18 09:11:40,303 | INFO | [CALIB] step=1/32 seen=64 (10.7 img/s)
2025-08-18 09:11:40,690 | INFO | [CALIB] step=10/32 seen=640 (100.8 img/s)
2025-08-18 09:11:43,444 | INFO | [CALIB] step=20/32 seen=1280 (140.6 img/s)
2025-08-18 09:11:44,547 | INFO | [CALIB] step=30/32 seen=1920 (188.1 img/s)
2025-08-18 09:11:46,893 | INFO | [CALIB] total images seen: 2048
2025-08-18 09:11:46,893 | INFO | ✔ END: calibration (enable_calibration + forward) (elapsed 12.55s)
2025-08-18 09:11:46,893 | INFO | ▶ START: advanced PTQ reconstruction
2025-08-18 09:11:48,900 | INFO | [ADV] cfg={'pattern': 'block', 'scale_lr': 4e-05, 'warm_up': 0.2, 'weight': 0.01, 'max_count': 20000, 'b_range': [20, 2], 'keep_gpu': True, 'round_mode': 'learned_hard_sigmoid', 'prob': 1.0}
2025-08-18 09:11:48,900 | INFO | [ADV] stacked tensors: 32 | total calib images: 2048
2025-08-18 09:11:54,725 | WARNING | /home/alz07xz/project/kmeans_results/MQBench/mqbench/advanced_ptq.py:220: UserWarning: Converting a tensor with requires_grad=True to a scalar may lead to unexpected behavior.
Consider using tensor.detach() first. (Triggered internally at /pytorch/torch/csrc/autograd/generated/python_variable_methods.cpp:835.)
  float(total_loss), float(rec_loss), float(round_loss), b, self.count))

2025-08-18 09:50:43,937 | INFO | ✔ END: advanced PTQ reconstruction (elapsed 2337.04s)
2025-08-18 09:50:43,939 | INFO | ▶ START: enable_quantization (simulate INT8)
2025-08-18 09:50:43,944 | INFO | ✔ END: enable_quantization (simulate INT8) (elapsed 0.00s)
2025-08-18 09:50:43,944 | INFO | ✔ END: prepare_by_platform(Academic) (elapsed 2349.89s)
2025-08-18 09:50:43,946 | INFO | ▶ START: evaluate INT8-sim
2025-08-18 09:50:46,519 | INFO | [EVAL_INT8] progress: 50 batches, running top1=1.41%
2025-08-18 09:50:52,377 | INFO | [EVAL_INT8] progress: 100 batches, running top1=0.81%
2025-08-18 09:50:57,464 | INFO | [EVAL_INT8] progress: 150 batches, running top1=0.57%
2025-08-18 09:51:02,135 | INFO | [EVAL_INT8] progress: 200 batches, running top1=0.44%
2025-08-18 09:51:09,212 | INFO | [EVAL_INT8] progress: 250 batches, running top1=0.35%
2025-08-18 09:51:18,882 | INFO | [EVAL_INT8] progress: 300 batches, running top1=0.30%
2025-08-18 09:51:26,478 | INFO | [EVAL_INT8] progress: 350 batches, running top1=0.28%
2025-08-18 09:51:32,872 | INFO | [EVAL_INT8] progress: 400 batches, running top1=0.25%
2025-08-18 09:51:38,721 | INFO | [EVAL_INT8] progress: 450 batches, running top1=0.23%
2025-08-18 09:51:46,532 | INFO | [EVAL_INT8] progress: 500 batches, running top1=0.21%
2025-08-18 09:51:52,169 | INFO | [EVAL_INT8] progress: 550 batches, running top1=0.19%
2025-08-18 09:51:59,665 | INFO | [EVAL_INT8] progress: 600 batches, running top1=0.18%
2025-08-18 09:52:04,189 | INFO | [EVAL_INT8] progress: 650 batches, running top1=0.17%
2025-08-18 09:52:10,645 | INFO | [EVAL_INT8] progress: 700 batches, running top1=0.16%
2025-08-18 09:52:17,415 | INFO | [EVAL_INT8] progress: 750 batches, running top1=0.15%
2025-08-18 09:52:22,232 | INFO | [EVAL_INT8] done: 782 batches in 98.28s, top1=0.15%
2025-08-18 09:52:22,232 | INFO | [PTQ][mnasnet0_5][Academic] [ADV] Top-1 = 0.15%
2025-08-18 09:52:22,232 | INFO | ✔ END: evaluate INT8-sim (elapsed 98.29s)
2025-08-18 09:52:22,232 | INFO | ▶ START: evaluate FP32 baseline
2025-08-18 09:52:24,746 | INFO | [EVAL_FP32] progress: 50 batches, running top1=73.44%
2025-08-18 09:52:26,834 | INFO | [EVAL_FP32] progress: 100 batches, running top1=74.81%
2025-08-18 09:52:29,168 | INFO | [EVAL_FP32] progress: 150 batches, running top1=75.14%
2025-08-18 09:52:30,972 | INFO | [EVAL_FP32] progress: 200 batches, running top1=74.41%
2025-08-18 09:52:33,104 | INFO | [EVAL_FP32] progress: 250 batches, running top1=74.26%
2025-08-18 09:52:35,111 | INFO | [EVAL_FP32] progress: 300 batches, running top1=74.69%
2025-08-18 09:52:37,194 | INFO | [EVAL_FP32] progress: 350 batches, running top1=73.39%
2025-08-18 09:52:39,119 | INFO | [EVAL_FP32] progress: 400 batches, running top1=71.63%
2025-08-18 09:52:41,215 | INFO | [EVAL_FP32] progress: 450 batches, running top1=70.98%
2025-08-18 09:52:43,101 | INFO | [EVAL_FP32] progress: 500 batches, running top1=69.94%
2025-08-18 09:52:45,139 | INFO | [EVAL_FP32] progress: 550 batches, running top1=69.28%
2025-08-18 09:52:47,030 | INFO | [EVAL_FP32] progress: 600 batches, running top1=68.73%
2025-08-18 09:52:49,227 | INFO | [EVAL_FP32] progress: 650 batches, running top1=68.26%
2025-08-18 09:52:50,966 | INFO | [EVAL_FP32] progress: 700 batches, running top1=67.67%
2025-08-18 09:52:53,087 | INFO | [EVAL_FP32] progress: 750 batches, running top1=67.74%
2025-08-18 09:52:54,242 | INFO | [EVAL_FP32] done: 782 batches in 32.01s, top1=67.76%
2025-08-18 09:52:54,242 | INFO | [FP32] Top-1 = 67.76% (expected ~None)
2025-08-18 09:52:54,242 | INFO | ✔ END: evaluate FP32 baseline (elapsed 32.01s)
2025-08-18 09:52:54,242 | INFO | ▶ START: extract model logits
2025-08-18 09:52:54,244 | INFO | Extracting logits from both models...
2025-08-18 09:52:57,075 | INFO | Processed 5 batches
2025-08-18 09:52:58,086 | INFO | Processed 10 batches
2025-08-18 09:52:59,821 | INFO | Extracted logits: Q=torch.Size([640, 1000]), FP=torch.Size([640, 1000])
2025-08-18 10:38:47,242 | INFO | ✔ END: extract model logits (elapsed 2753.00s)
