2025-08-18 11:11:15,587 | INFO | Environment: {'torch': '2.8.0+cu128', 'torchvision': '0.23.0+cu128', 'cuda_available': True, 'device_name': 'NVIDIA L40S', 'capability': '8.9', 'cudnn_version': 91002}
2025-08-18 11:11:15,587 | INFO | ▶ START: load fp32 model (torchvision weights API)
2025-08-18 11:11:15,794 | INFO | Model: mobilenet_v2 | Weights: MobileNet_V2_Weights.IMAGENET1K_V2 | Params: 3.50M | Ref acc@1=None
2025-08-18 11:11:15,794 | INFO | ✔ END: load fp32 model (torchvision weights API) (elapsed 0.21s)
2025-08-18 11:11:15,795 | INFO | ▶ START: build & check loaders
2025-08-18 11:11:15,801 | INFO | Val structure looks OK (1000 synset folders).
2025-08-18 11:11:15,807 | INFO | Train structure looks OK (1000 synset folders).
2025-08-18 11:12:05,959 | INFO | ImageNet train: 1281167 images, 1000 classes
2025-08-18 11:12:07,653 | INFO | ImageNet val: 50000 images, 1000 classes
2025-08-18 11:12:07,654 | INFO | Val dataset size: 50000 | batch_size=64 | calib_batches=32
2025-08-18 11:12:08,991 | INFO | [SANITY] Batch[0] stats: mean=-0.2055, std=1.1229, min=-2.118, max=2.640
2025-08-18 11:12:08,991 | INFO | ✔ END: build & check loaders (elapsed 53.20s)
2025-08-18 11:12:08,994 | INFO | ▶ START: prepare_by_platform(Academic)
2025-08-18 11:12:08,995 | INFO | [Academic extra_config] {'extra_qconfig_dict': {'w_observer': 'MinMaxObserver', 'a_observer': 'EMAMinMaxObserver', 'w_fakequantize': 'AdaRoundFakeQuantize', 'a_fakequantize': 'FixedFakeQuantize', 'w_qscheme': {'bit': 4, 'symmetry': True, 'per_channel': True, 'pot_scale': False}, 'a_qscheme': {'bit': 2, 'symmetry': False, 'per_channel': False, 'pot_scale': False}}}
2025-08-18 11:12:09,162 | INFO | Modules (total): 213 -> 425
2025-08-18 11:12:09,162 | INFO | 'Quantish' modules detected after prepare: 212
2025-08-18 11:12:09,162 | INFO | ▶ START: calibration (enable_calibration + forward)
2025-08-18 11:12:10,554 | INFO | [CALIB] step=1/32 seen=64 (46.1 img/s)
2025-08-18 11:12:11,014 | INFO | [CALIB] step=10/32 seen=640 (346.0 img/s)
2025-08-18 11:12:11,549 | INFO | [CALIB] step=20/32 seen=1280 (536.7 img/s)
2025-08-18 11:12:12,059 | INFO | [CALIB] step=30/32 seen=1920 (663.4 img/s)
2025-08-18 11:12:13,436 | INFO | [CALIB] total images seen: 2048
2025-08-18 11:12:13,436 | INFO | ✔ END: calibration (enable_calibration + forward) (elapsed 4.27s)
2025-08-18 11:12:13,436 | INFO | ▶ START: advanced PTQ reconstruction
2025-08-18 11:12:15,410 | INFO | [ADV] cfg={'pattern': 'block', 'scale_lr': 4e-05, 'warm_up': 0.2, 'weight': 0.01, 'max_count': 20000, 'b_range': [20, 2], 'keep_gpu': True, 'round_mode': 'learned_hard_sigmoid', 'prob': 1.0}
2025-08-18 11:12:15,411 | INFO | [ADV] stacked tensors: 32 | total calib images: 2048
2025-08-18 11:12:22,495 | WARNING | /home/alz07xz/project/kmeans_results/MQBench/mqbench/advanced_ptq.py:220: UserWarning: Converting a tensor with requires_grad=True to a scalar may lead to unexpected behavior.
Consider using tensor.detach() first. (Triggered internally at /pytorch/torch/csrc/autograd/generated/python_variable_methods.cpp:835.)
  float(total_loss), float(rec_loss), float(round_loss), b, self.count))

2025-08-18 11:58:24,372 | INFO | ✔ END: advanced PTQ reconstruction (elapsed 2770.94s)
2025-08-18 11:58:24,374 | INFO | ▶ START: enable_quantization (simulate INT8)
2025-08-18 11:58:24,379 | INFO | ✔ END: enable_quantization (simulate INT8) (elapsed 0.00s)
2025-08-18 11:58:24,379 | INFO | ✔ END: prepare_by_platform(Academic) (elapsed 2775.38s)
2025-08-18 11:58:24,380 | INFO | ▶ START: evaluate INT8-sim
2025-08-18 11:58:27,177 | INFO | [EVAL_INT8] progress: 50 batches, running top1=4.62%
2025-08-18 11:58:29,192 | INFO | [EVAL_INT8] progress: 100 batches, running top1=2.33%
2025-08-18 11:58:31,222 | INFO | [EVAL_INT8] progress: 150 batches, running top1=1.55%
2025-08-18 11:58:33,176 | INFO | [EVAL_INT8] progress: 200 batches, running top1=1.16%
2025-08-18 11:58:35,251 | INFO | [EVAL_INT8] progress: 250 batches, running top1=0.93%
2025-08-18 11:58:37,341 | INFO | [EVAL_INT8] progress: 300 batches, running top1=0.78%
2025-08-18 11:58:39,343 | INFO | [EVAL_INT8] progress: 350 batches, running top1=0.67%
2025-08-18 11:58:41,323 | INFO | [EVAL_INT8] progress: 400 batches, running top1=0.59%
2025-08-18 11:58:43,386 | INFO | [EVAL_INT8] progress: 450 batches, running top1=0.52%
2025-08-18 11:58:47,460 | INFO | [EVAL_INT8] progress: 500 batches, running top1=0.47%
2025-08-18 11:58:54,598 | INFO | [EVAL_INT8] progress: 550 batches, running top1=0.43%
2025-08-18 11:59:01,304 | INFO | [EVAL_INT8] progress: 600 batches, running top1=0.39%
2025-08-18 11:59:08,262 | INFO | [EVAL_INT8] progress: 650 batches, running top1=0.36%
2025-08-18 11:59:16,251 | INFO | [EVAL_INT8] progress: 700 batches, running top1=0.33%
2025-08-18 11:59:26,000 | INFO | [EVAL_INT8] progress: 750 batches, running top1=0.31%
2025-08-18 11:59:30,182 | INFO | [EVAL_INT8] done: 782 batches in 65.80s, top1=0.30%
2025-08-18 11:59:30,182 | INFO | [PTQ][mobilenet_v2][Academic] [ADV] Top-1 = 0.30%
2025-08-18 11:59:30,182 | INFO | ✔ END: evaluate INT8-sim (elapsed 65.80s)
2025-08-18 11:59:30,182 | INFO | ▶ START: evaluate FP32 baseline
2025-08-18 11:59:32,708 | INFO | [EVAL_FP32] progress: 50 batches, running top1=78.28%
2025-08-18 11:59:34,787 | INFO | [EVAL_FP32] progress: 100 batches, running top1=79.39%
2025-08-18 11:59:36,783 | INFO | [EVAL_FP32] progress: 150 batches, running top1=78.90%
2025-08-18 11:59:38,676 | INFO | [EVAL_FP32] progress: 200 batches, running top1=78.18%
2025-08-18 11:59:40,858 | INFO | [EVAL_FP32] progress: 250 batches, running top1=78.02%
2025-08-18 11:59:42,811 | INFO | [EVAL_FP32] progress: 300 batches, running top1=78.35%
2025-08-18 11:59:44,881 | INFO | [EVAL_FP32] progress: 350 batches, running top1=77.30%
2025-08-18 11:59:46,976 | INFO | [EVAL_FP32] progress: 400 batches, running top1=75.82%
2025-08-18 11:59:48,889 | INFO | [EVAL_FP32] progress: 450 batches, running top1=75.21%
2025-08-18 11:59:50,940 | INFO | [EVAL_FP32] progress: 500 batches, running top1=74.27%
2025-08-18 11:59:53,004 | INFO | [EVAL_FP32] progress: 550 batches, running top1=73.65%
2025-08-18 11:59:54,955 | INFO | [EVAL_FP32] progress: 600 batches, running top1=73.09%
2025-08-18 11:59:56,908 | INFO | [EVAL_FP32] progress: 650 batches, running top1=72.71%
2025-08-18 11:59:58,921 | INFO | [EVAL_FP32] progress: 700 batches, running top1=72.16%
2025-08-18 12:00:00,811 | INFO | [EVAL_FP32] progress: 750 batches, running top1=72.19%
2025-08-18 12:00:02,001 | INFO | [EVAL_FP32] done: 782 batches in 31.82s, top1=72.15%
2025-08-18 12:00:02,002 | INFO | [FP32] Top-1 = 72.15% (expected ~None)
2025-08-18 12:00:02,002 | INFO | ✔ END: evaluate FP32 baseline (elapsed 31.82s)
2025-08-18 12:00:02,002 | INFO | ▶ START: extract model logits
2025-08-18 12:00:02,004 | INFO | Extracting logits from both models...
2025-08-18 12:00:04,664 | INFO | Processed 5 batches
2025-08-18 12:00:07,031 | INFO | Processed 10 batches
2025-08-18 12:00:09,536 | INFO | Extracted logits: Q=torch.Size([640, 1000]), FP=torch.Size([640, 1000])
2025-08-18 12:50:35,400 | INFO | ✔ END: extract model logits (elapsed 3033.40s)
