2025-08-18 16:07:35,222 | INFO | Environment: {'torch': '2.8.0+cu128', 'torchvision': '0.23.0+cu128', 'cuda_available': True, 'device_name': 'NVIDIA L40S', 'capability': '8.9', 'cudnn_version': 91002}
2025-08-18 16:07:35,222 | INFO | ▶ START: load fp32 model (torchvision weights API)
2025-08-18 16:07:37,266 | INFO | Model: resnet50 | Weights: ResNet50_Weights.IMAGENET1K_V2 | Params: 25.56M | Ref acc@1=None
2025-08-18 16:07:37,266 | INFO | ✔ END: load fp32 model (torchvision weights API) (elapsed 2.04s)
2025-08-18 16:07:37,266 | INFO | ▶ START: build & check loaders
2025-08-18 16:07:37,272 | INFO | Val structure looks OK (1000 synset folders).
2025-08-18 16:07:37,278 | INFO | Train structure looks OK (1000 synset folders).
2025-08-18 16:08:20,802 | INFO | ImageNet train: 1281167 images, 1000 classes
2025-08-18 16:08:20,931 | INFO | ImageNet val: 50000 images, 1000 classes
2025-08-18 16:08:20,931 | INFO | Val dataset size: 50000 | batch_size=64 | calib_batches=32
2025-08-18 16:08:21,840 | INFO | [SANITY] Batch[0] stats: mean=-0.2055, std=1.1229, min=-2.118, max=2.640
2025-08-18 16:08:21,840 | INFO | ✔ END: build & check loaders (elapsed 44.57s)
2025-08-18 16:08:21,843 | INFO | ▶ START: prepare_by_platform(Academic)
2025-08-18 16:08:21,844 | INFO | [Academic extra_config] {'extra_qconfig_dict': {'w_observer': 'MinMaxObserver', 'a_observer': 'EMAMinMaxObserver', 'w_fakequantize': 'AdaRoundFakeQuantize', 'a_fakequantize': 'FixedFakeQuantize', 'w_qscheme': {'bit': 4, 'symmetry': True, 'per_channel': True, 'pot_scale': False}, 'a_qscheme': {'bit': 4, 'symmetry': False, 'per_channel': False, 'pot_scale': False}}}
2025-08-18 16:08:22,358 | INFO | Modules (total): 151 -> 391
2025-08-18 16:08:22,358 | INFO | 'Quantish' modules detected after prepare: 208
2025-08-18 16:08:22,358 | INFO | ▶ START: calibration (enable_calibration + forward)
2025-08-18 16:08:23,860 | INFO | [CALIB] step=1/32 seen=64 (42.7 img/s)
2025-08-18 16:08:24,432 | INFO | [CALIB] step=10/32 seen=640 (309.0 img/s)
2025-08-18 16:08:25,060 | INFO | [CALIB] step=20/32 seen=1280 (474.2 img/s)
2025-08-18 16:08:25,685 | INFO | [CALIB] step=30/32 seen=1920 (577.6 img/s)
2025-08-18 16:08:26,055 | INFO | [CALIB] total images seen: 2048
2025-08-18 16:08:26,056 | INFO | ✔ END: calibration (enable_calibration + forward) (elapsed 3.70s)
2025-08-18 16:08:26,056 | INFO | ▶ START: advanced PTQ reconstruction
2025-08-18 16:08:28,081 | INFO | [ADV] cfg={'pattern': 'block', 'scale_lr': 4e-05, 'warm_up': 0.2, 'weight': 0.01, 'max_count': 20000, 'b_range': [20, 2], 'keep_gpu': True, 'round_mode': 'learned_hard_sigmoid', 'prob': 1.0}
2025-08-18 16:08:28,082 | INFO | [ADV] stacked tensors: 32 | total calib images: 2048
2025-08-18 16:08:34,182 | WARNING | /home/alz07xz/project/kmeans_results/MQBench/mqbench/advanced_ptq.py:220: UserWarning: Converting a tensor with requires_grad=True to a scalar may lead to unexpected behavior.
Consider using tensor.detach() first. (Triggered internally at /pytorch/torch/csrc/autograd/generated/python_variable_methods.cpp:835.)
  float(total_loss), float(rec_loss), float(round_loss), b, self.count))

2025-08-18 17:08:09,473 | INFO | ✔ END: advanced PTQ reconstruction (elapsed 3583.42s)
2025-08-18 17:08:09,473 | INFO | ▶ START: enable_quantization (simulate INT8)
2025-08-18 17:08:09,477 | INFO | ✔ END: enable_quantization (simulate INT8) (elapsed 0.00s)
2025-08-18 17:08:09,477 | INFO | ✔ END: prepare_by_platform(Academic) (elapsed 3587.63s)
2025-08-18 17:08:09,478 | INFO | ▶ START: evaluate INT8-sim
2025-08-18 17:08:12,521 | INFO | [EVAL_INT8] progress: 50 batches, running top1=24.56%
2025-08-18 17:08:14,907 | INFO | [EVAL_INT8] progress: 100 batches, running top1=12.28%
2025-08-18 17:08:17,227 | INFO | [EVAL_INT8] progress: 150 batches, running top1=8.19%
2025-08-18 17:08:19,602 | INFO | [EVAL_INT8] progress: 200 batches, running top1=6.14%
2025-08-18 17:08:22,066 | INFO | [EVAL_INT8] progress: 250 batches, running top1=4.91%
2025-08-18 17:08:24,466 | INFO | [EVAL_INT8] progress: 300 batches, running top1=4.09%
2025-08-18 17:08:26,824 | INFO | [EVAL_INT8] progress: 350 batches, running top1=3.51%
2025-08-18 17:08:29,175 | INFO | [EVAL_INT8] progress: 400 batches, running top1=3.07%
2025-08-18 17:08:31,540 | INFO | [EVAL_INT8] progress: 450 batches, running top1=2.73%
2025-08-18 17:08:33,901 | INFO | [EVAL_INT8] progress: 500 batches, running top1=2.46%
2025-08-18 17:08:36,233 | INFO | [EVAL_INT8] progress: 550 batches, running top1=2.23%
2025-08-18 17:08:38,597 | INFO | [EVAL_INT8] progress: 600 batches, running top1=2.05%
2025-08-18 17:08:40,968 | INFO | [EVAL_INT8] progress: 650 batches, running top1=1.89%
2025-08-18 17:08:43,317 | INFO | [EVAL_INT8] progress: 700 batches, running top1=1.75%
2025-08-18 17:08:45,644 | INFO | [EVAL_INT8] progress: 750 batches, running top1=1.64%
2025-08-18 17:08:47,169 | INFO | [EVAL_INT8] done: 782 batches in 37.69s, top1=1.57%
2025-08-18 17:08:47,170 | INFO | [PTQ][resnet50][Academic] [ADV] Top-1 = 1.57%
2025-08-18 17:08:47,170 | INFO | ✔ END: evaluate INT8-sim (elapsed 37.69s)
2025-08-18 17:08:47,170 | INFO | ▶ START: evaluate FP32 baseline
2025-08-18 17:08:49,831 | INFO | [EVAL_FP32] progress: 50 batches, running top1=85.19%
2025-08-18 17:08:51,883 | INFO | [EVAL_FP32] progress: 100 batches, running top1=86.30%
2025-08-18 17:08:53,941 | INFO | [EVAL_FP32] progress: 150 batches, running top1=86.50%
2025-08-18 17:08:55,901 | INFO | [EVAL_FP32] progress: 200 batches, running top1=85.77%
2025-08-18 17:08:58,022 | INFO | [EVAL_FP32] progress: 250 batches, running top1=85.56%
2025-08-18 17:09:00,031 | INFO | [EVAL_FP32] progress: 300 batches, running top1=85.64%
2025-08-18 17:09:02,011 | INFO | [EVAL_FP32] progress: 350 batches, running top1=84.79%
2025-08-18 17:09:04,014 | INFO | [EVAL_FP32] progress: 400 batches, running top1=83.59%
2025-08-18 17:09:06,003 | INFO | [EVAL_FP32] progress: 450 batches, running top1=83.21%
2025-08-18 17:09:08,019 | INFO | [EVAL_FP32] progress: 500 batches, running top1=82.49%
2025-08-18 17:09:09,998 | INFO | [EVAL_FP32] progress: 550 batches, running top1=82.07%
2025-08-18 17:09:12,014 | INFO | [EVAL_FP32] progress: 600 batches, running top1=81.73%
2025-08-18 17:09:13,978 | INFO | [EVAL_FP32] progress: 650 batches, running top1=81.40%
2025-08-18 17:09:15,989 | INFO | [EVAL_FP32] progress: 700 batches, running top1=80.99%
2025-08-18 17:09:17,944 | INFO | [EVAL_FP32] progress: 750 batches, running top1=80.96%
2025-08-18 17:09:19,217 | INFO | [EVAL_FP32] done: 782 batches in 32.05s, top1=80.84%
2025-08-18 17:09:19,217 | INFO | [FP32] Top-1 = 80.84% (expected ~None)
2025-08-18 17:09:19,217 | INFO | ✔ END: evaluate FP32 baseline (elapsed 32.05s)
2025-08-18 17:09:19,217 | INFO | ▶ START: extract model logits
2025-08-18 17:09:19,219 | INFO | Extracting logits from both models...
2025-08-18 17:09:22,721 | INFO | Processed 5 batches
2025-08-18 17:09:25,209 | INFO | Processed 10 batches
2025-08-18 17:09:27,828 | INFO | Extracted logits: Q=torch.Size([640, 1000]), FP=torch.Size([640, 1000])
2025-08-18 18:14:54,434 | INFO | ✔ END: extract model logits (elapsed 3935.22s)
