2025-08-17 16:09:12,651 | INFO | Environment: {'torch': '2.8.0+cu128', 'torchvision': '0.23.0+cu128', 'cuda_available': True, 'device_name': 'NVIDIA L40S', 'capability': '8.9', 'cudnn_version': 91002}
2025-08-17 16:09:12,651 | INFO | ▶ START: load fp32 model (torchvision weights API)
2025-08-17 16:09:14,576 | INFO | Model: resnet50 | Weights: ResNet50_Weights.IMAGENET1K_V2 | Params: 25.56M | Ref acc@1=None
2025-08-17 16:09:14,576 | INFO | ✔ END: load fp32 model (torchvision weights API) (elapsed 1.92s)
2025-08-17 16:09:14,576 | INFO | ▶ START: build & check loaders
2025-08-17 16:09:16,450 | INFO | Val structure looks OK (1000 synset folders).
2025-08-17 16:09:16,468 | INFO | Train structure looks OK (1000 synset folders).
2025-08-17 16:10:07,087 | INFO | ImageNet train: 1281167 images, 1000 classes
2025-08-17 16:10:08,826 | INFO | ImageNet val: 50000 images, 1000 classes
2025-08-17 16:10:08,826 | INFO | Val dataset size: 50000 | batch_size=64 | calib_batches=32
2025-08-17 16:10:09,777 | INFO | [SANITY] Batch[0] stats: mean=-0.2055, std=1.1229, min=-2.118, max=2.640
2025-08-17 16:10:09,777 | INFO | ✔ END: build & check loaders (elapsed 55.20s)
2025-08-17 16:10:09,780 | INFO | ▶ START: prepare_by_platform(Academic)
2025-08-17 16:10:09,781 | INFO | [Academic extra_config] {'extra_qconfig_dict': {'w_observer': 'MinMaxObserver', 'a_observer': 'EMAMinMaxObserver', 'w_fakequantize': 'AdaRoundFakeQuantize', 'a_fakequantize': 'FixedFakeQuantize', 'w_qscheme': {'bit': 8, 'symmetry': True, 'per_channel': True, 'pot_scale': False}, 'a_qscheme': {'bit': 8, 'symmetry': False, 'per_channel': False, 'pot_scale': False}}}
2025-08-17 16:10:09,975 | INFO | Modules (total): 151 -> 391
2025-08-17 16:10:09,975 | INFO | 'Quantish' modules detected after prepare: 208
2025-08-17 16:10:09,975 | INFO | ▶ START: calibration (enable_calibration + forward)
2025-08-17 16:10:11,450 | INFO | [CALIB] step=1/32 seen=64 (43.5 img/s)
2025-08-17 16:10:12,019 | INFO | [CALIB] step=10/32 seen=640 (313.4 img/s)
2025-08-17 16:10:12,645 | INFO | [CALIB] step=20/32 seen=1280 (479.8 img/s)
2025-08-17 16:10:13,268 | INFO | [CALIB] step=30/32 seen=1920 (583.6 img/s)
2025-08-17 16:10:13,624 | INFO | [CALIB] total images seen: 2048
2025-08-17 16:10:13,624 | INFO | ✔ END: calibration (enable_calibration + forward) (elapsed 3.65s)
2025-08-17 16:10:13,624 | INFO | ▶ START: advanced PTQ reconstruction
2025-08-17 16:10:15,709 | INFO | [ADV] cfg={'pattern': 'block', 'scale_lr': 4e-05, 'warm_up': 0.2, 'weight': 0.01, 'max_count': 20000, 'b_range': [20, 2], 'keep_gpu': True, 'round_mode': 'learned_hard_sigmoid', 'prob': 1.0}
2025-08-17 16:10:15,709 | INFO | [ADV] stacked tensors: 32 | total calib images: 2048
2025-08-17 16:10:21,340 | WARNING | /home/alz07xz/project/kmeans_results/MQBench/mqbench/advanced_ptq.py:220: UserWarning: Converting a tensor with requires_grad=True to a scalar may lead to unexpected behavior.
Consider using tensor.detach() first. (Triggered internally at /pytorch/torch/csrc/autograd/generated/python_variable_methods.cpp:835.)
  float(total_loss), float(rec_loss), float(round_loss), b, self.count))

2025-08-17 17:09:57,706 | INFO | ✔ END: advanced PTQ reconstruction (elapsed 3584.08s)
2025-08-17 17:09:57,708 | INFO | ▶ START: enable_quantization (simulate INT8)
2025-08-17 17:09:57,712 | INFO | ✔ END: enable_quantization (simulate INT8) (elapsed 0.00s)
2025-08-17 17:09:57,712 | INFO | ✔ END: prepare_by_platform(Academic) (elapsed 3587.93s)
2025-08-17 17:09:57,712 | INFO | ▶ START: evaluate INT8-sim
2025-08-17 17:10:00,858 | INFO | [EVAL_INT8] progress: 50 batches, running top1=85.06%
2025-08-17 17:10:03,248 | INFO | [EVAL_INT8] progress: 100 batches, running top1=86.16%
2025-08-17 17:10:05,584 | INFO | [EVAL_INT8] progress: 150 batches, running top1=86.38%
2025-08-17 17:10:07,929 | INFO | [EVAL_INT8] progress: 200 batches, running top1=85.64%
2025-08-17 17:10:10,346 | INFO | [EVAL_INT8] progress: 250 batches, running top1=85.46%
2025-08-17 17:10:12,759 | INFO | [EVAL_INT8] progress: 300 batches, running top1=85.59%
2025-08-17 17:10:15,144 | INFO | [EVAL_INT8] progress: 350 batches, running top1=84.79%
2025-08-17 17:10:17,520 | INFO | [EVAL_INT8] progress: 400 batches, running top1=83.59%
2025-08-17 17:10:19,923 | INFO | [EVAL_INT8] progress: 450 batches, running top1=83.17%
2025-08-17 17:10:22,267 | INFO | [EVAL_INT8] progress: 500 batches, running top1=82.46%
2025-08-17 17:10:24,677 | INFO | [EVAL_INT8] progress: 550 batches, running top1=82.05%
2025-08-17 17:10:27,050 | INFO | [EVAL_INT8] progress: 600 batches, running top1=81.69%
2025-08-17 17:10:29,452 | INFO | [EVAL_INT8] progress: 650 batches, running top1=81.37%
2025-08-17 17:10:31,796 | INFO | [EVAL_INT8] progress: 700 batches, running top1=80.96%
2025-08-17 17:10:34,143 | INFO | [EVAL_INT8] progress: 750 batches, running top1=80.92%
2025-08-17 17:10:35,680 | INFO | [EVAL_INT8] done: 782 batches in 37.97s, top1=80.81%
2025-08-17 17:10:35,680 | INFO | [PTQ][resnet50][Academic] [ADV] Top-1 = 80.81%
2025-08-17 17:10:35,680 | INFO | ✔ END: evaluate INT8-sim (elapsed 37.97s)
2025-08-17 17:10:35,680 | INFO | ▶ START: evaluate FP32 baseline
2025-08-17 17:10:38,367 | INFO | [EVAL_FP32] progress: 50 batches, running top1=85.19%
2025-08-17 17:10:40,514 | INFO | [EVAL_FP32] progress: 100 batches, running top1=86.30%
2025-08-17 17:10:42,426 | INFO | [EVAL_FP32] progress: 150 batches, running top1=86.50%
2025-08-17 17:10:44,318 | INFO | [EVAL_FP32] progress: 200 batches, running top1=85.77%
2025-08-17 17:10:46,587 | INFO | [EVAL_FP32] progress: 250 batches, running top1=85.56%
2025-08-17 17:10:48,598 | INFO | [EVAL_FP32] progress: 300 batches, running top1=85.64%
2025-08-17 17:10:50,536 | INFO | [EVAL_FP32] progress: 350 batches, running top1=84.79%
2025-08-17 17:10:52,594 | INFO | [EVAL_FP32] progress: 400 batches, running top1=83.59%
2025-08-17 17:10:54,618 | INFO | [EVAL_FP32] progress: 450 batches, running top1=83.21%
2025-08-17 17:10:56,571 | INFO | [EVAL_FP32] progress: 500 batches, running top1=82.49%
2025-08-17 17:10:58,662 | INFO | [EVAL_FP32] progress: 550 batches, running top1=82.07%
2025-08-17 17:11:00,608 | INFO | [EVAL_FP32] progress: 600 batches, running top1=81.73%
2025-08-17 17:11:02,664 | INFO | [EVAL_FP32] progress: 650 batches, running top1=81.40%
2025-08-17 17:11:04,563 | INFO | [EVAL_FP32] progress: 700 batches, running top1=80.99%
2025-08-17 17:11:06,655 | INFO | [EVAL_FP32] progress: 750 batches, running top1=80.96%
2025-08-17 17:11:07,893 | INFO | [EVAL_FP32] done: 782 batches in 32.21s, top1=80.84%
2025-08-17 17:11:07,893 | INFO | [FP32] Top-1 = 80.84% (expected ~None)
2025-08-17 17:11:07,893 | INFO | ✔ END: evaluate FP32 baseline (elapsed 32.21s)
2025-08-17 17:11:07,893 | INFO | ▶ START: extract model logits
2025-08-17 17:11:07,895 | INFO | Extracting logits from both models...
2025-08-17 17:11:10,779 | INFO | Processed 5 batches
2025-08-17 17:11:11,504 | INFO | Processed 10 batches
2025-08-17 17:11:13,314 | INFO | Extracted logits: Q=torch.Size([640, 1000]), FP=torch.Size([640, 1000])
2025-08-17 18:15:38,301 | INFO | ✔ END: extract model logits (elapsed 3870.41s)
