2025-08-18 11:10:53,638 | INFO | Environment: {'torch': '2.8.0+cu128', 'torchvision': '0.23.0+cu128', 'cuda_available': True, 'device_name': 'NVIDIA L40S', 'capability': '8.9', 'cudnn_version': 91002}
2025-08-18 11:10:53,638 | INFO | ▶ START: load fp32 model (torchvision weights API)
2025-08-18 11:10:53,830 | INFO | Model: mobilenet_v2 | Weights: MobileNet_V2_Weights.IMAGENET1K_V2 | Params: 3.50M | Ref acc@1=None
2025-08-18 11:10:53,831 | INFO | ✔ END: load fp32 model (torchvision weights API) (elapsed 0.19s)
2025-08-18 11:10:53,831 | INFO | ▶ START: build & check loaders
2025-08-18 11:10:53,837 | INFO | Val structure looks OK (1000 synset folders).
2025-08-18 11:10:53,843 | INFO | Train structure looks OK (1000 synset folders).
2025-08-18 11:11:16,240 | INFO | ImageNet train: 1281167 images, 1000 classes
2025-08-18 11:11:21,681 | INFO | ImageNet val: 50000 images, 1000 classes
2025-08-18 11:11:21,682 | INFO | Val dataset size: 50000 | batch_size=64 | calib_batches=32
2025-08-18 11:11:24,143 | INFO | [SANITY] Batch[0] stats: mean=-0.2055, std=1.1229, min=-2.118, max=2.640
2025-08-18 11:11:24,143 | INFO | ✔ END: build & check loaders (elapsed 30.31s)
2025-08-18 11:11:24,150 | INFO | ▶ START: prepare_by_platform(Academic)
2025-08-18 11:11:24,152 | INFO | [Academic extra_config] {'extra_qconfig_dict': {'w_observer': 'MinMaxObserver', 'a_observer': 'EMAMinMaxObserver', 'w_fakequantize': 'AdaRoundFakeQuantize', 'a_fakequantize': 'FixedFakeQuantize', 'w_qscheme': {'bit': 2, 'symmetry': True, 'per_channel': True, 'pot_scale': False}, 'a_qscheme': {'bit': 4, 'symmetry': False, 'per_channel': False, 'pot_scale': False}}}
2025-08-18 11:11:24,738 | INFO | Modules (total): 213 -> 425
2025-08-18 11:11:24,738 | INFO | 'Quantish' modules detected after prepare: 212
2025-08-18 11:11:24,738 | INFO | ▶ START: calibration (enable_calibration + forward)
2025-08-18 11:11:30,942 | INFO | [CALIB] step=1/32 seen=64 (10.3 img/s)
2025-08-18 11:11:31,428 | INFO | [CALIB] step=10/32 seen=640 (95.7 img/s)
2025-08-18 11:11:34,481 | INFO | [CALIB] step=20/32 seen=1280 (131.4 img/s)
2025-08-18 11:11:35,944 | INFO | [CALIB] step=30/32 seen=1920 (171.4 img/s)
2025-08-18 11:11:41,124 | INFO | [CALIB] total images seen: 2048
2025-08-18 11:11:41,125 | INFO | ✔ END: calibration (enable_calibration + forward) (elapsed 16.39s)
2025-08-18 11:11:41,125 | INFO | ▶ START: advanced PTQ reconstruction
2025-08-18 11:11:43,084 | INFO | [ADV] cfg={'pattern': 'block', 'scale_lr': 4e-05, 'warm_up': 0.2, 'weight': 0.01, 'max_count': 20000, 'b_range': [20, 2], 'keep_gpu': True, 'round_mode': 'learned_hard_sigmoid', 'prob': 1.0}
2025-08-18 11:11:43,084 | INFO | [ADV] stacked tensors: 32 | total calib images: 2048
2025-08-18 11:11:50,800 | WARNING | /home/alz07xz/project/kmeans_results/MQBench/mqbench/advanced_ptq.py:220: UserWarning: Converting a tensor with requires_grad=True to a scalar may lead to unexpected behavior.
Consider using tensor.detach() first. (Triggered internally at /pytorch/torch/csrc/autograd/generated/python_variable_methods.cpp:835.)
  float(total_loss), float(rec_loss), float(round_loss), b, self.count))

2025-08-18 11:57:41,380 | INFO | ✔ END: advanced PTQ reconstruction (elapsed 2760.26s)
2025-08-18 11:57:41,383 | INFO | ▶ START: enable_quantization (simulate INT8)
2025-08-18 11:57:41,387 | INFO | ✔ END: enable_quantization (simulate INT8) (elapsed 0.00s)
2025-08-18 11:57:41,387 | INFO | ✔ END: prepare_by_platform(Academic) (elapsed 2777.24s)
2025-08-18 11:57:41,389 | INFO | ▶ START: evaluate INT8-sim
2025-08-18 11:57:44,380 | INFO | [EVAL_INT8] progress: 50 batches, running top1=4.28%
2025-08-18 11:57:51,219 | INFO | [EVAL_INT8] progress: 100 batches, running top1=2.48%
2025-08-18 11:57:57,196 | INFO | [EVAL_INT8] progress: 150 batches, running top1=1.67%
2025-08-18 11:58:04,939 | INFO | [EVAL_INT8] progress: 200 batches, running top1=1.25%
2025-08-18 11:58:12,467 | INFO | [EVAL_INT8] progress: 250 batches, running top1=1.04%
2025-08-18 11:58:21,114 | INFO | [EVAL_INT8] progress: 300 batches, running top1=0.88%
2025-08-18 11:58:28,885 | INFO | [EVAL_INT8] progress: 350 batches, running top1=0.75%
2025-08-18 11:58:35,030 | INFO | [EVAL_INT8] progress: 400 batches, running top1=0.67%
2025-08-18 11:58:42,040 | INFO | [EVAL_INT8] progress: 450 batches, running top1=0.60%
2025-08-18 11:58:47,452 | INFO | [EVAL_INT8] progress: 500 batches, running top1=0.54%
2025-08-18 11:58:54,597 | INFO | [EVAL_INT8] progress: 550 batches, running top1=0.49%
2025-08-18 11:59:01,263 | INFO | [EVAL_INT8] progress: 600 batches, running top1=0.45%
2025-08-18 11:59:08,263 | INFO | [EVAL_INT8] progress: 650 batches, running top1=0.42%
2025-08-18 11:59:16,236 | INFO | [EVAL_INT8] progress: 700 batches, running top1=0.40%
2025-08-18 11:59:25,955 | INFO | [EVAL_INT8] progress: 750 batches, running top1=0.38%
2025-08-18 11:59:30,196 | INFO | [EVAL_INT8] done: 782 batches in 108.80s, top1=0.36%
2025-08-18 11:59:30,196 | INFO | [PTQ][mobilenet_v2][Academic] [ADV] Top-1 = 0.36%
2025-08-18 11:59:30,196 | INFO | ✔ END: evaluate INT8-sim (elapsed 108.81s)
2025-08-18 11:59:30,196 | INFO | ▶ START: evaluate FP32 baseline
2025-08-18 11:59:32,703 | INFO | [EVAL_FP32] progress: 50 batches, running top1=78.28%
2025-08-18 11:59:34,774 | INFO | [EVAL_FP32] progress: 100 batches, running top1=79.39%
2025-08-18 11:59:36,728 | INFO | [EVAL_FP32] progress: 150 batches, running top1=78.90%
2025-08-18 11:59:38,680 | INFO | [EVAL_FP32] progress: 200 batches, running top1=78.18%
2025-08-18 11:59:40,867 | INFO | [EVAL_FP32] progress: 250 batches, running top1=78.02%
2025-08-18 11:59:42,819 | INFO | [EVAL_FP32] progress: 300 batches, running top1=78.35%
2025-08-18 11:59:44,875 | INFO | [EVAL_FP32] progress: 350 batches, running top1=77.30%
2025-08-18 11:59:46,766 | INFO | [EVAL_FP32] progress: 400 batches, running top1=75.82%
2025-08-18 11:59:48,788 | INFO | [EVAL_FP32] progress: 450 batches, running top1=75.21%
2025-08-18 11:59:50,767 | INFO | [EVAL_FP32] progress: 500 batches, running top1=74.27%
2025-08-18 11:59:52,701 | INFO | [EVAL_FP32] progress: 550 batches, running top1=73.65%
2025-08-18 11:59:54,695 | INFO | [EVAL_FP32] progress: 600 batches, running top1=73.09%
2025-08-18 11:59:56,686 | INFO | [EVAL_FP32] progress: 650 batches, running top1=72.71%
2025-08-18 11:59:58,699 | INFO | [EVAL_FP32] progress: 700 batches, running top1=72.16%
2025-08-18 12:00:00,547 | INFO | [EVAL_FP32] progress: 750 batches, running top1=72.19%
2025-08-18 12:00:01,766 | INFO | [EVAL_FP32] done: 782 batches in 31.57s, top1=72.15%
2025-08-18 12:00:01,767 | INFO | [FP32] Top-1 = 72.15% (expected ~None)
2025-08-18 12:00:01,767 | INFO | ✔ END: evaluate FP32 baseline (elapsed 31.57s)
2025-08-18 12:00:01,767 | INFO | ▶ START: extract model logits
2025-08-18 12:00:01,769 | INFO | Extracting logits from both models...
2025-08-18 12:00:04,662 | INFO | Processed 5 batches
2025-08-18 12:00:07,014 | INFO | Processed 10 batches
2025-08-18 12:00:09,519 | INFO | Extracted logits: Q=torch.Size([640, 1000]), FP=torch.Size([640, 1000])
2025-08-18 12:51:20,144 | INFO | ✔ END: extract model logits (elapsed 3078.38s)
