2025-08-18 11:11:05,093 | INFO | Environment: {'torch': '2.8.0+cu128', 'torchvision': '0.23.0+cu128', 'cuda_available': True, 'device_name': 'NVIDIA L40S', 'capability': '8.9', 'cudnn_version': 91002}
2025-08-18 11:11:05,093 | INFO | ▶ START: load fp32 model (torchvision weights API)
2025-08-18 11:11:05,284 | INFO | Model: mobilenet_v2 | Weights: MobileNet_V2_Weights.IMAGENET1K_V2 | Params: 3.50M | Ref acc@1=None
2025-08-18 11:11:05,284 | INFO | ✔ END: load fp32 model (torchvision weights API) (elapsed 0.19s)
2025-08-18 11:11:05,284 | INFO | ▶ START: build & check loaders
2025-08-18 11:11:05,291 | INFO | Val structure looks OK (1000 synset folders).
2025-08-18 11:11:05,297 | INFO | Train structure looks OK (1000 synset folders).
2025-08-18 11:11:16,227 | INFO | ImageNet train: 1281167 images, 1000 classes
2025-08-18 11:11:21,681 | INFO | ImageNet val: 50000 images, 1000 classes
2025-08-18 11:11:21,681 | INFO | Val dataset size: 50000 | batch_size=64 | calib_batches=32
2025-08-18 11:11:24,144 | INFO | [SANITY] Batch[0] stats: mean=-0.2055, std=1.1229, min=-2.118, max=2.640
2025-08-18 11:11:24,144 | INFO | ✔ END: build & check loaders (elapsed 18.86s)
2025-08-18 11:11:24,150 | INFO | ▶ START: prepare_by_platform(Academic)
2025-08-18 11:11:24,151 | INFO | [Academic extra_config] {'extra_qconfig_dict': {'w_observer': 'MinMaxObserver', 'a_observer': 'EMAMinMaxObserver', 'w_fakequantize': 'AdaRoundFakeQuantize', 'a_fakequantize': 'FixedFakeQuantize', 'w_qscheme': {'bit': 4, 'symmetry': True, 'per_channel': True, 'pot_scale': False}, 'a_qscheme': {'bit': 4, 'symmetry': False, 'per_channel': False, 'pot_scale': False}}}
2025-08-18 11:11:24,739 | INFO | Modules (total): 213 -> 425
2025-08-18 11:11:24,739 | INFO | 'Quantish' modules detected after prepare: 212
2025-08-18 11:11:24,739 | INFO | ▶ START: calibration (enable_calibration + forward)
2025-08-18 11:11:30,942 | INFO | [CALIB] step=1/32 seen=64 (10.3 img/s)
2025-08-18 11:11:31,431 | INFO | [CALIB] step=10/32 seen=640 (95.7 img/s)
2025-08-18 11:11:34,480 | INFO | [CALIB] step=20/32 seen=1280 (131.4 img/s)
2025-08-18 11:11:35,984 | INFO | [CALIB] step=30/32 seen=1920 (170.8 img/s)
2025-08-18 11:11:41,088 | INFO | [CALIB] total images seen: 2048
2025-08-18 11:11:41,089 | INFO | ✔ END: calibration (enable_calibration + forward) (elapsed 16.35s)
2025-08-18 11:11:41,089 | INFO | ▶ START: advanced PTQ reconstruction
2025-08-18 11:11:44,721 | INFO | [ADV] cfg={'pattern': 'block', 'scale_lr': 4e-05, 'warm_up': 0.2, 'weight': 0.01, 'max_count': 20000, 'b_range': [20, 2], 'keep_gpu': True, 'round_mode': 'learned_hard_sigmoid', 'prob': 1.0}
2025-08-18 11:11:44,721 | INFO | [ADV] stacked tensors: 32 | total calib images: 2048
2025-08-18 11:11:51,803 | WARNING | /home/alz07xz/project/kmeans_results/MQBench/mqbench/advanced_ptq.py:220: UserWarning: Converting a tensor with requires_grad=True to a scalar may lead to unexpected behavior.
Consider using tensor.detach() first. (Triggered internally at /pytorch/torch/csrc/autograd/generated/python_variable_methods.cpp:835.)
  float(total_loss), float(rec_loss), float(round_loss), b, self.count))

2025-08-18 11:57:51,941 | INFO | ✔ END: advanced PTQ reconstruction (elapsed 2770.85s)
2025-08-18 11:57:51,945 | INFO | ▶ START: enable_quantization (simulate INT8)
2025-08-18 11:57:51,949 | INFO | ✔ END: enable_quantization (simulate INT8) (elapsed 0.00s)
2025-08-18 11:57:51,949 | INFO | ✔ END: prepare_by_platform(Academic) (elapsed 2787.80s)
2025-08-18 11:57:51,951 | INFO | ▶ START: evaluate INT8-sim
2025-08-18 11:57:54,642 | INFO | [EVAL_INT8] progress: 50 batches, running top1=53.31%
2025-08-18 11:57:56,662 | INFO | [EVAL_INT8] progress: 100 batches, running top1=43.48%
2025-08-18 11:57:58,626 | INFO | [EVAL_INT8] progress: 150 batches, running top1=36.57%
2025-08-18 11:58:04,908 | INFO | [EVAL_INT8] progress: 200 batches, running top1=29.27%
2025-08-18 11:58:12,472 | INFO | [EVAL_INT8] progress: 250 batches, running top1=26.91%
2025-08-18 11:58:21,089 | INFO | [EVAL_INT8] progress: 300 batches, running top1=26.29%
2025-08-18 11:58:28,908 | INFO | [EVAL_INT8] progress: 350 batches, running top1=25.76%
2025-08-18 11:58:35,032 | INFO | [EVAL_INT8] progress: 400 batches, running top1=25.13%
2025-08-18 11:58:42,029 | INFO | [EVAL_INT8] progress: 450 batches, running top1=24.83%
2025-08-18 11:58:47,452 | INFO | [EVAL_INT8] progress: 500 batches, running top1=24.42%
2025-08-18 11:58:54,592 | INFO | [EVAL_INT8] progress: 550 batches, running top1=24.26%
2025-08-18 11:59:01,303 | INFO | [EVAL_INT8] progress: 600 batches, running top1=24.05%
2025-08-18 11:59:08,267 | INFO | [EVAL_INT8] progress: 650 batches, running top1=24.12%
2025-08-18 11:59:16,274 | INFO | [EVAL_INT8] progress: 700 batches, running top1=23.78%
2025-08-18 11:59:25,985 | INFO | [EVAL_INT8] progress: 750 batches, running top1=23.93%
2025-08-18 11:59:30,214 | INFO | [EVAL_INT8] done: 782 batches in 98.26s, top1=24.22%
2025-08-18 11:59:30,214 | INFO | [PTQ][mobilenet_v2][Academic] [ADV] Top-1 = 24.22%
2025-08-18 11:59:30,214 | INFO | ✔ END: evaluate INT8-sim (elapsed 98.26s)
2025-08-18 11:59:30,214 | INFO | ▶ START: evaluate FP32 baseline
2025-08-18 11:59:32,833 | INFO | [EVAL_FP32] progress: 50 batches, running top1=78.28%
2025-08-18 11:59:34,775 | INFO | [EVAL_FP32] progress: 100 batches, running top1=79.39%
2025-08-18 11:59:36,950 | INFO | [EVAL_FP32] progress: 150 batches, running top1=78.90%
2025-08-18 11:59:38,731 | INFO | [EVAL_FP32] progress: 200 batches, running top1=78.18%
2025-08-18 11:59:40,935 | INFO | [EVAL_FP32] progress: 250 batches, running top1=78.02%
2025-08-18 11:59:42,807 | INFO | [EVAL_FP32] progress: 300 batches, running top1=78.35%
2025-08-18 11:59:45,020 | INFO | [EVAL_FP32] progress: 350 batches, running top1=77.30%
2025-08-18 11:59:46,875 | INFO | [EVAL_FP32] progress: 400 batches, running top1=75.82%
2025-08-18 11:59:48,934 | INFO | [EVAL_FP32] progress: 450 batches, running top1=75.21%
2025-08-18 11:59:50,750 | INFO | [EVAL_FP32] progress: 500 batches, running top1=74.27%
2025-08-18 11:59:52,732 | INFO | [EVAL_FP32] progress: 550 batches, running top1=73.65%
2025-08-18 11:59:54,724 | INFO | [EVAL_FP32] progress: 600 batches, running top1=73.09%
2025-08-18 11:59:56,673 | INFO | [EVAL_FP32] progress: 650 batches, running top1=72.71%
2025-08-18 11:59:58,502 | INFO | [EVAL_FP32] progress: 700 batches, running top1=72.16%
2025-08-18 12:00:00,591 | INFO | [EVAL_FP32] progress: 750 batches, running top1=72.19%
2025-08-18 12:00:01,727 | INFO | [EVAL_FP32] done: 782 batches in 31.51s, top1=72.15%
2025-08-18 12:00:01,727 | INFO | [FP32] Top-1 = 72.15% (expected ~None)
2025-08-18 12:00:01,727 | INFO | ✔ END: evaluate FP32 baseline (elapsed 31.51s)
2025-08-18 12:00:01,727 | INFO | ▶ START: extract model logits
2025-08-18 12:00:01,729 | INFO | Extracting logits from both models...
2025-08-18 12:00:04,685 | INFO | Processed 5 batches
2025-08-18 12:00:07,032 | INFO | Processed 10 batches
2025-08-18 12:00:09,523 | INFO | Extracted logits: Q=torch.Size([640, 1000]), FP=torch.Size([640, 1000])
2025-08-18 12:50:33,340 | INFO | ✔ END: extract model logits (elapsed 3031.61s)
