2025-08-18 14:56:03,607 | INFO | Environment: {'torch': '2.8.0+cu128', 'torchvision': '0.23.0+cu128', 'cuda_available': True, 'device_name': 'NVIDIA L40S', 'capability': '8.9', 'cudnn_version': 91002}
2025-08-18 14:56:03,607 | INFO | ▶ START: load fp32 model (torchvision weights API)
2025-08-18 14:56:05,751 | INFO | Model: resnet50 | Weights: ResNet50_Weights.IMAGENET1K_V2 | Params: 25.56M | Ref acc@1=None
2025-08-18 14:56:05,751 | INFO | ✔ END: load fp32 model (torchvision weights API) (elapsed 2.14s)
2025-08-18 14:56:05,751 | INFO | ▶ START: build & check loaders
2025-08-18 14:56:05,769 | INFO | Val structure looks OK (1000 synset folders).
2025-08-18 14:56:05,789 | INFO | Train structure looks OK (1000 synset folders).
2025-08-18 14:56:33,017 | INFO | ImageNet train: 1281167 images, 1000 classes
2025-08-18 14:56:33,980 | INFO | ImageNet val: 50000 images, 1000 classes
2025-08-18 14:56:33,980 | INFO | Val dataset size: 50000 | batch_size=64 | calib_batches=32
2025-08-18 14:56:38,825 | INFO | [SANITY] Batch[0] stats: mean=-0.2055, std=1.1229, min=-2.118, max=2.640
2025-08-18 14:56:38,826 | INFO | ✔ END: build & check loaders (elapsed 33.07s)
2025-08-18 14:56:38,831 | INFO | ▶ START: prepare_by_platform(Academic)
2025-08-18 14:56:38,832 | INFO | [Academic extra_config] {'extra_qconfig_dict': {'w_observer': 'MinMaxObserver', 'a_observer': 'EMAMinMaxObserver', 'w_fakequantize': 'AdaRoundFakeQuantize', 'a_fakequantize': 'FixedFakeQuantize', 'w_qscheme': {'bit': 4, 'symmetry': True, 'per_channel': True, 'pot_scale': False}, 'a_qscheme': {'bit': 4, 'symmetry': False, 'per_channel': False, 'pot_scale': False}}}
2025-08-18 14:56:39,243 | INFO | Modules (total): 151 -> 391
2025-08-18 14:56:39,243 | INFO | 'Quantish' modules detected after prepare: 208
2025-08-18 14:56:39,244 | INFO | ▶ START: calibration (enable_calibration + forward)
2025-08-18 14:56:40,491 | INFO | [CALIB] step=1/32 seen=64 (51.4 img/s)
2025-08-18 14:56:41,059 | INFO | [CALIB] step=10/32 seen=640 (353.0 img/s)
2025-08-18 14:56:41,666 | INFO | [CALIB] step=20/32 seen=1280 (528.9 img/s)
2025-08-18 14:56:45,210 | INFO | [CALIB] step=30/32 seen=1920 (321.9 img/s)
2025-08-18 14:56:45,989 | INFO | [CALIB] total images seen: 2048
2025-08-18 14:56:45,989 | INFO | ✔ END: calibration (enable_calibration + forward) (elapsed 6.75s)
2025-08-18 14:56:45,989 | INFO | ▶ START: advanced PTQ reconstruction
2025-08-18 14:56:48,303 | INFO | [ADV] cfg={'pattern': 'block', 'scale_lr': 4e-05, 'warm_up': 0.2, 'weight': 0.01, 'max_count': 20000, 'b_range': [20, 2], 'keep_gpu': True, 'round_mode': 'learned_hard_sigmoid', 'prob': 1.0}
2025-08-18 14:56:48,303 | INFO | [ADV] stacked tensors: 32 | total calib images: 2048
2025-08-18 14:56:53,995 | WARNING | /home/alz07xz/project/kmeans_results/MQBench/mqbench/advanced_ptq.py:220: UserWarning: Converting a tensor with requires_grad=True to a scalar may lead to unexpected behavior.
Consider using tensor.detach() first. (Triggered internally at /pytorch/torch/csrc/autograd/generated/python_variable_methods.cpp:835.)
  float(total_loss), float(rec_loss), float(round_loss), b, self.count))

2025-08-18 15:56:06,578 | INFO | ✔ END: advanced PTQ reconstruction (elapsed 3560.59s)
2025-08-18 15:56:06,581 | INFO | ▶ START: enable_quantization (simulate INT8)
2025-08-18 15:56:06,585 | INFO | ✔ END: enable_quantization (simulate INT8) (elapsed 0.00s)
2025-08-18 15:56:06,585 | INFO | ✔ END: prepare_by_platform(Academic) (elapsed 3567.75s)
2025-08-18 15:56:06,586 | INFO | ▶ START: evaluate INT8-sim
2025-08-18 15:56:09,656 | INFO | [EVAL_INT8] progress: 50 batches, running top1=24.56%
2025-08-18 15:56:12,001 | INFO | [EVAL_INT8] progress: 100 batches, running top1=12.28%
2025-08-18 15:56:14,328 | INFO | [EVAL_INT8] progress: 150 batches, running top1=8.19%
2025-08-18 15:56:16,626 | INFO | [EVAL_INT8] progress: 200 batches, running top1=6.14%
2025-08-18 15:56:19,011 | INFO | [EVAL_INT8] progress: 250 batches, running top1=4.91%
2025-08-18 15:56:21,338 | INFO | [EVAL_INT8] progress: 300 batches, running top1=4.09%
2025-08-18 15:56:23,680 | INFO | [EVAL_INT8] progress: 350 batches, running top1=3.51%
2025-08-18 15:56:26,021 | INFO | [EVAL_INT8] progress: 400 batches, running top1=3.07%
2025-08-18 15:56:28,330 | INFO | [EVAL_INT8] progress: 450 batches, running top1=2.73%
2025-08-18 15:56:30,644 | INFO | [EVAL_INT8] progress: 500 batches, running top1=2.46%
2025-08-18 15:56:32,977 | INFO | [EVAL_INT8] progress: 550 batches, running top1=2.23%
2025-08-18 15:56:35,306 | INFO | [EVAL_INT8] progress: 600 batches, running top1=2.05%
2025-08-18 15:56:37,640 | INFO | [EVAL_INT8] progress: 650 batches, running top1=1.89%
2025-08-18 15:56:39,983 | INFO | [EVAL_INT8] progress: 700 batches, running top1=1.75%
2025-08-18 15:56:42,307 | INFO | [EVAL_INT8] progress: 750 batches, running top1=1.64%
2025-08-18 15:56:43,807 | INFO | [EVAL_INT8] done: 782 batches in 37.22s, top1=1.57%
2025-08-18 15:56:43,807 | INFO | [PTQ][resnet50][Academic] [ADV] Top-1 = 1.57%
2025-08-18 15:56:43,807 | INFO | ✔ END: evaluate INT8-sim (elapsed 37.22s)
2025-08-18 15:56:43,807 | INFO | ▶ START: evaluate FP32 baseline
2025-08-18 15:56:46,357 | INFO | [EVAL_FP32] progress: 50 batches, running top1=85.19%
2025-08-18 15:56:48,511 | INFO | [EVAL_FP32] progress: 100 batches, running top1=86.30%
2025-08-18 15:56:50,332 | INFO | [EVAL_FP32] progress: 150 batches, running top1=86.50%
2025-08-18 15:56:52,374 | INFO | [EVAL_FP32] progress: 200 batches, running top1=85.77%
2025-08-18 15:56:54,403 | INFO | [EVAL_FP32] progress: 250 batches, running top1=85.56%
2025-08-18 15:56:56,444 | INFO | [EVAL_FP32] progress: 300 batches, running top1=85.64%
2025-08-18 15:56:58,480 | INFO | [EVAL_FP32] progress: 350 batches, running top1=84.79%
2025-08-18 15:57:00,429 | INFO | [EVAL_FP32] progress: 400 batches, running top1=83.59%
2025-08-18 15:57:02,402 | INFO | [EVAL_FP32] progress: 450 batches, running top1=83.21%
2025-08-18 15:57:04,418 | INFO | [EVAL_FP32] progress: 500 batches, running top1=82.49%
2025-08-18 15:57:06,390 | INFO | [EVAL_FP32] progress: 550 batches, running top1=82.07%
2025-08-18 15:57:08,246 | INFO | [EVAL_FP32] progress: 600 batches, running top1=81.73%
2025-08-18 15:57:10,270 | INFO | [EVAL_FP32] progress: 650 batches, running top1=81.40%
2025-08-18 15:57:12,189 | INFO | [EVAL_FP32] progress: 700 batches, running top1=80.99%
2025-08-18 15:57:14,224 | INFO | [EVAL_FP32] progress: 750 batches, running top1=80.96%
2025-08-18 15:57:15,357 | INFO | [EVAL_FP32] done: 782 batches in 31.55s, top1=80.84%
2025-08-18 15:57:15,357 | INFO | [FP32] Top-1 = 80.84% (expected ~None)
2025-08-18 15:57:15,357 | INFO | ✔ END: evaluate FP32 baseline (elapsed 31.55s)
2025-08-18 15:57:15,357 | INFO | ▶ START: extract model logits
2025-08-18 15:57:15,359 | INFO | Extracting logits from both models...
2025-08-18 15:57:16,450 | INFO | Processed 5 batches
2025-08-18 15:57:16,822 | INFO | Processed 10 batches
2025-08-18 15:57:18,088 | INFO | Extracted logits: Q=torch.Size([640, 1000]), FP=torch.Size([640, 1000])
2025-08-18 17:04:16,180 | INFO | ✔ END: extract model logits (elapsed 4020.82s)
