2025-08-18 11:13:59,831 | INFO | Environment: {'torch': '2.8.0+cu128', 'torchvision': '0.23.0+cu128', 'cuda_available': True, 'device_name': 'NVIDIA L40S', 'capability': '8.9', 'cudnn_version': 91002}
2025-08-18 11:13:59,831 | INFO | ▶ START: load fp32 model (torchvision weights API)
2025-08-18 11:14:00,404 | INFO | Model: mobilenet_v2 | Weights: MobileNet_V2_Weights.IMAGENET1K_V2 | Params: 3.50M | Ref acc@1=None
2025-08-18 11:14:00,405 | INFO | ✔ END: load fp32 model (torchvision weights API) (elapsed 0.57s)
2025-08-18 11:14:00,405 | INFO | ▶ START: build & check loaders
2025-08-18 11:14:00,415 | INFO | Val structure looks OK (1000 synset folders).
2025-08-18 11:14:00,423 | INFO | Train structure looks OK (1000 synset folders).
2025-08-18 11:14:25,044 | INFO | ImageNet train: 1281167 images, 1000 classes
2025-08-18 11:14:26,924 | INFO | ImageNet val: 50000 images, 1000 classes
2025-08-18 11:14:26,925 | INFO | Val dataset size: 50000 | batch_size=64 | calib_batches=32
2025-08-18 11:14:33,771 | INFO | [SANITY] Batch[0] stats: mean=-0.2055, std=1.1229, min=-2.118, max=2.640
2025-08-18 11:14:33,771 | INFO | ✔ END: build & check loaders (elapsed 33.37s)
2025-08-18 11:14:33,778 | INFO | ▶ START: prepare_by_platform(Academic)
2025-08-18 11:14:33,780 | INFO | [Academic extra_config] {'extra_qconfig_dict': {'w_observer': 'MinMaxObserver', 'a_observer': 'EMAMinMaxObserver', 'w_fakequantize': 'AdaRoundFakeQuantize', 'a_fakequantize': 'FixedFakeQuantize', 'w_qscheme': {'bit': 4, 'symmetry': True, 'per_channel': True, 'pot_scale': False}, 'a_qscheme': {'bit': 4, 'symmetry': False, 'per_channel': False, 'pot_scale': False}}}
2025-08-18 11:14:34,400 | INFO | Modules (total): 213 -> 425
2025-08-18 11:14:34,400 | INFO | 'Quantish' modules detected after prepare: 212
2025-08-18 11:14:34,400 | INFO | ▶ START: calibration (enable_calibration + forward)
2025-08-18 11:14:43,587 | INFO | [CALIB] step=1/32 seen=64 (7.0 img/s)
2025-08-18 11:14:44,097 | INFO | [CALIB] step=10/32 seen=640 (66.0 img/s)
2025-08-18 11:14:47,109 | INFO | [CALIB] step=20/32 seen=1280 (100.7 img/s)
2025-08-18 11:14:49,013 | INFO | [CALIB] step=30/32 seen=1920 (131.4 img/s)
2025-08-18 11:14:52,692 | INFO | [CALIB] total images seen: 2048
2025-08-18 11:14:52,692 | INFO | ✔ END: calibration (enable_calibration + forward) (elapsed 18.29s)
2025-08-18 11:14:52,692 | INFO | ▶ START: advanced PTQ reconstruction
2025-08-18 11:14:55,253 | INFO | [ADV] cfg={'pattern': 'block', 'scale_lr': 4e-05, 'warm_up': 0.2, 'weight': 0.01, 'max_count': 20000, 'b_range': [20, 2], 'keep_gpu': True, 'round_mode': 'learned_hard_sigmoid', 'prob': 1.0}
2025-08-18 11:14:55,253 | INFO | [ADV] stacked tensors: 32 | total calib images: 2048
2025-08-18 11:15:05,613 | WARNING | /home/alz07xz/project/kmeans_results/MQBench/mqbench/advanced_ptq.py:220: UserWarning: Converting a tensor with requires_grad=True to a scalar may lead to unexpected behavior.
Consider using tensor.detach() first. (Triggered internally at /pytorch/torch/csrc/autograd/generated/python_variable_methods.cpp:835.)
  float(total_loss), float(rec_loss), float(round_loss), b, self.count))

2025-08-18 12:01:16,851 | INFO | ✔ END: advanced PTQ reconstruction (elapsed 2784.16s)
2025-08-18 12:01:16,865 | INFO | ▶ START: enable_quantization (simulate INT8)
2025-08-18 12:01:16,870 | INFO | ✔ END: enable_quantization (simulate INT8) (elapsed 0.00s)
2025-08-18 12:01:16,870 | INFO | ✔ END: prepare_by_platform(Academic) (elapsed 2803.09s)
2025-08-18 12:01:16,871 | INFO | ▶ START: evaluate INT8-sim
2025-08-18 12:01:21,437 | INFO | [EVAL_INT8] progress: 50 batches, running top1=53.31%
2025-08-18 12:01:27,744 | INFO | [EVAL_INT8] progress: 100 batches, running top1=43.48%
2025-08-18 12:01:32,354 | INFO | [EVAL_INT8] progress: 150 batches, running top1=36.57%
2025-08-18 12:01:39,716 | INFO | [EVAL_INT8] progress: 200 batches, running top1=29.27%
2025-08-18 12:01:47,908 | INFO | [EVAL_INT8] progress: 250 batches, running top1=26.91%
2025-08-18 12:01:58,931 | INFO | [EVAL_INT8] progress: 300 batches, running top1=26.29%
2025-08-18 12:02:08,602 | INFO | [EVAL_INT8] progress: 350 batches, running top1=25.76%
2025-08-18 12:02:16,447 | INFO | [EVAL_INT8] progress: 400 batches, running top1=25.13%
2025-08-18 12:02:20,730 | INFO | [EVAL_INT8] progress: 450 batches, running top1=24.83%
2025-08-18 12:02:24,586 | INFO | [EVAL_INT8] progress: 500 batches, running top1=24.42%
2025-08-18 12:02:29,622 | INFO | [EVAL_INT8] progress: 550 batches, running top1=24.26%
2025-08-18 12:02:34,089 | INFO | [EVAL_INT8] progress: 600 batches, running top1=24.05%
2025-08-18 12:02:38,221 | INFO | [EVAL_INT8] progress: 650 batches, running top1=24.12%
2025-08-18 12:02:44,482 | INFO | [EVAL_INT8] progress: 700 batches, running top1=23.78%
2025-08-18 12:02:50,886 | INFO | [EVAL_INT8] progress: 750 batches, running top1=23.93%
2025-08-18 12:02:55,449 | INFO | [EVAL_INT8] done: 782 batches in 98.58s, top1=24.22%
2025-08-18 12:02:55,449 | INFO | [PTQ][mobilenet_v2][Academic] [ADV] Top-1 = 24.22%
2025-08-18 12:02:55,449 | INFO | ✔ END: evaluate INT8-sim (elapsed 98.58s)
2025-08-18 12:02:55,449 | INFO | ▶ START: evaluate FP32 baseline
2025-08-18 12:02:58,043 | INFO | [EVAL_FP32] progress: 50 batches, running top1=78.28%
2025-08-18 12:02:59,994 | INFO | [EVAL_FP32] progress: 100 batches, running top1=79.39%
2025-08-18 12:03:02,035 | INFO | [EVAL_FP32] progress: 150 batches, running top1=78.90%
2025-08-18 12:03:03,969 | INFO | [EVAL_FP32] progress: 200 batches, running top1=78.18%
2025-08-18 12:03:06,125 | INFO | [EVAL_FP32] progress: 250 batches, running top1=78.02%
2025-08-18 12:03:08,239 | INFO | [EVAL_FP32] progress: 300 batches, running top1=78.35%
2025-08-18 12:03:10,156 | INFO | [EVAL_FP32] progress: 350 batches, running top1=77.30%
2025-08-18 12:03:12,074 | INFO | [EVAL_FP32] progress: 400 batches, running top1=75.82%
2025-08-18 12:03:14,228 | INFO | [EVAL_FP32] progress: 450 batches, running top1=75.21%
2025-08-18 12:03:16,247 | INFO | [EVAL_FP32] progress: 500 batches, running top1=74.27%
2025-08-18 12:03:18,288 | INFO | [EVAL_FP32] progress: 550 batches, running top1=73.65%
2025-08-18 12:03:20,126 | INFO | [EVAL_FP32] progress: 600 batches, running top1=73.09%
2025-08-18 12:03:22,182 | INFO | [EVAL_FP32] progress: 650 batches, running top1=72.71%
2025-08-18 12:03:24,119 | INFO | [EVAL_FP32] progress: 700 batches, running top1=72.16%
2025-08-18 12:03:26,056 | INFO | [EVAL_FP32] progress: 750 batches, running top1=72.19%
2025-08-18 12:03:27,232 | INFO | [EVAL_FP32] done: 782 batches in 31.78s, top1=72.15%
2025-08-18 12:03:27,233 | INFO | [FP32] Top-1 = 72.15% (expected ~None)
2025-08-18 12:03:27,233 | INFO | ✔ END: evaluate FP32 baseline (elapsed 31.78s)
2025-08-18 12:03:27,233 | INFO | ▶ START: extract model logits
2025-08-18 12:03:27,235 | INFO | Extracting logits from both models...
2025-08-18 12:03:29,482 | INFO | Processed 5 batches
2025-08-18 12:03:30,311 | INFO | Processed 10 batches
2025-08-18 12:03:32,252 | INFO | Extracted logits: Q=torch.Size([640, 1000]), FP=torch.Size([640, 1000])
2025-08-18 12:54:36,988 | INFO | ✔ END: extract model logits (elapsed 3069.76s)
