2025-08-18 11:42:41,043 | INFO | Environment: {'torch': '2.8.0+cu128', 'torchvision': '0.23.0+cu128', 'cuda_available': True, 'device_name': 'NVIDIA L40S', 'capability': '8.9', 'cudnn_version': 91002}
2025-08-18 11:42:41,043 | INFO | ▶ START: load fp32 model (torchvision weights API)
2025-08-18 11:42:41,203 | INFO | Model: mnasnet0_5 | Weights: MNASNet0_5_Weights.IMAGENET1K_V1 | Params: 2.22M | Ref acc@1=None
2025-08-18 11:42:41,203 | INFO | ✔ END: load fp32 model (torchvision weights API) (elapsed 0.16s)
2025-08-18 11:42:41,203 | INFO | ▶ START: build & check loaders
2025-08-18 11:42:41,209 | INFO | Val structure looks OK (1000 synset folders).
2025-08-18 11:42:41,215 | INFO | Train structure looks OK (1000 synset folders).
2025-08-18 11:43:11,096 | INFO | ImageNet train: 1281167 images, 1000 classes
2025-08-18 11:43:12,401 | INFO | ImageNet val: 50000 images, 1000 classes
2025-08-18 11:43:12,401 | INFO | Val dataset size: 50000 | batch_size=64 | calib_batches=32
2025-08-18 11:43:16,317 | INFO | [SANITY] Batch[0] stats: mean=-0.1807, std=1.1175, min=-2.118, max=2.640
2025-08-18 11:43:16,318 | INFO | ✔ END: build & check loaders (elapsed 35.11s)
2025-08-18 11:43:16,324 | INFO | ▶ START: prepare_by_platform(Academic)
2025-08-18 11:43:16,325 | INFO | [Academic extra_config] {'extra_qconfig_dict': {'w_observer': 'MinMaxObserver', 'a_observer': 'EMAMinMaxObserver', 'w_fakequantize': 'AdaRoundFakeQuantize', 'a_fakequantize': 'FixedFakeQuantize', 'w_qscheme': {'bit': 2, 'symmetry': True, 'per_channel': True, 'pot_scale': False}, 'a_qscheme': {'bit': 4, 'symmetry': False, 'per_channel': False, 'pot_scale': False}}}
2025-08-18 11:43:16,483 | INFO | Modules (total): 182 -> 394
2025-08-18 11:43:16,483 | INFO | 'Quantish' modules detected after prepare: 212
2025-08-18 11:43:16,483 | INFO | ▶ START: calibration (enable_calibration + forward)
2025-08-18 11:43:17,771 | INFO | [CALIB] step=1/32 seen=64 (49.8 img/s)
2025-08-18 11:43:18,118 | INFO | [CALIB] step=10/32 seen=640 (392.2 img/s)
2025-08-18 11:43:18,582 | INFO | [CALIB] step=20/32 seen=1280 (610.5 img/s)
2025-08-18 11:43:18,977 | INFO | [CALIB] step=30/32 seen=1920 (770.8 img/s)
2025-08-18 11:43:19,442 | INFO | [CALIB] total images seen: 2048
2025-08-18 11:43:19,442 | INFO | ✔ END: calibration (enable_calibration + forward) (elapsed 2.96s)
2025-08-18 11:43:19,442 | INFO | ▶ START: advanced PTQ reconstruction
2025-08-18 11:43:22,801 | INFO | [ADV] cfg={'pattern': 'block', 'scale_lr': 4e-05, 'warm_up': 0.2, 'weight': 0.01, 'max_count': 20000, 'b_range': [20, 2], 'keep_gpu': True, 'round_mode': 'learned_hard_sigmoid', 'prob': 1.0}
2025-08-18 11:43:22,801 | INFO | [ADV] stacked tensors: 32 | total calib images: 2048
2025-08-18 11:43:26,712 | WARNING | /home/alz07xz/project/kmeans_results/MQBench/mqbench/advanced_ptq.py:220: UserWarning: Converting a tensor with requires_grad=True to a scalar may lead to unexpected behavior.
Consider using tensor.detach() first. (Triggered internally at /pytorch/torch/csrc/autograd/generated/python_variable_methods.cpp:835.)
  float(total_loss), float(rec_loss), float(round_loss), b, self.count))

2025-08-18 12:22:08,528 | INFO | ✔ END: advanced PTQ reconstruction (elapsed 2329.09s)
2025-08-18 12:22:08,529 | INFO | ▶ START: enable_quantization (simulate INT8)
2025-08-18 12:22:08,534 | INFO | ✔ END: enable_quantization (simulate INT8) (elapsed 0.00s)
2025-08-18 12:22:08,534 | INFO | ✔ END: prepare_by_platform(Academic) (elapsed 2332.21s)
2025-08-18 12:22:08,536 | INFO | ▶ START: evaluate INT8-sim
2025-08-18 12:22:11,206 | INFO | [EVAL_INT8] progress: 50 batches, running top1=5.22%
2025-08-18 12:22:13,274 | INFO | [EVAL_INT8] progress: 100 batches, running top1=3.14%
2025-08-18 12:22:15,361 | INFO | [EVAL_INT8] progress: 150 batches, running top1=2.09%
2025-08-18 12:22:17,333 | INFO | [EVAL_INT8] progress: 200 batches, running top1=1.57%
2025-08-18 12:22:19,392 | INFO | [EVAL_INT8] progress: 250 batches, running top1=1.26%
2025-08-18 12:22:21,652 | INFO | [EVAL_INT8] progress: 300 batches, running top1=1.05%
2025-08-18 12:22:23,601 | INFO | [EVAL_INT8] progress: 350 batches, running top1=0.90%
2025-08-18 12:22:25,572 | INFO | [EVAL_INT8] progress: 400 batches, running top1=0.79%
2025-08-18 12:22:27,491 | INFO | [EVAL_INT8] progress: 450 batches, running top1=0.70%
2025-08-18 12:22:29,559 | INFO | [EVAL_INT8] progress: 500 batches, running top1=0.63%
2025-08-18 12:22:31,459 | INFO | [EVAL_INT8] progress: 550 batches, running top1=0.57%
2025-08-18 12:22:33,501 | INFO | [EVAL_INT8] progress: 600 batches, running top1=0.52%
2025-08-18 12:22:35,621 | INFO | [EVAL_INT8] progress: 650 batches, running top1=0.49%
2025-08-18 12:22:37,562 | INFO | [EVAL_INT8] progress: 700 batches, running top1=0.45%
2025-08-18 12:22:39,656 | INFO | [EVAL_INT8] progress: 750 batches, running top1=0.42%
2025-08-18 12:22:40,969 | INFO | [EVAL_INT8] done: 782 batches in 32.43s, top1=0.40%
2025-08-18 12:22:40,969 | INFO | [PTQ][mnasnet0_5][Academic] [ADV] Top-1 = 0.40%
2025-08-18 12:22:40,969 | INFO | ✔ END: evaluate INT8-sim (elapsed 32.43s)
2025-08-18 12:22:40,969 | INFO | ▶ START: evaluate FP32 baseline
2025-08-18 12:22:43,442 | INFO | [EVAL_FP32] progress: 50 batches, running top1=73.44%
2025-08-18 12:22:45,557 | INFO | [EVAL_FP32] progress: 100 batches, running top1=74.81%
2025-08-18 12:22:47,536 | INFO | [EVAL_FP32] progress: 150 batches, running top1=75.14%
2025-08-18 12:22:49,400 | INFO | [EVAL_FP32] progress: 200 batches, running top1=74.41%
2025-08-18 12:22:51,352 | INFO | [EVAL_FP32] progress: 250 batches, running top1=74.26%
2025-08-18 12:22:53,482 | INFO | [EVAL_FP32] progress: 300 batches, running top1=74.69%
2025-08-18 12:22:55,359 | INFO | [EVAL_FP32] progress: 350 batches, running top1=73.39%
2025-08-18 12:22:57,273 | INFO | [EVAL_FP32] progress: 400 batches, running top1=71.63%
2025-08-18 12:22:59,164 | INFO | [EVAL_FP32] progress: 450 batches, running top1=70.98%
2025-08-18 12:23:01,335 | INFO | [EVAL_FP32] progress: 500 batches, running top1=69.94%
2025-08-18 12:23:03,142 | INFO | [EVAL_FP32] progress: 550 batches, running top1=69.28%
2025-08-18 12:23:04,904 | INFO | [EVAL_FP32] progress: 600 batches, running top1=68.73%
2025-08-18 12:23:06,976 | INFO | [EVAL_FP32] progress: 650 batches, running top1=68.26%
2025-08-18 12:23:08,949 | INFO | [EVAL_FP32] progress: 700 batches, running top1=67.67%
2025-08-18 12:23:10,755 | INFO | [EVAL_FP32] progress: 750 batches, running top1=67.74%
2025-08-18 12:23:12,019 | INFO | [EVAL_FP32] done: 782 batches in 31.05s, top1=67.76%
2025-08-18 12:23:12,020 | INFO | [FP32] Top-1 = 67.76% (expected ~None)
2025-08-18 12:23:12,020 | INFO | ✔ END: evaluate FP32 baseline (elapsed 31.05s)
2025-08-18 12:23:12,020 | INFO | ▶ START: extract model logits
2025-08-18 12:23:12,022 | INFO | Extracting logits from both models...
2025-08-18 12:23:12,811 | INFO | Processed 5 batches
2025-08-18 12:23:13,023 | INFO | Processed 10 batches
2025-08-18 12:23:13,269 | INFO | Extracted logits: Q=torch.Size([640, 1000]), FP=torch.Size([640, 1000])
