2025-08-18 14:25:56,744 | INFO | Environment: {'torch': '2.8.0+cu128', 'torchvision': '0.23.0+cu128', 'cuda_available': True, 'device_name': 'NVIDIA L40S', 'capability': '8.9', 'cudnn_version': 91002}
2025-08-18 14:25:56,744 | INFO | ▶ START: load fp32 model (torchvision weights API)
2025-08-18 14:25:57,285 | INFO | Model: mobilenet_v2 | Weights: MobileNet_V2_Weights.IMAGENET1K_V2 | Params: 3.50M | Ref acc@1=None
2025-08-18 14:25:57,285 | INFO | ✔ END: load fp32 model (torchvision weights API) (elapsed 0.54s)
2025-08-18 14:25:57,285 | INFO | ▶ START: build & check loaders
2025-08-18 14:25:57,291 | INFO | Val structure looks OK (1000 synset folders).
2025-08-18 14:25:57,306 | INFO | Train structure looks OK (1000 synset folders).
2025-08-18 14:26:38,869 | INFO | ImageNet train: 1281167 images, 1000 classes
2025-08-18 14:26:40,155 | INFO | ImageNet val: 50000 images, 1000 classes
2025-08-18 14:26:40,155 | INFO | Val dataset size: 50000 | batch_size=64 | calib_batches=32
2025-08-18 14:26:49,868 | INFO | [SANITY] Batch[0] stats: mean=-0.2055, std=1.1229, min=-2.118, max=2.640
2025-08-18 14:26:49,868 | INFO | ✔ END: build & check loaders (elapsed 52.58s)
2025-08-18 14:26:49,875 | INFO | ▶ START: prepare_by_platform(Academic)
2025-08-18 14:26:49,877 | INFO | [Academic extra_config] {'extra_qconfig_dict': {'w_observer': 'MinMaxObserver', 'a_observer': 'EMAMinMaxObserver', 'w_fakequantize': 'AdaRoundFakeQuantize', 'a_fakequantize': 'FixedFakeQuantize', 'w_qscheme': {'bit': 2, 'symmetry': True, 'per_channel': True, 'pot_scale': False}, 'a_qscheme': {'bit': 2, 'symmetry': False, 'per_channel': False, 'pot_scale': False}}}
2025-08-18 14:26:50,080 | INFO | Modules (total): 213 -> 425
2025-08-18 14:26:50,080 | INFO | 'Quantish' modules detected after prepare: 212
2025-08-18 14:26:50,080 | INFO | ▶ START: calibration (enable_calibration + forward)
2025-08-18 14:26:51,369 | INFO | [CALIB] step=1/32 seen=64 (49.8 img/s)
2025-08-18 14:26:51,818 | INFO | [CALIB] step=10/32 seen=640 (368.8 img/s)
2025-08-18 14:27:05,405 | INFO | [CALIB] step=20/32 seen=1280 (83.5 img/s)
2025-08-18 14:27:11,613 | INFO | [CALIB] step=30/32 seen=1920 (89.2 img/s)
2025-08-18 14:27:15,056 | INFO | [CALIB] total images seen: 2048
2025-08-18 14:27:15,057 | INFO | ✔ END: calibration (enable_calibration + forward) (elapsed 24.98s)
2025-08-18 14:27:15,057 | INFO | ▶ START: advanced PTQ reconstruction
2025-08-18 14:27:19,008 | INFO | [ADV] cfg={'pattern': 'block', 'scale_lr': 4e-05, 'warm_up': 0.2, 'weight': 0.01, 'max_count': 20000, 'b_range': [20, 2], 'keep_gpu': True, 'round_mode': 'learned_hard_sigmoid', 'prob': 1.0}
2025-08-18 14:27:19,008 | INFO | [ADV] stacked tensors: 32 | total calib images: 2048
2025-08-18 14:27:26,113 | WARNING | /home/alz07xz/project/kmeans_results/MQBench/mqbench/advanced_ptq.py:220: UserWarning: Converting a tensor with requires_grad=True to a scalar may lead to unexpected behavior.
Consider using tensor.detach() first. (Triggered internally at /pytorch/torch/csrc/autograd/generated/python_variable_methods.cpp:835.)
  float(total_loss), float(rec_loss), float(round_loss), b, self.count))

2025-08-18 15:13:33,811 | INFO | ✔ END: advanced PTQ reconstruction (elapsed 2778.75s)
2025-08-18 15:13:33,813 | INFO | ▶ START: enable_quantization (simulate INT8)
2025-08-18 15:13:33,818 | INFO | ✔ END: enable_quantization (simulate INT8) (elapsed 0.00s)
2025-08-18 15:13:33,818 | INFO | ✔ END: prepare_by_platform(Academic) (elapsed 2803.94s)
2025-08-18 15:13:33,820 | INFO | ▶ START: evaluate INT8-sim
2025-08-18 15:13:36,569 | INFO | [EVAL_INT8] progress: 50 batches, running top1=3.66%
2025-08-18 15:13:38,667 | INFO | [EVAL_INT8] progress: 100 batches, running top1=1.88%
2025-08-18 15:13:40,679 | INFO | [EVAL_INT8] progress: 150 batches, running top1=1.28%
2025-08-18 15:13:42,683 | INFO | [EVAL_INT8] progress: 200 batches, running top1=0.96%
2025-08-18 15:13:44,753 | INFO | [EVAL_INT8] progress: 250 batches, running top1=0.77%
2025-08-18 15:13:46,784 | INFO | [EVAL_INT8] progress: 300 batches, running top1=0.65%
2025-08-18 15:13:48,935 | INFO | [EVAL_INT8] progress: 350 batches, running top1=0.55%
2025-08-18 15:13:50,923 | INFO | [EVAL_INT8] progress: 400 batches, running top1=0.49%
2025-08-18 15:13:52,980 | INFO | [EVAL_INT8] progress: 450 batches, running top1=0.43%
2025-08-18 15:13:55,028 | INFO | [EVAL_INT8] progress: 500 batches, running top1=0.39%
2025-08-18 15:13:57,034 | INFO | [EVAL_INT8] progress: 550 batches, running top1=0.36%
2025-08-18 15:13:58,999 | INFO | [EVAL_INT8] progress: 600 batches, running top1=0.33%
2025-08-18 15:14:00,989 | INFO | [EVAL_INT8] progress: 650 batches, running top1=0.30%
2025-08-18 15:14:02,970 | INFO | [EVAL_INT8] progress: 700 batches, running top1=0.33%
2025-08-18 15:14:04,899 | INFO | [EVAL_INT8] progress: 750 batches, running top1=0.31%
2025-08-18 15:14:06,119 | INFO | [EVAL_INT8] done: 782 batches in 32.30s, top1=0.30%
2025-08-18 15:14:06,120 | INFO | [PTQ][mobilenet_v2][Academic] [ADV] Top-1 = 0.30%
2025-08-18 15:14:06,120 | INFO | ✔ END: evaluate INT8-sim (elapsed 32.30s)
2025-08-18 15:14:06,120 | INFO | ▶ START: evaluate FP32 baseline
2025-08-18 15:14:08,761 | INFO | [EVAL_FP32] progress: 50 batches, running top1=78.28%
2025-08-18 15:14:10,709 | INFO | [EVAL_FP32] progress: 100 batches, running top1=79.39%
2025-08-18 15:14:12,731 | INFO | [EVAL_FP32] progress: 150 batches, running top1=78.90%
2025-08-18 15:14:14,597 | INFO | [EVAL_FP32] progress: 200 batches, running top1=78.18%
2025-08-18 15:14:16,603 | INFO | [EVAL_FP32] progress: 250 batches, running top1=78.02%
2025-08-18 15:14:18,657 | INFO | [EVAL_FP32] progress: 300 batches, running top1=78.35%
2025-08-18 15:14:20,550 | INFO | [EVAL_FP32] progress: 350 batches, running top1=77.30%
2025-08-18 15:14:22,391 | INFO | [EVAL_FP32] progress: 400 batches, running top1=75.82%
2025-08-18 15:14:24,383 | INFO | [EVAL_FP32] progress: 450 batches, running top1=75.21%
2025-08-18 15:14:26,387 | INFO | [EVAL_FP32] progress: 500 batches, running top1=74.27%
2025-08-18 15:14:28,410 | INFO | [EVAL_FP32] progress: 550 batches, running top1=73.65%
2025-08-18 15:14:30,292 | INFO | [EVAL_FP32] progress: 600 batches, running top1=73.09%
2025-08-18 15:14:32,243 | INFO | [EVAL_FP32] progress: 650 batches, running top1=72.71%
2025-08-18 15:14:34,177 | INFO | [EVAL_FP32] progress: 700 batches, running top1=72.16%
2025-08-18 15:14:36,035 | INFO | [EVAL_FP32] progress: 750 batches, running top1=72.19%
2025-08-18 15:14:37,256 | INFO | [EVAL_FP32] done: 782 batches in 31.14s, top1=72.15%
2025-08-18 15:14:37,256 | INFO | [FP32] Top-1 = 72.15% (expected ~None)
2025-08-18 15:14:37,256 | INFO | ✔ END: evaluate FP32 baseline (elapsed 31.14s)
2025-08-18 15:14:37,256 | INFO | ▶ START: extract model logits
2025-08-18 15:14:37,259 | INFO | Extracting logits from both models...
2025-08-18 15:14:38,176 | INFO | Processed 5 batches
2025-08-18 15:14:38,374 | INFO | Processed 10 batches
2025-08-18 15:14:40,095 | INFO | Extracted logits: Q=torch.Size([640, 1000]), FP=torch.Size([640, 1000])
2025-08-18 16:07:06,297 | INFO | ✔ END: extract model logits (elapsed 3149.04s)
