2025-08-18 12:46:01,364 | INFO | Environment: {'torch': '2.8.0+cu128', 'torchvision': '0.23.0+cu128', 'cuda_available': True, 'device_name': 'NVIDIA L40S', 'capability': '8.9', 'cudnn_version': 91002}
2025-08-18 12:46:01,364 | INFO | ▶ START: load fp32 model (torchvision weights API)
2025-08-18 12:46:01,889 | INFO | Model: mnasnet0_5 | Weights: MNASNet0_5_Weights.IMAGENET1K_V1 | Params: 2.22M | Ref acc@1=None
2025-08-18 12:46:01,889 | INFO | ✔ END: load fp32 model (torchvision weights API) (elapsed 0.52s)
2025-08-18 12:46:01,889 | INFO | ▶ START: build & check loaders
2025-08-18 12:46:01,910 | INFO | Val structure looks OK (1000 synset folders).
2025-08-18 12:46:01,919 | INFO | Train structure looks OK (1000 synset folders).
2025-08-18 12:46:32,287 | INFO | ImageNet train: 1281167 images, 1000 classes
2025-08-18 12:46:33,291 | INFO | ImageNet val: 50000 images, 1000 classes
2025-08-18 12:46:33,291 | INFO | Val dataset size: 50000 | batch_size=64 | calib_batches=32
2025-08-18 12:46:43,926 | INFO | [SANITY] Batch[0] stats: mean=-0.1807, std=1.1175, min=-2.118, max=2.640
2025-08-18 12:46:43,926 | INFO | ✔ END: build & check loaders (elapsed 42.04s)
2025-08-18 12:46:43,932 | INFO | ▶ START: prepare_by_platform(Academic)
2025-08-18 12:46:43,933 | INFO | [Academic extra_config] {'extra_qconfig_dict': {'w_observer': 'MinMaxObserver', 'a_observer': 'EMAMinMaxObserver', 'w_fakequantize': 'AdaRoundFakeQuantize', 'a_fakequantize': 'FixedFakeQuantize', 'w_qscheme': {'bit': 4, 'symmetry': True, 'per_channel': True, 'pot_scale': False}, 'a_qscheme': {'bit': 4, 'symmetry': False, 'per_channel': False, 'pot_scale': False}}}
2025-08-18 12:46:44,260 | INFO | Modules (total): 182 -> 394
2025-08-18 12:46:44,260 | INFO | 'Quantish' modules detected after prepare: 212
2025-08-18 12:46:44,260 | INFO | ▶ START: calibration (enable_calibration + forward)
2025-08-18 12:46:45,492 | INFO | [CALIB] step=1/32 seen=64 (52.1 img/s)
2025-08-18 12:46:45,828 | INFO | [CALIB] step=10/32 seen=640 (408.8 img/s)
2025-08-18 12:46:50,053 | INFO | [CALIB] step=20/32 seen=1280 (221.1 img/s)
2025-08-18 12:46:50,998 | INFO | [CALIB] step=30/32 seen=1920 (285.1 img/s)
2025-08-18 12:46:54,036 | INFO | [CALIB] total images seen: 2048
2025-08-18 12:46:54,037 | INFO | ✔ END: calibration (enable_calibration + forward) (elapsed 9.78s)
2025-08-18 12:46:54,037 | INFO | ▶ START: advanced PTQ reconstruction
2025-08-18 12:46:56,035 | INFO | [ADV] cfg={'pattern': 'block', 'scale_lr': 4e-05, 'warm_up': 0.2, 'weight': 0.01, 'max_count': 20000, 'b_range': [20, 2], 'keep_gpu': True, 'round_mode': 'learned_hard_sigmoid', 'prob': 1.0}
2025-08-18 12:46:56,035 | INFO | [ADV] stacked tensors: 32 | total calib images: 2048
2025-08-18 12:47:00,090 | WARNING | /home/alz07xz/project/kmeans_results/MQBench/mqbench/advanced_ptq.py:220: UserWarning: Converting a tensor with requires_grad=True to a scalar may lead to unexpected behavior.
Consider using tensor.detach() first. (Triggered internally at /pytorch/torch/csrc/autograd/generated/python_variable_methods.cpp:835.)
  float(total_loss), float(rec_loss), float(round_loss), b, self.count))

2025-08-18 13:25:35,981 | INFO | ✔ END: advanced PTQ reconstruction (elapsed 2321.94s)
2025-08-18 13:25:35,984 | INFO | ▶ START: enable_quantization (simulate INT8)
2025-08-18 13:25:35,988 | INFO | ✔ END: enable_quantization (simulate INT8) (elapsed 0.00s)
2025-08-18 13:25:35,989 | INFO | ✔ END: prepare_by_platform(Academic) (elapsed 2332.06s)
2025-08-18 13:25:35,990 | INFO | ▶ START: evaluate INT8-sim
2025-08-18 13:25:38,520 | INFO | [EVAL_INT8] progress: 50 batches, running top1=7.56%
2025-08-18 13:25:40,715 | INFO | [EVAL_INT8] progress: 100 batches, running top1=4.03%
2025-08-18 13:25:42,686 | INFO | [EVAL_INT8] progress: 150 batches, running top1=2.74%
2025-08-18 13:25:44,613 | INFO | [EVAL_INT8] progress: 200 batches, running top1=2.05%
2025-08-18 13:25:46,831 | INFO | [EVAL_INT8] progress: 250 batches, running top1=1.72%
2025-08-18 13:25:48,796 | INFO | [EVAL_INT8] progress: 300 batches, running top1=1.44%
2025-08-18 13:25:50,859 | INFO | [EVAL_INT8] progress: 350 batches, running top1=1.23%
2025-08-18 13:25:52,860 | INFO | [EVAL_INT8] progress: 400 batches, running top1=1.08%
2025-08-18 13:25:54,811 | INFO | [EVAL_INT8] progress: 450 batches, running top1=0.98%
2025-08-18 13:25:56,718 | INFO | [EVAL_INT8] progress: 500 batches, running top1=0.88%
2025-08-18 13:25:58,784 | INFO | [EVAL_INT8] progress: 550 batches, running top1=0.85%
2025-08-18 13:26:00,732 | INFO | [EVAL_INT8] progress: 600 batches, running top1=0.78%
2025-08-18 13:26:02,688 | INFO | [EVAL_INT8] progress: 650 batches, running top1=0.72%
2025-08-18 13:26:04,528 | INFO | [EVAL_INT8] progress: 700 batches, running top1=0.68%
2025-08-18 13:26:06,532 | INFO | [EVAL_INT8] progress: 750 batches, running top1=0.63%
2025-08-18 13:26:07,768 | INFO | [EVAL_INT8] done: 782 batches in 31.78s, top1=0.65%
2025-08-18 13:26:07,768 | INFO | [PTQ][mnasnet0_5][Academic] [ADV] Top-1 = 0.65%
2025-08-18 13:26:07,768 | INFO | ✔ END: evaluate INT8-sim (elapsed 31.78s)
2025-08-18 13:26:07,768 | INFO | ▶ START: evaluate FP32 baseline
2025-08-18 13:26:10,397 | INFO | [EVAL_FP32] progress: 50 batches, running top1=73.44%
2025-08-18 13:26:12,248 | INFO | [EVAL_FP32] progress: 100 batches, running top1=74.81%
2025-08-18 13:26:14,219 | INFO | [EVAL_FP32] progress: 150 batches, running top1=75.14%
2025-08-18 13:26:16,223 | INFO | [EVAL_FP32] progress: 200 batches, running top1=74.41%
2025-08-18 13:26:18,195 | INFO | [EVAL_FP32] progress: 250 batches, running top1=74.26%
2025-08-18 13:26:20,141 | INFO | [EVAL_FP32] progress: 300 batches, running top1=74.69%
2025-08-18 13:26:22,179 | INFO | [EVAL_FP32] progress: 350 batches, running top1=73.39%
2025-08-18 13:26:24,033 | INFO | [EVAL_FP32] progress: 400 batches, running top1=71.63%
2025-08-18 13:26:25,911 | INFO | [EVAL_FP32] progress: 450 batches, running top1=70.98%
2025-08-18 13:26:27,840 | INFO | [EVAL_FP32] progress: 500 batches, running top1=69.94%
2025-08-18 13:26:29,818 | INFO | [EVAL_FP32] progress: 550 batches, running top1=69.28%
2025-08-18 13:26:31,719 | INFO | [EVAL_FP32] progress: 600 batches, running top1=68.73%
2025-08-18 13:26:33,527 | INFO | [EVAL_FP32] progress: 650 batches, running top1=68.26%
2025-08-18 13:26:35,488 | INFO | [EVAL_FP32] progress: 700 batches, running top1=67.67%
2025-08-18 13:26:37,350 | INFO | [EVAL_FP32] progress: 750 batches, running top1=67.74%
2025-08-18 13:26:38,436 | INFO | [EVAL_FP32] done: 782 batches in 30.67s, top1=67.76%
2025-08-18 13:26:38,436 | INFO | [FP32] Top-1 = 67.76% (expected ~None)
2025-08-18 13:26:38,436 | INFO | ✔ END: evaluate FP32 baseline (elapsed 30.67s)
2025-08-18 13:26:38,437 | INFO | ▶ START: extract model logits
2025-08-18 13:26:38,439 | INFO | Extracting logits from both models...
2025-08-18 13:26:39,298 | INFO | Processed 5 batches
2025-08-18 13:26:39,420 | INFO | Processed 10 batches
2025-08-18 13:26:40,378 | INFO | Extracted logits: Q=torch.Size([640, 1000]), FP=torch.Size([640, 1000])
