2025-08-18 16:55:59,659 | INFO | Environment: {'torch': '2.8.0+cu128', 'torchvision': '0.23.0+cu128', 'cuda_available': True, 'device_name': 'NVIDIA L40S', 'capability': '8.9', 'cudnn_version': 91002}
2025-08-18 16:55:59,660 | INFO | ▶ START: load fp32 model (torchvision weights API)
2025-08-18 16:56:00,314 | INFO | Model: mobilenet_v2 | Weights: MobileNet_V2_Weights.IMAGENET1K_V2 | Params: 3.50M | Ref acc@1=None
2025-08-18 16:56:00,314 | INFO | ✔ END: load fp32 model (torchvision weights API) (elapsed 0.65s)
2025-08-18 16:56:00,314 | INFO | ▶ START: build & check loaders
2025-08-18 16:56:00,320 | INFO | Val structure looks OK (1000 synset folders).
2025-08-18 16:56:00,336 | INFO | Train structure looks OK (1000 synset folders).
2025-08-18 16:56:27,435 | INFO | ImageNet train: 1281167 images, 1000 classes
2025-08-18 16:56:28,023 | INFO | ImageNet val: 50000 images, 1000 classes
2025-08-18 16:56:28,023 | INFO | Val dataset size: 50000 | batch_size=64 | calib_batches=32
2025-08-18 16:56:29,394 | INFO | [SANITY] Batch[0] stats: mean=-0.2055, std=1.1229, min=-2.118, max=2.640
2025-08-18 16:56:29,394 | INFO | ✔ END: build & check loaders (elapsed 29.08s)
2025-08-18 16:56:29,401 | INFO | ▶ START: prepare_by_platform(Academic)
2025-08-18 16:56:29,403 | INFO | [Academic extra_config] {'extra_qconfig_dict': {'w_observer': 'MinMaxObserver', 'a_observer': 'EMAMinMaxObserver', 'w_fakequantize': 'AdaRoundFakeQuantize', 'a_fakequantize': 'FixedFakeQuantize', 'w_qscheme': {'bit': 2, 'symmetry': True, 'per_channel': True, 'pot_scale': False}, 'a_qscheme': {'bit': 4, 'symmetry': False, 'per_channel': False, 'pot_scale': False}}}
2025-08-18 16:56:29,774 | INFO | Modules (total): 213 -> 425
2025-08-18 16:56:29,774 | INFO | 'Quantish' modules detected after prepare: 212
2025-08-18 16:56:29,774 | INFO | ▶ START: calibration (enable_calibration + forward)
2025-08-18 16:56:31,200 | INFO | [CALIB] step=1/32 seen=64 (45.0 img/s)
2025-08-18 16:56:31,652 | INFO | [CALIB] step=10/32 seen=640 (341.2 img/s)
2025-08-18 16:56:32,148 | INFO | [CALIB] step=20/32 seen=1280 (539.6 img/s)
2025-08-18 16:56:33,772 | INFO | [CALIB] step=30/32 seen=1920 (480.5 img/s)
2025-08-18 16:56:34,162 | INFO | [CALIB] total images seen: 2048
2025-08-18 16:56:34,162 | INFO | ✔ END: calibration (enable_calibration + forward) (elapsed 4.39s)
2025-08-18 16:56:34,162 | INFO | ▶ START: advanced PTQ reconstruction
2025-08-18 16:56:36,141 | INFO | [ADV] cfg={'pattern': 'block', 'scale_lr': 4e-05, 'warm_up': 0.2, 'weight': 0.01, 'max_count': 20000, 'b_range': [20, 2], 'keep_gpu': True, 'round_mode': 'learned_hard_sigmoid', 'prob': 1.0}
2025-08-18 16:56:36,141 | INFO | [ADV] stacked tensors: 32 | total calib images: 2048
2025-08-18 16:56:43,251 | WARNING | /home/alz07xz/project/kmeans_results/MQBench/mqbench/advanced_ptq.py:220: UserWarning: Converting a tensor with requires_grad=True to a scalar may lead to unexpected behavior.
Consider using tensor.detach() first. (Triggered internally at /pytorch/torch/csrc/autograd/generated/python_variable_methods.cpp:835.)
  float(total_loss), float(rec_loss), float(round_loss), b, self.count))

2025-08-18 17:42:55,939 | INFO | ✔ END: advanced PTQ reconstruction (elapsed 2781.78s)
2025-08-18 17:42:55,939 | INFO | ▶ START: enable_quantization (simulate INT8)
2025-08-18 17:42:55,943 | INFO | ✔ END: enable_quantization (simulate INT8) (elapsed 0.00s)
2025-08-18 17:42:55,944 | INFO | ✔ END: prepare_by_platform(Academic) (elapsed 2786.54s)
2025-08-18 17:42:55,945 | INFO | ▶ START: evaluate INT8-sim
2025-08-18 17:42:58,839 | INFO | [EVAL_INT8] progress: 50 batches, running top1=4.28%
2025-08-18 17:43:01,022 | INFO | [EVAL_INT8] progress: 100 batches, running top1=2.48%
2025-08-18 17:43:02,992 | INFO | [EVAL_INT8] progress: 150 batches, running top1=1.67%
2025-08-18 17:43:05,164 | INFO | [EVAL_INT8] progress: 200 batches, running top1=1.25%
2025-08-18 17:43:07,407 | INFO | [EVAL_INT8] progress: 250 batches, running top1=1.04%
2025-08-18 17:43:09,543 | INFO | [EVAL_INT8] progress: 300 batches, running top1=0.88%
2025-08-18 17:43:11,747 | INFO | [EVAL_INT8] progress: 350 batches, running top1=0.75%
2025-08-18 17:43:13,842 | INFO | [EVAL_INT8] progress: 400 batches, running top1=0.67%
2025-08-18 17:43:15,890 | INFO | [EVAL_INT8] progress: 450 batches, running top1=0.60%
2025-08-18 17:43:18,016 | INFO | [EVAL_INT8] progress: 500 batches, running top1=0.54%
2025-08-18 17:43:20,149 | INFO | [EVAL_INT8] progress: 550 batches, running top1=0.49%
2025-08-18 17:43:22,207 | INFO | [EVAL_INT8] progress: 600 batches, running top1=0.45%
2025-08-18 17:43:24,282 | INFO | [EVAL_INT8] progress: 650 batches, running top1=0.42%
2025-08-18 17:43:26,375 | INFO | [EVAL_INT8] progress: 700 batches, running top1=0.40%
2025-08-18 17:43:28,417 | INFO | [EVAL_INT8] progress: 750 batches, running top1=0.38%
2025-08-18 17:43:29,763 | INFO | [EVAL_INT8] done: 782 batches in 33.82s, top1=0.36%
2025-08-18 17:43:29,763 | INFO | [PTQ][mobilenet_v2][Academic] [ADV] Top-1 = 0.36%
2025-08-18 17:43:29,763 | INFO | ✔ END: evaluate INT8-sim (elapsed 33.82s)
2025-08-18 17:43:29,763 | INFO | ▶ START: evaluate FP32 baseline
2025-08-18 17:43:32,416 | INFO | [EVAL_FP32] progress: 50 batches, running top1=78.28%
2025-08-18 17:43:34,531 | INFO | [EVAL_FP32] progress: 100 batches, running top1=79.39%
2025-08-18 17:43:36,627 | INFO | [EVAL_FP32] progress: 150 batches, running top1=78.90%
2025-08-18 17:43:38,532 | INFO | [EVAL_FP32] progress: 200 batches, running top1=78.18%
2025-08-18 17:43:40,668 | INFO | [EVAL_FP32] progress: 250 batches, running top1=78.02%
2025-08-18 17:43:42,916 | INFO | [EVAL_FP32] progress: 300 batches, running top1=78.35%
2025-08-18 17:43:44,855 | INFO | [EVAL_FP32] progress: 350 batches, running top1=77.30%
2025-08-18 17:43:46,760 | INFO | [EVAL_FP32] progress: 400 batches, running top1=75.82%
2025-08-18 17:43:48,879 | INFO | [EVAL_FP32] progress: 450 batches, running top1=75.21%
2025-08-18 17:43:51,039 | INFO | [EVAL_FP32] progress: 500 batches, running top1=74.27%
2025-08-18 17:43:53,048 | INFO | [EVAL_FP32] progress: 550 batches, running top1=73.65%
2025-08-18 17:43:55,030 | INFO | [EVAL_FP32] progress: 600 batches, running top1=73.09%
2025-08-18 17:43:57,065 | INFO | [EVAL_FP32] progress: 650 batches, running top1=72.71%
2025-08-18 17:43:59,065 | INFO | [EVAL_FP32] progress: 700 batches, running top1=72.16%
2025-08-18 17:44:00,955 | INFO | [EVAL_FP32] progress: 750 batches, running top1=72.19%
2025-08-18 17:44:02,304 | INFO | [EVAL_FP32] done: 782 batches in 32.54s, top1=72.15%
2025-08-18 17:44:02,304 | INFO | [FP32] Top-1 = 72.15% (expected ~None)
2025-08-18 17:44:02,304 | INFO | ✔ END: evaluate FP32 baseline (elapsed 32.54s)
2025-08-18 17:44:02,304 | INFO | ▶ START: extract model logits
2025-08-18 17:44:02,306 | INFO | Extracting logits from both models...
2025-08-18 17:44:05,375 | INFO | Processed 5 batches
2025-08-18 17:44:06,169 | INFO | Processed 10 batches
2025-08-18 17:44:08,313 | INFO | Extracted logits: Q=torch.Size([640, 1000]), FP=torch.Size([640, 1000])
2025-08-18 18:35:12,771 | INFO | ✔ END: extract model logits (elapsed 3070.47s)
