2025-08-18 14:26:14,519 | INFO | Environment: {'torch': '2.8.0+cu128', 'torchvision': '0.23.0+cu128', 'cuda_available': True, 'device_name': 'NVIDIA L40S', 'capability': '8.9', 'cudnn_version': 91002}
2025-08-18 14:26:14,519 | INFO | ▶ START: load fp32 model (torchvision weights API)
2025-08-18 14:26:18,017 | INFO | Model: resnet50 | Weights: ResNet50_Weights.IMAGENET1K_V2 | Params: 25.56M | Ref acc@1=None
2025-08-18 14:26:18,017 | INFO | ✔ END: load fp32 model (torchvision weights API) (elapsed 3.50s)
2025-08-18 14:26:18,017 | INFO | ▶ START: build & check loaders
2025-08-18 14:26:18,023 | INFO | Val structure looks OK (1000 synset folders).
2025-08-18 14:26:18,029 | INFO | Train structure looks OK (1000 synset folders).
2025-08-18 14:26:38,870 | INFO | ImageNet train: 1281167 images, 1000 classes
2025-08-18 14:26:40,154 | INFO | ImageNet val: 50000 images, 1000 classes
2025-08-18 14:26:40,154 | INFO | Val dataset size: 50000 | batch_size=64 | calib_batches=32
2025-08-18 14:26:49,879 | INFO | [SANITY] Batch[0] stats: mean=-0.2055, std=1.1229, min=-2.118, max=2.640
2025-08-18 14:26:49,879 | INFO | ✔ END: build & check loaders (elapsed 31.86s)
2025-08-18 14:26:49,885 | INFO | ▶ START: prepare_by_platform(Academic)
2025-08-18 14:26:49,886 | INFO | [Academic extra_config] {'extra_qconfig_dict': {'w_observer': 'MinMaxObserver', 'a_observer': 'EMAMinMaxObserver', 'w_fakequantize': 'AdaRoundFakeQuantize', 'a_fakequantize': 'FixedFakeQuantize', 'w_qscheme': {'bit': 2, 'symmetry': True, 'per_channel': True, 'pot_scale': False}, 'a_qscheme': {'bit': 2, 'symmetry': False, 'per_channel': False, 'pot_scale': False}}}
2025-08-18 14:26:50,144 | INFO | Modules (total): 151 -> 391
2025-08-18 14:26:50,144 | INFO | 'Quantish' modules detected after prepare: 208
2025-08-18 14:26:50,144 | INFO | ▶ START: calibration (enable_calibration + forward)
2025-08-18 14:26:53,599 | INFO | [CALIB] step=1/32 seen=64 (18.5 img/s)
2025-08-18 14:26:54,150 | INFO | [CALIB] step=10/32 seen=640 (159.9 img/s)
2025-08-18 14:27:05,388 | INFO | [CALIB] step=20/32 seen=1280 (84.0 img/s)
2025-08-18 14:27:11,659 | INFO | [CALIB] step=30/32 seen=1920 (89.3 img/s)
2025-08-18 14:27:15,032 | INFO | [CALIB] total images seen: 2048
2025-08-18 14:27:15,032 | INFO | ✔ END: calibration (enable_calibration + forward) (elapsed 24.89s)
2025-08-18 14:27:15,033 | INFO | ▶ START: advanced PTQ reconstruction
2025-08-18 14:27:18,995 | INFO | [ADV] cfg={'pattern': 'block', 'scale_lr': 4e-05, 'warm_up': 0.2, 'weight': 0.01, 'max_count': 20000, 'b_range': [20, 2], 'keep_gpu': True, 'round_mode': 'learned_hard_sigmoid', 'prob': 1.0}
2025-08-18 14:27:18,996 | INFO | [ADV] stacked tensors: 32 | total calib images: 2048
2025-08-18 14:27:24,702 | WARNING | /home/alz07xz/project/kmeans_results/MQBench/mqbench/advanced_ptq.py:220: UserWarning: Converting a tensor with requires_grad=True to a scalar may lead to unexpected behavior.
Consider using tensor.detach() first. (Triggered internally at /pytorch/torch/csrc/autograd/generated/python_variable_methods.cpp:835.)
  float(total_loss), float(rec_loss), float(round_loss), b, self.count))

2025-08-18 15:26:39,479 | INFO | ✔ END: advanced PTQ reconstruction (elapsed 3564.45s)
2025-08-18 15:26:39,481 | INFO | ▶ START: enable_quantization (simulate INT8)
2025-08-18 15:26:39,485 | INFO | ✔ END: enable_quantization (simulate INT8) (elapsed 0.00s)
2025-08-18 15:26:39,485 | INFO | ✔ END: prepare_by_platform(Academic) (elapsed 3589.60s)
2025-08-18 15:26:39,486 | INFO | ▶ START: evaluate INT8-sim
2025-08-18 15:26:42,581 | INFO | [EVAL_INT8] progress: 50 batches, running top1=2.34%
2025-08-18 15:26:45,001 | INFO | [EVAL_INT8] progress: 100 batches, running top1=1.17%
2025-08-18 15:26:47,327 | INFO | [EVAL_INT8] progress: 150 batches, running top1=0.78%
2025-08-18 15:26:49,634 | INFO | [EVAL_INT8] progress: 200 batches, running top1=0.59%
2025-08-18 15:26:52,053 | INFO | [EVAL_INT8] progress: 250 batches, running top1=0.47%
2025-08-18 15:26:54,430 | INFO | [EVAL_INT8] progress: 300 batches, running top1=0.39%
2025-08-18 15:26:56,812 | INFO | [EVAL_INT8] progress: 350 batches, running top1=0.33%
2025-08-18 15:26:59,139 | INFO | [EVAL_INT8] progress: 400 batches, running top1=0.29%
2025-08-18 15:27:01,495 | INFO | [EVAL_INT8] progress: 450 batches, running top1=0.26%
2025-08-18 15:27:03,836 | INFO | [EVAL_INT8] progress: 500 batches, running top1=0.23%
2025-08-18 15:27:06,164 | INFO | [EVAL_INT8] progress: 550 batches, running top1=0.21%
2025-08-18 15:27:08,530 | INFO | [EVAL_INT8] progress: 600 batches, running top1=0.20%
2025-08-18 15:27:10,904 | INFO | [EVAL_INT8] progress: 650 batches, running top1=0.18%
2025-08-18 15:27:13,266 | INFO | [EVAL_INT8] progress: 700 batches, running top1=0.17%
2025-08-18 15:27:15,601 | INFO | [EVAL_INT8] progress: 750 batches, running top1=0.16%
2025-08-18 15:27:17,113 | INFO | [EVAL_INT8] done: 782 batches in 37.63s, top1=0.15%
2025-08-18 15:27:17,113 | INFO | [PTQ][resnet50][Academic] [ADV] Top-1 = 0.15%
2025-08-18 15:27:17,113 | INFO | ✔ END: evaluate INT8-sim (elapsed 37.63s)
2025-08-18 15:27:17,113 | INFO | ▶ START: evaluate FP32 baseline
2025-08-18 15:27:19,766 | INFO | [EVAL_FP32] progress: 50 batches, running top1=85.19%
2025-08-18 15:27:21,825 | INFO | [EVAL_FP32] progress: 100 batches, running top1=86.30%
2025-08-18 15:27:23,856 | INFO | [EVAL_FP32] progress: 150 batches, running top1=86.50%
2025-08-18 15:27:25,848 | INFO | [EVAL_FP32] progress: 200 batches, running top1=85.77%
2025-08-18 15:27:27,946 | INFO | [EVAL_FP32] progress: 250 batches, running top1=85.56%
2025-08-18 15:27:30,075 | INFO | [EVAL_FP32] progress: 300 batches, running top1=85.64%
2025-08-18 15:27:32,220 | INFO | [EVAL_FP32] progress: 350 batches, running top1=84.79%
2025-08-18 15:27:34,146 | INFO | [EVAL_FP32] progress: 400 batches, running top1=83.59%
2025-08-18 15:27:36,132 | INFO | [EVAL_FP32] progress: 450 batches, running top1=83.21%
2025-08-18 15:27:38,208 | INFO | [EVAL_FP32] progress: 500 batches, running top1=82.49%
2025-08-18 15:27:40,151 | INFO | [EVAL_FP32] progress: 550 batches, running top1=82.07%
2025-08-18 15:27:42,186 | INFO | [EVAL_FP32] progress: 600 batches, running top1=81.73%
2025-08-18 15:27:44,082 | INFO | [EVAL_FP32] progress: 650 batches, running top1=81.40%
2025-08-18 15:27:46,067 | INFO | [EVAL_FP32] progress: 700 batches, running top1=80.99%
2025-08-18 15:27:47,930 | INFO | [EVAL_FP32] progress: 750 batches, running top1=80.96%
2025-08-18 15:27:49,214 | INFO | [EVAL_FP32] done: 782 batches in 32.10s, top1=80.84%
2025-08-18 15:27:49,214 | INFO | [FP32] Top-1 = 80.84% (expected ~None)
2025-08-18 15:27:49,215 | INFO | ✔ END: evaluate FP32 baseline (elapsed 32.10s)
2025-08-18 15:27:49,215 | INFO | ▶ START: extract model logits
2025-08-18 15:27:49,217 | INFO | Extracting logits from both models...
2025-08-18 15:27:52,932 | INFO | Processed 5 batches
2025-08-18 15:27:53,303 | INFO | Processed 10 batches
2025-08-18 15:27:54,466 | INFO | Extracted logits: Q=torch.Size([640, 1000]), FP=torch.Size([640, 1000])
2025-08-18 16:33:40,777 | INFO | ✔ END: extract model logits (elapsed 3951.56s)
