2025-08-18 11:44:39,579 | INFO | Environment: {'torch': '2.8.0+cu128', 'torchvision': '0.23.0+cu128', 'cuda_available': True, 'device_name': 'NVIDIA L40S', 'capability': '8.9', 'cudnn_version': 91002}
2025-08-18 11:44:39,579 | INFO | ▶ START: load fp32 model (torchvision weights API)
2025-08-18 11:44:39,737 | INFO | Model: mnasnet0_5 | Weights: MNASNet0_5_Weights.IMAGENET1K_V1 | Params: 2.22M | Ref acc@1=None
2025-08-18 11:44:39,737 | INFO | ✔ END: load fp32 model (torchvision weights API) (elapsed 0.16s)
2025-08-18 11:44:39,737 | INFO | ▶ START: build & check loaders
2025-08-18 11:44:39,742 | INFO | Val structure looks OK (1000 synset folders).
2025-08-18 11:44:39,754 | INFO | Train structure looks OK (1000 synset folders).
2025-08-18 11:45:24,301 | INFO | ImageNet train: 1281167 images, 1000 classes
2025-08-18 11:45:26,081 | INFO | ImageNet val: 50000 images, 1000 classes
2025-08-18 11:45:26,082 | INFO | Val dataset size: 50000 | batch_size=64 | calib_batches=32
2025-08-18 11:45:29,640 | INFO | [SANITY] Batch[0] stats: mean=-0.1807, std=1.1175, min=-2.118, max=2.640
2025-08-18 11:45:29,641 | INFO | ✔ END: build & check loaders (elapsed 49.90s)
2025-08-18 11:45:29,647 | INFO | ▶ START: prepare_by_platform(Academic)
2025-08-18 11:45:29,649 | INFO | [Academic extra_config] {'extra_qconfig_dict': {'w_observer': 'MinMaxObserver', 'a_observer': 'EMAMinMaxObserver', 'w_fakequantize': 'AdaRoundFakeQuantize', 'a_fakequantize': 'FixedFakeQuantize', 'w_qscheme': {'bit': 2, 'symmetry': True, 'per_channel': True, 'pot_scale': False}, 'a_qscheme': {'bit': 2, 'symmetry': False, 'per_channel': False, 'pot_scale': False}}}
2025-08-18 11:45:29,807 | INFO | Modules (total): 182 -> 394
2025-08-18 11:45:29,807 | INFO | 'Quantish' modules detected after prepare: 212
2025-08-18 11:45:29,807 | INFO | ▶ START: calibration (enable_calibration + forward)
2025-08-18 11:45:30,975 | INFO | [CALIB] step=1/32 seen=64 (54.9 img/s)
2025-08-18 11:45:31,316 | INFO | [CALIB] step=10/32 seen=640 (424.7 img/s)
2025-08-18 11:45:31,963 | INFO | [CALIB] step=20/32 seen=1280 (594.4 img/s)
2025-08-18 11:45:33,838 | INFO | [CALIB] step=30/32 seen=1920 (476.6 img/s)
2025-08-18 11:45:35,697 | INFO | [CALIB] total images seen: 2048
2025-08-18 11:45:35,698 | INFO | ✔ END: calibration (enable_calibration + forward) (elapsed 5.89s)
2025-08-18 11:45:35,698 | INFO | ▶ START: advanced PTQ reconstruction
2025-08-18 11:45:38,438 | INFO | [ADV] cfg={'pattern': 'block', 'scale_lr': 4e-05, 'warm_up': 0.2, 'weight': 0.01, 'max_count': 20000, 'b_range': [20, 2], 'keep_gpu': True, 'round_mode': 'learned_hard_sigmoid', 'prob': 1.0}
2025-08-18 11:45:38,438 | INFO | [ADV] stacked tensors: 32 | total calib images: 2048
2025-08-18 11:45:42,341 | WARNING | /home/alz07xz/project/kmeans_results/MQBench/mqbench/advanced_ptq.py:220: UserWarning: Converting a tensor with requires_grad=True to a scalar may lead to unexpected behavior.
Consider using tensor.detach() first. (Triggered internally at /pytorch/torch/csrc/autograd/generated/python_variable_methods.cpp:835.)
  float(total_loss), float(rec_loss), float(round_loss), b, self.count))

2025-08-18 12:24:13,700 | INFO | ✔ END: advanced PTQ reconstruction (elapsed 2318.00s)
2025-08-18 12:24:13,704 | INFO | ▶ START: enable_quantization (simulate INT8)
2025-08-18 12:24:13,714 | INFO | ✔ END: enable_quantization (simulate INT8) (elapsed 0.01s)
2025-08-18 12:24:13,716 | INFO | ✔ END: prepare_by_platform(Academic) (elapsed 2324.07s)
2025-08-18 12:24:13,720 | INFO | ▶ START: evaluate INT8-sim
2025-08-18 12:24:16,468 | INFO | [EVAL_INT8] progress: 50 batches, running top1=3.50%
2025-08-18 12:24:18,499 | INFO | [EVAL_INT8] progress: 100 batches, running top1=1.77%
2025-08-18 12:24:20,657 | INFO | [EVAL_INT8] progress: 150 batches, running top1=1.18%
2025-08-18 12:24:22,689 | INFO | [EVAL_INT8] progress: 200 batches, running top1=0.88%
2025-08-18 12:24:24,861 | INFO | [EVAL_INT8] progress: 250 batches, running top1=0.71%
2025-08-18 12:24:26,999 | INFO | [EVAL_INT8] progress: 300 batches, running top1=0.59%
2025-08-18 12:24:29,172 | INFO | [EVAL_INT8] progress: 350 batches, running top1=0.52%
2025-08-18 12:24:31,388 | INFO | [EVAL_INT8] progress: 400 batches, running top1=0.46%
2025-08-18 12:24:33,504 | INFO | [EVAL_INT8] progress: 450 batches, running top1=0.41%
2025-08-18 12:24:35,595 | INFO | [EVAL_INT8] progress: 500 batches, running top1=0.37%
2025-08-18 12:24:37,778 | INFO | [EVAL_INT8] progress: 550 batches, running top1=0.33%
2025-08-18 12:24:39,900 | INFO | [EVAL_INT8] progress: 600 batches, running top1=0.30%
2025-08-18 12:24:41,922 | INFO | [EVAL_INT8] progress: 650 batches, running top1=0.28%
2025-08-18 12:24:44,066 | INFO | [EVAL_INT8] progress: 700 batches, running top1=0.26%
2025-08-18 12:24:46,200 | INFO | [EVAL_INT8] progress: 750 batches, running top1=0.24%
2025-08-18 12:24:47,525 | INFO | [EVAL_INT8] done: 782 batches in 33.80s, top1=0.23%
2025-08-18 12:24:47,528 | INFO | [PTQ][mnasnet0_5][Academic] [ADV] Top-1 = 0.23%
2025-08-18 12:24:47,531 | INFO | ✔ END: evaluate INT8-sim (elapsed 33.81s)
2025-08-18 12:24:47,536 | INFO | ▶ START: evaluate FP32 baseline
2025-08-18 12:24:50,042 | INFO | [EVAL_FP32] progress: 50 batches, running top1=73.44%
2025-08-18 12:24:52,342 | INFO | [EVAL_FP32] progress: 100 batches, running top1=74.81%
2025-08-18 12:24:54,235 | INFO | [EVAL_FP32] progress: 150 batches, running top1=75.14%
2025-08-18 12:24:56,168 | INFO | [EVAL_FP32] progress: 200 batches, running top1=74.41%
2025-08-18 12:24:58,323 | INFO | [EVAL_FP32] progress: 250 batches, running top1=74.26%
2025-08-18 12:25:00,365 | INFO | [EVAL_FP32] progress: 300 batches, running top1=74.69%
2025-08-18 12:25:02,567 | INFO | [EVAL_FP32] progress: 350 batches, running top1=73.39%
2025-08-18 12:25:04,526 | INFO | [EVAL_FP32] progress: 400 batches, running top1=71.63%
2025-08-18 12:25:06,536 | INFO | [EVAL_FP32] progress: 450 batches, running top1=70.98%
2025-08-18 12:25:08,535 | INFO | [EVAL_FP32] progress: 500 batches, running top1=69.94%
2025-08-18 12:25:10,702 | INFO | [EVAL_FP32] progress: 550 batches, running top1=69.28%
2025-08-18 12:25:12,757 | INFO | [EVAL_FP32] progress: 600 batches, running top1=68.73%
2025-08-18 12:25:14,679 | INFO | [EVAL_FP32] progress: 650 batches, running top1=68.26%
2025-08-18 12:25:16,559 | INFO | [EVAL_FP32] progress: 700 batches, running top1=67.67%
2025-08-18 12:25:18,721 | INFO | [EVAL_FP32] progress: 750 batches, running top1=67.74%
2025-08-18 12:25:19,928 | INFO | [EVAL_FP32] done: 782 batches in 32.39s, top1=67.76%
2025-08-18 12:25:19,930 | INFO | [FP32] Top-1 = 67.76% (expected ~None)
2025-08-18 12:25:19,931 | INFO | ✔ END: evaluate FP32 baseline (elapsed 32.39s)
2025-08-18 12:25:19,934 | INFO | ▶ START: extract model logits
2025-08-18 12:25:19,939 | INFO | Extracting logits from both models...
2025-08-18 12:25:20,881 | INFO | Processed 5 batches
2025-08-18 12:25:21,106 | INFO | Processed 10 batches
2025-08-18 12:25:23,075 | INFO | Extracted logits: Q=torch.Size([640, 1000]), FP=torch.Size([640, 1000])
