2025-08-18 09:15:23,528 | INFO | Environment: {'torch': '2.8.0+cu128', 'torchvision': '0.23.0+cu128', 'cuda_available': True, 'device_name': 'NVIDIA L40S', 'capability': '8.9', 'cudnn_version': 91002}
2025-08-18 09:15:23,528 | INFO | ▶ START: load fp32 model (torchvision weights API)
2025-08-18 09:15:25,768 | INFO | Model: resnet50 | Weights: ResNet50_Weights.IMAGENET1K_V2 | Params: 25.56M | Ref acc@1=None
2025-08-18 09:15:25,768 | INFO | ✔ END: load fp32 model (torchvision weights API) (elapsed 2.24s)
2025-08-18 09:15:25,768 | INFO | ▶ START: build & check loaders
2025-08-18 09:15:25,774 | INFO | Val structure looks OK (1000 synset folders).
2025-08-18 09:15:25,780 | INFO | Train structure looks OK (1000 synset folders).
2025-08-18 09:16:12,129 | INFO | ImageNet train: 1281167 images, 1000 classes
2025-08-18 09:16:13,930 | INFO | ImageNet val: 50000 images, 1000 classes
2025-08-18 09:16:13,930 | INFO | Val dataset size: 50000 | batch_size=64 | calib_batches=32
2025-08-18 09:16:15,898 | INFO | [SANITY] Batch[0] stats: mean=-0.2055, std=1.1229, min=-2.118, max=2.640
2025-08-18 09:16:15,899 | INFO | ✔ END: build & check loaders (elapsed 50.13s)
2025-08-18 09:16:15,905 | INFO | ▶ START: prepare_by_platform(Academic)
2025-08-18 09:16:15,906 | INFO | [Academic extra_config] {'extra_qconfig_dict': {'w_observer': 'MinMaxObserver', 'a_observer': 'EMAMinMaxObserver', 'w_fakequantize': 'AdaRoundFakeQuantize', 'a_fakequantize': 'FixedFakeQuantize', 'w_qscheme': {'bit': 2, 'symmetry': True, 'per_channel': True, 'pot_scale': False}, 'a_qscheme': {'bit': 2, 'symmetry': False, 'per_channel': False, 'pot_scale': False}}}
2025-08-18 09:16:16,186 | INFO | Modules (total): 151 -> 391
2025-08-18 09:16:16,186 | INFO | 'Quantish' modules detected after prepare: 208
2025-08-18 09:16:16,186 | INFO | ▶ START: calibration (enable_calibration + forward)
2025-08-18 09:16:17,666 | INFO | [CALIB] step=1/32 seen=64 (43.3 img/s)
2025-08-18 09:16:18,234 | INFO | [CALIB] step=10/32 seen=640 (312.9 img/s)
2025-08-18 09:16:18,988 | INFO | [CALIB] step=20/32 seen=1280 (457.3 img/s)
2025-08-18 09:16:20,392 | INFO | [CALIB] step=30/32 seen=1920 (456.7 img/s)
2025-08-18 09:16:21,906 | INFO | [CALIB] total images seen: 2048
2025-08-18 09:16:21,907 | INFO | ✔ END: calibration (enable_calibration + forward) (elapsed 5.72s)
2025-08-18 09:16:21,907 | INFO | ▶ START: advanced PTQ reconstruction
2025-08-18 09:16:23,863 | INFO | [ADV] cfg={'pattern': 'block', 'scale_lr': 4e-05, 'warm_up': 0.2, 'weight': 0.01, 'max_count': 20000, 'b_range': [20, 2], 'keep_gpu': True, 'round_mode': 'learned_hard_sigmoid', 'prob': 1.0}
2025-08-18 09:16:23,864 | INFO | [ADV] stacked tensors: 32 | total calib images: 2048
2025-08-18 09:16:29,777 | WARNING | /home/alz07xz/project/kmeans_results/MQBench/mqbench/advanced_ptq.py:220: UserWarning: Converting a tensor with requires_grad=True to a scalar may lead to unexpected behavior.
Consider using tensor.detach() first. (Triggered internally at /pytorch/torch/csrc/autograd/generated/python_variable_methods.cpp:835.)
  float(total_loss), float(rec_loss), float(round_loss), b, self.count))

2025-08-18 10:15:59,416 | INFO | ✔ END: advanced PTQ reconstruction (elapsed 3577.51s)
2025-08-18 10:15:59,418 | INFO | ▶ START: enable_quantization (simulate INT8)
2025-08-18 10:15:59,422 | INFO | ✔ END: enable_quantization (simulate INT8) (elapsed 0.00s)
2025-08-18 10:15:59,422 | INFO | ✔ END: prepare_by_platform(Academic) (elapsed 3583.52s)
2025-08-18 10:15:59,423 | INFO | ▶ START: evaluate INT8-sim
2025-08-18 10:16:02,515 | INFO | [EVAL_INT8] progress: 50 batches, running top1=2.34%
2025-08-18 10:16:04,870 | INFO | [EVAL_INT8] progress: 100 batches, running top1=1.17%
2025-08-18 10:16:07,208 | INFO | [EVAL_INT8] progress: 150 batches, running top1=0.78%
2025-08-18 10:16:09,544 | INFO | [EVAL_INT8] progress: 200 batches, running top1=0.59%
2025-08-18 10:16:11,966 | INFO | [EVAL_INT8] progress: 250 batches, running top1=0.47%
2025-08-18 10:16:14,358 | INFO | [EVAL_INT8] progress: 300 batches, running top1=0.39%
2025-08-18 10:16:16,748 | INFO | [EVAL_INT8] progress: 350 batches, running top1=0.33%
2025-08-18 10:16:19,107 | INFO | [EVAL_INT8] progress: 400 batches, running top1=0.29%
2025-08-18 10:16:21,473 | INFO | [EVAL_INT8] progress: 450 batches, running top1=0.26%
2025-08-18 10:16:23,832 | INFO | [EVAL_INT8] progress: 500 batches, running top1=0.23%
2025-08-18 10:16:26,173 | INFO | [EVAL_INT8] progress: 550 batches, running top1=0.21%
2025-08-18 10:16:28,566 | INFO | [EVAL_INT8] progress: 600 batches, running top1=0.20%
2025-08-18 10:16:30,924 | INFO | [EVAL_INT8] progress: 650 batches, running top1=0.18%
2025-08-18 10:16:33,270 | INFO | [EVAL_INT8] progress: 700 batches, running top1=0.17%
2025-08-18 10:16:35,599 | INFO | [EVAL_INT8] progress: 750 batches, running top1=0.16%
2025-08-18 10:16:37,146 | INFO | [EVAL_INT8] done: 782 batches in 37.72s, top1=0.15%
2025-08-18 10:16:37,146 | INFO | [PTQ][resnet50][Academic] [ADV] Top-1 = 0.15%
2025-08-18 10:16:37,146 | INFO | ✔ END: evaluate INT8-sim (elapsed 37.72s)
2025-08-18 10:16:37,146 | INFO | ▶ START: evaluate FP32 baseline
2025-08-18 10:16:39,816 | INFO | [EVAL_FP32] progress: 50 batches, running top1=85.19%
2025-08-18 10:16:41,882 | INFO | [EVAL_FP32] progress: 100 batches, running top1=86.30%
2025-08-18 10:16:43,840 | INFO | [EVAL_FP32] progress: 150 batches, running top1=86.50%
2025-08-18 10:16:45,754 | INFO | [EVAL_FP32] progress: 200 batches, running top1=85.77%
2025-08-18 10:16:47,814 | INFO | [EVAL_FP32] progress: 250 batches, running top1=85.56%
2025-08-18 10:16:49,915 | INFO | [EVAL_FP32] progress: 300 batches, running top1=85.64%
2025-08-18 10:16:51,992 | INFO | [EVAL_FP32] progress: 350 batches, running top1=84.79%
2025-08-18 10:16:53,889 | INFO | [EVAL_FP32] progress: 400 batches, running top1=83.59%
2025-08-18 10:16:55,849 | INFO | [EVAL_FP32] progress: 450 batches, running top1=83.21%
2025-08-18 10:16:57,866 | INFO | [EVAL_FP32] progress: 500 batches, running top1=82.49%
2025-08-18 10:16:59,835 | INFO | [EVAL_FP32] progress: 550 batches, running top1=82.07%
2025-08-18 10:17:01,700 | INFO | [EVAL_FP32] progress: 600 batches, running top1=81.73%
2025-08-18 10:17:03,752 | INFO | [EVAL_FP32] progress: 650 batches, running top1=81.40%
2025-08-18 10:17:05,744 | INFO | [EVAL_FP32] progress: 700 batches, running top1=80.99%
2025-08-18 10:17:07,620 | INFO | [EVAL_FP32] progress: 750 batches, running top1=80.96%
2025-08-18 10:17:08,845 | INFO | [EVAL_FP32] done: 782 batches in 31.70s, top1=80.84%
2025-08-18 10:17:08,845 | INFO | [FP32] Top-1 = 80.84% (expected ~None)
2025-08-18 10:17:08,845 | INFO | ✔ END: evaluate FP32 baseline (elapsed 31.70s)
2025-08-18 10:17:08,845 | INFO | ▶ START: extract model logits
2025-08-18 10:17:08,847 | INFO | Extracting logits from both models...
2025-08-18 10:17:11,430 | INFO | Processed 5 batches
2025-08-18 10:17:13,648 | INFO | Processed 10 batches
2025-08-18 10:17:15,039 | INFO | Extracted logits: Q=torch.Size([640, 1000]), FP=torch.Size([640, 1000])
2025-08-18 11:21:25,306 | INFO | ✔ END: extract model logits (elapsed 3856.46s)
