2025-08-18 14:45:02,815 | INFO | Environment: {'torch': '2.8.0+cu128', 'torchvision': '0.23.0+cu128', 'cuda_available': True, 'device_name': 'NVIDIA L40S', 'capability': '8.9', 'cudnn_version': 91002}
2025-08-18 14:45:02,815 | INFO | ▶ START: load fp32 model (torchvision weights API)
2025-08-18 14:45:03,491 | INFO | Model: regnet_x_3_2gf | Weights: RegNet_X_3_2GF_Weights.IMAGENET1K_V2 | Params: 15.30M | Ref acc@1=None
2025-08-18 14:45:03,491 | INFO | ✔ END: load fp32 model (torchvision weights API) (elapsed 0.68s)
2025-08-18 14:45:03,491 | INFO | ▶ START: build & check loaders
2025-08-18 14:45:03,497 | INFO | Val structure looks OK (1000 synset folders).
2025-08-18 14:45:03,503 | INFO | Train structure looks OK (1000 synset folders).
2025-08-18 14:45:41,450 | INFO | ImageNet train: 1281167 images, 1000 classes
2025-08-18 14:45:42,364 | INFO | ImageNet val: 50000 images, 1000 classes
2025-08-18 14:45:42,365 | INFO | Val dataset size: 50000 | batch_size=64 | calib_batches=32
2025-08-18 14:45:44,978 | INFO | [SANITY] Batch[0] stats: mean=-0.2055, std=1.1229, min=-2.118, max=2.640
2025-08-18 14:45:45,280 | INFO | ✔ END: build & check loaders (elapsed 41.79s)
2025-08-18 14:45:45,290 | INFO | ▶ START: prepare_by_platform(Academic)
2025-08-18 14:45:45,292 | INFO | [Academic extra_config] {'extra_qconfig_dict': {'w_observer': 'MinMaxObserver', 'a_observer': 'EMAMinMaxObserver', 'w_fakequantize': 'AdaRoundFakeQuantize', 'a_fakequantize': 'FixedFakeQuantize', 'w_qscheme': {'bit': 4, 'symmetry': True, 'per_channel': True, 'pot_scale': False}, 'a_qscheme': {'bit': 4, 'symmetry': False, 'per_channel': False, 'pot_scale': False}}}
2025-08-18 14:45:45,587 | INFO | Modules (total): 374 -> 690
2025-08-18 14:45:45,587 | INFO | 'Quantish' modules detected after prepare: 316
2025-08-18 14:45:45,587 | INFO | ▶ START: calibration (enable_calibration + forward)
2025-08-18 14:45:46,952 | INFO | [CALIB] step=1/32 seen=64 (47.0 img/s)
2025-08-18 14:45:47,626 | INFO | [CALIB] step=10/32 seen=640 (314.4 img/s)
2025-08-18 14:45:48,345 | INFO | [CALIB] step=20/32 seen=1280 (464.8 img/s)
2025-08-18 14:45:49,090 | INFO | [CALIB] step=30/32 seen=1920 (548.7 img/s)
2025-08-18 14:45:49,607 | INFO | [CALIB] total images seen: 2048
2025-08-18 14:45:49,607 | INFO | ✔ END: calibration (enable_calibration + forward) (elapsed 4.02s)
2025-08-18 14:45:49,607 | INFO | ▶ START: advanced PTQ reconstruction
2025-08-18 14:45:51,811 | INFO | [ADV] cfg={'pattern': 'block', 'scale_lr': 4e-05, 'warm_up': 0.2, 'weight': 0.01, 'max_count': 20000, 'b_range': [20, 2], 'keep_gpu': True, 'round_mode': 'learned_hard_sigmoid', 'prob': 1.0}
2025-08-18 14:45:51,811 | INFO | [ADV] stacked tensors: 32 | total calib images: 2048
2025-08-18 14:45:56,805 | WARNING | /home/alz07xz/project/kmeans_results/MQBench/mqbench/advanced_ptq.py:220: UserWarning: Converting a tensor with requires_grad=True to a scalar may lead to unexpected behavior.
Consider using tensor.detach() first. (Triggered internally at /pytorch/torch/csrc/autograd/generated/python_variable_methods.cpp:835.)
  float(total_loss), float(rec_loss), float(round_loss), b, self.count))

2025-08-18 16:03:57,462 | INFO | ✔ END: advanced PTQ reconstruction (elapsed 4687.85s)
2025-08-18 16:03:57,464 | INFO | ▶ START: enable_quantization (simulate INT8)
2025-08-18 16:03:57,470 | INFO | ✔ END: enable_quantization (simulate INT8) (elapsed 0.01s)
2025-08-18 16:03:57,470 | INFO | ✔ END: prepare_by_platform(Academic) (elapsed 4692.18s)
2025-08-18 16:03:57,471 | INFO | ▶ START: evaluate INT8-sim
2025-08-18 16:04:00,537 | INFO | [EVAL_INT8] progress: 50 batches, running top1=13.53%
2025-08-18 16:04:02,935 | INFO | [EVAL_INT8] progress: 100 batches, running top1=6.77%
2025-08-18 16:04:05,291 | INFO | [EVAL_INT8] progress: 150 batches, running top1=4.51%
2025-08-18 16:04:07,615 | INFO | [EVAL_INT8] progress: 200 batches, running top1=3.38%
2025-08-18 16:04:10,015 | INFO | [EVAL_INT8] progress: 250 batches, running top1=2.71%
2025-08-18 16:04:12,384 | INFO | [EVAL_INT8] progress: 300 batches, running top1=2.26%
2025-08-18 16:04:14,641 | INFO | [EVAL_INT8] progress: 350 batches, running top1=1.93%
2025-08-18 16:04:16,977 | INFO | [EVAL_INT8] progress: 400 batches, running top1=1.69%
2025-08-18 16:04:19,329 | INFO | [EVAL_INT8] progress: 450 batches, running top1=1.50%
2025-08-18 16:04:21,668 | INFO | [EVAL_INT8] progress: 500 batches, running top1=1.35%
2025-08-18 16:04:24,011 | INFO | [EVAL_INT8] progress: 550 batches, running top1=1.23%
2025-08-18 16:04:26,312 | INFO | [EVAL_INT8] progress: 600 batches, running top1=1.13%
2025-08-18 16:04:28,647 | INFO | [EVAL_INT8] progress: 650 batches, running top1=1.04%
2025-08-18 16:04:30,959 | INFO | [EVAL_INT8] progress: 700 batches, running top1=0.97%
2025-08-18 16:04:33,262 | INFO | [EVAL_INT8] progress: 750 batches, running top1=0.90%
2025-08-18 16:04:34,774 | INFO | [EVAL_INT8] done: 782 batches in 37.30s, top1=0.87%
2025-08-18 16:04:34,774 | INFO | [PTQ][regnet_x_3_2gf][Academic] [ADV] Top-1 = 0.87%
2025-08-18 16:04:34,774 | INFO | ✔ END: evaluate INT8-sim (elapsed 37.30s)
2025-08-18 16:04:34,774 | INFO | ▶ START: evaluate FP32 baseline
2025-08-18 16:04:37,368 | INFO | [EVAL_FP32] progress: 50 batches, running top1=85.84%
2025-08-18 16:04:39,430 | INFO | [EVAL_FP32] progress: 100 batches, running top1=86.62%
2025-08-18 16:04:41,552 | INFO | [EVAL_FP32] progress: 150 batches, running top1=86.46%
2025-08-18 16:04:43,404 | INFO | [EVAL_FP32] progress: 200 batches, running top1=85.96%
2025-08-18 16:04:45,537 | INFO | [EVAL_FP32] progress: 250 batches, running top1=85.72%
2025-08-18 16:04:47,472 | INFO | [EVAL_FP32] progress: 300 batches, running top1=85.83%
2025-08-18 16:04:49,464 | INFO | [EVAL_FP32] progress: 350 batches, running top1=84.94%
2025-08-18 16:04:51,595 | INFO | [EVAL_FP32] progress: 400 batches, running top1=83.70%
2025-08-18 16:04:53,428 | INFO | [EVAL_FP32] progress: 450 batches, running top1=83.33%
2025-08-18 16:04:55,454 | INFO | [EVAL_FP32] progress: 500 batches, running top1=82.68%
2025-08-18 16:04:57,432 | INFO | [EVAL_FP32] progress: 550 batches, running top1=82.36%
2025-08-18 16:04:59,456 | INFO | [EVAL_FP32] progress: 600 batches, running top1=82.05%
2025-08-18 16:05:01,446 | INFO | [EVAL_FP32] progress: 650 batches, running top1=81.71%
2025-08-18 16:05:03,405 | INFO | [EVAL_FP32] progress: 700 batches, running top1=81.34%
2025-08-18 16:05:05,243 | INFO | [EVAL_FP32] progress: 750 batches, running top1=81.30%
2025-08-18 16:05:06,543 | INFO | [EVAL_FP32] done: 782 batches in 31.77s, top1=81.18%
2025-08-18 16:05:06,543 | INFO | [FP32] Top-1 = 81.18% (expected ~None)
2025-08-18 16:05:06,543 | INFO | ✔ END: evaluate FP32 baseline (elapsed 31.77s)
2025-08-18 16:05:06,544 | INFO | ▶ START: extract model logits
2025-08-18 16:05:06,547 | INFO | Extracting logits from both models...
2025-08-18 16:05:07,536 | INFO | Processed 5 batches
2025-08-18 16:05:07,871 | INFO | Processed 10 batches
2025-08-18 16:05:11,429 | INFO | Extracted logits: Q=torch.Size([640, 1000]), FP=torch.Size([640, 1000])
2025-08-18 17:06:42,926 | INFO | ✔ END: extract model logits (elapsed 3696.38s)
