2025-08-18 09:13:35,450 | INFO | Environment: {'torch': '2.8.0+cu128', 'torchvision': '0.23.0+cu128', 'cuda_available': True, 'device_name': 'NVIDIA L40S', 'capability': '8.9', 'cudnn_version': 91002}
2025-08-18 09:13:35,450 | INFO | ▶ START: load fp32 model (torchvision weights API)
2025-08-18 09:13:35,946 | INFO | Model: mobilenet_v2 | Weights: MobileNet_V2_Weights.IMAGENET1K_V2 | Params: 3.50M | Ref acc@1=None
2025-08-18 09:13:35,946 | INFO | ✔ END: load fp32 model (torchvision weights API) (elapsed 0.50s)
2025-08-18 09:13:35,946 | INFO | ▶ START: build & check loaders
2025-08-18 09:13:35,952 | INFO | Val structure looks OK (1000 synset folders).
2025-08-18 09:13:35,957 | INFO | Train structure looks OK (1000 synset folders).
2025-08-18 09:14:23,038 | INFO | ImageNet train: 1281167 images, 1000 classes
2025-08-18 09:14:24,342 | INFO | ImageNet val: 50000 images, 1000 classes
2025-08-18 09:14:24,342 | INFO | Val dataset size: 50000 | batch_size=64 | calib_batches=32
2025-08-18 09:14:28,752 | INFO | [SANITY] Batch[0] stats: mean=-0.2055, std=1.1229, min=-2.118, max=2.640
2025-08-18 09:14:28,752 | INFO | ✔ END: build & check loaders (elapsed 52.81s)
2025-08-18 09:14:28,759 | INFO | ▶ START: prepare_by_platform(Academic)
2025-08-18 09:14:28,760 | INFO | [Academic extra_config] {'extra_qconfig_dict': {'w_observer': 'MinMaxObserver', 'a_observer': 'EMAMinMaxObserver', 'w_fakequantize': 'AdaRoundFakeQuantize', 'a_fakequantize': 'FixedFakeQuantize', 'w_qscheme': {'bit': 2, 'symmetry': True, 'per_channel': True, 'pot_scale': False}, 'a_qscheme': {'bit': 4, 'symmetry': False, 'per_channel': False, 'pot_scale': False}}}
2025-08-18 09:14:28,971 | INFO | Modules (total): 213 -> 425
2025-08-18 09:14:28,971 | INFO | 'Quantish' modules detected after prepare: 212
2025-08-18 09:14:28,971 | INFO | ▶ START: calibration (enable_calibration + forward)
2025-08-18 09:14:30,086 | INFO | [CALIB] step=1/32 seen=64 (57.5 img/s)
2025-08-18 09:14:30,542 | INFO | [CALIB] step=10/32 seen=640 (408.0 img/s)
2025-08-18 09:14:31,041 | INFO | [CALIB] step=20/32 seen=1280 (619.1 img/s)
2025-08-18 09:14:32,109 | INFO | [CALIB] step=30/32 seen=1920 (612.3 img/s)
2025-08-18 09:14:34,082 | INFO | [CALIB] total images seen: 2048
2025-08-18 09:14:34,083 | INFO | ✔ END: calibration (enable_calibration + forward) (elapsed 5.11s)
2025-08-18 09:14:34,083 | INFO | ▶ START: advanced PTQ reconstruction
2025-08-18 09:14:36,833 | INFO | [ADV] cfg={'pattern': 'block', 'scale_lr': 4e-05, 'warm_up': 0.2, 'weight': 0.01, 'max_count': 20000, 'b_range': [20, 2], 'keep_gpu': True, 'round_mode': 'learned_hard_sigmoid', 'prob': 1.0}
2025-08-18 09:14:36,834 | INFO | [ADV] stacked tensors: 32 | total calib images: 2048
2025-08-18 09:14:43,921 | WARNING | /home/alz07xz/project/kmeans_results/MQBench/mqbench/advanced_ptq.py:220: UserWarning: Converting a tensor with requires_grad=True to a scalar may lead to unexpected behavior.
Consider using tensor.detach() first. (Triggered internally at /pytorch/torch/csrc/autograd/generated/python_variable_methods.cpp:835.)
  float(total_loss), float(rec_loss), float(round_loss), b, self.count))

2025-08-18 10:00:28,986 | INFO | ✔ END: advanced PTQ reconstruction (elapsed 2754.90s)
2025-08-18 10:00:28,989 | INFO | ▶ START: enable_quantization (simulate INT8)
2025-08-18 10:00:28,993 | INFO | ✔ END: enable_quantization (simulate INT8) (elapsed 0.00s)
2025-08-18 10:00:28,993 | INFO | ✔ END: prepare_by_platform(Academic) (elapsed 2760.23s)
2025-08-18 10:00:28,995 | INFO | ▶ START: evaluate INT8-sim
2025-08-18 10:00:31,797 | INFO | [EVAL_INT8] progress: 50 batches, running top1=4.28%
2025-08-18 10:00:33,869 | INFO | [EVAL_INT8] progress: 100 batches, running top1=2.48%
2025-08-18 10:00:35,892 | INFO | [EVAL_INT8] progress: 150 batches, running top1=1.67%
2025-08-18 10:00:38,002 | INFO | [EVAL_INT8] progress: 200 batches, running top1=1.25%
2025-08-18 10:00:40,050 | INFO | [EVAL_INT8] progress: 250 batches, running top1=1.04%
2025-08-18 10:00:42,131 | INFO | [EVAL_INT8] progress: 300 batches, running top1=0.88%
2025-08-18 10:00:44,209 | INFO | [EVAL_INT8] progress: 350 batches, running top1=0.75%
2025-08-18 10:00:46,189 | INFO | [EVAL_INT8] progress: 400 batches, running top1=0.67%
2025-08-18 10:00:48,159 | INFO | [EVAL_INT8] progress: 450 batches, running top1=0.60%
2025-08-18 10:00:50,279 | INFO | [EVAL_INT8] progress: 500 batches, running top1=0.54%
2025-08-18 10:00:52,243 | INFO | [EVAL_INT8] progress: 550 batches, running top1=0.49%
2025-08-18 10:00:54,188 | INFO | [EVAL_INT8] progress: 600 batches, running top1=0.45%
2025-08-18 10:00:56,313 | INFO | [EVAL_INT8] progress: 650 batches, running top1=0.42%
2025-08-18 10:00:58,210 | INFO | [EVAL_INT8] progress: 700 batches, running top1=0.40%
2025-08-18 10:01:00,227 | INFO | [EVAL_INT8] progress: 750 batches, running top1=0.38%
2025-08-18 10:01:01,439 | INFO | [EVAL_INT8] done: 782 batches in 32.44s, top1=0.36%
2025-08-18 10:01:01,440 | INFO | [PTQ][mobilenet_v2][Academic] [ADV] Top-1 = 0.36%
2025-08-18 10:01:01,440 | INFO | ✔ END: evaluate INT8-sim (elapsed 32.44s)
2025-08-18 10:01:01,440 | INFO | ▶ START: evaluate FP32 baseline
2025-08-18 10:01:04,052 | INFO | [EVAL_FP32] progress: 50 batches, running top1=78.28%
2025-08-18 10:01:05,982 | INFO | [EVAL_FP32] progress: 100 batches, running top1=79.39%
2025-08-18 10:01:07,850 | INFO | [EVAL_FP32] progress: 150 batches, running top1=78.90%
2025-08-18 10:01:09,649 | INFO | [EVAL_FP32] progress: 200 batches, running top1=78.18%
2025-08-18 10:01:11,861 | INFO | [EVAL_FP32] progress: 250 batches, running top1=78.02%
2025-08-18 10:01:13,822 | INFO | [EVAL_FP32] progress: 300 batches, running top1=78.35%
2025-08-18 10:01:15,821 | INFO | [EVAL_FP32] progress: 350 batches, running top1=77.30%
2025-08-18 10:01:17,698 | INFO | [EVAL_FP32] progress: 400 batches, running top1=75.82%
2025-08-18 10:01:19,632 | INFO | [EVAL_FP32] progress: 450 batches, running top1=75.21%
2025-08-18 10:01:21,461 | INFO | [EVAL_FP32] progress: 500 batches, running top1=74.27%
2025-08-18 10:01:23,313 | INFO | [EVAL_FP32] progress: 550 batches, running top1=73.65%
2025-08-18 10:01:25,177 | INFO | [EVAL_FP32] progress: 600 batches, running top1=73.09%
2025-08-18 10:01:27,048 | INFO | [EVAL_FP32] progress: 650 batches, running top1=72.71%
2025-08-18 10:01:28,978 | INFO | [EVAL_FP32] progress: 700 batches, running top1=72.16%
2025-08-18 10:01:30,803 | INFO | [EVAL_FP32] progress: 750 batches, running top1=72.19%
2025-08-18 10:01:31,990 | INFO | [EVAL_FP32] done: 782 batches in 30.55s, top1=72.15%
2025-08-18 10:01:31,990 | INFO | [FP32] Top-1 = 72.15% (expected ~None)
2025-08-18 10:01:31,990 | INFO | ✔ END: evaluate FP32 baseline (elapsed 30.55s)
2025-08-18 10:01:31,990 | INFO | ▶ START: extract model logits
2025-08-18 10:01:31,995 | INFO | Extracting logits from both models...
2025-08-18 10:01:32,916 | INFO | Processed 5 batches
2025-08-18 10:01:33,138 | INFO | Processed 10 batches
2025-08-18 10:01:35,270 | INFO | Extracted logits: Q=torch.Size([640, 1000]), FP=torch.Size([640, 1000])
2025-08-18 10:51:46,039 | INFO | ✔ END: extract model logits (elapsed 3014.05s)
