2025-08-18 16:50:03,004 | INFO | Environment: {'torch': '2.8.0+cu128', 'torchvision': '0.23.0+cu128', 'cuda_available': True, 'device_name': 'NVIDIA L40S', 'capability': '8.9', 'cudnn_version': 91002}
2025-08-18 16:50:03,004 | INFO | ▶ START: load fp32 model (torchvision weights API)
2025-08-18 16:50:04,109 | INFO | Model: regnet_x_3_2gf | Weights: RegNet_X_3_2GF_Weights.IMAGENET1K_V2 | Params: 15.30M | Ref acc@1=None
2025-08-18 16:50:04,109 | INFO | ✔ END: load fp32 model (torchvision weights API) (elapsed 1.11s)
2025-08-18 16:50:04,109 | INFO | ▶ START: build & check loaders
2025-08-18 16:50:04,115 | INFO | Val structure looks OK (1000 synset folders).
2025-08-18 16:50:04,121 | INFO | Train structure looks OK (1000 synset folders).
2025-08-18 16:50:31,968 | INFO | ImageNet train: 1281167 images, 1000 classes
2025-08-18 16:50:32,615 | INFO | ImageNet val: 50000 images, 1000 classes
2025-08-18 16:50:32,615 | INFO | Val dataset size: 50000 | batch_size=64 | calib_batches=32
2025-08-18 16:50:39,005 | INFO | [SANITY] Batch[0] stats: mean=-0.2055, std=1.1229, min=-2.118, max=2.640
2025-08-18 16:50:39,005 | INFO | ✔ END: build & check loaders (elapsed 34.90s)
2025-08-18 16:50:39,016 | INFO | ▶ START: prepare_by_platform(Academic)
2025-08-18 16:50:39,018 | INFO | [Academic extra_config] {'extra_qconfig_dict': {'w_observer': 'MinMaxObserver', 'a_observer': 'EMAMinMaxObserver', 'w_fakequantize': 'AdaRoundFakeQuantize', 'a_fakequantize': 'FixedFakeQuantize', 'w_qscheme': {'bit': 4, 'symmetry': True, 'per_channel': True, 'pot_scale': False}, 'a_qscheme': {'bit': 2, 'symmetry': False, 'per_channel': False, 'pot_scale': False}}}
2025-08-18 16:50:39,329 | INFO | Modules (total): 374 -> 690
2025-08-18 16:50:39,329 | INFO | 'Quantish' modules detected after prepare: 316
2025-08-18 16:50:39,329 | INFO | ▶ START: calibration (enable_calibration + forward)
2025-08-18 16:50:40,679 | INFO | [CALIB] step=1/32 seen=64 (47.6 img/s)
2025-08-18 16:50:41,320 | INFO | [CALIB] step=10/32 seen=640 (322.1 img/s)
2025-08-18 16:50:46,439 | INFO | [CALIB] step=20/32 seen=1280 (180.1 img/s)
2025-08-18 16:50:49,107 | INFO | [CALIB] step=30/32 seen=1920 (196.4 img/s)
2025-08-18 16:50:52,851 | INFO | [CALIB] total images seen: 2048
2025-08-18 16:50:52,851 | INFO | ✔ END: calibration (enable_calibration + forward) (elapsed 13.52s)
2025-08-18 16:50:52,851 | INFO | ▶ START: advanced PTQ reconstruction
2025-08-18 16:50:58,624 | INFO | [ADV] cfg={'pattern': 'block', 'scale_lr': 4e-05, 'warm_up': 0.2, 'weight': 0.01, 'max_count': 20000, 'b_range': [20, 2], 'keep_gpu': True, 'round_mode': 'learned_hard_sigmoid', 'prob': 1.0}
2025-08-18 16:50:58,625 | INFO | [ADV] stacked tensors: 32 | total calib images: 2048
2025-08-18 16:51:03,626 | WARNING | /home/alz07xz/project/kmeans_results/MQBench/mqbench/advanced_ptq.py:220: UserWarning: Converting a tensor with requires_grad=True to a scalar may lead to unexpected behavior.
Consider using tensor.detach() first. (Triggered internally at /pytorch/torch/csrc/autograd/generated/python_variable_methods.cpp:835.)
  float(total_loss), float(rec_loss), float(round_loss), b, self.count))

2025-08-18 18:09:12,695 | INFO | ✔ END: advanced PTQ reconstruction (elapsed 4699.84s)
2025-08-18 18:09:12,699 | INFO | ▶ START: enable_quantization (simulate INT8)
2025-08-18 18:09:12,705 | INFO | ✔ END: enable_quantization (simulate INT8) (elapsed 0.01s)
2025-08-18 18:09:12,705 | INFO | ✔ END: prepare_by_platform(Academic) (elapsed 4713.69s)
2025-08-18 18:09:12,706 | INFO | ▶ START: evaluate INT8-sim
2025-08-18 18:09:15,761 | INFO | [EVAL_INT8] progress: 50 batches, running top1=2.47%
2025-08-18 18:09:18,081 | INFO | [EVAL_INT8] progress: 100 batches, running top1=1.23%
2025-08-18 18:09:20,294 | INFO | [EVAL_INT8] progress: 150 batches, running top1=0.82%
2025-08-18 18:09:22,524 | INFO | [EVAL_INT8] progress: 200 batches, running top1=0.62%
2025-08-18 18:09:24,863 | INFO | [EVAL_INT8] progress: 250 batches, running top1=0.49%
2025-08-18 18:09:27,141 | INFO | [EVAL_INT8] progress: 300 batches, running top1=0.41%
2025-08-18 18:09:29,351 | INFO | [EVAL_INT8] progress: 350 batches, running top1=0.35%
2025-08-18 18:09:31,608 | INFO | [EVAL_INT8] progress: 400 batches, running top1=0.31%
2025-08-18 18:09:33,858 | INFO | [EVAL_INT8] progress: 450 batches, running top1=0.27%
2025-08-18 18:09:36,098 | INFO | [EVAL_INT8] progress: 500 batches, running top1=0.25%
2025-08-18 18:09:38,333 | INFO | [EVAL_INT8] progress: 550 batches, running top1=0.22%
2025-08-18 18:09:40,571 | INFO | [EVAL_INT8] progress: 600 batches, running top1=0.21%
2025-08-18 18:09:42,794 | INFO | [EVAL_INT8] progress: 650 batches, running top1=0.19%
2025-08-18 18:09:45,027 | INFO | [EVAL_INT8] progress: 700 batches, running top1=0.18%
2025-08-18 18:09:47,248 | INFO | [EVAL_INT8] progress: 750 batches, running top1=0.16%
2025-08-18 18:09:48,730 | INFO | [EVAL_INT8] done: 782 batches in 36.02s, top1=0.16%
2025-08-18 18:09:48,730 | INFO | [PTQ][regnet_x_3_2gf][Academic] [ADV] Top-1 = 0.16%
2025-08-18 18:09:48,731 | INFO | ✔ END: evaluate INT8-sim (elapsed 36.02s)
2025-08-18 18:09:48,731 | INFO | ▶ START: evaluate FP32 baseline
2025-08-18 18:09:51,276 | INFO | [EVAL_FP32] progress: 50 batches, running top1=85.84%
2025-08-18 18:09:53,493 | INFO | [EVAL_FP32] progress: 100 batches, running top1=86.62%
2025-08-18 18:09:55,417 | INFO | [EVAL_FP32] progress: 150 batches, running top1=86.46%
2025-08-18 18:09:57,368 | INFO | [EVAL_FP32] progress: 200 batches, running top1=85.96%
2025-08-18 18:09:59,308 | INFO | [EVAL_FP32] progress: 250 batches, running top1=85.72%
2025-08-18 18:10:01,397 | INFO | [EVAL_FP32] progress: 300 batches, running top1=85.83%
2025-08-18 18:10:03,232 | INFO | [EVAL_FP32] progress: 350 batches, running top1=84.94%
2025-08-18 18:10:05,256 | INFO | [EVAL_FP32] progress: 400 batches, running top1=83.70%
2025-08-18 18:10:07,211 | INFO | [EVAL_FP32] progress: 450 batches, running top1=83.33%
2025-08-18 18:10:09,316 | INFO | [EVAL_FP32] progress: 500 batches, running top1=82.68%
2025-08-18 18:10:11,168 | INFO | [EVAL_FP32] progress: 550 batches, running top1=82.36%
2025-08-18 18:10:13,212 | INFO | [EVAL_FP32] progress: 600 batches, running top1=82.05%
2025-08-18 18:10:15,044 | INFO | [EVAL_FP32] progress: 650 batches, running top1=81.71%
2025-08-18 18:10:17,037 | INFO | [EVAL_FP32] progress: 700 batches, running top1=81.34%
2025-08-18 18:10:19,025 | INFO | [EVAL_FP32] progress: 750 batches, running top1=81.30%
2025-08-18 18:10:20,210 | INFO | [EVAL_FP32] done: 782 batches in 31.48s, top1=81.18%
2025-08-18 18:10:20,211 | INFO | [FP32] Top-1 = 81.18% (expected ~None)
2025-08-18 18:10:20,211 | INFO | ✔ END: evaluate FP32 baseline (elapsed 31.48s)
2025-08-18 18:10:20,211 | INFO | ▶ START: extract model logits
2025-08-18 18:10:20,214 | INFO | Extracting logits from both models...
2025-08-18 18:10:22,286 | INFO | Processed 5 batches
2025-08-18 18:10:23,167 | INFO | Processed 10 batches
2025-08-18 18:10:25,036 | INFO | Extracted logits: Q=torch.Size([640, 1000]), FP=torch.Size([640, 1000])
2025-08-18 19:09:02,751 | INFO | ✔ END: extract model logits (elapsed 3522.54s)
