2025-08-18 11:39:07,141 | INFO | Environment: {'torch': '2.8.0+cu128', 'torchvision': '0.23.0+cu128', 'cuda_available': True, 'device_name': 'NVIDIA L40S', 'capability': '8.9', 'cudnn_version': 91002}
2025-08-18 11:39:07,141 | INFO | ▶ START: load fp32 model (torchvision weights API)
2025-08-18 11:39:07,402 | INFO | Model: resnet18 | Weights: ResNet18_Weights.IMAGENET1K_V1 | Params: 11.69M | Ref acc@1=None
2025-08-18 11:39:07,402 | INFO | ✔ END: load fp32 model (torchvision weights API) (elapsed 0.26s)
2025-08-18 11:39:07,402 | INFO | ▶ START: build & check loaders
2025-08-18 11:39:07,407 | INFO | Val structure looks OK (1000 synset folders).
2025-08-18 11:39:07,413 | INFO | Train structure looks OK (1000 synset folders).
2025-08-18 11:39:38,021 | INFO | ImageNet train: 1281167 images, 1000 classes
2025-08-18 11:39:39,819 | INFO | ImageNet val: 50000 images, 1000 classes
2025-08-18 11:39:39,819 | INFO | Val dataset size: 50000 | batch_size=64 | calib_batches=32
2025-08-18 11:39:42,072 | INFO | [SANITY] Batch[0] stats: mean=-0.1807, std=1.1175, min=-2.118, max=2.640
2025-08-18 11:39:42,072 | INFO | ✔ END: build & check loaders (elapsed 34.67s)
2025-08-18 11:39:42,076 | INFO | ▶ START: prepare_by_platform(Academic)
2025-08-18 11:39:42,077 | INFO | [Academic extra_config] {'extra_qconfig_dict': {'w_observer': 'MinMaxObserver', 'a_observer': 'EMAMinMaxObserver', 'w_fakequantize': 'AdaRoundFakeQuantize', 'a_fakequantize': 'FixedFakeQuantize', 'w_qscheme': {'bit': 2, 'symmetry': True, 'per_channel': True, 'pot_scale': False}, 'a_qscheme': {'bit': 4, 'symmetry': False, 'per_channel': False, 'pot_scale': False}}}
2025-08-18 11:39:42,643 | INFO | Modules (total): 68 -> 154
2025-08-18 11:39:42,643 | INFO | 'Quantish' modules detected after prepare: 78
2025-08-18 11:39:42,643 | INFO | ▶ START: calibration (enable_calibration + forward)
2025-08-18 11:39:44,017 | INFO | [CALIB] step=1/32 seen=64 (46.6 img/s)
2025-08-18 11:39:44,200 | INFO | [CALIB] step=10/32 seen=640 (411.3 img/s)
2025-08-18 11:39:46,325 | INFO | [CALIB] step=20/32 seen=1280 (347.7 img/s)
2025-08-18 11:39:47,837 | INFO | [CALIB] step=30/32 seen=1920 (369.7 img/s)
2025-08-18 11:39:49,701 | INFO | [CALIB] total images seen: 2048
2025-08-18 11:39:49,701 | INFO | ✔ END: calibration (enable_calibration + forward) (elapsed 7.06s)
2025-08-18 11:39:49,701 | INFO | ▶ START: advanced PTQ reconstruction
2025-08-18 11:39:52,719 | INFO | [ADV] cfg={'pattern': 'block', 'scale_lr': 4e-05, 'warm_up': 0.2, 'weight': 0.01, 'max_count': 20000, 'b_range': [20, 2], 'keep_gpu': True, 'round_mode': 'learned_hard_sigmoid', 'prob': 1.0}
2025-08-18 11:39:52,719 | INFO | [ADV] stacked tensors: 32 | total calib images: 2048
2025-08-18 11:39:57,371 | WARNING | /home/alz07xz/project/kmeans_results/MQBench/mqbench/advanced_ptq.py:220: UserWarning: Converting a tensor with requires_grad=True to a scalar may lead to unexpected behavior.
Consider using tensor.detach() first. (Triggered internally at /pytorch/torch/csrc/autograd/generated/python_variable_methods.cpp:835.)
  float(total_loss), float(rec_loss), float(round_loss), b, self.count))

2025-08-18 11:59:05,492 | INFO | ✔ END: advanced PTQ reconstruction (elapsed 1155.79s)
2025-08-18 11:59:05,496 | INFO | ▶ START: enable_quantization (simulate INT8)
2025-08-18 11:59:05,498 | INFO | ✔ END: enable_quantization (simulate INT8) (elapsed 0.00s)
2025-08-18 11:59:05,498 | INFO | ✔ END: prepare_by_platform(Academic) (elapsed 1163.42s)
2025-08-18 11:59:05,499 | INFO | ▶ START: evaluate INT8-sim
2025-08-18 11:59:09,119 | INFO | [EVAL_INT8] progress: 50 batches, running top1=59.34%
2025-08-18 11:59:17,480 | INFO | [EVAL_INT8] progress: 100 batches, running top1=45.20%
2025-08-18 11:59:25,116 | INFO | [EVAL_INT8] progress: 150 batches, running top1=37.84%
2025-08-18 11:59:32,868 | INFO | [EVAL_INT8] progress: 200 batches, running top1=31.02%
2025-08-18 11:59:37,880 | INFO | [EVAL_INT8] progress: 250 batches, running top1=28.65%
2025-08-18 11:59:43,078 | INFO | [EVAL_INT8] progress: 300 batches, running top1=28.33%
2025-08-18 11:59:48,329 | INFO | [EVAL_INT8] progress: 350 batches, running top1=26.38%
2025-08-18 11:59:55,843 | INFO | [EVAL_INT8] progress: 400 batches, running top1=24.28%
2025-08-18 12:00:00,871 | INFO | [EVAL_INT8] progress: 450 batches, running top1=22.67%
2025-08-18 12:00:05,791 | INFO | [EVAL_INT8] progress: 500 batches, running top1=21.27%
2025-08-18 12:00:12,458 | INFO | [EVAL_INT8] progress: 550 batches, running top1=20.25%
2025-08-18 12:00:19,144 | INFO | [EVAL_INT8] progress: 600 batches, running top1=19.43%
2025-08-18 12:00:23,864 | INFO | [EVAL_INT8] progress: 650 batches, running top1=18.75%
2025-08-18 12:00:31,929 | INFO | [EVAL_INT8] progress: 700 batches, running top1=18.05%
2025-08-18 12:00:40,333 | INFO | [EVAL_INT8] progress: 750 batches, running top1=18.04%
2025-08-18 12:00:44,264 | INFO | [EVAL_INT8] done: 782 batches in 98.76s, top1=18.28%
2025-08-18 12:00:44,264 | INFO | [PTQ][resnet18][Academic] [ADV] Top-1 = 18.28%
2025-08-18 12:00:44,264 | INFO | ✔ END: evaluate INT8-sim (elapsed 98.76s)
2025-08-18 12:00:44,264 | INFO | ▶ START: evaluate FP32 baseline
2025-08-18 12:00:46,809 | INFO | [EVAL_FP32] progress: 50 batches, running top1=75.81%
2025-08-18 12:00:48,724 | INFO | [EVAL_FP32] progress: 100 batches, running top1=76.22%
2025-08-18 12:00:50,886 | INFO | [EVAL_FP32] progress: 150 batches, running top1=76.55%
2025-08-18 12:00:52,697 | INFO | [EVAL_FP32] progress: 200 batches, running top1=75.80%
2025-08-18 12:00:54,729 | INFO | [EVAL_FP32] progress: 250 batches, running top1=75.61%
2025-08-18 12:00:56,666 | INFO | [EVAL_FP32] progress: 300 batches, running top1=76.22%
2025-08-18 12:00:58,715 | INFO | [EVAL_FP32] progress: 350 batches, running top1=75.15%
2025-08-18 12:01:00,720 | INFO | [EVAL_FP32] progress: 400 batches, running top1=73.58%
2025-08-18 12:01:02,707 | INFO | [EVAL_FP32] progress: 450 batches, running top1=73.02%
2025-08-18 12:01:04,518 | INFO | [EVAL_FP32] progress: 500 batches, running top1=72.02%
2025-08-18 12:01:06,528 | INFO | [EVAL_FP32] progress: 550 batches, running top1=71.39%
2025-08-18 12:01:08,464 | INFO | [EVAL_FP32] progress: 600 batches, running top1=70.77%
2025-08-18 12:01:10,572 | INFO | [EVAL_FP32] progress: 650 batches, running top1=70.39%
2025-08-18 12:01:12,453 | INFO | [EVAL_FP32] progress: 700 batches, running top1=69.83%
2025-08-18 12:01:14,380 | INFO | [EVAL_FP32] progress: 750 batches, running top1=69.81%
2025-08-18 12:01:15,619 | INFO | [EVAL_FP32] done: 782 batches in 31.35s, top1=69.76%
2025-08-18 12:01:15,619 | INFO | [FP32] Top-1 = 69.76% (expected ~None)
2025-08-18 12:01:15,619 | INFO | ✔ END: evaluate FP32 baseline (elapsed 31.35s)
2025-08-18 12:01:15,619 | INFO | ▶ START: extract model logits
2025-08-18 12:01:15,620 | INFO | Extracting logits from both models...
2025-08-18 12:01:17,678 | INFO | Processed 5 batches
2025-08-18 12:01:19,528 | INFO | Processed 10 batches
2025-08-18 12:01:21,026 | INFO | Extracted logits: Q=torch.Size([640, 1000]), FP=torch.Size([640, 1000])
2025-08-18 12:45:44,484 | INFO | ✔ END: extract model logits (elapsed 2668.87s)
