2025-08-18 11:13:59,862 | INFO | Environment: {'torch': '2.8.0+cu128', 'torchvision': '0.23.0+cu128', 'cuda_available': True, 'device_name': 'NVIDIA L40S', 'capability': '8.9', 'cudnn_version': 91002}
2025-08-18 11:13:59,862 | INFO | ▶ START: load fp32 model (torchvision weights API)
2025-08-18 11:14:00,374 | INFO | Model: mobilenet_v2 | Weights: MobileNet_V2_Weights.IMAGENET1K_V2 | Params: 3.50M | Ref acc@1=None
2025-08-18 11:14:00,374 | INFO | ✔ END: load fp32 model (torchvision weights API) (elapsed 0.51s)
2025-08-18 11:14:00,374 | INFO | ▶ START: build & check loaders
2025-08-18 11:14:00,390 | INFO | Val structure looks OK (1000 synset folders).
2025-08-18 11:14:00,404 | INFO | Train structure looks OK (1000 synset folders).
2025-08-18 11:14:25,031 | INFO | ImageNet train: 1281167 images, 1000 classes
2025-08-18 11:14:26,925 | INFO | ImageNet val: 50000 images, 1000 classes
2025-08-18 11:14:26,925 | INFO | Val dataset size: 50000 | batch_size=64 | calib_batches=32
2025-08-18 11:14:33,753 | INFO | [SANITY] Batch[0] stats: mean=-0.2055, std=1.1229, min=-2.118, max=2.640
2025-08-18 11:14:33,754 | INFO | ✔ END: build & check loaders (elapsed 33.38s)
2025-08-18 11:14:33,761 | INFO | ▶ START: prepare_by_platform(Academic)
2025-08-18 11:14:33,762 | INFO | [Academic extra_config] {'extra_qconfig_dict': {'w_observer': 'MinMaxObserver', 'a_observer': 'EMAMinMaxObserver', 'w_fakequantize': 'AdaRoundFakeQuantize', 'a_fakequantize': 'FixedFakeQuantize', 'w_qscheme': {'bit': 4, 'symmetry': True, 'per_channel': True, 'pot_scale': False}, 'a_qscheme': {'bit': 2, 'symmetry': False, 'per_channel': False, 'pot_scale': False}}}
2025-08-18 11:14:34,416 | INFO | Modules (total): 213 -> 425
2025-08-18 11:14:34,417 | INFO | 'Quantish' modules detected after prepare: 212
2025-08-18 11:14:34,417 | INFO | ▶ START: calibration (enable_calibration + forward)
2025-08-18 11:14:43,585 | INFO | [CALIB] step=1/32 seen=64 (7.0 img/s)
2025-08-18 11:14:44,095 | INFO | [CALIB] step=10/32 seen=640 (66.1 img/s)
2025-08-18 11:14:47,122 | INFO | [CALIB] step=20/32 seen=1280 (100.8 img/s)
2025-08-18 11:14:49,006 | INFO | [CALIB] step=30/32 seen=1920 (131.6 img/s)
2025-08-18 11:14:52,667 | INFO | [CALIB] total images seen: 2048
2025-08-18 11:14:52,667 | INFO | ✔ END: calibration (enable_calibration + forward) (elapsed 18.25s)
2025-08-18 11:14:52,667 | INFO | ▶ START: advanced PTQ reconstruction
2025-08-18 11:14:55,271 | INFO | [ADV] cfg={'pattern': 'block', 'scale_lr': 4e-05, 'warm_up': 0.2, 'weight': 0.01, 'max_count': 20000, 'b_range': [20, 2], 'keep_gpu': True, 'round_mode': 'learned_hard_sigmoid', 'prob': 1.0}
2025-08-18 11:14:55,271 | INFO | [ADV] stacked tensors: 32 | total calib images: 2048
2025-08-18 11:15:05,613 | WARNING | /home/alz07xz/project/kmeans_results/MQBench/mqbench/advanced_ptq.py:220: UserWarning: Converting a tensor with requires_grad=True to a scalar may lead to unexpected behavior.
Consider using tensor.detach() first. (Triggered internally at /pytorch/torch/csrc/autograd/generated/python_variable_methods.cpp:835.)
  float(total_loss), float(rec_loss), float(round_loss), b, self.count))

2025-08-18 12:01:19,899 | INFO | ✔ END: advanced PTQ reconstruction (elapsed 2787.23s)
2025-08-18 12:01:20,140 | INFO | ▶ START: enable_quantization (simulate INT8)
2025-08-18 12:01:20,154 | INFO | ✔ END: enable_quantization (simulate INT8) (elapsed 0.01s)
2025-08-18 12:01:20,154 | INFO | ✔ END: prepare_by_platform(Academic) (elapsed 2806.39s)
2025-08-18 12:01:20,156 | INFO | ▶ START: evaluate INT8-sim
2025-08-18 12:01:22,937 | INFO | [EVAL_INT8] progress: 50 batches, running top1=4.62%
2025-08-18 12:01:27,765 | INFO | [EVAL_INT8] progress: 100 batches, running top1=2.33%
2025-08-18 12:01:32,365 | INFO | [EVAL_INT8] progress: 150 batches, running top1=1.55%
2025-08-18 12:01:39,700 | INFO | [EVAL_INT8] progress: 200 batches, running top1=1.16%
2025-08-18 12:01:47,938 | INFO | [EVAL_INT8] progress: 250 batches, running top1=0.93%
2025-08-18 12:01:58,960 | INFO | [EVAL_INT8] progress: 300 batches, running top1=0.78%
2025-08-18 12:02:08,574 | INFO | [EVAL_INT8] progress: 350 batches, running top1=0.67%
2025-08-18 12:02:16,451 | INFO | [EVAL_INT8] progress: 400 batches, running top1=0.59%
2025-08-18 12:02:20,732 | INFO | [EVAL_INT8] progress: 450 batches, running top1=0.52%
2025-08-18 12:02:24,588 | INFO | [EVAL_INT8] progress: 500 batches, running top1=0.47%
2025-08-18 12:02:29,649 | INFO | [EVAL_INT8] progress: 550 batches, running top1=0.43%
2025-08-18 12:02:34,102 | INFO | [EVAL_INT8] progress: 600 batches, running top1=0.39%
2025-08-18 12:02:38,209 | INFO | [EVAL_INT8] progress: 650 batches, running top1=0.36%
2025-08-18 12:02:44,484 | INFO | [EVAL_INT8] progress: 700 batches, running top1=0.33%
2025-08-18 12:02:50,889 | INFO | [EVAL_INT8] progress: 750 batches, running top1=0.31%
2025-08-18 12:02:55,434 | INFO | [EVAL_INT8] done: 782 batches in 95.28s, top1=0.30%
2025-08-18 12:02:55,434 | INFO | [PTQ][mobilenet_v2][Academic] [ADV] Top-1 = 0.30%
2025-08-18 12:02:55,434 | INFO | ✔ END: evaluate INT8-sim (elapsed 95.28s)
2025-08-18 12:02:55,434 | INFO | ▶ START: evaluate FP32 baseline
2025-08-18 12:02:57,961 | INFO | [EVAL_FP32] progress: 50 batches, running top1=78.28%
2025-08-18 12:03:00,250 | INFO | [EVAL_FP32] progress: 100 batches, running top1=79.39%
2025-08-18 12:03:02,200 | INFO | [EVAL_FP32] progress: 150 batches, running top1=78.90%
2025-08-18 12:03:04,155 | INFO | [EVAL_FP32] progress: 200 batches, running top1=78.18%
2025-08-18 12:03:06,413 | INFO | [EVAL_FP32] progress: 250 batches, running top1=78.02%
2025-08-18 12:03:08,567 | INFO | [EVAL_FP32] progress: 300 batches, running top1=78.35%
2025-08-18 12:03:10,475 | INFO | [EVAL_FP32] progress: 350 batches, running top1=77.30%
2025-08-18 12:03:12,493 | INFO | [EVAL_FP32] progress: 400 batches, running top1=75.82%
2025-08-18 12:03:14,537 | INFO | [EVAL_FP32] progress: 450 batches, running top1=75.21%
2025-08-18 12:03:16,633 | INFO | [EVAL_FP32] progress: 500 batches, running top1=74.27%
2025-08-18 12:03:18,746 | INFO | [EVAL_FP32] progress: 550 batches, running top1=73.65%
2025-08-18 12:03:20,680 | INFO | [EVAL_FP32] progress: 600 batches, running top1=73.09%
2025-08-18 12:03:22,649 | INFO | [EVAL_FP32] progress: 650 batches, running top1=72.71%
2025-08-18 12:03:24,586 | INFO | [EVAL_FP32] progress: 700 batches, running top1=72.16%
2025-08-18 12:03:26,469 | INFO | [EVAL_FP32] progress: 750 batches, running top1=72.19%
2025-08-18 12:03:27,717 | INFO | [EVAL_FP32] done: 782 batches in 32.28s, top1=72.15%
2025-08-18 12:03:27,717 | INFO | [FP32] Top-1 = 72.15% (expected ~None)
2025-08-18 12:03:27,717 | INFO | ✔ END: evaluate FP32 baseline (elapsed 32.28s)
2025-08-18 12:03:27,717 | INFO | ▶ START: extract model logits
2025-08-18 12:03:27,719 | INFO | Extracting logits from both models...
2025-08-18 12:03:29,491 | INFO | Processed 5 batches
2025-08-18 12:03:30,315 | INFO | Processed 10 batches
2025-08-18 12:03:32,241 | INFO | Extracted logits: Q=torch.Size([640, 1000]), FP=torch.Size([640, 1000])
2025-08-18 12:54:36,471 | INFO | ✔ END: extract model logits (elapsed 3068.75s)
