2025-08-18 14:35:08,912 | INFO | Environment: {'torch': '2.8.0+cu128', 'torchvision': '0.23.0+cu128', 'cuda_available': True, 'device_name': 'NVIDIA L40S', 'capability': '8.9', 'cudnn_version': 91002}
2025-08-18 14:35:08,912 | INFO | ▶ START: load fp32 model (torchvision weights API)
2025-08-18 14:35:09,305 | INFO | Model: mnasnet0_5 | Weights: MNASNet0_5_Weights.IMAGENET1K_V1 | Params: 2.22M | Ref acc@1=None
2025-08-18 14:35:09,305 | INFO | ✔ END: load fp32 model (torchvision weights API) (elapsed 0.39s)
2025-08-18 14:35:09,305 | INFO | ▶ START: build & check loaders
2025-08-18 14:35:09,312 | INFO | Val structure looks OK (1000 synset folders).
2025-08-18 14:35:09,326 | INFO | Train structure looks OK (1000 synset folders).
2025-08-18 14:35:53,538 | INFO | ImageNet train: 1281167 images, 1000 classes
2025-08-18 14:35:55,499 | INFO | ImageNet val: 50000 images, 1000 classes
2025-08-18 14:35:55,499 | INFO | Val dataset size: 50000 | batch_size=64 | calib_batches=32
2025-08-18 14:35:58,720 | INFO | [SANITY] Batch[0] stats: mean=-0.1807, std=1.1175, min=-2.118, max=2.640
2025-08-18 14:35:58,720 | INFO | ✔ END: build & check loaders (elapsed 49.41s)
2025-08-18 14:35:58,723 | INFO | ▶ START: prepare_by_platform(Academic)
2025-08-18 14:35:58,723 | INFO | [Academic extra_config] {'extra_qconfig_dict': {'w_observer': 'MinMaxObserver', 'a_observer': 'EMAMinMaxObserver', 'w_fakequantize': 'AdaRoundFakeQuantize', 'a_fakequantize': 'FixedFakeQuantize', 'w_qscheme': {'bit': 2, 'symmetry': True, 'per_channel': True, 'pot_scale': False}, 'a_qscheme': {'bit': 2, 'symmetry': False, 'per_channel': False, 'pot_scale': False}}}
2025-08-18 14:35:58,863 | INFO | Modules (total): 182 -> 394
2025-08-18 14:35:58,863 | INFO | 'Quantish' modules detected after prepare: 212
2025-08-18 14:35:58,863 | INFO | ▶ START: calibration (enable_calibration + forward)
2025-08-18 14:36:00,129 | INFO | [CALIB] step=1/32 seen=64 (50.7 img/s)
2025-08-18 14:36:00,456 | INFO | [CALIB] step=10/32 seen=640 (402.3 img/s)
2025-08-18 14:36:01,356 | INFO | [CALIB] step=20/32 seen=1280 (514.0 img/s)
2025-08-18 14:36:03,143 | INFO | [CALIB] step=30/32 seen=1920 (448.8 img/s)
2025-08-18 14:36:05,052 | INFO | [CALIB] total images seen: 2048
2025-08-18 14:36:05,052 | INFO | ✔ END: calibration (enable_calibration + forward) (elapsed 6.19s)
2025-08-18 14:36:05,052 | INFO | ▶ START: advanced PTQ reconstruction
2025-08-18 14:36:07,863 | INFO | [ADV] cfg={'pattern': 'block', 'scale_lr': 4e-05, 'warm_up': 0.2, 'weight': 0.01, 'max_count': 20000, 'b_range': [20, 2], 'keep_gpu': True, 'round_mode': 'learned_hard_sigmoid', 'prob': 1.0}
2025-08-18 14:36:07,863 | INFO | [ADV] stacked tensors: 32 | total calib images: 2048
2025-08-18 14:36:11,732 | WARNING | /home/alz07xz/project/kmeans_results/MQBench/mqbench/advanced_ptq.py:220: UserWarning: Converting a tensor with requires_grad=True to a scalar may lead to unexpected behavior.
Consider using tensor.detach() first. (Triggered internally at /pytorch/torch/csrc/autograd/generated/python_variable_methods.cpp:835.)
  float(total_loss), float(rec_loss), float(round_loss), b, self.count))

2025-08-18 15:14:16,007 | INFO | ✔ END: advanced PTQ reconstruction (elapsed 2290.95s)
2025-08-18 15:14:16,009 | INFO | ▶ START: enable_quantization (simulate INT8)
2025-08-18 15:14:16,013 | INFO | ✔ END: enable_quantization (simulate INT8) (elapsed 0.00s)
2025-08-18 15:14:16,013 | INFO | ✔ END: prepare_by_platform(Academic) (elapsed 2297.29s)
2025-08-18 15:14:16,015 | INFO | ▶ START: evaluate INT8-sim
2025-08-18 15:14:20,379 | INFO | [EVAL_INT8] progress: 50 batches, running top1=3.50%
2025-08-18 15:14:28,309 | INFO | [EVAL_INT8] progress: 100 batches, running top1=1.77%
2025-08-18 15:14:34,451 | INFO | [EVAL_INT8] progress: 150 batches, running top1=1.18%
2025-08-18 15:14:40,290 | INFO | [EVAL_INT8] progress: 200 batches, running top1=0.88%
2025-08-18 15:14:48,655 | INFO | [EVAL_INT8] progress: 250 batches, running top1=0.71%
2025-08-18 15:14:53,852 | INFO | [EVAL_INT8] progress: 300 batches, running top1=0.59%
2025-08-18 15:14:59,309 | INFO | [EVAL_INT8] progress: 350 batches, running top1=0.52%
2025-08-18 15:15:06,565 | INFO | [EVAL_INT8] progress: 400 batches, running top1=0.46%
2025-08-18 15:15:12,819 | INFO | [EVAL_INT8] progress: 450 batches, running top1=0.41%
2025-08-18 15:15:21,065 | INFO | [EVAL_INT8] progress: 500 batches, running top1=0.37%
2025-08-18 15:15:31,031 | INFO | [EVAL_INT8] progress: 550 batches, running top1=0.33%
2025-08-18 15:15:39,176 | INFO | [EVAL_INT8] progress: 600 batches, running top1=0.30%
2025-08-18 15:15:47,528 | INFO | [EVAL_INT8] progress: 650 batches, running top1=0.28%
2025-08-18 15:15:58,584 | INFO | [EVAL_INT8] progress: 700 batches, running top1=0.26%
2025-08-18 15:16:03,273 | INFO | [EVAL_INT8] progress: 750 batches, running top1=0.24%
2025-08-18 15:16:07,088 | INFO | [EVAL_INT8] done: 782 batches in 111.07s, top1=0.23%
2025-08-18 15:16:07,089 | INFO | [PTQ][mnasnet0_5][Academic] [ADV] Top-1 = 0.23%
2025-08-18 15:16:07,089 | INFO | ✔ END: evaluate INT8-sim (elapsed 111.07s)
2025-08-18 15:16:07,089 | INFO | ▶ START: evaluate FP32 baseline
2025-08-18 15:16:09,520 | INFO | [EVAL_FP32] progress: 50 batches, running top1=73.44%
2025-08-18 15:16:11,437 | INFO | [EVAL_FP32] progress: 100 batches, running top1=74.81%
2025-08-18 15:16:13,357 | INFO | [EVAL_FP32] progress: 150 batches, running top1=75.14%
2025-08-18 15:16:15,232 | INFO | [EVAL_FP32] progress: 200 batches, running top1=74.41%
2025-08-18 15:16:17,245 | INFO | [EVAL_FP32] progress: 250 batches, running top1=74.26%
2025-08-18 15:16:19,124 | INFO | [EVAL_FP32] progress: 300 batches, running top1=74.69%
2025-08-18 15:16:21,010 | INFO | [EVAL_FP32] progress: 350 batches, running top1=73.39%
2025-08-18 15:16:22,847 | INFO | [EVAL_FP32] progress: 400 batches, running top1=71.63%
2025-08-18 15:16:24,714 | INFO | [EVAL_FP32] progress: 450 batches, running top1=70.98%
2025-08-18 15:16:26,569 | INFO | [EVAL_FP32] progress: 500 batches, running top1=69.94%
2025-08-18 15:16:28,355 | INFO | [EVAL_FP32] progress: 550 batches, running top1=69.28%
2025-08-18 15:16:30,267 | INFO | [EVAL_FP32] progress: 600 batches, running top1=68.73%
2025-08-18 15:16:32,388 | INFO | [EVAL_FP32] progress: 650 batches, running top1=68.26%
2025-08-18 15:16:34,024 | INFO | [EVAL_FP32] progress: 700 batches, running top1=67.67%
2025-08-18 15:16:36,066 | INFO | [EVAL_FP32] progress: 750 batches, running top1=67.74%
2025-08-18 15:16:37,053 | INFO | [EVAL_FP32] done: 782 batches in 29.96s, top1=67.76%
2025-08-18 15:16:37,053 | INFO | [FP32] Top-1 = 67.76% (expected ~None)
2025-08-18 15:16:37,053 | INFO | ✔ END: evaluate FP32 baseline (elapsed 29.96s)
2025-08-18 15:16:37,053 | INFO | ▶ START: extract model logits
2025-08-18 15:16:37,055 | INFO | Extracting logits from both models...
2025-08-18 15:16:39,621 | INFO | Processed 5 batches
2025-08-18 15:16:40,707 | INFO | Processed 10 batches
2025-08-18 15:16:43,017 | INFO | Extracted logits: Q=torch.Size([640, 1000]), FP=torch.Size([640, 1000])
2025-08-18 16:02:09,103 | INFO | ✔ END: extract model logits (elapsed 2732.05s)
