2025-08-18 11:10:36,532 | INFO | Environment: {'torch': '2.8.0+cu128', 'torchvision': '0.23.0+cu128', 'cuda_available': True, 'device_name': 'NVIDIA L40S', 'capability': '8.9', 'cudnn_version': 91002}
2025-08-18 11:10:36,532 | INFO | ▶ START: load fp32 model (torchvision weights API)
2025-08-18 11:10:37,109 | INFO | Model: mobilenet_v2 | Weights: MobileNet_V2_Weights.IMAGENET1K_V2 | Params: 3.50M | Ref acc@1=None
2025-08-18 11:10:37,109 | INFO | ✔ END: load fp32 model (torchvision weights API) (elapsed 0.58s)
2025-08-18 11:10:37,110 | INFO | ▶ START: build & check loaders
2025-08-18 11:10:37,116 | INFO | Val structure looks OK (1000 synset folders).
2025-08-18 11:10:37,132 | INFO | Train structure looks OK (1000 synset folders).
2025-08-18 11:11:16,231 | INFO | ImageNet train: 1281167 images, 1000 classes
2025-08-18 11:11:21,683 | INFO | ImageNet val: 50000 images, 1000 classes
2025-08-18 11:11:21,684 | INFO | Val dataset size: 50000 | batch_size=64 | calib_batches=32
2025-08-18 11:11:24,142 | INFO | [SANITY] Batch[0] stats: mean=-0.2055, std=1.1229, min=-2.118, max=2.640
2025-08-18 11:11:24,142 | INFO | ✔ END: build & check loaders (elapsed 47.03s)
2025-08-18 11:11:24,146 | INFO | ▶ START: prepare_by_platform(Academic)
2025-08-18 11:11:24,146 | INFO | [Academic extra_config] {'extra_qconfig_dict': {'w_observer': 'MinMaxObserver', 'a_observer': 'EMAMinMaxObserver', 'w_fakequantize': 'AdaRoundFakeQuantize', 'a_fakequantize': 'FixedFakeQuantize', 'w_qscheme': {'bit': 2, 'symmetry': True, 'per_channel': True, 'pot_scale': False}, 'a_qscheme': {'bit': 2, 'symmetry': False, 'per_channel': False, 'pot_scale': False}}}
2025-08-18 11:11:24,738 | INFO | Modules (total): 213 -> 425
2025-08-18 11:11:24,738 | INFO | 'Quantish' modules detected after prepare: 212
2025-08-18 11:11:24,738 | INFO | ▶ START: calibration (enable_calibration + forward)
2025-08-18 11:11:30,938 | INFO | [CALIB] step=1/32 seen=64 (10.3 img/s)
2025-08-18 11:11:31,428 | INFO | [CALIB] step=10/32 seen=640 (95.7 img/s)
2025-08-18 11:11:34,523 | INFO | [CALIB] step=20/32 seen=1280 (130.8 img/s)
2025-08-18 11:11:36,002 | INFO | [CALIB] step=30/32 seen=1920 (170.5 img/s)
2025-08-18 11:11:41,095 | INFO | [CALIB] total images seen: 2048
2025-08-18 11:11:41,096 | INFO | ✔ END: calibration (enable_calibration + forward) (elapsed 16.36s)
2025-08-18 11:11:41,096 | INFO | ▶ START: advanced PTQ reconstruction
2025-08-18 11:11:43,054 | INFO | [ADV] cfg={'pattern': 'block', 'scale_lr': 4e-05, 'warm_up': 0.2, 'weight': 0.01, 'max_count': 20000, 'b_range': [20, 2], 'keep_gpu': True, 'round_mode': 'learned_hard_sigmoid', 'prob': 1.0}
2025-08-18 11:11:43,055 | INFO | [ADV] stacked tensors: 32 | total calib images: 2048
2025-08-18 11:11:50,810 | WARNING | /home/alz07xz/project/kmeans_results/MQBench/mqbench/advanced_ptq.py:220: UserWarning: Converting a tensor with requires_grad=True to a scalar may lead to unexpected behavior.
Consider using tensor.detach() first. (Triggered internally at /pytorch/torch/csrc/autograd/generated/python_variable_methods.cpp:835.)
  float(total_loss), float(rec_loss), float(round_loss), b, self.count))

2025-08-18 11:57:54,911 | INFO | ✔ END: advanced PTQ reconstruction (elapsed 2773.82s)
2025-08-18 11:57:54,913 | INFO | ▶ START: enable_quantization (simulate INT8)
2025-08-18 11:57:54,918 | INFO | ✔ END: enable_quantization (simulate INT8) (elapsed 0.00s)
2025-08-18 11:57:54,918 | INFO | ✔ END: prepare_by_platform(Academic) (elapsed 2790.77s)
2025-08-18 11:57:54,920 | INFO | ▶ START: evaluate INT8-sim
2025-08-18 11:57:57,730 | INFO | [EVAL_INT8] progress: 50 batches, running top1=3.91%
2025-08-18 11:57:59,844 | INFO | [EVAL_INT8] progress: 100 batches, running top1=2.30%
2025-08-18 11:58:01,919 | INFO | [EVAL_INT8] progress: 150 batches, running top1=1.57%
2025-08-18 11:58:04,900 | INFO | [EVAL_INT8] progress: 200 batches, running top1=1.20%
2025-08-18 11:58:12,475 | INFO | [EVAL_INT8] progress: 250 batches, running top1=0.97%
2025-08-18 11:58:21,074 | INFO | [EVAL_INT8] progress: 300 batches, running top1=0.81%
2025-08-18 11:58:28,855 | INFO | [EVAL_INT8] progress: 350 batches, running top1=0.70%
2025-08-18 11:58:35,034 | INFO | [EVAL_INT8] progress: 400 batches, running top1=0.61%
2025-08-18 11:58:42,046 | INFO | [EVAL_INT8] progress: 450 batches, running top1=0.55%
2025-08-18 11:58:47,409 | INFO | [EVAL_INT8] progress: 500 batches, running top1=0.49%
2025-08-18 11:58:54,593 | INFO | [EVAL_INT8] progress: 550 batches, running top1=0.45%
2025-08-18 11:59:01,307 | INFO | [EVAL_INT8] progress: 600 batches, running top1=0.41%
2025-08-18 11:59:08,270 | INFO | [EVAL_INT8] progress: 650 batches, running top1=0.40%
2025-08-18 11:59:16,251 | INFO | [EVAL_INT8] progress: 700 batches, running top1=0.38%
2025-08-18 11:59:25,969 | INFO | [EVAL_INT8] progress: 750 batches, running top1=0.35%
2025-08-18 11:59:30,212 | INFO | [EVAL_INT8] done: 782 batches in 95.29s, top1=0.34%
2025-08-18 11:59:30,212 | INFO | [PTQ][mobilenet_v2][Academic] [ADV] Top-1 = 0.34%
2025-08-18 11:59:30,212 | INFO | ✔ END: evaluate INT8-sim (elapsed 95.29s)
2025-08-18 11:59:30,212 | INFO | ▶ START: evaluate FP32 baseline
2025-08-18 11:59:32,823 | INFO | [EVAL_FP32] progress: 50 batches, running top1=78.28%
2025-08-18 11:59:34,851 | INFO | [EVAL_FP32] progress: 100 batches, running top1=79.39%
2025-08-18 11:59:36,791 | INFO | [EVAL_FP32] progress: 150 batches, running top1=78.90%
2025-08-18 11:59:38,744 | INFO | [EVAL_FP32] progress: 200 batches, running top1=78.18%
2025-08-18 11:59:40,809 | INFO | [EVAL_FP32] progress: 250 batches, running top1=78.02%
2025-08-18 11:59:42,813 | INFO | [EVAL_FP32] progress: 300 batches, running top1=78.35%
2025-08-18 11:59:44,768 | INFO | [EVAL_FP32] progress: 350 batches, running top1=77.30%
2025-08-18 11:59:46,780 | INFO | [EVAL_FP32] progress: 400 batches, running top1=75.82%
2025-08-18 11:59:48,793 | INFO | [EVAL_FP32] progress: 450 batches, running top1=75.21%
2025-08-18 11:59:50,780 | INFO | [EVAL_FP32] progress: 500 batches, running top1=74.27%
2025-08-18 11:59:52,812 | INFO | [EVAL_FP32] progress: 550 batches, running top1=73.65%
2025-08-18 11:59:54,679 | INFO | [EVAL_FP32] progress: 600 batches, running top1=73.09%
2025-08-18 11:59:56,635 | INFO | [EVAL_FP32] progress: 650 batches, running top1=72.71%
2025-08-18 11:59:58,563 | INFO | [EVAL_FP32] progress: 700 batches, running top1=72.16%
2025-08-18 12:00:00,544 | INFO | [EVAL_FP32] progress: 750 batches, running top1=72.19%
2025-08-18 12:00:01,632 | INFO | [EVAL_FP32] done: 782 batches in 31.42s, top1=72.15%
2025-08-18 12:00:01,632 | INFO | [FP32] Top-1 = 72.15% (expected ~None)
2025-08-18 12:00:01,632 | INFO | ✔ END: evaluate FP32 baseline (elapsed 31.42s)
2025-08-18 12:00:01,632 | INFO | ▶ START: extract model logits
2025-08-18 12:00:01,634 | INFO | Extracting logits from both models...
2025-08-18 12:00:04,660 | INFO | Processed 5 batches
2025-08-18 12:00:07,030 | INFO | Processed 10 batches
2025-08-18 12:00:09,528 | INFO | Extracted logits: Q=torch.Size([640, 1000]), FP=torch.Size([640, 1000])
2025-08-18 12:50:47,572 | INFO | ✔ END: extract model logits (elapsed 3045.94s)
