2025-08-18 11:42:26,693 | INFO | Environment: {'torch': '2.8.0+cu128', 'torchvision': '0.23.0+cu128', 'cuda_available': True, 'device_name': 'NVIDIA L40S', 'capability': '8.9', 'cudnn_version': 91002}
2025-08-18 11:42:26,694 | INFO | ▶ START: load fp32 model (torchvision weights API)
2025-08-18 11:42:26,942 | INFO | Model: mnasnet0_5 | Weights: MNASNet0_5_Weights.IMAGENET1K_V1 | Params: 2.22M | Ref acc@1=None
2025-08-18 11:42:26,942 | INFO | ✔ END: load fp32 model (torchvision weights API) (elapsed 0.25s)
2025-08-18 11:42:26,942 | INFO | ▶ START: build & check loaders
2025-08-18 11:42:26,948 | INFO | Val structure looks OK (1000 synset folders).
2025-08-18 11:42:26,958 | INFO | Train structure looks OK (1000 synset folders).
2025-08-18 11:43:11,097 | INFO | ImageNet train: 1281167 images, 1000 classes
2025-08-18 11:43:12,401 | INFO | ImageNet val: 50000 images, 1000 classes
2025-08-18 11:43:12,401 | INFO | Val dataset size: 50000 | batch_size=64 | calib_batches=32
2025-08-18 11:43:15,170 | INFO | [SANITY] Batch[0] stats: mean=-0.1807, std=1.1175, min=-2.118, max=2.640
2025-08-18 11:43:15,170 | INFO | ✔ END: build & check loaders (elapsed 48.23s)
2025-08-18 11:43:15,175 | INFO | ▶ START: prepare_by_platform(Academic)
2025-08-18 11:43:15,176 | INFO | [Academic extra_config] {'extra_qconfig_dict': {'w_observer': 'MinMaxObserver', 'a_observer': 'EMAMinMaxObserver', 'w_fakequantize': 'AdaRoundFakeQuantize', 'a_fakequantize': 'FixedFakeQuantize', 'w_qscheme': {'bit': 2, 'symmetry': True, 'per_channel': True, 'pot_scale': False}, 'a_qscheme': {'bit': 2, 'symmetry': False, 'per_channel': False, 'pot_scale': False}}}
2025-08-18 11:43:15,338 | INFO | Modules (total): 182 -> 394
2025-08-18 11:43:15,338 | INFO | 'Quantish' modules detected after prepare: 212
2025-08-18 11:43:15,338 | INFO | ▶ START: calibration (enable_calibration + forward)
2025-08-18 11:43:17,176 | INFO | [CALIB] step=1/32 seen=64 (34.9 img/s)
2025-08-18 11:43:17,527 | INFO | [CALIB] step=10/32 seen=640 (292.7 img/s)
2025-08-18 11:43:18,349 | INFO | [CALIB] step=20/32 seen=1280 (425.4 img/s)
2025-08-18 11:43:18,863 | INFO | [CALIB] step=30/32 seen=1920 (545.1 img/s)
2025-08-18 11:43:19,267 | INFO | [CALIB] total images seen: 2048
2025-08-18 11:43:19,268 | INFO | ✔ END: calibration (enable_calibration + forward) (elapsed 3.93s)
2025-08-18 11:43:19,268 | INFO | ▶ START: advanced PTQ reconstruction
2025-08-18 11:43:21,318 | INFO | [ADV] cfg={'pattern': 'block', 'scale_lr': 4e-05, 'warm_up': 0.2, 'weight': 0.01, 'max_count': 20000, 'b_range': [20, 2], 'keep_gpu': True, 'round_mode': 'learned_hard_sigmoid', 'prob': 1.0}
2025-08-18 11:43:21,318 | INFO | [ADV] stacked tensors: 32 | total calib images: 2048
2025-08-18 11:43:25,900 | WARNING | /home/alz07xz/project/kmeans_results/MQBench/mqbench/advanced_ptq.py:220: UserWarning: Converting a tensor with requires_grad=True to a scalar may lead to unexpected behavior.
Consider using tensor.detach() first. (Triggered internally at /pytorch/torch/csrc/autograd/generated/python_variable_methods.cpp:835.)
  float(total_loss), float(rec_loss), float(round_loss), b, self.count))

2025-08-18 12:21:20,051 | INFO | ✔ END: advanced PTQ reconstruction (elapsed 2280.78s)
2025-08-18 12:21:20,053 | INFO | ▶ START: enable_quantization (simulate INT8)
2025-08-18 12:21:20,057 | INFO | ✔ END: enable_quantization (simulate INT8) (elapsed 0.00s)
2025-08-18 12:21:20,057 | INFO | ✔ END: prepare_by_platform(Academic) (elapsed 2284.88s)
2025-08-18 12:21:20,058 | INFO | ▶ START: evaluate INT8-sim
2025-08-18 12:21:22,633 | INFO | [EVAL_INT8] progress: 50 batches, running top1=3.50%
2025-08-18 12:21:24,598 | INFO | [EVAL_INT8] progress: 100 batches, running top1=1.77%
2025-08-18 12:21:26,603 | INFO | [EVAL_INT8] progress: 150 batches, running top1=1.18%
2025-08-18 12:21:28,752 | INFO | [EVAL_INT8] progress: 200 batches, running top1=0.88%
2025-08-18 12:21:30,755 | INFO | [EVAL_INT8] progress: 250 batches, running top1=0.71%
2025-08-18 12:21:32,734 | INFO | [EVAL_INT8] progress: 300 batches, running top1=0.59%
2025-08-18 12:21:34,758 | INFO | [EVAL_INT8] progress: 350 batches, running top1=0.52%
2025-08-18 12:21:36,698 | INFO | [EVAL_INT8] progress: 400 batches, running top1=0.46%
2025-08-18 12:21:38,712 | INFO | [EVAL_INT8] progress: 450 batches, running top1=0.41%
2025-08-18 12:21:40,675 | INFO | [EVAL_INT8] progress: 500 batches, running top1=0.37%
2025-08-18 12:21:42,587 | INFO | [EVAL_INT8] progress: 550 batches, running top1=0.33%
2025-08-18 12:21:44,633 | INFO | [EVAL_INT8] progress: 600 batches, running top1=0.30%
2025-08-18 12:21:46,589 | INFO | [EVAL_INT8] progress: 650 batches, running top1=0.28%
2025-08-18 12:21:48,523 | INFO | [EVAL_INT8] progress: 700 batches, running top1=0.26%
2025-08-18 12:21:50,499 | INFO | [EVAL_INT8] progress: 750 batches, running top1=0.24%
2025-08-18 12:21:51,704 | INFO | [EVAL_INT8] done: 782 batches in 31.64s, top1=0.23%
2025-08-18 12:21:51,704 | INFO | [PTQ][mnasnet0_5][Academic] [ADV] Top-1 = 0.23%
2025-08-18 12:21:51,704 | INFO | ✔ END: evaluate INT8-sim (elapsed 31.65s)
2025-08-18 12:21:51,705 | INFO | ▶ START: evaluate FP32 baseline
2025-08-18 12:21:54,204 | INFO | [EVAL_FP32] progress: 50 batches, running top1=73.44%
2025-08-18 12:21:56,200 | INFO | [EVAL_FP32] progress: 100 batches, running top1=74.81%
2025-08-18 12:21:58,046 | INFO | [EVAL_FP32] progress: 150 batches, running top1=75.14%
2025-08-18 12:21:59,924 | INFO | [EVAL_FP32] progress: 200 batches, running top1=74.41%
2025-08-18 12:22:02,236 | INFO | [EVAL_FP32] progress: 250 batches, running top1=74.26%
2025-08-18 12:22:04,159 | INFO | [EVAL_FP32] progress: 300 batches, running top1=74.69%
2025-08-18 12:22:06,184 | INFO | [EVAL_FP32] progress: 350 batches, running top1=73.39%
2025-08-18 12:22:07,984 | INFO | [EVAL_FP32] progress: 400 batches, running top1=71.63%
2025-08-18 12:22:09,972 | INFO | [EVAL_FP32] progress: 450 batches, running top1=70.98%
2025-08-18 12:22:12,133 | INFO | [EVAL_FP32] progress: 500 batches, running top1=69.94%
2025-08-18 12:22:14,020 | INFO | [EVAL_FP32] progress: 550 batches, running top1=69.28%
2025-08-18 12:22:15,824 | INFO | [EVAL_FP32] progress: 600 batches, running top1=68.73%
2025-08-18 12:22:17,851 | INFO | [EVAL_FP32] progress: 650 batches, running top1=68.26%
2025-08-18 12:22:19,731 | INFO | [EVAL_FP32] progress: 700 batches, running top1=67.67%
2025-08-18 12:22:21,632 | INFO | [EVAL_FP32] progress: 750 batches, running top1=67.74%
2025-08-18 12:22:22,871 | INFO | [EVAL_FP32] done: 782 batches in 31.17s, top1=67.76%
2025-08-18 12:22:22,871 | INFO | [FP32] Top-1 = 67.76% (expected ~None)
2025-08-18 12:22:22,871 | INFO | ✔ END: evaluate FP32 baseline (elapsed 31.17s)
2025-08-18 12:22:22,872 | INFO | ▶ START: extract model logits
2025-08-18 12:22:22,874 | INFO | Extracting logits from both models...
2025-08-18 12:22:26,674 | INFO | Processed 5 batches
2025-08-18 12:22:28,863 | INFO | Processed 10 batches
2025-08-18 12:22:30,299 | INFO | Extracted logits: Q=torch.Size([640, 1000]), FP=torch.Size([640, 1000])
