2025-08-17 13:42:02,867 | INFO | Environment: {'torch': '2.8.0+cu128', 'torchvision': '0.23.0+cu128', 'cuda_available': True, 'device_name': 'NVIDIA L40S', 'capability': '8.9', 'cudnn_version': 91002}
2025-08-17 13:42:02,867 | INFO | ▶ START: load fp32 model (torchvision weights API)
2025-08-17 13:42:03,061 | INFO | Model: mobilenet_v2 | Weights: MobileNet_V2_Weights.IMAGENET1K_V2 | Params: 3.50M | Ref acc@1=None
2025-08-17 13:42:03,061 | INFO | ✔ END: load fp32 model (torchvision weights API) (elapsed 0.19s)
2025-08-17 13:42:03,061 | INFO | ▶ START: build & check loaders
2025-08-17 13:42:03,067 | INFO | Val structure looks OK (1000 synset folders).
2025-08-17 13:42:03,073 | INFO | Train structure looks OK (1000 synset folders).
2025-08-17 13:42:48,661 | INFO | ImageNet train: 1281167 images, 1000 classes
2025-08-17 13:42:50,976 | INFO | ImageNet val: 50000 images, 1000 classes
2025-08-17 13:42:50,977 | INFO | Val dataset size: 50000 | batch_size=64 | calib_batches=32
2025-08-17 13:42:53,732 | INFO | [SANITY] Batch[0] stats: mean=-0.2055, std=1.1229, min=-2.118, max=2.640
2025-08-17 13:42:53,732 | INFO | ✔ END: build & check loaders (elapsed 50.67s)
2025-08-17 13:42:53,739 | INFO | ▶ START: prepare_by_platform(Academic)
2025-08-17 13:42:53,741 | INFO | [Academic extra_config] {'extra_qconfig_dict': {'w_observer': 'MinMaxObserver', 'a_observer': 'EMAMinMaxObserver', 'w_fakequantize': 'AdaRoundFakeQuantize', 'a_fakequantize': 'FixedFakeQuantize', 'w_qscheme': {'bit': 8, 'symmetry': True, 'per_channel': True, 'pot_scale': False}, 'a_qscheme': {'bit': 8, 'symmetry': False, 'per_channel': False, 'pot_scale': False}}}
2025-08-17 13:42:53,960 | INFO | Modules (total): 213 -> 425
2025-08-17 13:42:53,960 | INFO | 'Quantish' modules detected after prepare: 212
2025-08-17 13:42:53,960 | INFO | ▶ START: calibration (enable_calibration + forward)
2025-08-17 13:42:55,171 | INFO | [CALIB] step=1/32 seen=64 (52.9 img/s)
2025-08-17 13:42:55,619 | INFO | [CALIB] step=10/32 seen=640 (386.4 img/s)
2025-08-17 13:42:57,884 | INFO | [CALIB] step=20/32 seen=1280 (326.4 img/s)
2025-08-17 13:43:00,254 | INFO | [CALIB] step=30/32 seen=1920 (305.1 img/s)
2025-08-17 13:43:02,170 | INFO | [CALIB] total images seen: 2048
2025-08-17 13:43:02,171 | INFO | ✔ END: calibration (enable_calibration + forward) (elapsed 8.21s)
2025-08-17 13:43:02,171 | INFO | ▶ START: advanced PTQ reconstruction
2025-08-17 13:43:04,026 | INFO | [ADV] cfg={'pattern': 'block', 'scale_lr': 4e-05, 'warm_up': 0.2, 'weight': 0.01, 'max_count': 20000, 'b_range': [20, 2], 'keep_gpu': True, 'round_mode': 'learned_hard_sigmoid', 'prob': 1.0}
2025-08-17 13:43:04,027 | INFO | [ADV] stacked tensors: 32 | total calib images: 2048
2025-08-17 13:43:11,062 | WARNING | /home/alz07xz/project/kmeans_results/MQBench/mqbench/advanced_ptq.py:220: UserWarning: Converting a tensor with requires_grad=True to a scalar may lead to unexpected behavior.
Consider using tensor.detach() first. (Triggered internally at /pytorch/torch/csrc/autograd/generated/python_variable_methods.cpp:835.)
  float(total_loss), float(rec_loss), float(round_loss), b, self.count))

2025-08-17 14:28:57,983 | INFO | ✔ END: advanced PTQ reconstruction (elapsed 2755.81s)
2025-08-17 14:28:58,338 | INFO | ▶ START: enable_quantization (simulate INT8)
2025-08-17 14:28:58,343 | INFO | ✔ END: enable_quantization (simulate INT8) (elapsed 0.01s)
2025-08-17 14:28:58,343 | INFO | ✔ END: prepare_by_platform(Academic) (elapsed 2764.60s)
2025-08-17 14:28:58,345 | INFO | ▶ START: evaluate INT8-sim
2025-08-17 14:29:01,138 | INFO | [EVAL_INT8] progress: 50 batches, running top1=78.25%
2025-08-17 14:29:03,195 | INFO | [EVAL_INT8] progress: 100 batches, running top1=79.33%
2025-08-17 14:29:05,129 | INFO | [EVAL_INT8] progress: 150 batches, running top1=78.86%
2025-08-17 14:29:07,120 | INFO | [EVAL_INT8] progress: 200 batches, running top1=78.12%
2025-08-17 14:29:09,150 | INFO | [EVAL_INT8] progress: 250 batches, running top1=77.95%
2025-08-17 14:29:11,295 | INFO | [EVAL_INT8] progress: 300 batches, running top1=78.29%
2025-08-17 14:29:13,257 | INFO | [EVAL_INT8] progress: 350 batches, running top1=77.23%
2025-08-17 14:29:15,268 | INFO | [EVAL_INT8] progress: 400 batches, running top1=75.78%
2025-08-17 14:29:17,278 | INFO | [EVAL_INT8] progress: 450 batches, running top1=75.16%
2025-08-17 14:29:19,268 | INFO | [EVAL_INT8] progress: 500 batches, running top1=74.19%
2025-08-17 14:29:21,192 | INFO | [EVAL_INT8] progress: 550 batches, running top1=73.58%
2025-08-17 14:29:23,224 | INFO | [EVAL_INT8] progress: 600 batches, running top1=73.01%
2025-08-17 14:29:25,226 | INFO | [EVAL_INT8] progress: 650 batches, running top1=72.62%
2025-08-17 14:29:27,140 | INFO | [EVAL_INT8] progress: 700 batches, running top1=72.08%
2025-08-17 14:29:29,155 | INFO | [EVAL_INT8] progress: 750 batches, running top1=72.11%
2025-08-17 14:29:30,372 | INFO | [EVAL_INT8] done: 782 batches in 32.02s, top1=72.07%
2025-08-17 14:29:30,372 | INFO | [PTQ][mobilenet_v2][Academic] [ADV] Top-1 = 72.07%
2025-08-17 14:29:30,372 | INFO | ✔ END: evaluate INT8-sim (elapsed 32.03s)
2025-08-17 14:29:30,372 | INFO | ▶ START: evaluate FP32 baseline
2025-08-17 14:29:32,875 | INFO | [EVAL_FP32] progress: 50 batches, running top1=78.28%
2025-08-17 14:29:34,858 | INFO | [EVAL_FP32] progress: 100 batches, running top1=79.39%
2025-08-17 14:29:36,887 | INFO | [EVAL_FP32] progress: 150 batches, running top1=78.90%
2025-08-17 14:29:38,791 | INFO | [EVAL_FP32] progress: 200 batches, running top1=78.18%
2025-08-17 14:29:40,911 | INFO | [EVAL_FP32] progress: 250 batches, running top1=78.02%
2025-08-17 14:29:42,942 | INFO | [EVAL_FP32] progress: 300 batches, running top1=78.35%
2025-08-17 14:29:44,790 | INFO | [EVAL_FP32] progress: 350 batches, running top1=77.30%
2025-08-17 14:29:46,684 | INFO | [EVAL_FP32] progress: 400 batches, running top1=75.82%
2025-08-17 14:29:48,571 | INFO | [EVAL_FP32] progress: 450 batches, running top1=75.21%
2025-08-17 14:29:50,526 | INFO | [EVAL_FP32] progress: 500 batches, running top1=74.27%
2025-08-17 14:29:52,443 | INFO | [EVAL_FP32] progress: 550 batches, running top1=73.65%
2025-08-17 14:29:54,252 | INFO | [EVAL_FP32] progress: 600 batches, running top1=73.09%
2025-08-17 14:29:56,122 | INFO | [EVAL_FP32] progress: 650 batches, running top1=72.71%
2025-08-17 14:29:58,019 | INFO | [EVAL_FP32] progress: 700 batches, running top1=72.16%
2025-08-17 14:30:00,175 | INFO | [EVAL_FP32] progress: 750 batches, running top1=72.19%
2025-08-17 14:30:01,305 | INFO | [EVAL_FP32] done: 782 batches in 30.93s, top1=72.15%
2025-08-17 14:30:01,305 | INFO | [FP32] Top-1 = 72.15% (expected ~None)
2025-08-17 14:30:01,305 | INFO | ✔ END: evaluate FP32 baseline (elapsed 30.93s)
2025-08-17 14:30:01,305 | INFO | ▶ START: extract model logits
2025-08-17 14:30:01,307 | INFO | Extracting logits from both models...
2025-08-17 14:30:02,126 | INFO | Processed 5 batches
2025-08-17 14:30:02,365 | INFO | Processed 10 batches
2025-08-17 14:30:02,657 | INFO | Extracted logits: Q=torch.Size([640, 1000]), FP=torch.Size([640, 1000])
2025-08-17 14:30:51,982 | INFO | ✔ END: extract model logits (elapsed 50.68s)
