2025-08-18 17:53:30,674 | INFO | Environment: {'torch': '2.8.0+cu128', 'torchvision': '0.23.0+cu128', 'cuda_available': True, 'device_name': 'NVIDIA L40S', 'capability': '8.9', 'cudnn_version': 91002}
2025-08-18 17:53:30,675 | INFO | ▶ START: load fp32 model (torchvision weights API)
2025-08-18 17:53:31,167 | INFO | Model: mnasnet0_5 | Weights: MNASNet0_5_Weights.IMAGENET1K_V1 | Params: 2.22M | Ref acc@1=None
2025-08-18 17:53:31,167 | INFO | ✔ END: load fp32 model (torchvision weights API) (elapsed 0.49s)
2025-08-18 17:53:31,167 | INFO | ▶ START: build & check loaders
2025-08-18 17:53:31,173 | INFO | Val structure looks OK (1000 synset folders).
2025-08-18 17:53:31,187 | INFO | Train structure looks OK (1000 synset folders).
2025-08-18 17:54:11,664 | INFO | ImageNet train: 1281167 images, 1000 classes
2025-08-18 17:54:12,467 | INFO | ImageNet val: 50000 images, 1000 classes
2025-08-18 17:54:12,467 | INFO | Val dataset size: 50000 | batch_size=64 | calib_batches=32
2025-08-18 17:54:13,633 | INFO | [SANITY] Batch[0] stats: mean=-0.1807, std=1.1175, min=-2.118, max=2.640
2025-08-18 17:54:13,634 | INFO | ✔ END: build & check loaders (elapsed 42.47s)
2025-08-18 17:54:13,641 | INFO | ▶ START: prepare_by_platform(Academic)
2025-08-18 17:54:13,642 | INFO | [Academic extra_config] {'extra_qconfig_dict': {'w_observer': 'MinMaxObserver', 'a_observer': 'EMAMinMaxObserver', 'w_fakequantize': 'AdaRoundFakeQuantize', 'a_fakequantize': 'FixedFakeQuantize', 'w_qscheme': {'bit': 2, 'symmetry': True, 'per_channel': True, 'pot_scale': False}, 'a_qscheme': {'bit': 4, 'symmetry': False, 'per_channel': False, 'pot_scale': False}}}
2025-08-18 17:54:13,887 | INFO | Modules (total): 182 -> 394
2025-08-18 17:54:13,887 | INFO | 'Quantish' modules detected after prepare: 212
2025-08-18 17:54:13,887 | INFO | ▶ START: calibration (enable_calibration + forward)
2025-08-18 17:54:15,376 | INFO | [CALIB] step=1/32 seen=64 (43.1 img/s)
2025-08-18 17:54:15,767 | INFO | [CALIB] step=10/32 seen=640 (341.0 img/s)
2025-08-18 17:54:16,210 | INFO | [CALIB] step=20/32 seen=1280 (551.8 img/s)
2025-08-18 17:54:16,593 | INFO | [CALIB] step=30/32 seen=1920 (710.4 img/s)
2025-08-18 17:54:17,575 | INFO | [CALIB] total images seen: 2048
2025-08-18 17:54:17,575 | INFO | ✔ END: calibration (enable_calibration + forward) (elapsed 3.69s)
2025-08-18 17:54:17,575 | INFO | ▶ START: advanced PTQ reconstruction
2025-08-18 17:54:19,672 | INFO | [ADV] cfg={'pattern': 'block', 'scale_lr': 4e-05, 'warm_up': 0.2, 'weight': 0.01, 'max_count': 20000, 'b_range': [20, 2], 'keep_gpu': True, 'round_mode': 'learned_hard_sigmoid', 'prob': 1.0}
2025-08-18 17:54:19,672 | INFO | [ADV] stacked tensors: 32 | total calib images: 2048
2025-08-18 17:54:23,588 | WARNING | /home/alz07xz/project/kmeans_results/MQBench/mqbench/advanced_ptq.py:220: UserWarning: Converting a tensor with requires_grad=True to a scalar may lead to unexpected behavior.
Consider using tensor.detach() first. (Triggered internally at /pytorch/torch/csrc/autograd/generated/python_variable_methods.cpp:835.)
  float(total_loss), float(rec_loss), float(round_loss), b, self.count))

2025-08-18 18:32:58,178 | INFO | ✔ END: advanced PTQ reconstruction (elapsed 2320.60s)
2025-08-18 18:32:58,178 | INFO | ▶ START: enable_quantization (simulate INT8)
2025-08-18 18:32:58,182 | INFO | ✔ END: enable_quantization (simulate INT8) (elapsed 0.00s)
2025-08-18 18:32:58,182 | INFO | ✔ END: prepare_by_platform(Academic) (elapsed 2324.54s)
2025-08-18 18:32:58,184 | INFO | ▶ START: evaluate INT8-sim
2025-08-18 18:33:00,822 | INFO | [EVAL_INT8] progress: 50 batches, running top1=5.22%
2025-08-18 18:33:03,011 | INFO | [EVAL_INT8] progress: 100 batches, running top1=3.14%
2025-08-18 18:33:05,011 | INFO | [EVAL_INT8] progress: 150 batches, running top1=2.09%
2025-08-18 18:33:06,937 | INFO | [EVAL_INT8] progress: 200 batches, running top1=1.57%
2025-08-18 18:33:09,220 | INFO | [EVAL_INT8] progress: 250 batches, running top1=1.26%
2025-08-18 18:33:11,258 | INFO | [EVAL_INT8] progress: 300 batches, running top1=1.05%
2025-08-18 18:33:13,311 | INFO | [EVAL_INT8] progress: 350 batches, running top1=0.90%
2025-08-18 18:33:15,290 | INFO | [EVAL_INT8] progress: 400 batches, running top1=0.79%
2025-08-18 18:33:17,470 | INFO | [EVAL_INT8] progress: 450 batches, running top1=0.70%
2025-08-18 18:33:19,505 | INFO | [EVAL_INT8] progress: 500 batches, running top1=0.63%
2025-08-18 18:33:21,600 | INFO | [EVAL_INT8] progress: 550 batches, running top1=0.57%
2025-08-18 18:33:23,633 | INFO | [EVAL_INT8] progress: 600 batches, running top1=0.52%
2025-08-18 18:33:25,490 | INFO | [EVAL_INT8] progress: 650 batches, running top1=0.49%
2025-08-18 18:33:27,530 | INFO | [EVAL_INT8] progress: 700 batches, running top1=0.45%
2025-08-18 18:33:29,542 | INFO | [EVAL_INT8] progress: 750 batches, running top1=0.42%
2025-08-18 18:33:30,926 | INFO | [EVAL_INT8] done: 782 batches in 32.74s, top1=0.40%
2025-08-18 18:33:30,926 | INFO | [PTQ][mnasnet0_5][Academic] [ADV] Top-1 = 0.40%
2025-08-18 18:33:30,926 | INFO | ✔ END: evaluate INT8-sim (elapsed 32.74s)
2025-08-18 18:33:30,926 | INFO | ▶ START: evaluate FP32 baseline
2025-08-18 18:33:33,489 | INFO | [EVAL_FP32] progress: 50 batches, running top1=73.44%
2025-08-18 18:33:35,418 | INFO | [EVAL_FP32] progress: 100 batches, running top1=74.81%
2025-08-18 18:33:37,433 | INFO | [EVAL_FP32] progress: 150 batches, running top1=75.14%
2025-08-18 18:33:39,249 | INFO | [EVAL_FP32] progress: 200 batches, running top1=74.41%
2025-08-18 18:33:41,248 | INFO | [EVAL_FP32] progress: 250 batches, running top1=74.26%
2025-08-18 18:33:43,233 | INFO | [EVAL_FP32] progress: 300 batches, running top1=74.69%
2025-08-18 18:33:45,187 | INFO | [EVAL_FP32] progress: 350 batches, running top1=73.39%
2025-08-18 18:33:47,004 | INFO | [EVAL_FP32] progress: 400 batches, running top1=71.63%
2025-08-18 18:33:49,007 | INFO | [EVAL_FP32] progress: 450 batches, running top1=70.98%
2025-08-18 18:33:50,792 | INFO | [EVAL_FP32] progress: 500 batches, running top1=69.94%
2025-08-18 18:33:52,749 | INFO | [EVAL_FP32] progress: 550 batches, running top1=69.28%
2025-08-18 18:33:54,603 | INFO | [EVAL_FP32] progress: 600 batches, running top1=68.73%
2025-08-18 18:33:56,589 | INFO | [EVAL_FP32] progress: 650 batches, running top1=68.26%
2025-08-18 18:33:58,588 | INFO | [EVAL_FP32] progress: 700 batches, running top1=67.67%
2025-08-18 18:34:00,371 | INFO | [EVAL_FP32] progress: 750 batches, running top1=67.74%
2025-08-18 18:34:01,630 | INFO | [EVAL_FP32] done: 782 batches in 30.70s, top1=67.76%
2025-08-18 18:34:01,630 | INFO | [FP32] Top-1 = 67.76% (expected ~None)
2025-08-18 18:34:01,630 | INFO | ✔ END: evaluate FP32 baseline (elapsed 30.70s)
2025-08-18 18:34:01,630 | INFO | ▶ START: extract model logits
2025-08-18 18:34:01,632 | INFO | Extracting logits from both models...
2025-08-18 18:34:03,265 | INFO | Processed 5 batches
2025-08-18 18:34:03,602 | INFO | Processed 10 batches
2025-08-18 18:34:04,627 | INFO | Extracted logits: Q=torch.Size([640, 1000]), FP=torch.Size([640, 1000])
2025-08-18 19:19:41,647 | INFO | ✔ END: extract model logits (elapsed 2740.02s)
