2025-08-18 16:27:56,768 | INFO | Environment: {'torch': '2.8.0+cu128', 'torchvision': '0.23.0+cu128', 'cuda_available': True, 'device_name': 'NVIDIA L40S', 'capability': '8.9', 'cudnn_version': 91002}
2025-08-18 16:27:56,768 | INFO | ▶ START: load fp32 model (torchvision weights API)
2025-08-18 16:27:57,837 | INFO | Model: regnet_x_3_2gf | Weights: RegNet_X_3_2GF_Weights.IMAGENET1K_V2 | Params: 15.30M | Ref acc@1=None
2025-08-18 16:27:57,837 | INFO | ✔ END: load fp32 model (torchvision weights API) (elapsed 1.07s)
2025-08-18 16:27:57,837 | INFO | ▶ START: build & check loaders
2025-08-18 16:27:57,851 | INFO | Val structure looks OK (1000 synset folders).
2025-08-18 16:27:57,865 | INFO | Train structure looks OK (1000 synset folders).
2025-08-18 16:28:29,198 | INFO | ImageNet train: 1281167 images, 1000 classes
2025-08-18 16:28:30,156 | INFO | ImageNet val: 50000 images, 1000 classes
2025-08-18 16:28:30,156 | INFO | Val dataset size: 50000 | batch_size=64 | calib_batches=32
2025-08-18 16:28:33,742 | INFO | [SANITY] Batch[0] stats: mean=-0.2055, std=1.1229, min=-2.118, max=2.640
2025-08-18 16:28:33,742 | INFO | ✔ END: build & check loaders (elapsed 35.91s)
2025-08-18 16:28:33,754 | INFO | ▶ START: prepare_by_platform(Academic)
2025-08-18 16:28:33,756 | INFO | [Academic extra_config] {'extra_qconfig_dict': {'w_observer': 'MinMaxObserver', 'a_observer': 'EMAMinMaxObserver', 'w_fakequantize': 'AdaRoundFakeQuantize', 'a_fakequantize': 'FixedFakeQuantize', 'w_qscheme': {'bit': 4, 'symmetry': True, 'per_channel': True, 'pot_scale': False}, 'a_qscheme': {'bit': 2, 'symmetry': False, 'per_channel': False, 'pot_scale': False}}}
2025-08-18 16:28:39,012 | INFO | Modules (total): 374 -> 690
2025-08-18 16:28:39,013 | INFO | 'Quantish' modules detected after prepare: 316
2025-08-18 16:28:39,013 | INFO | ▶ START: calibration (enable_calibration + forward)
2025-08-18 16:28:40,457 | INFO | [CALIB] step=1/32 seen=64 (44.4 img/s)
2025-08-18 16:28:41,134 | INFO | [CALIB] step=10/32 seen=640 (302.2 img/s)
2025-08-18 16:28:52,431 | INFO | [CALIB] step=20/32 seen=1280 (95.4 img/s)
2025-08-18 16:28:56,747 | INFO | [CALIB] step=30/32 seen=1920 (108.3 img/s)
2025-08-18 16:28:59,815 | INFO | [CALIB] total images seen: 2048
2025-08-18 16:28:59,816 | INFO | ✔ END: calibration (enable_calibration + forward) (elapsed 20.80s)
2025-08-18 16:28:59,816 | INFO | ▶ START: advanced PTQ reconstruction
2025-08-18 16:29:01,803 | INFO | [ADV] cfg={'pattern': 'block', 'scale_lr': 4e-05, 'warm_up': 0.2, 'weight': 0.01, 'max_count': 20000, 'b_range': [20, 2], 'keep_gpu': True, 'round_mode': 'learned_hard_sigmoid', 'prob': 1.0}
2025-08-18 16:29:01,803 | INFO | [ADV] stacked tensors: 32 | total calib images: 2048
2025-08-18 16:29:07,361 | WARNING | /home/alz07xz/project/kmeans_results/MQBench/mqbench/advanced_ptq.py:220: UserWarning: Converting a tensor with requires_grad=True to a scalar may lead to unexpected behavior.
Consider using tensor.detach() first. (Triggered internally at /pytorch/torch/csrc/autograd/generated/python_variable_methods.cpp:835.)
  float(total_loss), float(rec_loss), float(round_loss), b, self.count))

2025-08-18 17:48:12,422 | INFO | ✔ END: advanced PTQ reconstruction (elapsed 4752.61s)
2025-08-18 17:48:12,424 | INFO | ▶ START: enable_quantization (simulate INT8)
2025-08-18 17:48:12,430 | INFO | ✔ END: enable_quantization (simulate INT8) (elapsed 0.01s)
2025-08-18 17:48:12,430 | INFO | ✔ END: prepare_by_platform(Academic) (elapsed 4778.68s)
2025-08-18 17:48:12,431 | INFO | ▶ START: evaluate INT8-sim
2025-08-18 17:48:15,453 | INFO | [EVAL_INT8] progress: 50 batches, running top1=1.41%
2025-08-18 17:48:17,774 | INFO | [EVAL_INT8] progress: 100 batches, running top1=0.70%
2025-08-18 17:48:20,048 | INFO | [EVAL_INT8] progress: 150 batches, running top1=0.47%
2025-08-18 17:48:22,271 | INFO | [EVAL_INT8] progress: 200 batches, running top1=0.55%
2025-08-18 17:48:24,640 | INFO | [EVAL_INT8] progress: 250 batches, running top1=0.44%
2025-08-18 17:48:26,949 | INFO | [EVAL_INT8] progress: 300 batches, running top1=0.36%
2025-08-18 17:48:29,208 | INFO | [EVAL_INT8] progress: 350 batches, running top1=0.31%
2025-08-18 17:48:31,484 | INFO | [EVAL_INT8] progress: 400 batches, running top1=0.27%
2025-08-18 17:48:33,823 | INFO | [EVAL_INT8] progress: 450 batches, running top1=0.24%
2025-08-18 17:48:36,092 | INFO | [EVAL_INT8] progress: 500 batches, running top1=0.22%
2025-08-18 17:48:38,342 | INFO | [EVAL_INT8] progress: 550 batches, running top1=0.20%
2025-08-18 17:48:40,587 | INFO | [EVAL_INT8] progress: 600 batches, running top1=0.18%
2025-08-18 17:48:42,855 | INFO | [EVAL_INT8] progress: 650 batches, running top1=0.17%
2025-08-18 17:48:45,103 | INFO | [EVAL_INT8] progress: 700 batches, running top1=0.16%
2025-08-18 17:48:47,375 | INFO | [EVAL_INT8] progress: 750 batches, running top1=0.15%
2025-08-18 17:48:48,901 | INFO | [EVAL_INT8] done: 782 batches in 36.47s, top1=0.14%
2025-08-18 17:48:48,902 | INFO | [PTQ][regnet_x_3_2gf][Academic] [ADV] Top-1 = 0.14%
2025-08-18 17:48:48,902 | INFO | ✔ END: evaluate INT8-sim (elapsed 36.47s)
2025-08-18 17:48:48,902 | INFO | ▶ START: evaluate FP32 baseline
2025-08-18 17:48:51,534 | INFO | [EVAL_FP32] progress: 50 batches, running top1=85.84%
2025-08-18 17:48:53,598 | INFO | [EVAL_FP32] progress: 100 batches, running top1=86.62%
2025-08-18 17:48:55,539 | INFO | [EVAL_FP32] progress: 150 batches, running top1=86.46%
2025-08-18 17:48:57,568 | INFO | [EVAL_FP32] progress: 200 batches, running top1=85.96%
2025-08-18 17:48:59,519 | INFO | [EVAL_FP32] progress: 250 batches, running top1=85.72%
2025-08-18 17:49:01,535 | INFO | [EVAL_FP32] progress: 300 batches, running top1=85.83%
2025-08-18 17:49:03,413 | INFO | [EVAL_FP32] progress: 350 batches, running top1=84.94%
2025-08-18 17:49:05,387 | INFO | [EVAL_FP32] progress: 400 batches, running top1=83.70%
2025-08-18 17:49:07,515 | INFO | [EVAL_FP32] progress: 450 batches, running top1=83.33%
2025-08-18 17:49:09,362 | INFO | [EVAL_FP32] progress: 500 batches, running top1=82.68%
2025-08-18 17:49:11,360 | INFO | [EVAL_FP32] progress: 550 batches, running top1=82.36%
2025-08-18 17:49:13,278 | INFO | [EVAL_FP32] progress: 600 batches, running top1=82.05%
2025-08-18 17:49:15,302 | INFO | [EVAL_FP32] progress: 650 batches, running top1=81.71%
2025-08-18 17:49:17,130 | INFO | [EVAL_FP32] progress: 700 batches, running top1=81.34%
2025-08-18 17:49:19,010 | INFO | [EVAL_FP32] progress: 750 batches, running top1=81.30%
2025-08-18 17:49:20,222 | INFO | [EVAL_FP32] done: 782 batches in 31.32s, top1=81.18%
2025-08-18 17:49:20,222 | INFO | [FP32] Top-1 = 81.18% (expected ~None)
2025-08-18 17:49:20,222 | INFO | ✔ END: evaluate FP32 baseline (elapsed 31.32s)
2025-08-18 17:49:20,222 | INFO | ▶ START: extract model logits
2025-08-18 17:49:20,225 | INFO | Extracting logits from both models...
2025-08-18 17:49:23,198 | INFO | Processed 5 batches
2025-08-18 17:49:25,262 | INFO | Processed 10 batches
2025-08-18 17:49:26,901 | INFO | Extracted logits: Q=torch.Size([640, 1000]), FP=torch.Size([640, 1000])
2025-08-18 18:48:42,591 | INFO | ✔ END: extract model logits (elapsed 3562.37s)
