2025-08-18 16:42:23,810 | INFO | Environment: {'torch': '2.8.0+cu128', 'torchvision': '0.23.0+cu128', 'cuda_available': True, 'device_name': 'NVIDIA L40S', 'capability': '8.9', 'cudnn_version': 91002}
2025-08-18 16:42:23,810 | INFO | ▶ START: load fp32 model (torchvision weights API)
2025-08-18 16:42:25,084 | INFO | Model: mobilenet_v2 | Weights: MobileNet_V2_Weights.IMAGENET1K_V2 | Params: 3.50M | Ref acc@1=None
2025-08-18 16:42:25,084 | INFO | ✔ END: load fp32 model (torchvision weights API) (elapsed 1.27s)
2025-08-18 16:42:25,084 | INFO | ▶ START: build & check loaders
2025-08-18 16:42:25,090 | INFO | Val structure looks OK (1000 synset folders).
2025-08-18 16:42:25,102 | INFO | Train structure looks OK (1000 synset folders).
2025-08-18 16:42:53,121 | INFO | ImageNet train: 1281167 images, 1000 classes
2025-08-18 16:42:54,125 | INFO | ImageNet val: 50000 images, 1000 classes
2025-08-18 16:42:54,126 | INFO | Val dataset size: 50000 | batch_size=64 | calib_batches=32
2025-08-18 16:43:04,607 | INFO | [SANITY] Batch[0] stats: mean=-0.2055, std=1.1229, min=-2.118, max=2.640
2025-08-18 16:43:04,608 | INFO | ✔ END: build & check loaders (elapsed 39.52s)
2025-08-18 16:43:04,615 | INFO | ▶ START: prepare_by_platform(Academic)
2025-08-18 16:43:04,617 | INFO | [Academic extra_config] {'extra_qconfig_dict': {'w_observer': 'MinMaxObserver', 'a_observer': 'EMAMinMaxObserver', 'w_fakequantize': 'AdaRoundFakeQuantize', 'a_fakequantize': 'FixedFakeQuantize', 'w_qscheme': {'bit': 4, 'symmetry': True, 'per_channel': True, 'pot_scale': False}, 'a_qscheme': {'bit': 2, 'symmetry': False, 'per_channel': False, 'pot_scale': False}}}
2025-08-18 16:43:04,838 | INFO | Modules (total): 213 -> 425
2025-08-18 16:43:04,838 | INFO | 'Quantish' modules detected after prepare: 212
2025-08-18 16:43:04,838 | INFO | ▶ START: calibration (enable_calibration + forward)
2025-08-18 16:43:06,091 | INFO | [CALIB] step=1/32 seen=64 (51.2 img/s)
2025-08-18 16:43:06,544 | INFO | [CALIB] step=10/32 seen=640 (375.6 img/s)
2025-08-18 16:43:07,815 | INFO | [CALIB] step=20/32 seen=1280 (430.3 img/s)
2025-08-18 16:43:09,210 | INFO | [CALIB] step=30/32 seen=1920 (439.4 img/s)
2025-08-18 16:43:13,630 | INFO | [CALIB] total images seen: 2048
2025-08-18 16:43:13,630 | INFO | ✔ END: calibration (enable_calibration + forward) (elapsed 8.79s)
2025-08-18 16:43:13,630 | INFO | ▶ START: advanced PTQ reconstruction
2025-08-18 16:43:18,238 | INFO | [ADV] cfg={'pattern': 'block', 'scale_lr': 4e-05, 'warm_up': 0.2, 'weight': 0.01, 'max_count': 20000, 'b_range': [20, 2], 'keep_gpu': True, 'round_mode': 'learned_hard_sigmoid', 'prob': 1.0}
2025-08-18 16:43:18,238 | INFO | [ADV] stacked tensors: 32 | total calib images: 2048
2025-08-18 16:43:25,673 | WARNING | /home/alz07xz/project/kmeans_results/MQBench/mqbench/advanced_ptq.py:220: UserWarning: Converting a tensor with requires_grad=True to a scalar may lead to unexpected behavior.
Consider using tensor.detach() first. (Triggered internally at /pytorch/torch/csrc/autograd/generated/python_variable_methods.cpp:835.)
  float(total_loss), float(rec_loss), float(round_loss), b, self.count))

2025-08-18 17:29:21,075 | INFO | ✔ END: advanced PTQ reconstruction (elapsed 2767.45s)
2025-08-18 17:29:21,077 | INFO | ▶ START: enable_quantization (simulate INT8)
2025-08-18 17:29:21,082 | INFO | ✔ END: enable_quantization (simulate INT8) (elapsed 0.00s)
2025-08-18 17:29:21,082 | INFO | ✔ END: prepare_by_platform(Academic) (elapsed 2776.47s)
2025-08-18 17:29:21,083 | INFO | ▶ START: evaluate INT8-sim
2025-08-18 17:29:25,588 | INFO | [EVAL_INT8] progress: 50 batches, running top1=4.62%
2025-08-18 17:29:34,613 | INFO | [EVAL_INT8] progress: 100 batches, running top1=2.33%
2025-08-18 17:29:40,080 | INFO | [EVAL_INT8] progress: 150 batches, running top1=1.55%
2025-08-18 17:29:45,804 | INFO | [EVAL_INT8] progress: 200 batches, running top1=1.16%
2025-08-18 17:29:53,649 | INFO | [EVAL_INT8] progress: 250 batches, running top1=0.93%
2025-08-18 17:30:02,513 | INFO | [EVAL_INT8] progress: 300 batches, running top1=0.78%
2025-08-18 17:30:08,489 | INFO | [EVAL_INT8] progress: 350 batches, running top1=0.67%
2025-08-18 17:30:18,402 | INFO | [EVAL_INT8] progress: 400 batches, running top1=0.59%
2025-08-18 17:30:24,768 | INFO | [EVAL_INT8] progress: 450 batches, running top1=0.52%
2025-08-18 17:30:30,436 | INFO | [EVAL_INT8] progress: 500 batches, running top1=0.47%
2025-08-18 17:30:36,392 | INFO | [EVAL_INT8] progress: 550 batches, running top1=0.43%
2025-08-18 17:30:42,556 | INFO | [EVAL_INT8] progress: 600 batches, running top1=0.39%
2025-08-18 17:30:48,796 | INFO | [EVAL_INT8] progress: 650 batches, running top1=0.36%
2025-08-18 17:30:55,102 | INFO | [EVAL_INT8] progress: 700 batches, running top1=0.33%
2025-08-18 17:31:02,148 | INFO | [EVAL_INT8] progress: 750 batches, running top1=0.31%
2025-08-18 17:31:07,363 | INFO | [EVAL_INT8] done: 782 batches in 106.28s, top1=0.30%
2025-08-18 17:31:07,363 | INFO | [PTQ][mobilenet_v2][Academic] [ADV] Top-1 = 0.30%
2025-08-18 17:31:07,363 | INFO | ✔ END: evaluate INT8-sim (elapsed 106.28s)
2025-08-18 17:31:07,364 | INFO | ▶ START: evaluate FP32 baseline
2025-08-18 17:31:09,822 | INFO | [EVAL_FP32] progress: 50 batches, running top1=78.28%
2025-08-18 17:31:11,816 | INFO | [EVAL_FP32] progress: 100 batches, running top1=79.39%
2025-08-18 17:31:13,609 | INFO | [EVAL_FP32] progress: 150 batches, running top1=78.90%
2025-08-18 17:31:15,578 | INFO | [EVAL_FP32] progress: 200 batches, running top1=78.18%
2025-08-18 17:31:17,526 | INFO | [EVAL_FP32] progress: 250 batches, running top1=78.02%
2025-08-18 17:31:19,465 | INFO | [EVAL_FP32] progress: 300 batches, running top1=78.35%
2025-08-18 17:31:21,380 | INFO | [EVAL_FP32] progress: 350 batches, running top1=77.30%
2025-08-18 17:31:23,148 | INFO | [EVAL_FP32] progress: 400 batches, running top1=75.82%
2025-08-18 17:31:25,163 | INFO | [EVAL_FP32] progress: 450 batches, running top1=75.21%
2025-08-18 17:31:27,007 | INFO | [EVAL_FP32] progress: 500 batches, running top1=74.27%
2025-08-18 17:31:28,836 | INFO | [EVAL_FP32] progress: 550 batches, running top1=73.65%
2025-08-18 17:31:30,723 | INFO | [EVAL_FP32] progress: 600 batches, running top1=73.09%
2025-08-18 17:31:32,685 | INFO | [EVAL_FP32] progress: 650 batches, running top1=72.71%
2025-08-18 17:31:34,499 | INFO | [EVAL_FP32] progress: 700 batches, running top1=72.16%
2025-08-18 17:31:36,327 | INFO | [EVAL_FP32] progress: 750 batches, running top1=72.19%
2025-08-18 17:31:37,470 | INFO | [EVAL_FP32] done: 782 batches in 30.10s, top1=72.15%
2025-08-18 17:31:37,470 | INFO | [FP32] Top-1 = 72.15% (expected ~None)
2025-08-18 17:31:37,470 | INFO | ✔ END: evaluate FP32 baseline (elapsed 30.11s)
2025-08-18 17:31:37,470 | INFO | ▶ START: extract model logits
2025-08-18 17:31:37,472 | INFO | Extracting logits from both models...
2025-08-18 17:31:39,378 | INFO | Processed 5 batches
2025-08-18 17:31:40,274 | INFO | Processed 10 batches
2025-08-18 17:31:42,352 | INFO | Extracted logits: Q=torch.Size([640, 1000]), FP=torch.Size([640, 1000])
2025-08-18 18:21:45,666 | INFO | ✔ END: extract model logits (elapsed 3008.20s)
