2025-08-17 16:08:32,599 | INFO | Environment: {'torch': '2.8.0+cu128', 'torchvision': '0.23.0+cu128', 'cuda_available': True, 'device_name': 'NVIDIA L40S', 'capability': '8.9', 'cudnn_version': 91002}
2025-08-17 16:08:32,600 | INFO | ▶ START: load fp32 model (torchvision weights API)
2025-08-17 16:08:34,806 | INFO | Model: mnasnet0_5 | Weights: MNASNet0_5_Weights.IMAGENET1K_V1 | Params: 2.22M | Ref acc@1=None
2025-08-17 16:08:34,806 | INFO | ✔ END: load fp32 model (torchvision weights API) (elapsed 2.21s)
2025-08-17 16:08:34,806 | INFO | ▶ START: build & check loaders
2025-08-17 16:08:34,816 | INFO | Val structure looks OK (1000 synset folders).
2025-08-17 16:08:34,823 | INFO | Train structure looks OK (1000 synset folders).
2025-08-17 16:09:17,533 | INFO | ImageNet train: 1281167 images, 1000 classes
2025-08-17 16:09:25,851 | INFO | ImageNet val: 50000 images, 1000 classes
2025-08-17 16:09:25,851 | INFO | Val dataset size: 50000 | batch_size=64 | calib_batches=32
2025-08-17 16:09:27,934 | INFO | [SANITY] Batch[0] stats: mean=-0.1807, std=1.1175, min=-2.118, max=2.640
2025-08-17 16:09:27,934 | INFO | ✔ END: build & check loaders (elapsed 53.13s)
2025-08-17 16:09:27,941 | INFO | ▶ START: prepare_by_platform(Academic)
2025-08-17 16:09:27,942 | INFO | [Academic extra_config] {'extra_qconfig_dict': {'w_observer': 'MinMaxObserver', 'a_observer': 'EMAMinMaxObserver', 'w_fakequantize': 'AdaRoundFakeQuantize', 'a_fakequantize': 'FixedFakeQuantize', 'w_qscheme': {'bit': 8, 'symmetry': True, 'per_channel': True, 'pot_scale': False}, 'a_qscheme': {'bit': 8, 'symmetry': False, 'per_channel': False, 'pot_scale': False}}}
2025-08-17 16:09:28,252 | INFO | Modules (total): 182 -> 394
2025-08-17 16:09:28,252 | INFO | 'Quantish' modules detected after prepare: 212
2025-08-17 16:09:28,252 | INFO | ▶ START: calibration (enable_calibration + forward)
2025-08-17 16:09:34,491 | INFO | [CALIB] step=1/32 seen=64 (10.3 img/s)
2025-08-17 16:09:34,888 | INFO | [CALIB] step=10/32 seen=640 (96.5 img/s)
2025-08-17 16:09:35,512 | INFO | [CALIB] step=20/32 seen=1280 (176.4 img/s)
2025-08-17 16:09:36,962 | INFO | [CALIB] step=30/32 seen=1920 (220.5 img/s)
2025-08-17 16:09:38,280 | INFO | [CALIB] total images seen: 2048
2025-08-17 16:09:38,281 | INFO | ✔ END: calibration (enable_calibration + forward) (elapsed 10.03s)
2025-08-17 16:09:38,281 | INFO | ▶ START: advanced PTQ reconstruction
2025-08-17 16:09:42,735 | INFO | [ADV] cfg={'pattern': 'block', 'scale_lr': 4e-05, 'warm_up': 0.2, 'weight': 0.01, 'max_count': 20000, 'b_range': [20, 2], 'keep_gpu': True, 'round_mode': 'learned_hard_sigmoid', 'prob': 1.0}
2025-08-17 16:09:42,735 | INFO | [ADV] stacked tensors: 32 | total calib images: 2048
2025-08-17 16:09:50,578 | WARNING | /home/alz07xz/project/kmeans_results/MQBench/mqbench/advanced_ptq.py:220: UserWarning: Converting a tensor with requires_grad=True to a scalar may lead to unexpected behavior.
Consider using tensor.detach() first. (Triggered internally at /pytorch/torch/csrc/autograd/generated/python_variable_methods.cpp:835.)
  float(total_loss), float(rec_loss), float(round_loss), b, self.count))

2025-08-17 16:47:48,625 | INFO | ✔ END: advanced PTQ reconstruction (elapsed 2290.34s)
2025-08-17 16:47:48,627 | INFO | ▶ START: enable_quantization (simulate INT8)
2025-08-17 16:47:48,631 | INFO | ✔ END: enable_quantization (simulate INT8) (elapsed 0.00s)
2025-08-17 16:47:48,631 | INFO | ✔ END: prepare_by_platform(Academic) (elapsed 2300.69s)
2025-08-17 16:47:48,632 | INFO | ▶ START: evaluate INT8-sim
2025-08-17 16:47:51,854 | INFO | [EVAL_INT8] progress: 50 batches, running top1=72.72%
2025-08-17 16:47:56,071 | INFO | [EVAL_INT8] progress: 100 batches, running top1=74.00%
2025-08-17 16:48:03,469 | INFO | [EVAL_INT8] progress: 150 batches, running top1=73.94%
2025-08-17 16:48:11,970 | INFO | [EVAL_INT8] progress: 200 batches, running top1=72.98%
2025-08-17 16:48:18,936 | INFO | [EVAL_INT8] progress: 250 batches, running top1=72.72%
2025-08-17 16:48:24,939 | INFO | [EVAL_INT8] progress: 300 batches, running top1=73.18%
2025-08-17 16:48:30,933 | INFO | [EVAL_INT8] progress: 350 batches, running top1=71.79%
2025-08-17 16:48:35,865 | INFO | [EVAL_INT8] progress: 400 batches, running top1=70.05%
2025-08-17 16:48:43,733 | INFO | [EVAL_INT8] progress: 450 batches, running top1=69.36%
2025-08-17 16:48:51,753 | INFO | [EVAL_INT8] progress: 500 batches, running top1=68.42%
2025-08-17 16:48:57,548 | INFO | [EVAL_INT8] progress: 550 batches, running top1=67.68%
2025-08-17 16:49:04,972 | INFO | [EVAL_INT8] progress: 600 batches, running top1=67.07%
2025-08-17 16:49:10,227 | INFO | [EVAL_INT8] progress: 650 batches, running top1=66.57%
2025-08-17 16:49:18,281 | INFO | [EVAL_INT8] progress: 700 batches, running top1=65.97%
2025-08-17 16:49:28,416 | INFO | [EVAL_INT8] progress: 750 batches, running top1=66.06%
2025-08-17 16:49:32,733 | INFO | [EVAL_INT8] done: 782 batches in 104.10s, top1=66.09%
2025-08-17 16:49:32,734 | INFO | [PTQ][mnasnet0_5][Academic] [ADV] Top-1 = 66.09%
2025-08-17 16:49:32,734 | INFO | ✔ END: evaluate INT8-sim (elapsed 104.10s)
2025-08-17 16:49:32,734 | INFO | ▶ START: evaluate FP32 baseline
2025-08-17 16:49:35,109 | INFO | [EVAL_FP32] progress: 50 batches, running top1=73.44%
2025-08-17 16:49:37,334 | INFO | [EVAL_FP32] progress: 100 batches, running top1=74.81%
2025-08-17 16:49:39,262 | INFO | [EVAL_FP32] progress: 150 batches, running top1=75.14%
2025-08-17 16:49:41,045 | INFO | [EVAL_FP32] progress: 200 batches, running top1=74.41%
2025-08-17 16:49:43,007 | INFO | [EVAL_FP32] progress: 250 batches, running top1=74.26%
2025-08-17 16:49:45,232 | INFO | [EVAL_FP32] progress: 300 batches, running top1=74.69%
2025-08-17 16:49:47,010 | INFO | [EVAL_FP32] progress: 350 batches, running top1=73.39%
2025-08-17 16:49:48,980 | INFO | [EVAL_FP32] progress: 400 batches, running top1=71.63%
2025-08-17 16:49:50,867 | INFO | [EVAL_FP32] progress: 450 batches, running top1=70.98%
2025-08-17 16:49:52,901 | INFO | [EVAL_FP32] progress: 500 batches, running top1=69.94%
2025-08-17 16:49:54,780 | INFO | [EVAL_FP32] progress: 550 batches, running top1=69.28%
2025-08-17 16:49:56,714 | INFO | [EVAL_FP32] progress: 600 batches, running top1=68.73%
2025-08-17 16:49:58,704 | INFO | [EVAL_FP32] progress: 650 batches, running top1=68.26%
2025-08-17 16:50:00,596 | INFO | [EVAL_FP32] progress: 700 batches, running top1=67.67%
2025-08-17 16:50:02,539 | INFO | [EVAL_FP32] progress: 750 batches, running top1=67.74%
2025-08-17 16:50:03,727 | INFO | [EVAL_FP32] done: 782 batches in 30.99s, top1=67.76%
2025-08-17 16:50:03,727 | INFO | [FP32] Top-1 = 67.76% (expected ~None)
2025-08-17 16:50:03,727 | INFO | ✔ END: evaluate FP32 baseline (elapsed 30.99s)
2025-08-17 16:50:03,727 | INFO | ▶ START: extract model logits
2025-08-17 16:50:03,729 | INFO | Extracting logits from both models...
2025-08-17 16:50:06,419 | INFO | Processed 5 batches
2025-08-17 16:50:07,927 | INFO | Processed 10 batches
2025-08-17 16:50:10,222 | INFO | Extracted logits: Q=torch.Size([640, 1000]), FP=torch.Size([640, 1000])
2025-08-17 17:35:27,957 | INFO | ✔ END: extract model logits (elapsed 2724.23s)
