2025-08-18 16:33:59,145 | INFO | Environment: {'torch': '2.8.0+cu128', 'torchvision': '0.23.0+cu128', 'cuda_available': True, 'device_name': 'NVIDIA L40S', 'capability': '8.9', 'cudnn_version': 91002}
2025-08-18 16:33:59,145 | INFO | ▶ START: load fp32 model (torchvision weights API)
2025-08-18 16:34:01,367 | INFO | Model: resnet50 | Weights: ResNet50_Weights.IMAGENET1K_V2 | Params: 25.56M | Ref acc@1=None
2025-08-18 16:34:01,368 | INFO | ✔ END: load fp32 model (torchvision weights API) (elapsed 2.22s)
2025-08-18 16:34:01,368 | INFO | ▶ START: build & check loaders
2025-08-18 16:34:01,373 | INFO | Val structure looks OK (1000 synset folders).
2025-08-18 16:34:01,390 | INFO | Train structure looks OK (1000 synset folders).
2025-08-18 16:34:36,016 | INFO | ImageNet train: 1281167 images, 1000 classes
2025-08-18 16:34:36,986 | INFO | ImageNet val: 50000 images, 1000 classes
2025-08-18 16:34:36,986 | INFO | Val dataset size: 50000 | batch_size=64 | calib_batches=32
2025-08-18 16:34:42,476 | INFO | [SANITY] Batch[0] stats: mean=-0.2055, std=1.1229, min=-2.118, max=2.640
2025-08-18 16:34:42,477 | INFO | ✔ END: build & check loaders (elapsed 41.11s)
2025-08-18 16:34:42,483 | INFO | ▶ START: prepare_by_platform(Academic)
2025-08-18 16:34:42,484 | INFO | [Academic extra_config] {'extra_qconfig_dict': {'w_observer': 'MinMaxObserver', 'a_observer': 'EMAMinMaxObserver', 'w_fakequantize': 'AdaRoundFakeQuantize', 'a_fakequantize': 'FixedFakeQuantize', 'w_qscheme': {'bit': 4, 'symmetry': True, 'per_channel': True, 'pot_scale': False}, 'a_qscheme': {'bit': 2, 'symmetry': False, 'per_channel': False, 'pot_scale': False}}}
2025-08-18 16:34:42,986 | INFO | Modules (total): 151 -> 391
2025-08-18 16:34:42,986 | INFO | 'Quantish' modules detected after prepare: 208
2025-08-18 16:34:42,986 | INFO | ▶ START: calibration (enable_calibration + forward)
2025-08-18 16:34:44,155 | INFO | [CALIB] step=1/32 seen=64 (54.8 img/s)
2025-08-18 16:34:44,714 | INFO | [CALIB] step=10/32 seen=640 (370.8 img/s)
2025-08-18 16:34:46,406 | INFO | [CALIB] step=20/32 seen=1280 (374.5 img/s)
2025-08-18 16:34:49,313 | INFO | [CALIB] step=30/32 seen=1920 (303.5 img/s)
2025-08-18 16:34:50,980 | INFO | [CALIB] total images seen: 2048
2025-08-18 16:34:50,981 | INFO | ✔ END: calibration (enable_calibration + forward) (elapsed 8.00s)
2025-08-18 16:34:50,981 | INFO | ▶ START: advanced PTQ reconstruction
2025-08-18 16:34:54,755 | INFO | [ADV] cfg={'pattern': 'block', 'scale_lr': 4e-05, 'warm_up': 0.2, 'weight': 0.01, 'max_count': 20000, 'b_range': [20, 2], 'keep_gpu': True, 'round_mode': 'learned_hard_sigmoid', 'prob': 1.0}
2025-08-18 16:34:54,755 | INFO | [ADV] stacked tensors: 32 | total calib images: 2048
2025-08-18 16:35:00,463 | WARNING | /home/alz07xz/project/kmeans_results/MQBench/mqbench/advanced_ptq.py:220: UserWarning: Converting a tensor with requires_grad=True to a scalar may lead to unexpected behavior.
Consider using tensor.detach() first. (Triggered internally at /pytorch/torch/csrc/autograd/generated/python_variable_methods.cpp:835.)
  float(total_loss), float(rec_loss), float(round_loss), b, self.count))

2025-08-18 17:34:51,876 | INFO | ✔ END: advanced PTQ reconstruction (elapsed 3600.90s)
2025-08-18 17:34:51,878 | INFO | ▶ START: enable_quantization (simulate INT8)
2025-08-18 17:34:51,881 | INFO | ✔ END: enable_quantization (simulate INT8) (elapsed 0.00s)
2025-08-18 17:34:51,882 | INFO | ✔ END: prepare_by_platform(Academic) (elapsed 3609.40s)
2025-08-18 17:34:51,883 | INFO | ▶ START: evaluate INT8-sim
2025-08-18 17:34:55,023 | INFO | [EVAL_INT8] progress: 50 batches, running top1=0.44%
2025-08-18 17:34:57,438 | INFO | [EVAL_INT8] progress: 100 batches, running top1=0.22%
2025-08-18 17:34:59,782 | INFO | [EVAL_INT8] progress: 150 batches, running top1=0.15%
2025-08-18 17:35:02,133 | INFO | [EVAL_INT8] progress: 200 batches, running top1=0.11%
2025-08-18 17:35:04,609 | INFO | [EVAL_INT8] progress: 250 batches, running top1=0.09%
2025-08-18 17:35:07,008 | INFO | [EVAL_INT8] progress: 300 batches, running top1=0.07%
2025-08-18 17:35:09,356 | INFO | [EVAL_INT8] progress: 350 batches, running top1=0.06%
2025-08-18 17:35:11,754 | INFO | [EVAL_INT8] progress: 400 batches, running top1=0.05%
2025-08-18 17:35:14,123 | INFO | [EVAL_INT8] progress: 450 batches, running top1=0.06%
2025-08-18 17:35:16,474 | INFO | [EVAL_INT8] progress: 500 batches, running top1=0.16%
2025-08-18 17:35:18,826 | INFO | [EVAL_INT8] progress: 550 batches, running top1=0.15%
2025-08-18 17:35:21,189 | INFO | [EVAL_INT8] progress: 600 batches, running top1=0.16%
2025-08-18 17:35:23,560 | INFO | [EVAL_INT8] progress: 650 batches, running top1=0.15%
2025-08-18 17:35:25,919 | INFO | [EVAL_INT8] progress: 700 batches, running top1=0.14%
2025-08-18 17:35:28,258 | INFO | [EVAL_INT8] progress: 750 batches, running top1=0.14%
2025-08-18 17:35:29,804 | INFO | [EVAL_INT8] done: 782 batches in 37.92s, top1=0.13%
2025-08-18 17:35:29,804 | INFO | [PTQ][resnet50][Academic] [ADV] Top-1 = 0.13%
2025-08-18 17:35:29,804 | INFO | ✔ END: evaluate INT8-sim (elapsed 37.92s)
2025-08-18 17:35:29,804 | INFO | ▶ START: evaluate FP32 baseline
2025-08-18 17:35:32,492 | INFO | [EVAL_FP32] progress: 50 batches, running top1=85.19%
2025-08-18 17:35:34,629 | INFO | [EVAL_FP32] progress: 100 batches, running top1=86.30%
2025-08-18 17:35:36,543 | INFO | [EVAL_FP32] progress: 150 batches, running top1=86.50%
2025-08-18 17:35:38,539 | INFO | [EVAL_FP32] progress: 200 batches, running top1=85.77%
2025-08-18 17:35:40,721 | INFO | [EVAL_FP32] progress: 250 batches, running top1=85.56%
2025-08-18 17:35:42,791 | INFO | [EVAL_FP32] progress: 300 batches, running top1=85.64%
2025-08-18 17:35:44,774 | INFO | [EVAL_FP32] progress: 350 batches, running top1=84.79%
2025-08-18 17:35:46,807 | INFO | [EVAL_FP32] progress: 400 batches, running top1=83.59%
2025-08-18 17:35:48,914 | INFO | [EVAL_FP32] progress: 450 batches, running top1=83.21%
2025-08-18 17:35:50,788 | INFO | [EVAL_FP32] progress: 500 batches, running top1=82.49%
2025-08-18 17:35:52,819 | INFO | [EVAL_FP32] progress: 550 batches, running top1=82.07%
2025-08-18 17:35:54,771 | INFO | [EVAL_FP32] progress: 600 batches, running top1=81.73%
2025-08-18 17:35:56,783 | INFO | [EVAL_FP32] progress: 650 batches, running top1=81.40%
2025-08-18 17:35:58,796 | INFO | [EVAL_FP32] progress: 700 batches, running top1=80.99%
2025-08-18 17:36:00,820 | INFO | [EVAL_FP32] progress: 750 batches, running top1=80.96%
2025-08-18 17:36:01,964 | INFO | [EVAL_FP32] done: 782 batches in 32.16s, top1=80.84%
2025-08-18 17:36:01,965 | INFO | [FP32] Top-1 = 80.84% (expected ~None)
2025-08-18 17:36:01,965 | INFO | ✔ END: evaluate FP32 baseline (elapsed 32.16s)
2025-08-18 17:36:01,965 | INFO | ▶ START: extract model logits
2025-08-18 17:36:01,967 | INFO | Extracting logits from both models...
2025-08-18 17:36:05,173 | INFO | Processed 5 batches
2025-08-18 17:36:06,356 | INFO | Processed 10 batches
2025-08-18 17:36:09,242 | INFO | Extracted logits: Q=torch.Size([640, 1000]), FP=torch.Size([640, 1000])
2025-08-18 18:41:46,969 | INFO | ✔ END: extract model logits (elapsed 3945.00s)
