2025-08-18 16:50:16,541 | INFO | Environment: {'torch': '2.8.0+cu128', 'torchvision': '0.23.0+cu128', 'cuda_available': True, 'device_name': 'NVIDIA L40S', 'capability': '8.9', 'cudnn_version': 91002}
2025-08-18 16:50:16,541 | INFO | ▶ START: load fp32 model (torchvision weights API)
2025-08-18 16:50:18,917 | INFO | Model: resnet50 | Weights: ResNet50_Weights.IMAGENET1K_V2 | Params: 25.56M | Ref acc@1=None
2025-08-18 16:50:18,917 | INFO | ✔ END: load fp32 model (torchvision weights API) (elapsed 2.38s)
2025-08-18 16:50:18,917 | INFO | ▶ START: build & check loaders
2025-08-18 16:50:18,923 | INFO | Val structure looks OK (1000 synset folders).
2025-08-18 16:50:19,002 | INFO | Train structure looks OK (1000 synset folders).
2025-08-18 16:50:40,843 | INFO | ImageNet train: 1281167 images, 1000 classes
2025-08-18 16:50:43,082 | INFO | ImageNet val: 50000 images, 1000 classes
2025-08-18 16:50:43,082 | INFO | Val dataset size: 50000 | batch_size=64 | calib_batches=32
2025-08-18 16:50:46,573 | INFO | [SANITY] Batch[0] stats: mean=-0.2055, std=1.1229, min=-2.118, max=2.640
2025-08-18 16:50:46,573 | INFO | ✔ END: build & check loaders (elapsed 27.66s)
2025-08-18 16:50:46,580 | INFO | ▶ START: prepare_by_platform(Academic)
2025-08-18 16:50:46,581 | INFO | [Academic extra_config] {'extra_qconfig_dict': {'w_observer': 'MinMaxObserver', 'a_observer': 'EMAMinMaxObserver', 'w_fakequantize': 'AdaRoundFakeQuantize', 'a_fakequantize': 'FixedFakeQuantize', 'w_qscheme': {'bit': 4, 'symmetry': True, 'per_channel': True, 'pot_scale': False}, 'a_qscheme': {'bit': 2, 'symmetry': False, 'per_channel': False, 'pot_scale': False}}}
2025-08-18 16:50:47,104 | INFO | Modules (total): 151 -> 391
2025-08-18 16:50:47,104 | INFO | 'Quantish' modules detected after prepare: 208
2025-08-18 16:50:47,104 | INFO | ▶ START: calibration (enable_calibration + forward)
2025-08-18 16:50:48,488 | INFO | [CALIB] step=1/32 seen=64 (46.3 img/s)
2025-08-18 16:50:49,048 | INFO | [CALIB] step=10/32 seen=640 (329.7 img/s)
2025-08-18 16:50:53,691 | INFO | [CALIB] step=20/32 seen=1280 (194.4 img/s)
2025-08-18 16:50:58,670 | INFO | [CALIB] step=30/32 seen=1920 (166.0 img/s)
2025-08-18 16:50:59,621 | INFO | [CALIB] total images seen: 2048
2025-08-18 16:50:59,621 | INFO | ✔ END: calibration (enable_calibration + forward) (elapsed 12.52s)
2025-08-18 16:50:59,621 | INFO | ▶ START: advanced PTQ reconstruction
2025-08-18 16:51:01,690 | INFO | [ADV] cfg={'pattern': 'block', 'scale_lr': 4e-05, 'warm_up': 0.2, 'weight': 0.01, 'max_count': 20000, 'b_range': [20, 2], 'keep_gpu': True, 'round_mode': 'learned_hard_sigmoid', 'prob': 1.0}
2025-08-18 16:51:01,690 | INFO | [ADV] stacked tensors: 32 | total calib images: 2048
2025-08-18 16:51:07,344 | WARNING | /home/alz07xz/project/kmeans_results/MQBench/mqbench/advanced_ptq.py:220: UserWarning: Converting a tensor with requires_grad=True to a scalar may lead to unexpected behavior.
Consider using tensor.detach() first. (Triggered internally at /pytorch/torch/csrc/autograd/generated/python_variable_methods.cpp:835.)
  float(total_loss), float(rec_loss), float(round_loss), b, self.count))

2025-08-18 17:50:46,032 | INFO | ✔ END: advanced PTQ reconstruction (elapsed 3586.41s)
2025-08-18 17:50:46,035 | INFO | ▶ START: enable_quantization (simulate INT8)
2025-08-18 17:50:46,039 | INFO | ✔ END: enable_quantization (simulate INT8) (elapsed 0.00s)
2025-08-18 17:50:46,039 | INFO | ✔ END: prepare_by_platform(Academic) (elapsed 3599.46s)
2025-08-18 17:50:46,040 | INFO | ▶ START: evaluate INT8-sim
2025-08-18 17:50:49,197 | INFO | [EVAL_INT8] progress: 50 batches, running top1=0.44%
2025-08-18 17:50:51,612 | INFO | [EVAL_INT8] progress: 100 batches, running top1=0.22%
2025-08-18 17:50:53,959 | INFO | [EVAL_INT8] progress: 150 batches, running top1=0.15%
2025-08-18 17:50:56,285 | INFO | [EVAL_INT8] progress: 200 batches, running top1=0.11%
2025-08-18 17:50:58,737 | INFO | [EVAL_INT8] progress: 250 batches, running top1=0.09%
2025-08-18 17:51:01,142 | INFO | [EVAL_INT8] progress: 300 batches, running top1=0.07%
2025-08-18 17:51:03,496 | INFO | [EVAL_INT8] progress: 350 batches, running top1=0.06%
2025-08-18 17:51:05,867 | INFO | [EVAL_INT8] progress: 400 batches, running top1=0.05%
2025-08-18 17:51:08,228 | INFO | [EVAL_INT8] progress: 450 batches, running top1=0.06%
2025-08-18 17:51:10,609 | INFO | [EVAL_INT8] progress: 500 batches, running top1=0.16%
2025-08-18 17:51:12,997 | INFO | [EVAL_INT8] progress: 550 batches, running top1=0.15%
2025-08-18 17:51:15,338 | INFO | [EVAL_INT8] progress: 600 batches, running top1=0.16%
2025-08-18 17:51:17,682 | INFO | [EVAL_INT8] progress: 650 batches, running top1=0.15%
2025-08-18 17:51:20,031 | INFO | [EVAL_INT8] progress: 700 batches, running top1=0.14%
2025-08-18 17:51:22,377 | INFO | [EVAL_INT8] progress: 750 batches, running top1=0.14%
2025-08-18 17:51:23,904 | INFO | [EVAL_INT8] done: 782 batches in 37.86s, top1=0.13%
2025-08-18 17:51:23,904 | INFO | [PTQ][resnet50][Academic] [ADV] Top-1 = 0.13%
2025-08-18 17:51:23,904 | INFO | ✔ END: evaluate INT8-sim (elapsed 37.86s)
2025-08-18 17:51:23,904 | INFO | ▶ START: evaluate FP32 baseline
2025-08-18 17:51:26,496 | INFO | [EVAL_FP32] progress: 50 batches, running top1=85.19%
2025-08-18 17:51:28,531 | INFO | [EVAL_FP32] progress: 100 batches, running top1=86.30%
2025-08-18 17:51:30,567 | INFO | [EVAL_FP32] progress: 150 batches, running top1=86.50%
2025-08-18 17:51:32,510 | INFO | [EVAL_FP32] progress: 200 batches, running top1=85.77%
2025-08-18 17:51:34,661 | INFO | [EVAL_FP32] progress: 250 batches, running top1=85.56%
2025-08-18 17:51:36,788 | INFO | [EVAL_FP32] progress: 300 batches, running top1=85.64%
2025-08-18 17:51:38,662 | INFO | [EVAL_FP32] progress: 350 batches, running top1=84.79%
2025-08-18 17:51:40,742 | INFO | [EVAL_FP32] progress: 400 batches, running top1=83.59%
2025-08-18 17:51:42,784 | INFO | [EVAL_FP32] progress: 450 batches, running top1=83.21%
2025-08-18 17:51:44,762 | INFO | [EVAL_FP32] progress: 500 batches, running top1=82.49%
2025-08-18 17:51:46,791 | INFO | [EVAL_FP32] progress: 550 batches, running top1=82.07%
2025-08-18 17:51:48,866 | INFO | [EVAL_FP32] progress: 600 batches, running top1=81.73%
2025-08-18 17:51:50,821 | INFO | [EVAL_FP32] progress: 650 batches, running top1=81.40%
2025-08-18 17:51:52,610 | INFO | [EVAL_FP32] progress: 700 batches, running top1=80.99%
2025-08-18 17:51:54,744 | INFO | [EVAL_FP32] progress: 750 batches, running top1=80.96%
2025-08-18 17:51:55,869 | INFO | [EVAL_FP32] done: 782 batches in 31.96s, top1=80.84%
2025-08-18 17:51:55,870 | INFO | [FP32] Top-1 = 80.84% (expected ~None)
2025-08-18 17:51:55,870 | INFO | ✔ END: evaluate FP32 baseline (elapsed 31.97s)
2025-08-18 17:51:55,870 | INFO | ▶ START: extract model logits
2025-08-18 17:51:55,872 | INFO | Extracting logits from both models...
2025-08-18 17:51:58,924 | INFO | Processed 5 batches
2025-08-18 17:52:00,188 | INFO | Processed 10 batches
2025-08-18 17:52:01,961 | INFO | Extracted logits: Q=torch.Size([640, 1000]), FP=torch.Size([640, 1000])
2025-08-18 18:56:05,105 | INFO | ✔ END: extract model logits (elapsed 3849.24s)
