2025-08-18 14:31:51,101 | INFO | Environment: {'torch': '2.8.0+cu128', 'torchvision': '0.23.0+cu128', 'cuda_available': True, 'device_name': 'NVIDIA L40S', 'capability': '8.9', 'cudnn_version': 91002}
2025-08-18 14:31:51,101 | INFO | ▶ START: load fp32 model (torchvision weights API)
2025-08-18 14:31:52,012 | INFO | Model: regnet_x_3_2gf | Weights: RegNet_X_3_2GF_Weights.IMAGENET1K_V2 | Params: 15.30M | Ref acc@1=None
2025-08-18 14:31:52,012 | INFO | ✔ END: load fp32 model (torchvision weights API) (elapsed 0.91s)
2025-08-18 14:31:52,012 | INFO | ▶ START: build & check loaders
2025-08-18 14:31:52,018 | INFO | Val structure looks OK (1000 synset folders).
2025-08-18 14:31:52,023 | INFO | Train structure looks OK (1000 synset folders).
2025-08-18 14:32:17,908 | INFO | ImageNet train: 1281167 images, 1000 classes
2025-08-18 14:32:18,900 | INFO | ImageNet val: 50000 images, 1000 classes
2025-08-18 14:32:18,901 | INFO | Val dataset size: 50000 | batch_size=64 | calib_batches=32
2025-08-18 14:32:21,814 | INFO | [SANITY] Batch[0] stats: mean=-0.2055, std=1.1229, min=-2.118, max=2.640
2025-08-18 14:32:21,814 | INFO | ✔ END: build & check loaders (elapsed 29.80s)
2025-08-18 14:32:21,824 | INFO | ▶ START: prepare_by_platform(Academic)
2025-08-18 14:32:21,827 | INFO | [Academic extra_config] {'extra_qconfig_dict': {'w_observer': 'MinMaxObserver', 'a_observer': 'EMAMinMaxObserver', 'w_fakequantize': 'AdaRoundFakeQuantize', 'a_fakequantize': 'FixedFakeQuantize', 'w_qscheme': {'bit': 2, 'symmetry': True, 'per_channel': True, 'pot_scale': False}, 'a_qscheme': {'bit': 2, 'symmetry': False, 'per_channel': False, 'pot_scale': False}}}
2025-08-18 14:32:22,112 | INFO | Modules (total): 374 -> 690
2025-08-18 14:32:22,112 | INFO | 'Quantish' modules detected after prepare: 316
2025-08-18 14:32:22,112 | INFO | ▶ START: calibration (enable_calibration + forward)
2025-08-18 14:32:29,928 | INFO | [CALIB] step=1/32 seen=64 (8.2 img/s)
2025-08-18 14:32:30,608 | INFO | [CALIB] step=10/32 seen=640 (75.4 img/s)
2025-08-18 14:32:31,307 | INFO | [CALIB] step=20/32 seen=1280 (139.3 img/s)
2025-08-18 14:32:33,298 | INFO | [CALIB] step=30/32 seen=1920 (171.7 img/s)
2025-08-18 14:32:35,632 | INFO | [CALIB] total images seen: 2048
2025-08-18 14:32:35,633 | INFO | ✔ END: calibration (enable_calibration + forward) (elapsed 13.52s)
2025-08-18 14:32:35,633 | INFO | ▶ START: advanced PTQ reconstruction
2025-08-18 14:32:37,821 | INFO | [ADV] cfg={'pattern': 'block', 'scale_lr': 4e-05, 'warm_up': 0.2, 'weight': 0.01, 'max_count': 20000, 'b_range': [20, 2], 'keep_gpu': True, 'round_mode': 'learned_hard_sigmoid', 'prob': 1.0}
2025-08-18 14:32:37,821 | INFO | [ADV] stacked tensors: 32 | total calib images: 2048
2025-08-18 14:32:44,575 | WARNING | /home/alz07xz/project/kmeans_results/MQBench/mqbench/advanced_ptq.py:220: UserWarning: Converting a tensor with requires_grad=True to a scalar may lead to unexpected behavior.
Consider using tensor.detach() first. (Triggered internally at /pytorch/torch/csrc/autograd/generated/python_variable_methods.cpp:835.)
  float(total_loss), float(rec_loss), float(round_loss), b, self.count))

2025-08-18 15:50:56,318 | INFO | ✔ END: advanced PTQ reconstruction (elapsed 4700.69s)
2025-08-18 15:50:56,320 | INFO | ▶ START: enable_quantization (simulate INT8)
2025-08-18 15:50:56,326 | INFO | ✔ END: enable_quantization (simulate INT8) (elapsed 0.01s)
2025-08-18 15:50:56,326 | INFO | ✔ END: prepare_by_platform(Academic) (elapsed 4714.50s)
2025-08-18 15:50:56,328 | INFO | ▶ START: evaluate INT8-sim
2025-08-18 15:50:59,628 | INFO | [EVAL_INT8] progress: 50 batches, running top1=1.81%
2025-08-18 15:51:02,078 | INFO | [EVAL_INT8] progress: 100 batches, running top1=0.91%
2025-08-18 15:51:04,458 | INFO | [EVAL_INT8] progress: 150 batches, running top1=0.60%
2025-08-18 15:51:06,887 | INFO | [EVAL_INT8] progress: 200 batches, running top1=0.45%
2025-08-18 15:51:09,384 | INFO | [EVAL_INT8] progress: 250 batches, running top1=0.36%
2025-08-18 15:51:11,840 | INFO | [EVAL_INT8] progress: 300 batches, running top1=0.30%
2025-08-18 15:51:14,222 | INFO | [EVAL_INT8] progress: 350 batches, running top1=0.26%
2025-08-18 15:51:16,621 | INFO | [EVAL_INT8] progress: 400 batches, running top1=0.23%
2025-08-18 15:51:19,084 | INFO | [EVAL_INT8] progress: 450 batches, running top1=0.20%
2025-08-18 15:51:21,488 | INFO | [EVAL_INT8] progress: 500 batches, running top1=0.18%
2025-08-18 15:51:23,892 | INFO | [EVAL_INT8] progress: 550 batches, running top1=0.16%
2025-08-18 15:51:26,298 | INFO | [EVAL_INT8] progress: 600 batches, running top1=0.15%
2025-08-18 15:51:28,673 | INFO | [EVAL_INT8] progress: 650 batches, running top1=0.14%
2025-08-18 15:51:31,001 | INFO | [EVAL_INT8] progress: 700 batches, running top1=0.13%
2025-08-18 15:51:33,366 | INFO | [EVAL_INT8] progress: 750 batches, running top1=0.12%
2025-08-18 15:51:34,878 | INFO | [EVAL_INT8] done: 782 batches in 38.55s, top1=0.12%
2025-08-18 15:51:34,878 | INFO | [PTQ][regnet_x_3_2gf][Academic] [ADV] Top-1 = 0.12%
2025-08-18 15:51:34,878 | INFO | ✔ END: evaluate INT8-sim (elapsed 38.55s)
2025-08-18 15:51:34,878 | INFO | ▶ START: evaluate FP32 baseline
2025-08-18 15:51:37,808 | INFO | [EVAL_FP32] progress: 50 batches, running top1=85.84%
2025-08-18 15:51:39,935 | INFO | [EVAL_FP32] progress: 100 batches, running top1=86.62%
2025-08-18 15:51:42,112 | INFO | [EVAL_FP32] progress: 150 batches, running top1=86.46%
2025-08-18 15:51:44,101 | INFO | [EVAL_FP32] progress: 200 batches, running top1=85.96%
2025-08-18 15:51:46,354 | INFO | [EVAL_FP32] progress: 250 batches, running top1=85.72%
2025-08-18 15:51:48,528 | INFO | [EVAL_FP32] progress: 300 batches, running top1=85.83%
2025-08-18 15:51:50,632 | INFO | [EVAL_FP32] progress: 350 batches, running top1=84.94%
2025-08-18 15:51:52,694 | INFO | [EVAL_FP32] progress: 400 batches, running top1=83.70%
2025-08-18 15:51:54,862 | INFO | [EVAL_FP32] progress: 450 batches, running top1=83.33%
2025-08-18 15:51:56,931 | INFO | [EVAL_FP32] progress: 500 batches, running top1=82.68%
2025-08-18 15:51:59,200 | INFO | [EVAL_FP32] progress: 550 batches, running top1=82.36%
2025-08-18 15:52:01,251 | INFO | [EVAL_FP32] progress: 600 batches, running top1=82.05%
2025-08-18 15:52:03,299 | INFO | [EVAL_FP32] progress: 650 batches, running top1=81.71%
2025-08-18 15:52:05,572 | INFO | [EVAL_FP32] progress: 700 batches, running top1=81.34%
2025-08-18 15:52:07,561 | INFO | [EVAL_FP32] progress: 750 batches, running top1=81.30%
2025-08-18 15:52:08,857 | INFO | [EVAL_FP32] done: 782 batches in 33.98s, top1=81.18%
2025-08-18 15:52:08,857 | INFO | [FP32] Top-1 = 81.18% (expected ~None)
2025-08-18 15:52:08,857 | INFO | ✔ END: evaluate FP32 baseline (elapsed 33.98s)
2025-08-18 15:52:08,857 | INFO | ▶ START: extract model logits
2025-08-18 15:52:08,861 | INFO | Extracting logits from both models...
2025-08-18 15:52:10,908 | INFO | Processed 5 batches
2025-08-18 15:52:11,619 | INFO | Processed 10 batches
2025-08-18 15:52:12,545 | INFO | Extracted logits: Q=torch.Size([640, 1000]), FP=torch.Size([640, 1000])
2025-08-18 16:55:46,104 | INFO | ✔ END: extract model logits (elapsed 3817.25s)
