2025-08-18 16:02:59,508 | INFO | Environment: {'torch': '2.8.0+cu128', 'torchvision': '0.23.0+cu128', 'cuda_available': True, 'device_name': 'NVIDIA L40S', 'capability': '8.9', 'cudnn_version': 91002}
2025-08-18 16:02:59,508 | INFO | ▶ START: load fp32 model (torchvision weights API)
2025-08-18 16:02:59,979 | INFO | Model: mnasnet0_5 | Weights: MNASNet0_5_Weights.IMAGENET1K_V1 | Params: 2.22M | Ref acc@1=None
2025-08-18 16:02:59,979 | INFO | ✔ END: load fp32 model (torchvision weights API) (elapsed 0.47s)
2025-08-18 16:02:59,979 | INFO | ▶ START: build & check loaders
2025-08-18 16:02:59,985 | INFO | Val structure looks OK (1000 synset folders).
2025-08-18 16:02:59,998 | INFO | Train structure looks OK (1000 synset folders).
2025-08-18 16:03:27,650 | INFO | ImageNet train: 1281167 images, 1000 classes
2025-08-18 16:03:28,458 | INFO | ImageNet val: 50000 images, 1000 classes
2025-08-18 16:03:28,458 | INFO | Val dataset size: 50000 | batch_size=64 | calib_batches=32
2025-08-18 16:03:29,278 | INFO | [SANITY] Batch[0] stats: mean=-0.1807, std=1.1175, min=-2.118, max=2.640
2025-08-18 16:03:29,295 | INFO | ✔ END: build & check loaders (elapsed 29.32s)
2025-08-18 16:03:29,298 | INFO | ▶ START: prepare_by_platform(Academic)
2025-08-18 16:03:29,299 | INFO | [Academic extra_config] {'extra_qconfig_dict': {'w_observer': 'MinMaxObserver', 'a_observer': 'EMAMinMaxObserver', 'w_fakequantize': 'AdaRoundFakeQuantize', 'a_fakequantize': 'FixedFakeQuantize', 'w_qscheme': {'bit': 4, 'symmetry': True, 'per_channel': True, 'pot_scale': False}, 'a_qscheme': {'bit': 4, 'symmetry': False, 'per_channel': False, 'pot_scale': False}}}
2025-08-18 16:03:29,752 | INFO | Modules (total): 182 -> 394
2025-08-18 16:03:29,752 | INFO | 'Quantish' modules detected after prepare: 212
2025-08-18 16:03:29,752 | INFO | ▶ START: calibration (enable_calibration + forward)
2025-08-18 16:03:31,322 | INFO | [CALIB] step=1/32 seen=64 (40.8 img/s)
2025-08-18 16:03:31,697 | INFO | [CALIB] step=10/32 seen=640 (329.5 img/s)
2025-08-18 16:03:32,191 | INFO | [CALIB] step=20/32 seen=1280 (525.4 img/s)
2025-08-18 16:03:32,615 | INFO | [CALIB] step=30/32 seen=1920 (671.1 img/s)
2025-08-18 16:03:33,023 | INFO | [CALIB] total images seen: 2048
2025-08-18 16:03:33,023 | INFO | ✔ END: calibration (enable_calibration + forward) (elapsed 3.27s)
2025-08-18 16:03:33,023 | INFO | ▶ START: advanced PTQ reconstruction
2025-08-18 16:03:34,980 | INFO | [ADV] cfg={'pattern': 'block', 'scale_lr': 4e-05, 'warm_up': 0.2, 'weight': 0.01, 'max_count': 20000, 'b_range': [20, 2], 'keep_gpu': True, 'round_mode': 'learned_hard_sigmoid', 'prob': 1.0}
2025-08-18 16:03:34,980 | INFO | [ADV] stacked tensors: 32 | total calib images: 2048
2025-08-18 16:03:40,126 | WARNING | /home/alz07xz/project/kmeans_results/MQBench/mqbench/advanced_ptq.py:220: UserWarning: Converting a tensor with requires_grad=True to a scalar may lead to unexpected behavior.
Consider using tensor.detach() first. (Triggered internally at /pytorch/torch/csrc/autograd/generated/python_variable_methods.cpp:835.)
  float(total_loss), float(rec_loss), float(round_loss), b, self.count))

2025-08-18 16:42:44,390 | INFO | ✔ END: advanced PTQ reconstruction (elapsed 2351.37s)
2025-08-18 16:42:44,396 | INFO | ▶ START: enable_quantization (simulate INT8)
2025-08-18 16:42:44,400 | INFO | ✔ END: enable_quantization (simulate INT8) (elapsed 0.00s)
2025-08-18 16:42:44,400 | INFO | ✔ END: prepare_by_platform(Academic) (elapsed 2355.10s)
2025-08-18 16:42:44,401 | INFO | ▶ START: evaluate INT8-sim
2025-08-18 16:42:46,971 | INFO | [EVAL_INT8] progress: 50 batches, running top1=8.09%
2025-08-18 16:42:49,017 | INFO | [EVAL_INT8] progress: 100 batches, running top1=4.52%
2025-08-18 16:42:50,964 | INFO | [EVAL_INT8] progress: 150 batches, running top1=3.06%
2025-08-18 16:42:52,944 | INFO | [EVAL_INT8] progress: 200 batches, running top1=2.30%
2025-08-18 16:42:58,819 | INFO | [EVAL_INT8] progress: 250 batches, running top1=1.86%
2025-08-18 16:43:07,735 | INFO | [EVAL_INT8] progress: 300 batches, running top1=1.55%
2025-08-18 16:43:20,882 | INFO | [EVAL_INT8] progress: 350 batches, running top1=1.33%
2025-08-18 16:43:29,241 | INFO | [EVAL_INT8] progress: 400 batches, running top1=1.17%
2025-08-18 16:43:35,697 | INFO | [EVAL_INT8] progress: 450 batches, running top1=1.05%
2025-08-18 16:43:37,803 | INFO | [EVAL_INT8] progress: 500 batches, running top1=0.95%
2025-08-18 16:43:39,777 | INFO | [EVAL_INT8] progress: 550 batches, running top1=0.89%
2025-08-18 16:43:41,725 | INFO | [EVAL_INT8] progress: 600 batches, running top1=0.82%
2025-08-18 16:43:43,730 | INFO | [EVAL_INT8] progress: 650 batches, running top1=0.76%
2025-08-18 16:43:45,631 | INFO | [EVAL_INT8] progress: 700 batches, running top1=0.71%
2025-08-18 16:43:47,589 | INFO | [EVAL_INT8] progress: 750 batches, running top1=0.66%
2025-08-18 16:43:48,746 | INFO | [EVAL_INT8] done: 782 batches in 64.34s, top1=0.68%
2025-08-18 16:43:48,746 | INFO | [PTQ][mnasnet0_5][Academic] [ADV] Top-1 = 0.68%
2025-08-18 16:43:48,746 | INFO | ✔ END: evaluate INT8-sim (elapsed 64.35s)
2025-08-18 16:43:48,747 | INFO | ▶ START: evaluate FP32 baseline
2025-08-18 16:43:51,250 | INFO | [EVAL_FP32] progress: 50 batches, running top1=73.44%
2025-08-18 16:43:53,126 | INFO | [EVAL_FP32] progress: 100 batches, running top1=74.81%
2025-08-18 16:43:55,039 | INFO | [EVAL_FP32] progress: 150 batches, running top1=75.14%
2025-08-18 16:43:56,928 | INFO | [EVAL_FP32] progress: 200 batches, running top1=74.41%
2025-08-18 16:43:58,978 | INFO | [EVAL_FP32] progress: 250 batches, running top1=74.26%
2025-08-18 16:44:00,945 | INFO | [EVAL_FP32] progress: 300 batches, running top1=74.69%
2025-08-18 16:44:02,805 | INFO | [EVAL_FP32] progress: 350 batches, running top1=73.39%
2025-08-18 16:44:04,620 | INFO | [EVAL_FP32] progress: 400 batches, running top1=71.63%
2025-08-18 16:44:06,572 | INFO | [EVAL_FP32] progress: 450 batches, running top1=70.98%
2025-08-18 16:44:08,562 | INFO | [EVAL_FP32] progress: 500 batches, running top1=69.94%
2025-08-18 16:44:10,371 | INFO | [EVAL_FP32] progress: 550 batches, running top1=69.28%
2025-08-18 16:44:12,249 | INFO | [EVAL_FP32] progress: 600 batches, running top1=68.73%
2025-08-18 16:44:14,189 | INFO | [EVAL_FP32] progress: 650 batches, running top1=68.26%
2025-08-18 16:44:15,992 | INFO | [EVAL_FP32] progress: 700 batches, running top1=67.67%
2025-08-18 16:44:17,900 | INFO | [EVAL_FP32] progress: 750 batches, running top1=67.74%
2025-08-18 16:44:19,067 | INFO | [EVAL_FP32] done: 782 batches in 30.32s, top1=67.76%
2025-08-18 16:44:19,067 | INFO | [FP32] Top-1 = 67.76% (expected ~None)
2025-08-18 16:44:19,068 | INFO | ✔ END: evaluate FP32 baseline (elapsed 30.32s)
2025-08-18 16:44:19,068 | INFO | ▶ START: extract model logits
2025-08-18 16:44:19,069 | INFO | Extracting logits from both models...
2025-08-18 16:44:22,581 | INFO | Processed 5 batches
2025-08-18 16:44:24,369 | INFO | Processed 10 batches
2025-08-18 16:44:25,932 | INFO | Extracted logits: Q=torch.Size([640, 1000]), FP=torch.Size([640, 1000])
2025-08-18 17:30:04,781 | INFO | ✔ END: extract model logits (elapsed 2745.71s)
