2025-08-18 14:20:47,992 | INFO | Environment: {'torch': '2.8.0+cu128', 'torchvision': '0.23.0+cu128', 'cuda_available': True, 'device_name': 'NVIDIA L40S', 'capability': '8.9', 'cudnn_version': 91002}
2025-08-18 14:20:47,992 | INFO | ▶ START: load fp32 model (torchvision weights API)
2025-08-18 14:20:48,224 | INFO | Model: mobilenet_v2 | Weights: MobileNet_V2_Weights.IMAGENET1K_V2 | Params: 3.50M | Ref acc@1=None
2025-08-18 14:20:48,224 | INFO | ✔ END: load fp32 model (torchvision weights API) (elapsed 0.23s)
2025-08-18 14:20:48,224 | INFO | ▶ START: build & check loaders
2025-08-18 14:20:48,239 | INFO | Val structure looks OK (1000 synset folders).
2025-08-18 14:20:48,252 | INFO | Train structure looks OK (1000 synset folders).
2025-08-18 14:21:12,266 | INFO | ImageNet train: 1281167 images, 1000 classes
2025-08-18 14:21:14,077 | INFO | ImageNet val: 50000 images, 1000 classes
2025-08-18 14:21:14,562 | INFO | Val dataset size: 50000 | batch_size=64 | calib_batches=32
2025-08-18 14:21:28,566 | INFO | [SANITY] Batch[0] stats: mean=-0.2055, std=1.1229, min=-2.118, max=2.640
2025-08-18 14:21:28,566 | INFO | ✔ END: build & check loaders (elapsed 40.34s)
2025-08-18 14:21:28,576 | INFO | ▶ START: prepare_by_platform(Academic)
2025-08-18 14:21:28,577 | INFO | [Academic extra_config] {'extra_qconfig_dict': {'w_observer': 'MinMaxObserver', 'a_observer': 'EMAMinMaxObserver', 'w_fakequantize': 'AdaRoundFakeQuantize', 'a_fakequantize': 'FixedFakeQuantize', 'w_qscheme': {'bit': 2, 'symmetry': True, 'per_channel': True, 'pot_scale': False}, 'a_qscheme': {'bit': 2, 'symmetry': False, 'per_channel': False, 'pot_scale': False}}}
2025-08-18 14:21:28,794 | INFO | Modules (total): 213 -> 425
2025-08-18 14:21:28,794 | INFO | 'Quantish' modules detected after prepare: 212
2025-08-18 14:21:28,794 | INFO | ▶ START: calibration (enable_calibration + forward)
2025-08-18 14:21:38,725 | INFO | [CALIB] step=1/32 seen=64 (6.4 img/s)
2025-08-18 14:21:39,347 | INFO | [CALIB] step=10/32 seen=640 (60.7 img/s)
2025-08-18 14:21:40,868 | INFO | [CALIB] step=20/32 seen=1280 (106.0 img/s)
2025-08-18 14:21:41,576 | INFO | [CALIB] step=30/32 seen=1920 (150.2 img/s)
2025-08-18 14:21:44,095 | INFO | [CALIB] total images seen: 2048
2025-08-18 14:21:44,095 | INFO | ✔ END: calibration (enable_calibration + forward) (elapsed 15.30s)
2025-08-18 14:21:44,095 | INFO | ▶ START: advanced PTQ reconstruction
2025-08-18 14:21:47,418 | INFO | [ADV] cfg={'pattern': 'block', 'scale_lr': 4e-05, 'warm_up': 0.2, 'weight': 0.01, 'max_count': 20000, 'b_range': [20, 2], 'keep_gpu': True, 'round_mode': 'learned_hard_sigmoid', 'prob': 1.0}
2025-08-18 14:21:47,418 | INFO | [ADV] stacked tensors: 32 | total calib images: 2048
2025-08-18 14:21:56,669 | WARNING | /home/alz07xz/project/kmeans_results/MQBench/mqbench/advanced_ptq.py:220: UserWarning: Converting a tensor with requires_grad=True to a scalar may lead to unexpected behavior.
Consider using tensor.detach() first. (Triggered internally at /pytorch/torch/csrc/autograd/generated/python_variable_methods.cpp:835.)
  float(total_loss), float(rec_loss), float(round_loss), b, self.count))

2025-08-18 15:08:32,681 | INFO | ✔ END: advanced PTQ reconstruction (elapsed 2808.59s)
2025-08-18 15:08:32,683 | INFO | ▶ START: enable_quantization (simulate INT8)
2025-08-18 15:08:32,687 | INFO | ✔ END: enable_quantization (simulate INT8) (elapsed 0.00s)
2025-08-18 15:08:32,688 | INFO | ✔ END: prepare_by_platform(Academic) (elapsed 2824.11s)
2025-08-18 15:08:32,689 | INFO | ▶ START: evaluate INT8-sim
2025-08-18 15:08:36,198 | INFO | [EVAL_INT8] progress: 50 batches, running top1=2.03%
2025-08-18 15:08:44,212 | INFO | [EVAL_INT8] progress: 100 batches, running top1=1.78%
2025-08-18 15:08:50,338 | INFO | [EVAL_INT8] progress: 150 batches, running top1=1.19%
2025-08-18 15:08:56,593 | INFO | [EVAL_INT8] progress: 200 batches, running top1=0.89%
2025-08-18 15:09:03,813 | INFO | [EVAL_INT8] progress: 250 batches, running top1=0.73%
2025-08-18 15:09:10,897 | INFO | [EVAL_INT8] progress: 300 batches, running top1=0.61%
2025-08-18 15:09:16,964 | INFO | [EVAL_INT8] progress: 350 batches, running top1=0.53%
2025-08-18 15:09:21,730 | INFO | [EVAL_INT8] progress: 400 batches, running top1=0.46%
2025-08-18 15:09:27,735 | INFO | [EVAL_INT8] progress: 450 batches, running top1=0.41%
2025-08-18 15:09:33,902 | INFO | [EVAL_INT8] progress: 500 batches, running top1=0.37%
2025-08-18 15:09:43,222 | INFO | [EVAL_INT8] progress: 550 batches, running top1=0.34%
2025-08-18 15:09:49,914 | INFO | [EVAL_INT8] progress: 600 batches, running top1=0.31%
2025-08-18 15:09:56,957 | INFO | [EVAL_INT8] progress: 650 batches, running top1=0.29%
2025-08-18 15:10:07,173 | INFO | [EVAL_INT8] progress: 700 batches, running top1=0.27%
2025-08-18 15:10:16,115 | INFO | [EVAL_INT8] progress: 750 batches, running top1=0.25%
2025-08-18 15:10:20,988 | INFO | [EVAL_INT8] done: 782 batches in 108.30s, top1=0.24%
2025-08-18 15:10:20,988 | INFO | [PTQ][mobilenet_v2][Academic] [ADV] Top-1 = 0.24%
2025-08-18 15:10:20,988 | INFO | ✔ END: evaluate INT8-sim (elapsed 108.30s)
2025-08-18 15:10:20,988 | INFO | ▶ START: evaluate FP32 baseline
2025-08-18 15:10:23,464 | INFO | [EVAL_FP32] progress: 50 batches, running top1=78.28%
2025-08-18 15:10:25,424 | INFO | [EVAL_FP32] progress: 100 batches, running top1=79.39%
2025-08-18 15:10:27,334 | INFO | [EVAL_FP32] progress: 150 batches, running top1=78.90%
2025-08-18 15:10:29,189 | INFO | [EVAL_FP32] progress: 200 batches, running top1=78.18%
2025-08-18 15:10:31,246 | INFO | [EVAL_FP32] progress: 250 batches, running top1=78.02%
2025-08-18 15:10:33,135 | INFO | [EVAL_FP32] progress: 300 batches, running top1=78.35%
2025-08-18 15:10:35,184 | INFO | [EVAL_FP32] progress: 350 batches, running top1=77.30%
2025-08-18 15:10:37,080 | INFO | [EVAL_FP32] progress: 400 batches, running top1=75.82%
2025-08-18 15:10:39,040 | INFO | [EVAL_FP32] progress: 450 batches, running top1=75.21%
2025-08-18 15:10:40,876 | INFO | [EVAL_FP32] progress: 500 batches, running top1=74.27%
2025-08-18 15:10:42,806 | INFO | [EVAL_FP32] progress: 550 batches, running top1=73.65%
2025-08-18 15:10:44,621 | INFO | [EVAL_FP32] progress: 600 batches, running top1=73.09%
2025-08-18 15:10:46,569 | INFO | [EVAL_FP32] progress: 650 batches, running top1=72.71%
2025-08-18 15:10:48,423 | INFO | [EVAL_FP32] progress: 700 batches, running top1=72.16%
2025-08-18 15:10:51,128 | INFO | [EVAL_FP32] progress: 750 batches, running top1=72.19%
2025-08-18 15:10:52,223 | INFO | [EVAL_FP32] done: 782 batches in 31.23s, top1=72.15%
2025-08-18 15:10:52,224 | INFO | [FP32] Top-1 = 72.15% (expected ~None)
2025-08-18 15:10:52,224 | INFO | ✔ END: evaluate FP32 baseline (elapsed 31.24s)
2025-08-18 15:10:52,224 | INFO | ▶ START: extract model logits
2025-08-18 15:10:52,226 | INFO | Extracting logits from both models...
2025-08-18 15:10:56,484 | INFO | Processed 5 batches
2025-08-18 15:10:59,012 | INFO | Processed 10 batches
2025-08-18 15:11:02,900 | INFO | Extracted logits: Q=torch.Size([640, 1000]), FP=torch.Size([640, 1000])
2025-08-18 16:01:40,239 | INFO | ✔ END: extract model logits (elapsed 3048.02s)
