2025-08-17 13:34:10,571 | INFO | Environment: {'torch': '2.8.0+cu128', 'torchvision': '0.23.0+cu128', 'cuda_available': True, 'device_name': 'NVIDIA L40S', 'capability': '8.9', 'cudnn_version': 91002}
2025-08-17 13:34:10,571 | INFO | ▶ START: load fp32 model (torchvision weights API)
2025-08-17 13:34:12,934 | INFO | Model: resnet50 | Weights: ResNet50_Weights.IMAGENET1K_V2 | Params: 25.56M | Ref acc@1=None
2025-08-17 13:34:12,935 | INFO | ✔ END: load fp32 model (torchvision weights API) (elapsed 2.36s)
2025-08-17 13:34:12,935 | INFO | ▶ START: build & check loaders
2025-08-17 13:34:12,941 | INFO | Val structure looks OK (1000 synset folders).
2025-08-17 13:34:12,952 | INFO | Train structure looks OK (1000 synset folders).
2025-08-17 13:34:58,607 | INFO | ImageNet train: 1281167 images, 1000 classes
2025-08-17 13:35:01,004 | INFO | ImageNet val: 50000 images, 1000 classes
2025-08-17 13:35:01,004 | INFO | Val dataset size: 50000 | batch_size=64 | calib_batches=32
2025-08-17 13:35:03,040 | INFO | [SANITY] Batch[0] stats: mean=-0.2055, std=1.1229, min=-2.118, max=2.640
2025-08-17 13:35:03,040 | INFO | ✔ END: build & check loaders (elapsed 50.11s)
2025-08-17 13:35:03,047 | INFO | ▶ START: prepare_by_platform(Academic)
2025-08-17 13:35:03,048 | INFO | [Academic extra_config] {'extra_qconfig_dict': {'w_observer': 'MinMaxObserver', 'a_observer': 'EMAMinMaxObserver', 'w_fakequantize': 'AdaRoundFakeQuantize', 'a_fakequantize': 'FixedFakeQuantize', 'w_qscheme': {'bit': 8, 'symmetry': True, 'per_channel': True, 'pot_scale': False}, 'a_qscheme': {'bit': 8, 'symmetry': False, 'per_channel': False, 'pot_scale': False}}}
2025-08-17 13:35:03,337 | INFO | Modules (total): 151 -> 391
2025-08-17 13:35:03,337 | INFO | 'Quantish' modules detected after prepare: 208
2025-08-17 13:35:03,337 | INFO | ▶ START: calibration (enable_calibration + forward)
2025-08-17 13:35:04,527 | INFO | [CALIB] step=1/32 seen=64 (53.9 img/s)
2025-08-17 13:35:05,071 | INFO | [CALIB] step=10/32 seen=640 (369.6 img/s)
2025-08-17 13:35:06,475 | INFO | [CALIB] step=20/32 seen=1280 (408.2 img/s)
2025-08-17 13:35:07,305 | INFO | [CALIB] step=30/32 seen=1920 (484.2 img/s)
2025-08-17 13:35:08,803 | INFO | [CALIB] total images seen: 2048
2025-08-17 13:35:08,804 | INFO | ✔ END: calibration (enable_calibration + forward) (elapsed 5.47s)
2025-08-17 13:35:08,804 | INFO | ▶ START: advanced PTQ reconstruction
2025-08-17 13:35:11,829 | INFO | [ADV] cfg={'pattern': 'block', 'scale_lr': 4e-05, 'warm_up': 0.2, 'weight': 0.01, 'max_count': 20000, 'b_range': [20, 2], 'keep_gpu': True, 'round_mode': 'learned_hard_sigmoid', 'prob': 1.0}
2025-08-17 13:35:11,829 | INFO | [ADV] stacked tensors: 32 | total calib images: 2048
2025-08-17 13:35:17,453 | WARNING | /home/alz07xz/project/kmeans_results/MQBench/mqbench/advanced_ptq.py:220: UserWarning: Converting a tensor with requires_grad=True to a scalar may lead to unexpected behavior.
Consider using tensor.detach() first. (Triggered internally at /pytorch/torch/csrc/autograd/generated/python_variable_methods.cpp:835.)
  float(total_loss), float(rec_loss), float(round_loss), b, self.count))

2025-08-17 14:34:03,415 | INFO | ✔ END: advanced PTQ reconstruction (elapsed 3534.61s)
2025-08-17 14:34:03,416 | INFO | ▶ START: enable_quantization (simulate INT8)
2025-08-17 14:34:03,420 | INFO | ✔ END: enable_quantization (simulate INT8) (elapsed 0.00s)
2025-08-17 14:34:03,420 | INFO | ✔ END: prepare_by_platform(Academic) (elapsed 3540.37s)
2025-08-17 14:34:03,421 | INFO | ▶ START: evaluate INT8-sim
2025-08-17 14:34:06,407 | INFO | [EVAL_INT8] progress: 50 batches, running top1=85.22%
2025-08-17 14:34:08,708 | INFO | [EVAL_INT8] progress: 100 batches, running top1=86.11%
2025-08-17 14:34:11,052 | INFO | [EVAL_INT8] progress: 150 batches, running top1=86.29%
2025-08-17 14:34:13,347 | INFO | [EVAL_INT8] progress: 200 batches, running top1=85.62%
2025-08-17 14:34:15,699 | INFO | [EVAL_INT8] progress: 250 batches, running top1=85.49%
2025-08-17 14:34:18,021 | INFO | [EVAL_INT8] progress: 300 batches, running top1=85.63%
2025-08-17 14:34:20,347 | INFO | [EVAL_INT8] progress: 350 batches, running top1=84.81%
2025-08-17 14:34:22,676 | INFO | [EVAL_INT8] progress: 400 batches, running top1=83.62%
2025-08-17 14:34:25,016 | INFO | [EVAL_INT8] progress: 450 batches, running top1=83.22%
2025-08-17 14:34:27,344 | INFO | [EVAL_INT8] progress: 500 batches, running top1=82.45%
2025-08-17 14:34:29,654 | INFO | [EVAL_INT8] progress: 550 batches, running top1=82.02%
2025-08-17 14:34:31,949 | INFO | [EVAL_INT8] progress: 600 batches, running top1=81.68%
2025-08-17 14:34:34,258 | INFO | [EVAL_INT8] progress: 650 batches, running top1=81.32%
2025-08-17 14:34:36,552 | INFO | [EVAL_INT8] progress: 700 batches, running top1=80.91%
2025-08-17 14:34:38,855 | INFO | [EVAL_INT8] progress: 750 batches, running top1=80.84%
2025-08-17 14:34:40,378 | INFO | [EVAL_INT8] done: 782 batches in 36.96s, top1=80.73%
2025-08-17 14:34:40,378 | INFO | [PTQ][resnet50][Academic] [ADV] Top-1 = 80.73%
2025-08-17 14:34:40,378 | INFO | ✔ END: evaluate INT8-sim (elapsed 36.96s)
2025-08-17 14:34:40,378 | INFO | ▶ START: evaluate FP32 baseline
2025-08-17 14:34:43,011 | INFO | [EVAL_FP32] progress: 50 batches, running top1=85.19%
2025-08-17 14:34:44,950 | INFO | [EVAL_FP32] progress: 100 batches, running top1=86.30%
2025-08-17 14:34:46,928 | INFO | [EVAL_FP32] progress: 150 batches, running top1=86.50%
2025-08-17 14:34:48,797 | INFO | [EVAL_FP32] progress: 200 batches, running top1=85.77%
2025-08-17 14:34:50,919 | INFO | [EVAL_FP32] progress: 250 batches, running top1=85.56%
2025-08-17 14:34:52,776 | INFO | [EVAL_FP32] progress: 300 batches, running top1=85.64%
2025-08-17 14:34:54,793 | INFO | [EVAL_FP32] progress: 350 batches, running top1=84.79%
2025-08-17 14:34:56,771 | INFO | [EVAL_FP32] progress: 400 batches, running top1=83.59%
2025-08-17 14:34:58,727 | INFO | [EVAL_FP32] progress: 450 batches, running top1=83.21%
2025-08-17 14:35:00,645 | INFO | [EVAL_FP32] progress: 500 batches, running top1=82.49%
2025-08-17 14:35:02,644 | INFO | [EVAL_FP32] progress: 550 batches, running top1=82.07%
2025-08-17 14:35:04,538 | INFO | [EVAL_FP32] progress: 600 batches, running top1=81.73%
2025-08-17 14:35:06,469 | INFO | [EVAL_FP32] progress: 650 batches, running top1=81.40%
2025-08-17 14:35:08,356 | INFO | [EVAL_FP32] progress: 700 batches, running top1=80.99%
2025-08-17 14:35:10,351 | INFO | [EVAL_FP32] progress: 750 batches, running top1=80.96%
2025-08-17 14:35:11,567 | INFO | [EVAL_FP32] done: 782 batches in 31.19s, top1=80.84%
2025-08-17 14:35:11,568 | INFO | [FP32] Top-1 = 80.84% (expected ~None)
2025-08-17 14:35:11,568 | INFO | ✔ END: evaluate FP32 baseline (elapsed 31.19s)
2025-08-17 14:35:11,568 | INFO | ▶ START: extract model logits
2025-08-17 14:35:11,570 | INFO | Extracting logits from both models...
2025-08-17 14:35:12,643 | INFO | Processed 5 batches
2025-08-17 14:35:13,017 | INFO | Processed 10 batches
2025-08-17 14:35:14,803 | INFO | Extracted logits: Q=torch.Size([640, 1000]), FP=torch.Size([640, 1000])
2025-08-17 14:36:18,196 | INFO | ✔ END: extract model logits (elapsed 66.63s)
