2025-08-18 14:38:32,841 | INFO | Environment: {'torch': '2.8.0+cu128', 'torchvision': '0.23.0+cu128', 'cuda_available': True, 'device_name': 'NVIDIA L40S', 'capability': '8.9', 'cudnn_version': 91002}
2025-08-18 14:38:32,841 | INFO | ▶ START: load fp32 model (torchvision weights API)
2025-08-18 14:38:33,256 | INFO | Model: mnasnet0_5 | Weights: MNASNet0_5_Weights.IMAGENET1K_V1 | Params: 2.22M | Ref acc@1=None
2025-08-18 14:38:33,256 | INFO | ✔ END: load fp32 model (torchvision weights API) (elapsed 0.42s)
2025-08-18 14:38:33,256 | INFO | ▶ START: build & check loaders
2025-08-18 14:38:33,262 | INFO | Val structure looks OK (1000 synset folders).
2025-08-18 14:38:33,275 | INFO | Train structure looks OK (1000 synset folders).
2025-08-18 14:39:18,401 | INFO | ImageNet train: 1281167 images, 1000 classes
2025-08-18 14:39:19,361 | INFO | ImageNet val: 50000 images, 1000 classes
2025-08-18 14:39:19,361 | INFO | Val dataset size: 50000 | batch_size=64 | calib_batches=32
2025-08-18 14:39:21,136 | INFO | [SANITY] Batch[0] stats: mean=-0.1807, std=1.1175, min=-2.118, max=2.640
2025-08-18 14:39:21,137 | INFO | ✔ END: build & check loaders (elapsed 47.88s)
2025-08-18 14:39:21,144 | INFO | ▶ START: prepare_by_platform(Academic)
2025-08-18 14:39:21,145 | INFO | [Academic extra_config] {'extra_qconfig_dict': {'w_observer': 'MinMaxObserver', 'a_observer': 'EMAMinMaxObserver', 'w_fakequantize': 'AdaRoundFakeQuantize', 'a_fakequantize': 'FixedFakeQuantize', 'w_qscheme': {'bit': 2, 'symmetry': True, 'per_channel': True, 'pot_scale': False}, 'a_qscheme': {'bit': 2, 'symmetry': False, 'per_channel': False, 'pot_scale': False}}}
2025-08-18 14:39:21,323 | INFO | Modules (total): 182 -> 394
2025-08-18 14:39:21,323 | INFO | 'Quantish' modules detected after prepare: 212
2025-08-18 14:39:21,323 | INFO | ▶ START: calibration (enable_calibration + forward)
2025-08-18 14:39:22,455 | INFO | [CALIB] step=1/32 seen=64 (56.7 img/s)
2025-08-18 14:39:22,909 | INFO | [CALIB] step=10/32 seen=640 (404.2 img/s)
2025-08-18 14:39:23,271 | INFO | [CALIB] step=20/32 seen=1280 (658.0 img/s)
2025-08-18 14:39:25,396 | INFO | [CALIB] step=30/32 seen=1920 (471.6 img/s)
2025-08-18 14:39:26,370 | INFO | [CALIB] total images seen: 2048
2025-08-18 14:39:26,370 | INFO | ✔ END: calibration (enable_calibration + forward) (elapsed 5.05s)
2025-08-18 14:39:26,370 | INFO | ▶ START: advanced PTQ reconstruction
2025-08-18 14:39:29,040 | INFO | [ADV] cfg={'pattern': 'block', 'scale_lr': 4e-05, 'warm_up': 0.2, 'weight': 0.01, 'max_count': 20000, 'b_range': [20, 2], 'keep_gpu': True, 'round_mode': 'learned_hard_sigmoid', 'prob': 1.0}
2025-08-18 14:39:29,041 | INFO | [ADV] stacked tensors: 32 | total calib images: 2048
2025-08-18 14:39:32,953 | WARNING | /home/alz07xz/project/kmeans_results/MQBench/mqbench/advanced_ptq.py:220: UserWarning: Converting a tensor with requires_grad=True to a scalar may lead to unexpected behavior.
Consider using tensor.detach() first. (Triggered internally at /pytorch/torch/csrc/autograd/generated/python_variable_methods.cpp:835.)
  float(total_loss), float(rec_loss), float(round_loss), b, self.count))

2025-08-18 15:18:13,888 | INFO | ✔ END: advanced PTQ reconstruction (elapsed 2327.52s)
2025-08-18 15:18:13,890 | INFO | ▶ START: enable_quantization (simulate INT8)
2025-08-18 15:18:13,895 | INFO | ✔ END: enable_quantization (simulate INT8) (elapsed 0.00s)
2025-08-18 15:18:13,895 | INFO | ✔ END: prepare_by_platform(Academic) (elapsed 2332.75s)
2025-08-18 15:18:13,896 | INFO | ▶ START: evaluate INT8-sim
2025-08-18 15:18:16,583 | INFO | [EVAL_INT8] progress: 50 batches, running top1=3.50%
2025-08-18 15:18:18,695 | INFO | [EVAL_INT8] progress: 100 batches, running top1=1.77%
2025-08-18 15:18:20,611 | INFO | [EVAL_INT8] progress: 150 batches, running top1=1.18%
2025-08-18 15:18:22,652 | INFO | [EVAL_INT8] progress: 200 batches, running top1=0.88%
2025-08-18 15:18:24,758 | INFO | [EVAL_INT8] progress: 250 batches, running top1=0.71%
2025-08-18 15:18:26,962 | INFO | [EVAL_INT8] progress: 300 batches, running top1=0.59%
2025-08-18 15:18:28,845 | INFO | [EVAL_INT8] progress: 350 batches, running top1=0.52%
2025-08-18 15:18:31,011 | INFO | [EVAL_INT8] progress: 400 batches, running top1=0.46%
2025-08-18 15:18:32,981 | INFO | [EVAL_INT8] progress: 450 batches, running top1=0.41%
2025-08-18 15:18:34,931 | INFO | [EVAL_INT8] progress: 500 batches, running top1=0.37%
2025-08-18 15:18:37,102 | INFO | [EVAL_INT8] progress: 550 batches, running top1=0.33%
2025-08-18 15:18:39,044 | INFO | [EVAL_INT8] progress: 600 batches, running top1=0.30%
2025-08-18 15:18:40,943 | INFO | [EVAL_INT8] progress: 650 batches, running top1=0.28%
2025-08-18 15:18:42,914 | INFO | [EVAL_INT8] progress: 700 batches, running top1=0.26%
2025-08-18 15:18:44,964 | INFO | [EVAL_INT8] progress: 750 batches, running top1=0.24%
2025-08-18 15:18:46,179 | INFO | [EVAL_INT8] done: 782 batches in 32.28s, top1=0.23%
2025-08-18 15:18:46,179 | INFO | [PTQ][mnasnet0_5][Academic] [ADV] Top-1 = 0.23%
2025-08-18 15:18:46,179 | INFO | ✔ END: evaluate INT8-sim (elapsed 32.28s)
2025-08-18 15:18:46,179 | INFO | ▶ START: evaluate FP32 baseline
2025-08-18 15:18:48,649 | INFO | [EVAL_FP32] progress: 50 batches, running top1=73.44%
2025-08-18 15:18:50,548 | INFO | [EVAL_FP32] progress: 100 batches, running top1=74.81%
2025-08-18 15:18:52,593 | INFO | [EVAL_FP32] progress: 150 batches, running top1=75.14%
2025-08-18 15:18:54,378 | INFO | [EVAL_FP32] progress: 200 batches, running top1=74.41%
2025-08-18 15:18:56,539 | INFO | [EVAL_FP32] progress: 250 batches, running top1=74.26%
2025-08-18 15:18:58,521 | INFO | [EVAL_FP32] progress: 300 batches, running top1=74.69%
2025-08-18 15:19:00,363 | INFO | [EVAL_FP32] progress: 350 batches, running top1=73.39%
2025-08-18 15:19:02,249 | INFO | [EVAL_FP32] progress: 400 batches, running top1=71.63%
2025-08-18 15:19:04,119 | INFO | [EVAL_FP32] progress: 450 batches, running top1=70.98%
2025-08-18 15:19:06,256 | INFO | [EVAL_FP32] progress: 500 batches, running top1=69.94%
2025-08-18 15:19:08,124 | INFO | [EVAL_FP32] progress: 550 batches, running top1=69.28%
2025-08-18 15:19:09,889 | INFO | [EVAL_FP32] progress: 600 batches, running top1=68.73%
2025-08-18 15:19:11,960 | INFO | [EVAL_FP32] progress: 650 batches, running top1=68.26%
2025-08-18 15:19:13,859 | INFO | [EVAL_FP32] progress: 700 batches, running top1=67.67%
2025-08-18 15:19:15,687 | INFO | [EVAL_FP32] progress: 750 batches, running top1=67.74%
2025-08-18 15:19:16,849 | INFO | [EVAL_FP32] done: 782 batches in 30.67s, top1=67.76%
2025-08-18 15:19:16,849 | INFO | [FP32] Top-1 = 67.76% (expected ~None)
2025-08-18 15:19:16,849 | INFO | ✔ END: evaluate FP32 baseline (elapsed 30.67s)
2025-08-18 15:19:16,849 | INFO | ▶ START: extract model logits
2025-08-18 15:19:16,851 | INFO | Extracting logits from both models...
2025-08-18 15:19:17,709 | INFO | Processed 5 batches
2025-08-18 15:19:17,859 | INFO | Processed 10 batches
2025-08-18 15:19:18,085 | INFO | Extracted logits: Q=torch.Size([640, 1000]), FP=torch.Size([640, 1000])
2025-08-18 16:07:12,358 | INFO | ✔ END: extract model logits (elapsed 2875.51s)
