2025-08-17 16:08:32,472 | INFO | Environment: {'torch': '2.8.0+cu128', 'torchvision': '0.23.0+cu128', 'cuda_available': True, 'device_name': 'NVIDIA L40S', 'capability': '8.9', 'cudnn_version': 91002}
2025-08-17 16:08:32,472 | INFO | ▶ START: load fp32 model (torchvision weights API)
2025-08-17 16:08:33,323 | INFO | Model: mobilenet_v2 | Weights: MobileNet_V2_Weights.IMAGENET1K_V2 | Params: 3.50M | Ref acc@1=None
2025-08-17 16:08:33,323 | INFO | ✔ END: load fp32 model (torchvision weights API) (elapsed 0.85s)
2025-08-17 16:08:33,323 | INFO | ▶ START: build & check loaders
2025-08-17 16:08:33,354 | INFO | Val structure looks OK (1000 synset folders).
2025-08-17 16:08:33,371 | INFO | Train structure looks OK (1000 synset folders).
2025-08-17 16:09:17,553 | INFO | ImageNet train: 1281167 images, 1000 classes
2025-08-17 16:09:25,850 | INFO | ImageNet val: 50000 images, 1000 classes
2025-08-17 16:09:25,851 | INFO | Val dataset size: 50000 | batch_size=64 | calib_batches=32
2025-08-17 16:09:27,939 | INFO | [SANITY] Batch[0] stats: mean=-0.2055, std=1.1229, min=-2.118, max=2.640
2025-08-17 16:09:27,939 | INFO | ✔ END: build & check loaders (elapsed 54.62s)
2025-08-17 16:09:27,947 | INFO | ▶ START: prepare_by_platform(Academic)
2025-08-17 16:09:27,948 | INFO | [Academic extra_config] {'extra_qconfig_dict': {'w_observer': 'MinMaxObserver', 'a_observer': 'EMAMinMaxObserver', 'w_fakequantize': 'AdaRoundFakeQuantize', 'a_fakequantize': 'FixedFakeQuantize', 'w_qscheme': {'bit': 8, 'symmetry': True, 'per_channel': True, 'pot_scale': False}, 'a_qscheme': {'bit': 8, 'symmetry': False, 'per_channel': False, 'pot_scale': False}}}
2025-08-17 16:09:28,266 | INFO | Modules (total): 213 -> 425
2025-08-17 16:09:28,266 | INFO | 'Quantish' modules detected after prepare: 212
2025-08-17 16:09:28,266 | INFO | ▶ START: calibration (enable_calibration + forward)
2025-08-17 16:09:34,503 | INFO | [CALIB] step=1/32 seen=64 (10.3 img/s)
2025-08-17 16:09:34,992 | INFO | [CALIB] step=10/32 seen=640 (95.2 img/s)
2025-08-17 16:09:35,518 | INFO | [CALIB] step=20/32 seen=1280 (176.6 img/s)
2025-08-17 16:09:36,962 | INFO | [CALIB] step=30/32 seen=1920 (220.8 img/s)
2025-08-17 16:09:38,288 | INFO | [CALIB] total images seen: 2048
2025-08-17 16:09:38,288 | INFO | ✔ END: calibration (enable_calibration + forward) (elapsed 10.02s)
2025-08-17 16:09:38,289 | INFO | ▶ START: advanced PTQ reconstruction
2025-08-17 16:09:42,736 | INFO | [ADV] cfg={'pattern': 'block', 'scale_lr': 4e-05, 'warm_up': 0.2, 'weight': 0.01, 'max_count': 20000, 'b_range': [20, 2], 'keep_gpu': True, 'round_mode': 'learned_hard_sigmoid', 'prob': 1.0}
2025-08-17 16:09:42,737 | INFO | [ADV] stacked tensors: 32 | total calib images: 2048
2025-08-17 16:09:53,439 | WARNING | /home/alz07xz/project/kmeans_results/MQBench/mqbench/advanced_ptq.py:220: UserWarning: Converting a tensor with requires_grad=True to a scalar may lead to unexpected behavior.
Consider using tensor.detach() first. (Triggered internally at /pytorch/torch/csrc/autograd/generated/python_variable_methods.cpp:835.)
  float(total_loss), float(rec_loss), float(round_loss), b, self.count))

2025-08-17 16:55:48,443 | INFO | ✔ END: advanced PTQ reconstruction (elapsed 2770.15s)
2025-08-17 16:55:48,444 | INFO | ▶ START: enable_quantization (simulate INT8)
2025-08-17 16:55:48,449 | INFO | ✔ END: enable_quantization (simulate INT8) (elapsed 0.00s)
2025-08-17 16:55:48,449 | INFO | ✔ END: prepare_by_platform(Academic) (elapsed 2780.50s)
2025-08-17 16:55:48,450 | INFO | ▶ START: evaluate INT8-sim
2025-08-17 16:55:51,231 | INFO | [EVAL_INT8] progress: 50 batches, running top1=78.28%
2025-08-17 16:55:53,307 | INFO | [EVAL_INT8] progress: 100 batches, running top1=79.31%
2025-08-17 16:55:55,418 | INFO | [EVAL_INT8] progress: 150 batches, running top1=78.85%
2025-08-17 16:55:57,403 | INFO | [EVAL_INT8] progress: 200 batches, running top1=78.08%
2025-08-17 16:55:59,512 | INFO | [EVAL_INT8] progress: 250 batches, running top1=77.89%
2025-08-17 16:56:01,595 | INFO | [EVAL_INT8] progress: 300 batches, running top1=78.23%
2025-08-17 16:56:03,585 | INFO | [EVAL_INT8] progress: 350 batches, running top1=77.15%
2025-08-17 16:56:05,658 | INFO | [EVAL_INT8] progress: 400 batches, running top1=75.70%
2025-08-17 16:56:07,633 | INFO | [EVAL_INT8] progress: 450 batches, running top1=75.08%
2025-08-17 16:56:09,718 | INFO | [EVAL_INT8] progress: 500 batches, running top1=74.12%
2025-08-17 16:56:11,673 | INFO | [EVAL_INT8] progress: 550 batches, running top1=73.49%
2025-08-17 16:56:13,766 | INFO | [EVAL_INT8] progress: 600 batches, running top1=72.92%
2025-08-17 16:56:15,873 | INFO | [EVAL_INT8] progress: 650 batches, running top1=72.54%
2025-08-17 16:56:17,866 | INFO | [EVAL_INT8] progress: 700 batches, running top1=72.00%
2025-08-17 16:56:19,946 | INFO | [EVAL_INT8] progress: 750 batches, running top1=72.05%
2025-08-17 16:56:21,042 | INFO | [EVAL_INT8] done: 782 batches in 32.59s, top1=72.02%
2025-08-17 16:56:21,042 | INFO | [PTQ][mobilenet_v2][Academic] [ADV] Top-1 = 72.02%
2025-08-17 16:56:21,042 | INFO | ✔ END: evaluate INT8-sim (elapsed 32.59s)
2025-08-17 16:56:21,042 | INFO | ▶ START: evaluate FP32 baseline
2025-08-17 16:56:23,561 | INFO | [EVAL_FP32] progress: 50 batches, running top1=78.28%
2025-08-17 16:56:25,642 | INFO | [EVAL_FP32] progress: 100 batches, running top1=79.39%
2025-08-17 16:56:27,597 | INFO | [EVAL_FP32] progress: 150 batches, running top1=78.90%
2025-08-17 16:56:29,460 | INFO | [EVAL_FP32] progress: 200 batches, running top1=78.18%
2025-08-17 16:56:31,581 | INFO | [EVAL_FP32] progress: 250 batches, running top1=78.02%
2025-08-17 16:56:33,587 | INFO | [EVAL_FP32] progress: 300 batches, running top1=78.35%
2025-08-17 16:56:35,546 | INFO | [EVAL_FP32] progress: 350 batches, running top1=77.30%
2025-08-17 16:56:37,568 | INFO | [EVAL_FP32] progress: 400 batches, running top1=75.82%
2025-08-17 16:56:39,575 | INFO | [EVAL_FP32] progress: 450 batches, running top1=75.21%
2025-08-17 16:56:41,385 | INFO | [EVAL_FP32] progress: 500 batches, running top1=74.27%
2025-08-17 16:56:43,525 | INFO | [EVAL_FP32] progress: 550 batches, running top1=73.65%
2025-08-17 16:56:45,475 | INFO | [EVAL_FP32] progress: 600 batches, running top1=73.09%
2025-08-17 16:56:47,432 | INFO | [EVAL_FP32] progress: 650 batches, running top1=72.71%
2025-08-17 16:56:49,244 | INFO | [EVAL_FP32] progress: 700 batches, running top1=72.16%
2025-08-17 16:56:51,376 | INFO | [EVAL_FP32] progress: 750 batches, running top1=72.19%
2025-08-17 16:56:52,543 | INFO | [EVAL_FP32] done: 782 batches in 31.50s, top1=72.15%
2025-08-17 16:56:52,543 | INFO | [FP32] Top-1 = 72.15% (expected ~None)
2025-08-17 16:56:52,543 | INFO | ✔ END: evaluate FP32 baseline (elapsed 31.50s)
2025-08-17 16:56:52,543 | INFO | ▶ START: extract model logits
2025-08-17 16:56:52,545 | INFO | Extracting logits from both models...
2025-08-17 16:56:56,239 | INFO | Processed 5 batches
2025-08-17 16:56:57,124 | INFO | Processed 10 batches
2025-08-17 16:56:59,098 | INFO | Extracted logits: Q=torch.Size([640, 1000]), FP=torch.Size([640, 1000])
2025-08-17 17:47:45,918 | INFO | ✔ END: extract model logits (elapsed 3053.38s)
