2025-08-18 11:13:59,831 | INFO | Environment: {'torch': '2.8.0+cu128', 'torchvision': '0.23.0+cu128', 'cuda_available': True, 'device_name': 'NVIDIA L40S', 'capability': '8.9', 'cudnn_version': 91002}
2025-08-18 11:13:59,832 | INFO | ▶ START: load fp32 model (torchvision weights API)
2025-08-18 11:14:00,435 | INFO | Model: mobilenet_v2 | Weights: MobileNet_V2_Weights.IMAGENET1K_V2 | Params: 3.50M | Ref acc@1=None
2025-08-18 11:14:00,436 | INFO | ✔ END: load fp32 model (torchvision weights API) (elapsed 0.60s)
2025-08-18 11:14:00,436 | INFO | ▶ START: build & check loaders
2025-08-18 11:14:00,446 | INFO | Val structure looks OK (1000 synset folders).
2025-08-18 11:14:00,457 | INFO | Train structure looks OK (1000 synset folders).
2025-08-18 11:14:25,044 | INFO | ImageNet train: 1281167 images, 1000 classes
2025-08-18 11:14:26,924 | INFO | ImageNet val: 50000 images, 1000 classes
2025-08-18 11:14:26,924 | INFO | Val dataset size: 50000 | batch_size=64 | calib_batches=32
2025-08-18 11:14:33,774 | INFO | [SANITY] Batch[0] stats: mean=-0.2055, std=1.1229, min=-2.118, max=2.640
2025-08-18 11:14:33,774 | INFO | ✔ END: build & check loaders (elapsed 33.34s)
2025-08-18 11:14:33,782 | INFO | ▶ START: prepare_by_platform(Academic)
2025-08-18 11:14:33,783 | INFO | [Academic extra_config] {'extra_qconfig_dict': {'w_observer': 'MinMaxObserver', 'a_observer': 'EMAMinMaxObserver', 'w_fakequantize': 'AdaRoundFakeQuantize', 'a_fakequantize': 'FixedFakeQuantize', 'w_qscheme': {'bit': 2, 'symmetry': True, 'per_channel': True, 'pot_scale': False}, 'a_qscheme': {'bit': 4, 'symmetry': False, 'per_channel': False, 'pot_scale': False}}}
2025-08-18 11:14:34,404 | INFO | Modules (total): 213 -> 425
2025-08-18 11:14:34,404 | INFO | 'Quantish' modules detected after prepare: 212
2025-08-18 11:14:34,404 | INFO | ▶ START: calibration (enable_calibration + forward)
2025-08-18 11:14:43,587 | INFO | [CALIB] step=1/32 seen=64 (7.0 img/s)
2025-08-18 11:14:44,116 | INFO | [CALIB] step=10/32 seen=640 (65.9 img/s)
2025-08-18 11:14:47,121 | INFO | [CALIB] step=20/32 seen=1280 (100.7 img/s)
2025-08-18 11:14:49,001 | INFO | [CALIB] step=30/32 seen=1920 (131.6 img/s)
2025-08-18 11:14:52,693 | INFO | [CALIB] total images seen: 2048
2025-08-18 11:14:52,693 | INFO | ✔ END: calibration (enable_calibration + forward) (elapsed 18.29s)
2025-08-18 11:14:52,693 | INFO | ▶ START: advanced PTQ reconstruction
2025-08-18 11:14:54,705 | INFO | [ADV] cfg={'pattern': 'block', 'scale_lr': 4e-05, 'warm_up': 0.2, 'weight': 0.01, 'max_count': 20000, 'b_range': [20, 2], 'keep_gpu': True, 'round_mode': 'learned_hard_sigmoid', 'prob': 1.0}
2025-08-18 11:14:54,705 | INFO | [ADV] stacked tensors: 32 | total calib images: 2048
2025-08-18 11:15:05,618 | WARNING | /home/alz07xz/project/kmeans_results/MQBench/mqbench/advanced_ptq.py:220: UserWarning: Converting a tensor with requires_grad=True to a scalar may lead to unexpected behavior.
Consider using tensor.detach() first. (Triggered internally at /pytorch/torch/csrc/autograd/generated/python_variable_methods.cpp:835.)
  float(total_loss), float(rec_loss), float(round_loss), b, self.count))

2025-08-18 12:01:40,934 | INFO | ✔ END: advanced PTQ reconstruction (elapsed 2808.24s)
2025-08-18 12:01:40,936 | INFO | ▶ START: enable_quantization (simulate INT8)
2025-08-18 12:01:40,941 | INFO | ✔ END: enable_quantization (simulate INT8) (elapsed 0.00s)
2025-08-18 12:01:40,941 | INFO | ✔ END: prepare_by_platform(Academic) (elapsed 2827.16s)
2025-08-18 12:01:40,943 | INFO | ▶ START: evaluate INT8-sim
2025-08-18 12:01:43,816 | INFO | [EVAL_INT8] progress: 50 batches, running top1=4.28%
2025-08-18 12:01:45,829 | INFO | [EVAL_INT8] progress: 100 batches, running top1=2.48%
2025-08-18 12:01:47,931 | INFO | [EVAL_INT8] progress: 150 batches, running top1=1.67%
2025-08-18 12:01:49,885 | INFO | [EVAL_INT8] progress: 200 batches, running top1=1.25%
2025-08-18 12:01:52,065 | INFO | [EVAL_INT8] progress: 250 batches, running top1=1.04%
2025-08-18 12:01:58,912 | INFO | [EVAL_INT8] progress: 300 batches, running top1=0.88%
2025-08-18 12:02:08,552 | INFO | [EVAL_INT8] progress: 350 batches, running top1=0.75%
2025-08-18 12:02:16,457 | INFO | [EVAL_INT8] progress: 400 batches, running top1=0.67%
2025-08-18 12:02:20,728 | INFO | [EVAL_INT8] progress: 450 batches, running top1=0.60%
2025-08-18 12:02:24,594 | INFO | [EVAL_INT8] progress: 500 batches, running top1=0.54%
2025-08-18 12:02:29,623 | INFO | [EVAL_INT8] progress: 550 batches, running top1=0.49%
2025-08-18 12:02:34,090 | INFO | [EVAL_INT8] progress: 600 batches, running top1=0.45%
2025-08-18 12:02:38,185 | INFO | [EVAL_INT8] progress: 650 batches, running top1=0.42%
2025-08-18 12:02:44,484 | INFO | [EVAL_INT8] progress: 700 batches, running top1=0.40%
2025-08-18 12:02:50,898 | INFO | [EVAL_INT8] progress: 750 batches, running top1=0.38%
2025-08-18 12:02:55,447 | INFO | [EVAL_INT8] done: 782 batches in 74.50s, top1=0.36%
2025-08-18 12:02:55,447 | INFO | [PTQ][mobilenet_v2][Academic] [ADV] Top-1 = 0.36%
2025-08-18 12:02:55,447 | INFO | ✔ END: evaluate INT8-sim (elapsed 74.50s)
2025-08-18 12:02:55,447 | INFO | ▶ START: evaluate FP32 baseline
2025-08-18 12:02:58,186 | INFO | [EVAL_FP32] progress: 50 batches, running top1=78.28%
2025-08-18 12:03:00,143 | INFO | [EVAL_FP32] progress: 100 batches, running top1=79.39%
2025-08-18 12:03:02,186 | INFO | [EVAL_FP32] progress: 150 batches, running top1=78.90%
2025-08-18 12:03:04,335 | INFO | [EVAL_FP32] progress: 200 batches, running top1=78.18%
2025-08-18 12:03:06,328 | INFO | [EVAL_FP32] progress: 250 batches, running top1=78.02%
2025-08-18 12:03:08,300 | INFO | [EVAL_FP32] progress: 300 batches, running top1=78.35%
2025-08-18 12:03:10,345 | INFO | [EVAL_FP32] progress: 350 batches, running top1=77.30%
2025-08-18 12:03:12,383 | INFO | [EVAL_FP32] progress: 400 batches, running top1=75.82%
2025-08-18 12:03:14,465 | INFO | [EVAL_FP32] progress: 450 batches, running top1=75.21%
2025-08-18 12:03:16,406 | INFO | [EVAL_FP32] progress: 500 batches, running top1=74.27%
2025-08-18 12:03:18,402 | INFO | [EVAL_FP32] progress: 550 batches, running top1=73.65%
2025-08-18 12:03:20,437 | INFO | [EVAL_FP32] progress: 600 batches, running top1=73.09%
2025-08-18 12:03:22,424 | INFO | [EVAL_FP32] progress: 650 batches, running top1=72.71%
2025-08-18 12:03:24,406 | INFO | [EVAL_FP32] progress: 700 batches, running top1=72.16%
2025-08-18 12:03:26,436 | INFO | [EVAL_FP32] progress: 750 batches, running top1=72.19%
2025-08-18 12:03:27,523 | INFO | [EVAL_FP32] done: 782 batches in 32.08s, top1=72.15%
2025-08-18 12:03:27,524 | INFO | [FP32] Top-1 = 72.15% (expected ~None)
2025-08-18 12:03:27,524 | INFO | ✔ END: evaluate FP32 baseline (elapsed 32.08s)
2025-08-18 12:03:27,524 | INFO | ▶ START: extract model logits
2025-08-18 12:03:27,526 | INFO | Extracting logits from both models...
2025-08-18 12:03:29,488 | INFO | Processed 5 batches
2025-08-18 12:03:30,292 | INFO | Processed 10 batches
2025-08-18 12:03:32,234 | INFO | Extracted logits: Q=torch.Size([640, 1000]), FP=torch.Size([640, 1000])
2025-08-18 12:54:18,083 | INFO | ✔ END: extract model logits (elapsed 3050.56s)
