2025-08-18 16:07:30,210 | INFO | Environment: {'torch': '2.8.0+cu128', 'torchvision': '0.23.0+cu128', 'cuda_available': True, 'device_name': 'NVIDIA L40S', 'capability': '8.9', 'cudnn_version': 91002}
2025-08-18 16:07:30,211 | INFO | ▶ START: load fp32 model (torchvision weights API)
2025-08-18 16:07:31,800 | INFO | Model: regnet_x_3_2gf | Weights: RegNet_X_3_2GF_Weights.IMAGENET1K_V2 | Params: 15.30M | Ref acc@1=None
2025-08-18 16:07:31,800 | INFO | ✔ END: load fp32 model (torchvision weights API) (elapsed 1.59s)
2025-08-18 16:07:31,800 | INFO | ▶ START: build & check loaders
2025-08-18 16:07:31,806 | INFO | Val structure looks OK (1000 synset folders).
2025-08-18 16:07:31,823 | INFO | Train structure looks OK (1000 synset folders).
2025-08-18 16:08:11,545 | INFO | ImageNet train: 1281167 images, 1000 classes
2025-08-18 16:08:12,489 | INFO | ImageNet val: 50000 images, 1000 classes
2025-08-18 16:08:12,489 | INFO | Val dataset size: 50000 | batch_size=64 | calib_batches=32
2025-08-18 16:08:13,376 | INFO | [SANITY] Batch[0] stats: mean=-0.2055, std=1.1229, min=-2.118, max=2.640
2025-08-18 16:08:13,376 | INFO | ✔ END: build & check loaders (elapsed 41.58s)
2025-08-18 16:08:13,381 | INFO | ▶ START: prepare_by_platform(Academic)
2025-08-18 16:08:13,382 | INFO | [Academic extra_config] {'extra_qconfig_dict': {'w_observer': 'MinMaxObserver', 'a_observer': 'EMAMinMaxObserver', 'w_fakequantize': 'AdaRoundFakeQuantize', 'a_fakequantize': 'FixedFakeQuantize', 'w_qscheme': {'bit': 4, 'symmetry': True, 'per_channel': True, 'pot_scale': False}, 'a_qscheme': {'bit': 4, 'symmetry': False, 'per_channel': False, 'pot_scale': False}}}
2025-08-18 16:08:13,634 | INFO | Modules (total): 374 -> 690
2025-08-18 16:08:13,634 | INFO | 'Quantish' modules detected after prepare: 316
2025-08-18 16:08:13,634 | INFO | ▶ START: calibration (enable_calibration + forward)
2025-08-18 16:08:15,345 | INFO | [CALIB] step=1/32 seen=64 (37.5 img/s)
2025-08-18 16:08:16,031 | INFO | [CALIB] step=10/32 seen=640 (267.4 img/s)
2025-08-18 16:08:16,755 | INFO | [CALIB] step=20/32 seen=1280 (410.6 img/s)
2025-08-18 16:08:17,501 | INFO | [CALIB] step=30/32 seen=1920 (497.0 img/s)
2025-08-18 16:08:18,832 | INFO | [CALIB] total images seen: 2048
2025-08-18 16:08:18,832 | INFO | ✔ END: calibration (enable_calibration + forward) (elapsed 5.20s)
2025-08-18 16:08:18,832 | INFO | ▶ START: advanced PTQ reconstruction
2025-08-18 16:08:20,867 | INFO | [ADV] cfg={'pattern': 'block', 'scale_lr': 4e-05, 'warm_up': 0.2, 'weight': 0.01, 'max_count': 20000, 'b_range': [20, 2], 'keep_gpu': True, 'round_mode': 'learned_hard_sigmoid', 'prob': 1.0}
2025-08-18 16:08:20,867 | INFO | [ADV] stacked tensors: 32 | total calib images: 2048
2025-08-18 16:08:26,168 | WARNING | /home/alz07xz/project/kmeans_results/MQBench/mqbench/advanced_ptq.py:220: UserWarning: Converting a tensor with requires_grad=True to a scalar may lead to unexpected behavior.
Consider using tensor.detach() first. (Triggered internally at /pytorch/torch/csrc/autograd/generated/python_variable_methods.cpp:835.)
  float(total_loss), float(rec_loss), float(round_loss), b, self.count))

2025-08-18 17:26:27,414 | INFO | ✔ END: advanced PTQ reconstruction (elapsed 4688.58s)
2025-08-18 17:26:27,420 | INFO | ▶ START: enable_quantization (simulate INT8)
2025-08-18 17:26:27,426 | INFO | ✔ END: enable_quantization (simulate INT8) (elapsed 0.01s)
2025-08-18 17:26:27,426 | INFO | ✔ END: prepare_by_platform(Academic) (elapsed 4694.05s)
2025-08-18 17:26:27,428 | INFO | ▶ START: evaluate INT8-sim
2025-08-18 17:26:30,524 | INFO | [EVAL_INT8] progress: 50 batches, running top1=13.16%
2025-08-18 17:26:32,824 | INFO | [EVAL_INT8] progress: 100 batches, running top1=6.58%
2025-08-18 17:26:35,082 | INFO | [EVAL_INT8] progress: 150 batches, running top1=4.39%
2025-08-18 17:26:37,355 | INFO | [EVAL_INT8] progress: 200 batches, running top1=3.29%
2025-08-18 17:26:39,688 | INFO | [EVAL_INT8] progress: 250 batches, running top1=2.63%
2025-08-18 17:26:42,034 | INFO | [EVAL_INT8] progress: 300 batches, running top1=2.19%
2025-08-18 17:26:44,307 | INFO | [EVAL_INT8] progress: 350 batches, running top1=1.88%
2025-08-18 17:26:46,599 | INFO | [EVAL_INT8] progress: 400 batches, running top1=1.64%
2025-08-18 17:26:48,890 | INFO | [EVAL_INT8] progress: 450 batches, running top1=1.46%
2025-08-18 17:26:51,141 | INFO | [EVAL_INT8] progress: 500 batches, running top1=1.32%
2025-08-18 17:26:53,389 | INFO | [EVAL_INT8] progress: 550 batches, running top1=1.20%
2025-08-18 17:26:55,622 | INFO | [EVAL_INT8] progress: 600 batches, running top1=1.10%
2025-08-18 17:26:57,849 | INFO | [EVAL_INT8] progress: 650 batches, running top1=1.01%
2025-08-18 17:27:00,074 | INFO | [EVAL_INT8] progress: 700 batches, running top1=0.94%
2025-08-18 17:27:02,315 | INFO | [EVAL_INT8] progress: 750 batches, running top1=0.88%
2025-08-18 17:27:03,773 | INFO | [EVAL_INT8] done: 782 batches in 36.34s, top1=0.84%
2025-08-18 17:27:03,773 | INFO | [PTQ][regnet_x_3_2gf][Academic] [ADV] Top-1 = 0.84%
2025-08-18 17:27:03,773 | INFO | ✔ END: evaluate INT8-sim (elapsed 36.34s)
2025-08-18 17:27:03,773 | INFO | ▶ START: evaluate FP32 baseline
2025-08-18 17:27:06,487 | INFO | [EVAL_FP32] progress: 50 batches, running top1=85.84%
2025-08-18 17:27:08,560 | INFO | [EVAL_FP32] progress: 100 batches, running top1=86.62%
2025-08-18 17:27:10,471 | INFO | [EVAL_FP32] progress: 150 batches, running top1=86.46%
2025-08-18 17:27:12,309 | INFO | [EVAL_FP32] progress: 200 batches, running top1=85.96%
2025-08-18 17:27:14,507 | INFO | [EVAL_FP32] progress: 250 batches, running top1=85.72%
2025-08-18 17:27:16,491 | INFO | [EVAL_FP32] progress: 300 batches, running top1=85.83%
2025-08-18 17:27:18,657 | INFO | [EVAL_FP32] progress: 350 batches, running top1=84.94%
2025-08-18 17:27:20,527 | INFO | [EVAL_FP32] progress: 400 batches, running top1=83.70%
2025-08-18 17:27:22,600 | INFO | [EVAL_FP32] progress: 450 batches, running top1=83.33%
2025-08-18 17:27:24,491 | INFO | [EVAL_FP32] progress: 500 batches, running top1=82.68%
2025-08-18 17:27:26,564 | INFO | [EVAL_FP32] progress: 550 batches, running top1=82.36%
2025-08-18 17:27:28,616 | INFO | [EVAL_FP32] progress: 600 batches, running top1=82.05%
2025-08-18 17:27:30,704 | INFO | [EVAL_FP32] progress: 650 batches, running top1=81.71%
2025-08-18 17:27:32,575 | INFO | [EVAL_FP32] progress: 700 batches, running top1=81.34%
2025-08-18 17:27:34,487 | INFO | [EVAL_FP32] progress: 750 batches, running top1=81.30%
2025-08-18 17:27:35,774 | INFO | [EVAL_FP32] done: 782 batches in 32.00s, top1=81.18%
2025-08-18 17:27:35,775 | INFO | [FP32] Top-1 = 81.18% (expected ~None)
2025-08-18 17:27:35,775 | INFO | ✔ END: evaluate FP32 baseline (elapsed 32.00s)
2025-08-18 17:27:35,775 | INFO | ▶ START: extract model logits
2025-08-18 17:27:35,778 | INFO | Extracting logits from both models...
2025-08-18 17:27:38,888 | INFO | Processed 5 batches
2025-08-18 17:27:41,518 | INFO | Processed 10 batches
2025-08-18 17:27:43,414 | INFO | Extracted logits: Q=torch.Size([640, 1000]), FP=torch.Size([640, 1000])
2025-08-18 18:28:47,081 | INFO | ✔ END: extract model logits (elapsed 3671.31s)
