2025-08-18 09:10:41,901 | INFO | Environment: {'torch': '2.8.0+cu128', 'torchvision': '0.23.0+cu128', 'cuda_available': True, 'device_name': 'NVIDIA L40S', 'capability': '8.9', 'cudnn_version': 91002}
2025-08-18 09:10:41,901 | INFO | ▶ START: load fp32 model (torchvision weights API)
2025-08-18 09:10:42,069 | INFO | Model: mnasnet0_5 | Weights: MNASNet0_5_Weights.IMAGENET1K_V1 | Params: 2.22M | Ref acc@1=None
2025-08-18 09:10:42,069 | INFO | ✔ END: load fp32 model (torchvision weights API) (elapsed 0.17s)
2025-08-18 09:10:42,070 | INFO | ▶ START: build & check loaders
2025-08-18 09:10:42,076 | INFO | Val structure looks OK (1000 synset folders).
2025-08-18 09:10:42,081 | INFO | Train structure looks OK (1000 synset folders).
2025-08-18 09:11:20,725 | INFO | ImageNet train: 1281167 images, 1000 classes
2025-08-18 09:11:23,224 | INFO | ImageNet val: 50000 images, 1000 classes
2025-08-18 09:11:23,224 | INFO | Val dataset size: 50000 | batch_size=64 | calib_batches=32
2025-08-18 09:11:34,085 | INFO | [SANITY] Batch[0] stats: mean=-0.1807, std=1.1175, min=-2.118, max=2.640
2025-08-18 09:11:34,085 | INFO | ✔ END: build & check loaders (elapsed 52.02s)
2025-08-18 09:11:34,092 | INFO | ▶ START: prepare_by_platform(Academic)
2025-08-18 09:11:34,093 | INFO | [Academic extra_config] {'extra_qconfig_dict': {'w_observer': 'MinMaxObserver', 'a_observer': 'EMAMinMaxObserver', 'w_fakequantize': 'AdaRoundFakeQuantize', 'a_fakequantize': 'FixedFakeQuantize', 'w_qscheme': {'bit': 2, 'symmetry': True, 'per_channel': True, 'pot_scale': False}, 'a_qscheme': {'bit': 4, 'symmetry': False, 'per_channel': False, 'pot_scale': False}}}
2025-08-18 09:11:34,327 | INFO | Modules (total): 182 -> 394
2025-08-18 09:11:34,327 | INFO | 'Quantish' modules detected after prepare: 212
2025-08-18 09:11:34,327 | INFO | ▶ START: calibration (enable_calibration + forward)
2025-08-18 09:11:40,302 | INFO | [CALIB] step=1/32 seen=64 (10.7 img/s)
2025-08-18 09:11:40,691 | INFO | [CALIB] step=10/32 seen=640 (100.6 img/s)
2025-08-18 09:11:43,459 | INFO | [CALIB] step=20/32 seen=1280 (140.2 img/s)
2025-08-18 09:11:44,542 | INFO | [CALIB] step=30/32 seen=1920 (188.0 img/s)
2025-08-18 09:11:46,900 | INFO | [CALIB] total images seen: 2048
2025-08-18 09:11:46,900 | INFO | ✔ END: calibration (enable_calibration + forward) (elapsed 12.57s)
2025-08-18 09:11:46,900 | INFO | ▶ START: advanced PTQ reconstruction
2025-08-18 09:11:49,917 | INFO | [ADV] cfg={'pattern': 'block', 'scale_lr': 4e-05, 'warm_up': 0.2, 'weight': 0.01, 'max_count': 20000, 'b_range': [20, 2], 'keep_gpu': True, 'round_mode': 'learned_hard_sigmoid', 'prob': 1.0}
2025-08-18 09:11:49,917 | INFO | [ADV] stacked tensors: 32 | total calib images: 2048
2025-08-18 09:11:54,844 | WARNING | /home/alz07xz/project/kmeans_results/MQBench/mqbench/advanced_ptq.py:220: UserWarning: Converting a tensor with requires_grad=True to a scalar may lead to unexpected behavior.
Consider using tensor.detach() first. (Triggered internally at /pytorch/torch/csrc/autograd/generated/python_variable_methods.cpp:835.)
  float(total_loss), float(rec_loss), float(round_loss), b, self.count))

2025-08-18 09:50:41,679 | INFO | ✔ END: advanced PTQ reconstruction (elapsed 2334.78s)
2025-08-18 09:50:41,681 | INFO | ▶ START: enable_quantization (simulate INT8)
2025-08-18 09:50:41,685 | INFO | ✔ END: enable_quantization (simulate INT8) (elapsed 0.00s)
2025-08-18 09:50:41,685 | INFO | ✔ END: prepare_by_platform(Academic) (elapsed 2347.59s)
2025-08-18 09:50:41,687 | INFO | ▶ START: evaluate INT8-sim
2025-08-18 09:50:45,172 | INFO | [EVAL_INT8] progress: 50 batches, running top1=4.41%
2025-08-18 09:50:52,381 | INFO | [EVAL_INT8] progress: 100 batches, running top1=2.48%
2025-08-18 09:50:57,466 | INFO | [EVAL_INT8] progress: 150 batches, running top1=1.67%
2025-08-18 09:51:02,138 | INFO | [EVAL_INT8] progress: 200 batches, running top1=1.25%
2025-08-18 09:51:09,222 | INFO | [EVAL_INT8] progress: 250 batches, running top1=1.00%
2025-08-18 09:51:18,890 | INFO | [EVAL_INT8] progress: 300 batches, running top1=0.83%
2025-08-18 09:51:26,494 | INFO | [EVAL_INT8] progress: 350 batches, running top1=0.73%
2025-08-18 09:51:32,873 | INFO | [EVAL_INT8] progress: 400 batches, running top1=0.64%
2025-08-18 09:51:38,703 | INFO | [EVAL_INT8] progress: 450 batches, running top1=0.57%
2025-08-18 09:51:46,516 | INFO | [EVAL_INT8] progress: 500 batches, running top1=0.51%
2025-08-18 09:51:52,132 | INFO | [EVAL_INT8] progress: 550 batches, running top1=0.46%
2025-08-18 09:51:59,654 | INFO | [EVAL_INT8] progress: 600 batches, running top1=0.42%
2025-08-18 09:52:04,220 | INFO | [EVAL_INT8] progress: 650 batches, running top1=0.39%
2025-08-18 09:52:10,641 | INFO | [EVAL_INT8] progress: 700 batches, running top1=0.36%
2025-08-18 09:52:17,412 | INFO | [EVAL_INT8] progress: 750 batches, running top1=0.34%
2025-08-18 09:52:22,232 | INFO | [EVAL_INT8] done: 782 batches in 100.54s, top1=0.33%
2025-08-18 09:52:22,232 | INFO | [PTQ][mnasnet0_5][Academic] [ADV] Top-1 = 0.33%
2025-08-18 09:52:22,232 | INFO | ✔ END: evaluate INT8-sim (elapsed 100.55s)
2025-08-18 09:52:22,232 | INFO | ▶ START: evaluate FP32 baseline
2025-08-18 09:52:24,775 | INFO | [EVAL_FP32] progress: 50 batches, running top1=73.44%
2025-08-18 09:52:26,823 | INFO | [EVAL_FP32] progress: 100 batches, running top1=74.81%
2025-08-18 09:52:28,857 | INFO | [EVAL_FP32] progress: 150 batches, running top1=75.14%
2025-08-18 09:52:30,957 | INFO | [EVAL_FP32] progress: 200 batches, running top1=74.41%
2025-08-18 09:52:32,927 | INFO | [EVAL_FP32] progress: 250 batches, running top1=74.26%
2025-08-18 09:52:35,051 | INFO | [EVAL_FP32] progress: 300 batches, running top1=74.69%
2025-08-18 09:52:36,838 | INFO | [EVAL_FP32] progress: 350 batches, running top1=73.39%
2025-08-18 09:52:39,001 | INFO | [EVAL_FP32] progress: 400 batches, running top1=71.63%
2025-08-18 09:52:40,895 | INFO | [EVAL_FP32] progress: 450 batches, running top1=70.98%
2025-08-18 09:52:42,876 | INFO | [EVAL_FP32] progress: 500 batches, running top1=69.94%
2025-08-18 09:52:44,828 | INFO | [EVAL_FP32] progress: 550 batches, running top1=69.28%
2025-08-18 09:52:46,863 | INFO | [EVAL_FP32] progress: 600 batches, running top1=68.73%
2025-08-18 09:52:48,733 | INFO | [EVAL_FP32] progress: 650 batches, running top1=68.26%
2025-08-18 09:52:50,792 | INFO | [EVAL_FP32] progress: 700 batches, running top1=67.67%
2025-08-18 09:52:52,772 | INFO | [EVAL_FP32] progress: 750 batches, running top1=67.74%
2025-08-18 09:52:53,924 | INFO | [EVAL_FP32] done: 782 batches in 31.69s, top1=67.76%
2025-08-18 09:52:53,924 | INFO | [FP32] Top-1 = 67.76% (expected ~None)
2025-08-18 09:52:53,924 | INFO | ✔ END: evaluate FP32 baseline (elapsed 31.69s)
2025-08-18 09:52:53,924 | INFO | ▶ START: extract model logits
2025-08-18 09:52:53,926 | INFO | Extracting logits from both models...
2025-08-18 09:52:57,103 | INFO | Processed 5 batches
2025-08-18 09:52:58,096 | INFO | Processed 10 batches
2025-08-18 09:52:59,801 | INFO | Extracted logits: Q=torch.Size([640, 1000]), FP=torch.Size([640, 1000])
2025-08-18 10:38:26,529 | INFO | ✔ END: extract model logits (elapsed 2732.61s)
